<html>
<head>
<title>TestNG:  SampleTest</title>
<link href="../testng.css" rel="stylesheet" type="text/css" />
<link href="../my-testng.css" rel="stylesheet" type="text/css" />

<style type="text/css">
.log { display: none;} 
.stack-trace { display: none;} 
</style>
<script type="text/javascript">
<!--
function flip(e) {
  current = e.style.display;
  if (current == 'block') {
    e.style.display = 'none';
    return 0;
  }
  else {
    e.style.display = 'block';
    return 1;
  }
}

function toggleBox(szDivId, elem, msg1, msg2)
{
  var res = -1;  if (document.getElementById) {
    res = flip(document.getElementById(szDivId));
  }
  else if (document.all) {
    // this is the way old msie versions work
    res = flip(document.all[szDivId]);
  }
  if(elem) {
    if(res == 0) elem.innerHTML = msg1; else elem.innerHTML = msg2;
  }

}

function toggleAllBoxes() {
  if (document.getElementsByTagName) {
    d = document.getElementsByTagName('div');
    for (i = 0; i < d.length; i++) {
      if (d[i].className == 'log') {
        flip(d[i]);
      }
    }
  }
}

// -->
</script>

</head>
<body>
<h2 align='center'>SampleTest</h2><table border='1' align="center">
<tr>
<td>Tests passed/Failed/Skipped:</td><td>8/1/0</td>
</tr><tr>
<td>Started on:</td><td>Wed Feb 26 20:08:41 IST 2020</td>
</tr>
<tr><td>Total time:</td><td>479 seconds (479878 ms)</td>
</tr><tr>
<td>Included groups:</td><td></td>
</tr><tr>
<td>Excluded groups:</td><td></td>
</tr>
</table><p/>
<small><i>(Hover the method name to see the test class name)</i></small><p/>
<table width='100%' border='1' class='invocation-failed'>
<tr><td colspan='4' align='center'><b>FAILED CONFIGURATIONS</b></td></tr>
<tr><td><b>Test method</b></td>
<td width="30%"><b>Exception</b></td>
<td width="10%"><b>Time (seconds)</b></td>
<td><b>Instance</b></td>
</tr>
<tr>
<td title='com.atmecs.qa.falcondashboard.testscript.TC34_ViewPage.teardown()'><b>teardown</b><br>Test class: com.atmecs.qa.falcondashboard.testscript.TC34_ViewPage</td>
<td><div><pre>org.openqa.selenium.NoSuchWindowException: Unable to get browser (WARNING: The server did not provide any stacktrace information)
Command duration or timeout: 0 milliseconds
Build info: version: &apos;3.141.59&apos;, revision: &apos;e82be7d358&apos;, time: &apos;2018-11-14T08:17:03&apos;
System info: host: &apos;ATMECSINLT-060&apos;, ip: &apos;55.55.52.253&apos;, os.name: &apos;Windows 10&apos;, os.arch: &apos;amd64&apos;, os.version: &apos;10.0&apos;, java.version: &apos;13.0.1&apos;
Driver info: org.openqa.selenium.ie.InternetExplorerDriver
Capabilities {browserAttachTimeout: 0, browserName: internet explorer, cssSelectorsEnabled: true, elementScrollBehavior: 0, enableElementCacheCleanup: true, enablePersistentHover: true, handlesAlerts: true, ie.browserCommandLineSwitches: , ie.ensureCleanSession: true, ie.forceCreateProcessApi: false, ie.usePerProcessProxy: false, ignoreProtectedModeSettings: true, ignoreZoomSetting: true, initialBrowserUrl: http://localhost:26246/, javascriptEnabled: true, nativeEvents: true, platform: WINDOWS, platformName: WINDOWS, requireWindowFocus: false, takesScreenshot: true, unexpectedAlertBehaviour: dismiss, unhandledPromptBehavior: dismiss, version: 11}
Session ID: 58b451d2-cf1d-4438-837e-5f9893430a9d
	at org.openqa.selenium.remote.ErrorHandler.createThrowable(ErrorHandler.java:214)
	at org.openqa.selenium.remote.ErrorHandler.throwIfResponseFailed(ErrorHandler.java:166)
	at org.openqa.selenium.remote.http.JsonHttpResponseCodec.reconstructValue(JsonHttpResponseCodec.java:40)
	at org.openqa.selenium.remote.http.AbstractHttpResponseCodec.decode(AbstractHttpResponseCodec.java:80)
	at org.openqa.selenium.remote.http.AbstractHttpResponseCodec.decode(AbstractHttpResponseCodec.java:44)
	at org.openqa.selenium.remote.HttpCommandExecutor.execute(HttpCommandExecutor.java:158)
	at org.openqa.selenium.remote.service.DriverCommandExecutor.execute(DriverCommandExecutor.java:83)
	at org.openqa.selenium.remote.RemoteWebDriver.execute(RemoteWebDriver.java:552)
	at org.openqa.selenium.remote.RemoteWebDriver.execute(RemoteWebDriver.java:609)
	at org.openqa.selenium.remote.RemoteWebDriver.close(RemoteWebDriver.java:442)
	at com.atmecs.falcon.automation.ui.selenium.Browser.closeBrowser(Browser.java:115)
	at com.atmecs.qa.falcondashboard.testsuite.SampleTestSuiteBase.teardown(SampleTestSuiteBase.java:46)
	at java.base/java.util.concurrent.ThreadPoolExecutor.runWorker(ThreadPoolExecutor.java:1128)
	at java.base/java.util.concurrent.ThreadPoolExecutor$Worker.run(ThreadPoolExecutor.java:628)
	at java.base/java.lang.Thread.run(Thread.java:830)
... Removed 23 stack frames</pre></div><a href='#' onClick='toggleBox("stack-trace1230640432", this, "Click to show all stack frames", "Click to hide stack frames")'>Click to show all stack frames</a>
<div class='stack-trace' id='stack-trace1230640432'><pre>org.openqa.selenium.NoSuchWindowException: Unable to get browser (WARNING: The server did not provide any stacktrace information)
Command duration or timeout: 0 milliseconds
Build info: version: &apos;3.141.59&apos;, revision: &apos;e82be7d358&apos;, time: &apos;2018-11-14T08:17:03&apos;
System info: host: &apos;ATMECSINLT-060&apos;, ip: &apos;55.55.52.253&apos;, os.name: &apos;Windows 10&apos;, os.arch: &apos;amd64&apos;, os.version: &apos;10.0&apos;, java.version: &apos;13.0.1&apos;
Driver info: org.openqa.selenium.ie.InternetExplorerDriver
Capabilities {browserAttachTimeout: 0, browserName: internet explorer, cssSelectorsEnabled: true, elementScrollBehavior: 0, enableElementCacheCleanup: true, enablePersistentHover: true, handlesAlerts: true, ie.browserCommandLineSwitches: , ie.ensureCleanSession: true, ie.forceCreateProcessApi: false, ie.usePerProcessProxy: false, ignoreProtectedModeSettings: true, ignoreZoomSetting: true, initialBrowserUrl: http://localhost:26246/, javascriptEnabled: true, nativeEvents: true, platform: WINDOWS, platformName: WINDOWS, requireWindowFocus: false, takesScreenshot: true, unexpectedAlertBehaviour: dismiss, unhandledPromptBehavior: dismiss, version: 11}
Session ID: 58b451d2-cf1d-4438-837e-5f9893430a9d
	at java.base/jdk.internal.reflect.NativeConstructorAccessorImpl.newInstance0(Native Method)
	at java.base/jdk.internal.reflect.NativeConstructorAccessorImpl.newInstance(NativeConstructorAccessorImpl.java:62)
	at java.base/jdk.internal.reflect.DelegatingConstructorAccessorImpl.newInstance(DelegatingConstructorAccessorImpl.java:45)
	at java.base/java.lang.reflect.Constructor.newInstanceWithCaller(Constructor.java:500)
	at java.base/java.lang.reflect.Constructor.newInstance(Constructor.java:481)
	at org.openqa.selenium.remote.ErrorHandler.createThrowable(ErrorHandler.java:214)
	at org.openqa.selenium.remote.ErrorHandler.throwIfResponseFailed(ErrorHandler.java:166)
	at org.openqa.selenium.remote.http.JsonHttpResponseCodec.reconstructValue(JsonHttpResponseCodec.java:40)
	at org.openqa.selenium.remote.http.AbstractHttpResponseCodec.decode(AbstractHttpResponseCodec.java:80)
	at org.openqa.selenium.remote.http.AbstractHttpResponseCodec.decode(AbstractHttpResponseCodec.java:44)
	at org.openqa.selenium.remote.HttpCommandExecutor.execute(HttpCommandExecutor.java:158)
	at org.openqa.selenium.remote.service.DriverCommandExecutor.execute(DriverCommandExecutor.java:83)
	at org.openqa.selenium.remote.RemoteWebDriver.execute(RemoteWebDriver.java:552)
	at org.openqa.selenium.remote.RemoteWebDriver.execute(RemoteWebDriver.java:609)
	at org.openqa.selenium.remote.RemoteWebDriver.close(RemoteWebDriver.java:442)
	at com.atmecs.falcon.automation.ui.selenium.Browser.closeBrowser(Browser.java:115)
	at com.atmecs.qa.falcondashboard.testsuite.SampleTestSuiteBase.teardown(SampleTestSuiteBase.java:46)
	at jdk.internal.reflect.GeneratedMethodAccessor28.invoke(Unknown Source)
	at java.base/jdk.internal.reflect.DelegatingMethodAccessorImpl.invoke(DelegatingMethodAccessorImpl.java:43)
	at java.base/java.lang.reflect.Method.invoke(Method.java:567)
	at org.testng.internal.MethodInvocationHelper.invokeMethod(MethodInvocationHelper.java:124)
	at org.testng.internal.MethodInvocationHelper.invokeMethodConsideringTimeout(MethodInvocationHelper.java:59)
	at org.testng.internal.Invoker.invokeConfigurationMethod(Invoker.java:458)
	at org.testng.internal.Invoker.invokeConfigurations(Invoker.java:222)
	at org.testng.internal.Invoker.invokeConfigurations(Invoker.java:142)
	at org.testng.internal.TestMethodWorker.invokeAfterClassMethods(TestMethodWorker.java:214)
	at org.testng.internal.TestMethodWorker.run(TestMethodWorker.java:111)
	at org.testng.TestRunner.privateRun(TestRunner.java:648)
	at org.testng.TestRunner.run(TestRunner.java:505)
	at org.testng.SuiteRunner.runTest(SuiteRunner.java:455)
	at org.testng.SuiteRunner.runSequentially(SuiteRunner.java:450)
	at org.testng.SuiteRunner.privateRun(SuiteRunner.java:415)
	at org.testng.SuiteRunner.run(SuiteRunner.java:364)
	at org.testng.SuiteRunnerWorker.runSuite(SuiteRunnerWorker.java:52)
	at org.testng.SuiteRunnerWorker.run(SuiteRunnerWorker.java:84)
	at java.base/java.util.concurrent.ThreadPoolExecutor.runWorker(ThreadPoolExecutor.java:1128)
	at java.base/java.util.concurrent.ThreadPoolExecutor$Worker.run(ThreadPoolExecutor.java:628)
	at java.base/java.lang.Thread.run(Thread.java:830)
</pre></div></td>
<td>0</td>
<td>com.atmecs.qa.falcondashboard.testscript.TC34_ViewPage@6a293566</td></tr>
</table><p>
<table width='100%' border='1' class='invocation-failed'>
<tr><td colspan='4' align='center'><b>FAILED TESTS</b></td></tr>
<tr><td><b>Test method</b></td>
<td width="30%"><b>Exception</b></td>
<td width="10%"><b>Time (seconds)</b></td>
<td><b>Instance</b></td>
</tr>
<tr>
<td title='com.atmecs.qa.falcondashboard.testscript.TC27_TotalTestCases.totalTestCases()'><b>totalTestCases</b><br>Test class: com.atmecs.qa.falcondashboard.testscript.TC27_TotalTestCases<br/>
<a href="#Output-1508354513" onClick='toggleBox("Output-1508354513", this, "Show output", "Hide output");'>Show output</a>

<a href="#Output-1508354513" onClick="toggleAllBoxes();">Show all outputs</a>
<div class='log' id="Output-1508354513">
Successfully clicked on product<br/>
Successfully clicked dashboard slider<br/>
Successfully clicked total test cases<br/>
Successfully validated test cases<br/>
Screenshot Captured for failure C:\Users\srinischal.thiparani\FalconDashboardAutomation\falcondashboard\target\FalconDemo-Sample-WIN_10_ie_3.150.1 (3)\Screenshots\totalTestCases_1_.png<br/>
</div>
</td>
<td><div><pre>java.lang.AssertionError: expected [RUN IN - 8 secs] but found [RUN IN - 9 secs]
	at com.atmecs.qa.falcondashboard.helper.ValidationHelper.getDataofRow(ValidationHelper.java:29)
	at com.atmecs.qa.falcondashboard.validationresults.ViewPageValidation.validateTime(ViewPageValidation.java:28)
	at com.atmecs.qa.falcondashboard.testscript.TC27_TotalTestCases.totalTestCases(TC27_TotalTestCases.java:55)
	at java.base/java.util.concurrent.ThreadPoolExecutor.runWorker(ThreadPoolExecutor.java:1128)
	at java.base/java.util.concurrent.ThreadPoolExecutor$Worker.run(ThreadPoolExecutor.java:628)
	at java.base/java.lang.Thread.run(Thread.java:830)
... Removed 24 stack frames</pre></div><a href='#' onClick='toggleBox("stack-trace1508354513", this, "Click to show all stack frames", "Click to hide stack frames")'>Click to show all stack frames</a>
<div class='stack-trace' id='stack-trace1508354513'><pre>java.lang.AssertionError: expected [RUN IN - 8 secs] but found [RUN IN - 9 secs]
	at org.testng.Assert.fail(Assert.java:96)
	at org.testng.Assert.failNotEquals(Assert.java:776)
	at org.testng.Assert.assertEqualsImpl(Assert.java:137)
	at org.testng.Assert.assertEquals(Assert.java:118)
	at org.testng.Assert.assertEquals(Assert.java:453)
	at org.testng.Assert.assertEquals(Assert.java:463)
	at com.atmecs.qa.falcondashboard.helper.ValidationHelper.getDataofRow(ValidationHelper.java:29)
	at com.atmecs.qa.falcondashboard.validationresults.ViewPageValidation.validateTime(ViewPageValidation.java:28)
	at com.atmecs.qa.falcondashboard.testscript.TC27_TotalTestCases.totalTestCases(TC27_TotalTestCases.java:55)
	at java.base/jdk.internal.reflect.NativeMethodAccessorImpl.invoke0(Native Method)
	at java.base/jdk.internal.reflect.NativeMethodAccessorImpl.invoke(NativeMethodAccessorImpl.java:62)
	at java.base/jdk.internal.reflect.DelegatingMethodAccessorImpl.invoke(DelegatingMethodAccessorImpl.java:43)
	at java.base/java.lang.reflect.Method.invoke(Method.java:567)
	at org.testng.internal.MethodInvocationHelper.invokeMethod(MethodInvocationHelper.java:124)
	at org.testng.internal.Invoker.invokeMethod(Invoker.java:583)
	at org.testng.internal.Invoker.invokeTestMethod(Invoker.java:719)
	at org.testng.internal.Invoker.invokeTestMethods(Invoker.java:989)
	at org.testng.internal.TestMethodWorker.invokeTestMethods(TestMethodWorker.java:125)
	at org.testng.internal.TestMethodWorker.run(TestMethodWorker.java:109)
	at org.testng.TestRunner.privateRun(TestRunner.java:648)
	at org.testng.TestRunner.run(TestRunner.java:505)
	at org.testng.SuiteRunner.runTest(SuiteRunner.java:455)
	at org.testng.SuiteRunner.runSequentially(SuiteRunner.java:450)
	at org.testng.SuiteRunner.privateRun(SuiteRunner.java:415)
	at org.testng.SuiteRunner.run(SuiteRunner.java:364)
	at org.testng.SuiteRunnerWorker.runSuite(SuiteRunnerWorker.java:52)
	at org.testng.SuiteRunnerWorker.run(SuiteRunnerWorker.java:84)
	at java.base/java.util.concurrent.ThreadPoolExecutor.runWorker(ThreadPoolExecutor.java:1128)
	at java.base/java.util.concurrent.ThreadPoolExecutor$Worker.run(ThreadPoolExecutor.java:628)
	at java.base/java.lang.Thread.run(Thread.java:830)
</pre></div></td>
<td>30</td>
<td>com.atmecs.qa.falcondashboard.testscript.TC27_TotalTestCases@6835ea03</td></tr>
</table><p>
<table width='100%' border='1' class='invocation-passed'>
<tr><td colspan='4' align='center'><b>PASSED TESTS</b></td></tr>
<tr><td><b>Test method</b></td>
<td width="30%"><b>Exception</b></td>
<td width="10%"><b>Time (seconds)</b></td>
<td><b>Instance</b></td>
</tr>
<tr>
<td title='com.atmecs.qa.falcondashboard.testscript.TC30_ColorOfFailedTestCases.colorofFailedTestCases()'><b>colorofFailedTestCases</b><br>Test class: com.atmecs.qa.falcondashboard.testscript.TC30_ColorOfFailedTestCases<br/>
<a href="#Output-57041810" onClick='toggleBox("Output-57041810", this, "Show output", "Hide output");'>Show output</a>

<a href="#Output-57041810" onClick="toggleAllBoxes();">Show all outputs</a>
<div class='log' id="Output-57041810">
Successfully clicked on product<br/>
Successfully selected dashboard option<br/>
Successfully displayed day and date of product<br/>
PASS : Successfully validated the color of the fail test cases box : ACTUAL : rgba(244, 67, 54, 1) 	EXPECTED :rgba(244, 67, 54, 1)<br/>
Successfully validated the color of the fail test cases box<br/>
</div>
</td>
<td></td>
<td>29</td>
<td>com.atmecs.qa.falcondashboard.testscript.TC30_ColorOfFailedTestCases@542efe5c</td></tr>
<tr>
<td title='com.atmecs.qa.falcondashboard.testscript.TC28_ColorOfPassTestCases.colorofPassedTestCases()'><b>colorofPassedTestCases</b><br>Test class: com.atmecs.qa.falcondashboard.testscript.TC28_ColorOfPassTestCases<br/>
<a href="#Output-760202699" onClick='toggleBox("Output-760202699", this, "Show output", "Hide output");'>Show output</a>

<a href="#Output-760202699" onClick="toggleAllBoxes();">Show all outputs</a>
<div class='log' id="Output-760202699">
Successfully clicked on product<br/>
Successfully selected dashboard option<br/>
Successfully displayed day and date of product<br/>
PASS : Successfully validated the color of the pass test cases box : ACTUAL : rgba(0, 150, 136, 1) 	EXPECTED :rgba(0, 150, 136, 1)<br/>
Successfully validated the color of the pass  test cases box<br/>
</div>
</td>
<td></td>
<td>28</td>
<td>com.atmecs.qa.falcondashboard.testscript.TC28_ColorOfPassTestCases@2f16bd2a</td></tr>
<tr>
<td title='com.atmecs.qa.falcondashboard.testscript.TC32_ColorOfSkippedTestCases.colorofSkippedTestCases()'><b>colorofSkippedTestCases</b><br>Test class: com.atmecs.qa.falcondashboard.testscript.TC32_ColorOfSkippedTestCases<br/>
<a href="#Output-1206850606" onClick='toggleBox("Output-1206850606", this, "Show output", "Hide output");'>Show output</a>

<a href="#Output-1206850606" onClick="toggleAllBoxes();">Show all outputs</a>
<div class='log' id="Output-1206850606">
Successfully clicked on product<br/>
Successfully selected dashboard option<br/>
Successfully displayed day and date of product<br/>
PASS : Successfully validated the color of the skip test cases box : ACTUAL : rgba(33, 150, 243, 1) 	EXPECTED :rgba(33, 150, 243, 1)<br/>
Successfully validated the color of the skip test cases box<br/>
</div>
</td>
<td></td>
<td>26</td>
<td>com.atmecs.qa.falcondashboard.testscript.TC32_ColorOfSkippedTestCases@9e9639e</td></tr>
<tr>
<td title='com.atmecs.qa.falcondashboard.testscript.TC26_ColorOfTotalTestCases.colorofTotalTestCases()'><b>colorofTotalTestCases</b><br>Test class: com.atmecs.qa.falcondashboard.testscript.TC26_ColorOfTotalTestCases<br/>
<a href="#Output-2477099" onClick='toggleBox("Output-2477099", this, "Show output", "Hide output");'>Show output</a>

<a href="#Output-2477099" onClick="toggleAllBoxes();">Show all outputs</a>
<div class='log' id="Output-2477099">
Successfully clicked on product<br/>
Successfully selected dashboard option<br/>
Successfully displayed day and date of product<br/>
PASS : Successfully validated the color of the total test cases box : ACTUAL : rgba(103, 58, 183, 1) 	EXPECTED :rgba(103, 58, 183, 1)<br/>
Successfully validated the color of the total  test cases box<br/>
</div>
</td>
<td></td>
<td>26</td>
<td>com.atmecs.qa.falcondashboard.testscript.TC26_ColorOfTotalTestCases@4faa7f39</td></tr>
<tr>
<td title='com.atmecs.qa.falcondashboard.testscript.TC31_FailedTestCases.failTestCases()'><b>failTestCases</b><br>Test class: com.atmecs.qa.falcondashboard.testscript.TC31_FailedTestCases<br/>
<a href="#Output-481447123" onClick='toggleBox("Output-481447123", this, "Show output", "Hide output");'>Show output</a>

<a href="#Output-481447123" onClick="toggleAllBoxes();">Show all outputs</a>
<div class='log' id="Output-481447123">
Successfully clicked on product<br/>
Successfully clicked dashboard slider<br/>
Successfully clicked fail test cases<br/>
Successfully validated Failed test cases<br/>
Successfully validated fail message<br/>
</div>
</td>
<td></td>
<td>41</td>
<td>com.atmecs.qa.falcondashboard.testscript.TC31_FailedTestCases@138c6328</td></tr>
<tr>
<td title='com.atmecs.qa.falcondashboard.testscript.TC29_PassedTestCases.passTestCases()'><b>passTestCases</b><br>Test class: com.atmecs.qa.falcondashboard.testscript.TC29_PassedTestCases<br/>
<a href="#Output-1596485853" onClick='toggleBox("Output-1596485853", this, "Show output", "Hide output");'>Show output</a>

<a href="#Output-1596485853" onClick="toggleAllBoxes();">Show all outputs</a>
<div class='log' id="Output-1596485853">
Successfully clicked on product<br/>
Successfully clicked dashboard slider<br/>
Successfully clicked pass test cases<br/>
Successfully validated passed test cases<br/>
Successfully validated pass percentage<br/>
</div>
</td>
<td></td>
<td>41</td>
<td>com.atmecs.qa.falcondashboard.testscript.TC29_PassedTestCases@48e103ce</td></tr>
<tr>
<td title='com.atmecs.qa.falcondashboard.testscript.TC33_SkippedTestCases.skippedTestCases()'><b>skippedTestCases</b><br>Test class: com.atmecs.qa.falcondashboard.testscript.TC33_SkippedTestCases<br/>
<a href="#Output-1212675547" onClick='toggleBox("Output-1212675547", this, "Show output", "Hide output");'>Show output</a>

<a href="#Output-1212675547" onClick="toggleAllBoxes();">Show all outputs</a>
<div class='log' id="Output-1212675547">
Successfully clicked on product<br/>
Successfully clicked dashboard slider<br/>
Successfully clicked pass test cases<br/>
Successfully validated Skipped test cases<br/>
Successfully validated skip message<br/>
</div>
</td>
<td></td>
<td>37</td>
<td>com.atmecs.qa.falcondashboard.testscript.TC33_SkippedTestCases@49d6ee1e</td></tr>
<tr>
<td title='com.atmecs.qa.falcondashboard.testscript.TC34_ViewPage.viewPage()'><b>viewPage</b><br>Test class: com.atmecs.qa.falcondashboard.testscript.TC34_ViewPage<br/>
<a href="#Output-1564676002" onClick='toggleBox("Output-1564676002", this, "Show output", "Hide output");'>Show output</a>

<a href="#Output-1564676002" onClick="toggleAllBoxes();">Show all outputs</a>
<div class='log' id="Output-1564676002">
Successfully validated views<br/>
Successfully validated the views panel title<br/>
Successfully selected dashboard option<br/>
Clicked on download option<br/>
</div>
</td>
<td></td>
<td>34</td>
<td>com.atmecs.qa.falcondashboard.testscript.TC34_ViewPage@6a293566</td></tr>
</table><p>
</body>
</html>