<?xml version="1.0" encoding="UTF-8"?>
<!-- Generated by org.testng.reporters.JUnitXMLReporter -->
<testsuite ignored="0" hostname="ATMECSINLT-060" failures="1" tests="1" name="SampleTest" time="16.435" errors="0" timestamp="21 Feb 2020 05:32:11 GMT">
  <testcase classname="com.atmecs.qa.falcondashboard.testscript.TC16_MainNavigation" name="mainNavigation" time="16.238">
    <failure type="java.lang.AssertionError" message="expected [Product Snapshot] but found []">
      <![CDATA[java.lang.AssertionError: expected [Product Snapshot] but found []
at com.atmecs.qa.falcondashboard.helper.ValidationHelper.getDataofRow(ValidationHelper.java:29)
at com.atmecs.qa.falcondashboard.validationresults.MainNavigationValidation.validateProductSnapshotText(MainNavigationValidation.java:36)
at com.atmecs.qa.falcondashboard.testscript.TC16_MainNavigation.mainNavigation(TC16_MainNavigation.java:62)
at com.atmecs.qa.falcondashboard.runner.TestNGRunner.main(TestNGRunner.java:59)
at org.codehaus.mojo.exec.ExecJavaMojo$1.run(ExecJavaMojo.java:294)
at java.base/java.lang.Thread.run(Thread.java:830)
... Removed 32 stack frames]]>
    </failure>
  </testcase> <!-- mainNavigation -->
</testsuite> <!-- SampleTest -->
