<html>
<head>
<title>TestNG:  SampleTest</title>
<link href="../testng.css" rel="stylesheet" type="text/css" />
<link href="../my-testng.css" rel="stylesheet" type="text/css" />

<style type="text/css">
.log { display: none;} 
.stack-trace { display: none;} 
</style>
<script type="text/javascript">
<!--
function flip(e) {
  current = e.style.display;
  if (current == 'block') {
    e.style.display = 'none';
    return 0;
  }
  else {
    e.style.display = 'block';
    return 1;
  }
}

function toggleBox(szDivId, elem, msg1, msg2)
{
  var res = -1;  if (document.getElementById) {
    res = flip(document.getElementById(szDivId));
  }
  else if (document.all) {
    // this is the way old msie versions work
    res = flip(document.all[szDivId]);
  }
  if(elem) {
    if(res == 0) elem.innerHTML = msg1; else elem.innerHTML = msg2;
  }

}

function toggleAllBoxes() {
  if (document.getElementsByTagName) {
    d = document.getElementsByTagName('div');
    for (i = 0; i < d.length; i++) {
      if (d[i].className == 'log') {
        flip(d[i]);
      }
    }
  }
}

// -->
</script>

</head>
<body>
<h2 align='center'>SampleTest</h2><table border='1' align="center">
<tr>
<td>Tests passed/Failed/Skipped:</td><td>7/2/0</td>
</tr><tr>
<td>Started on:</td><td>Mon Mar 16 19:16:16 IST 2020</td>
</tr>
<tr><td>Total time:</td><td>795 seconds (795717 ms)</td>
</tr><tr>
<td>Included groups:</td><td></td>
</tr><tr>
<td>Excluded groups:</td><td></td>
</tr>
</table><p/>
<small><i>(Hover the method name to see the test class name)</i></small><p/>
<table width='100%' border='1' class='invocation-failed'>
<tr><td colspan='4' align='center'><b>FAILED TESTS</b></td></tr>
<tr><td><b>Test method</b></td>
<td width="30%"><b>Exception</b></td>
<td width="10%"><b>Time (seconds)</b></td>
<td><b>Instance</b></td>
</tr>
<tr>
<td title='com.atmecs.qa.falcondashboard.testscript.TC31_FailedTestCases.failTestCases()'><b>failTestCases</b><br>Test class: com.atmecs.qa.falcondashboard.testscript.TC31_FailedTestCases<br/>
<a href="#Output-1500187351" onClick='toggleBox("Output-1500187351", this, "Show output", "Hide output");'>Show output</a>

<a href="#Output-1500187351" onClick="toggleAllBoxes();">Show all outputs</a>
<div class='log' id="Output-1500187351">
Successfully clicked on product<br/>
Successfully clicked dashboard slider<br/>
Successfully clicked fail test cases<br/>
Screenshot Captured for failure C:\Users\srinischal.thiparani\FalconDashboardAutomation\falcondashboard\target\FalconDemo-Sample-WIN_10_firefox_0.26.0 (5)\Screenshots\failTestCases_1_.png<br/>
</div>
</td>
<td><div><pre>java.lang.AssertionError: Validating the 0 is same as expected or not expected [1] but found [0]
	at com.atmecs.qa.falcondashboard.helper.ValidationHelper.getDataofRow(ValidationHelper.java:28)
	at com.atmecs.qa.falcondashboard.validationresults.ViewPageValidation.validateFailTestCases(ViewPageValidation.java:40)
	at com.atmecs.qa.falcondashboard.testscript.TC31_FailedTestCases.failTestCases(TC31_FailedTestCases.java:64)
	at java.base/java.util.concurrent.ThreadPoolExecutor.runWorker(ThreadPoolExecutor.java:1128)
	at java.base/java.util.concurrent.ThreadPoolExecutor$Worker.run(ThreadPoolExecutor.java:628)
	at java.base/java.lang.Thread.run(Thread.java:830)
... Removed 23 stack frames</pre></div><a href='#' onClick='toggleBox("stack-trace1500187351", this, "Click to show all stack frames", "Click to hide stack frames")'>Click to show all stack frames</a>
<div class='stack-trace' id='stack-trace1500187351'><pre>java.lang.AssertionError: Validating the 0 is same as expected or not expected [1] but found [0]
	at org.testng.Assert.fail(Assert.java:96)
	at org.testng.Assert.failNotEquals(Assert.java:776)
	at org.testng.Assert.assertEqualsImpl(Assert.java:137)
	at org.testng.Assert.assertEquals(Assert.java:118)
	at org.testng.Assert.assertEquals(Assert.java:453)
	at com.atmecs.qa.falcondashboard.helper.ValidationHelper.getDataofRow(ValidationHelper.java:28)
	at com.atmecs.qa.falcondashboard.validationresults.ViewPageValidation.validateFailTestCases(ViewPageValidation.java:40)
	at com.atmecs.qa.falcondashboard.testscript.TC31_FailedTestCases.failTestCases(TC31_FailedTestCases.java:64)
	at java.base/jdk.internal.reflect.NativeMethodAccessorImpl.invoke0(Native Method)
	at java.base/jdk.internal.reflect.NativeMethodAccessorImpl.invoke(NativeMethodAccessorImpl.java:62)
	at java.base/jdk.internal.reflect.DelegatingMethodAccessorImpl.invoke(DelegatingMethodAccessorImpl.java:43)
	at java.base/java.lang.reflect.Method.invoke(Method.java:567)
	at org.testng.internal.MethodInvocationHelper.invokeMethod(MethodInvocationHelper.java:124)
	at org.testng.internal.Invoker.invokeMethod(Invoker.java:583)
	at org.testng.internal.Invoker.invokeTestMethod(Invoker.java:719)
	at org.testng.internal.Invoker.invokeTestMethods(Invoker.java:989)
	at org.testng.internal.TestMethodWorker.invokeTestMethods(TestMethodWorker.java:125)
	at org.testng.internal.TestMethodWorker.run(TestMethodWorker.java:109)
	at org.testng.TestRunner.privateRun(TestRunner.java:648)
	at org.testng.TestRunner.run(TestRunner.java:505)
	at org.testng.SuiteRunner.runTest(SuiteRunner.java:455)
	at org.testng.SuiteRunner.runSequentially(SuiteRunner.java:450)
	at org.testng.SuiteRunner.privateRun(SuiteRunner.java:415)
	at org.testng.SuiteRunner.run(SuiteRunner.java:364)
	at org.testng.SuiteRunnerWorker.runSuite(SuiteRunnerWorker.java:52)
	at org.testng.SuiteRunnerWorker.run(SuiteRunnerWorker.java:84)
	at java.base/java.util.concurrent.ThreadPoolExecutor.runWorker(ThreadPoolExecutor.java:1128)
	at java.base/java.util.concurrent.ThreadPoolExecutor$Worker.run(ThreadPoolExecutor.java:628)
	at java.base/java.lang.Thread.run(Thread.java:830)
</pre></div></td>
<td>50</td>
<td>com.atmecs.qa.falcondashboard.testscript.TC31_FailedTestCases@48243bae</td></tr>
<tr>
<td title='com.atmecs.qa.falcondashboard.testscript.TC29_PassedTestCases.passTestCases()'><b>passTestCases</b><br>Test class: com.atmecs.qa.falcondashboard.testscript.TC29_PassedTestCases<br/>
<a href="#Output-2091821666" onClick='toggleBox("Output-2091821666", this, "Show output", "Hide output");'>Show output</a>

<a href="#Output-2091821666" onClick="toggleAllBoxes();">Show all outputs</a>
<div class='log' id="Output-2091821666">
Successfully clicked on product<br/>
Successfully clicked dashboard slider<br/>
Successfully clicked pass test cases<br/>
Screenshot Captured for failure C:\Users\srinischal.thiparani\FalconDashboardAutomation\falcondashboard\target\FalconDemo-Sample-WIN_10_firefox_0.26.0 (5)\Screenshots\passTestCases_1_.png<br/>
</div>
</td>
<td><div><pre>java.lang.AssertionError: Validating the 1 is same as expected or not expected [9] but found [1]
	at com.atmecs.qa.falcondashboard.helper.ValidationHelper.getDataofRow(ValidationHelper.java:28)
	at com.atmecs.qa.falcondashboard.validationresults.ViewPageValidation.validatePassTestCases(ViewPageValidation.java:32)
	at com.atmecs.qa.falcondashboard.testscript.TC29_PassedTestCases.passTestCases(TC29_PassedTestCases.java:63)
	at java.base/java.util.concurrent.ThreadPoolExecutor.runWorker(ThreadPoolExecutor.java:1128)
	at java.base/java.util.concurrent.ThreadPoolExecutor$Worker.run(ThreadPoolExecutor.java:628)
	at java.base/java.lang.Thread.run(Thread.java:830)
... Removed 23 stack frames</pre></div><a href='#' onClick='toggleBox("stack-trace2091821666", this, "Click to show all stack frames", "Click to hide stack frames")'>Click to show all stack frames</a>
<div class='stack-trace' id='stack-trace2091821666'><pre>java.lang.AssertionError: Validating the 1 is same as expected or not expected [9] but found [1]
	at org.testng.Assert.fail(Assert.java:96)
	at org.testng.Assert.failNotEquals(Assert.java:776)
	at org.testng.Assert.assertEqualsImpl(Assert.java:137)
	at org.testng.Assert.assertEquals(Assert.java:118)
	at org.testng.Assert.assertEquals(Assert.java:453)
	at com.atmecs.qa.falcondashboard.helper.ValidationHelper.getDataofRow(ValidationHelper.java:28)
	at com.atmecs.qa.falcondashboard.validationresults.ViewPageValidation.validatePassTestCases(ViewPageValidation.java:32)
	at com.atmecs.qa.falcondashboard.testscript.TC29_PassedTestCases.passTestCases(TC29_PassedTestCases.java:63)
	at java.base/jdk.internal.reflect.NativeMethodAccessorImpl.invoke0(Native Method)
	at java.base/jdk.internal.reflect.NativeMethodAccessorImpl.invoke(NativeMethodAccessorImpl.java:62)
	at java.base/jdk.internal.reflect.DelegatingMethodAccessorImpl.invoke(DelegatingMethodAccessorImpl.java:43)
	at java.base/java.lang.reflect.Method.invoke(Method.java:567)
	at org.testng.internal.MethodInvocationHelper.invokeMethod(MethodInvocationHelper.java:124)
	at org.testng.internal.Invoker.invokeMethod(Invoker.java:583)
	at org.testng.internal.Invoker.invokeTestMethod(Invoker.java:719)
	at org.testng.internal.Invoker.invokeTestMethods(Invoker.java:989)
	at org.testng.internal.TestMethodWorker.invokeTestMethods(TestMethodWorker.java:125)
	at org.testng.internal.TestMethodWorker.run(TestMethodWorker.java:109)
	at org.testng.TestRunner.privateRun(TestRunner.java:648)
	at org.testng.TestRunner.run(TestRunner.java:505)
	at org.testng.SuiteRunner.runTest(SuiteRunner.java:455)
	at org.testng.SuiteRunner.runSequentially(SuiteRunner.java:450)
	at org.testng.SuiteRunner.privateRun(SuiteRunner.java:415)
	at org.testng.SuiteRunner.run(SuiteRunner.java:364)
	at org.testng.SuiteRunnerWorker.runSuite(SuiteRunnerWorker.java:52)
	at org.testng.SuiteRunnerWorker.run(SuiteRunnerWorker.java:84)
	at java.base/java.util.concurrent.ThreadPoolExecutor.runWorker(ThreadPoolExecutor.java:1128)
	at java.base/java.util.concurrent.ThreadPoolExecutor$Worker.run(ThreadPoolExecutor.java:628)
	at java.base/java.lang.Thread.run(Thread.java:830)
</pre></div></td>
<td>67</td>
<td>com.atmecs.qa.falcondashboard.testscript.TC29_PassedTestCases@24a66ba2</td></tr>
</table><p>
<table width='100%' border='1' class='invocation-passed'>
<tr><td colspan='4' align='center'><b>PASSED TESTS</b></td></tr>
<tr><td><b>Test method</b></td>
<td width="30%"><b>Exception</b></td>
<td width="10%"><b>Time (seconds)</b></td>
<td><b>Instance</b></td>
</tr>
<tr>
<td title='com.atmecs.qa.falcondashboard.testscript.TC30_ColorOfFailedTestCases.colorofFailedTestCases()'><b>colorofFailedTestCases</b><br>Test class: com.atmecs.qa.falcondashboard.testscript.TC30_ColorOfFailedTestCases<br/>
<a href="#Output-944216753" onClick='toggleBox("Output-944216753", this, "Show output", "Hide output");'>Show output</a>

<a href="#Output-944216753" onClick="toggleAllBoxes();">Show all outputs</a>
<div class='log' id="Output-944216753">
Successfully clicked on product<br/>
Successfully selected dashboard option<br/>
PASS : Validating the color of the fail test cases box is same as expected or not : ACTUAL : rgb(244, 67, 54) 	EXPECTED :rgb(244, 67, 54)<br/>
Successfully validated the color of the fail test cases box<br/>
</div>
</td>
<td></td>
<td>50</td>
<td>com.atmecs.qa.falcondashboard.testscript.TC30_ColorOfFailedTestCases@77381a83</td></tr>
<tr>
<td title='com.atmecs.qa.falcondashboard.testscript.TC28_ColorOfPassTestCases.colorofPassedTestCases()'><b>colorofPassedTestCases</b><br>Test class: com.atmecs.qa.falcondashboard.testscript.TC28_ColorOfPassTestCases<br/>
<a href="#Output-385079615" onClick='toggleBox("Output-385079615", this, "Show output", "Hide output");'>Show output</a>

<a href="#Output-385079615" onClick="toggleAllBoxes();">Show all outputs</a>
<div class='log' id="Output-385079615">
Successfully clicked on product<br/>
Successfully selected dashboard option<br/>
PASS : Validating the color of the pass test cases is same as expected or not : ACTUAL : rgb(0, 150, 136) 	EXPECTED :rgb(0, 150, 136)<br/>
Successfully validated the color of the pass  test cases box<br/>
</div>
</td>
<td></td>
<td>49</td>
<td>com.atmecs.qa.falcondashboard.testscript.TC28_ColorOfPassTestCases@7f5c8575</td></tr>
<tr>
<td title='com.atmecs.qa.falcondashboard.testscript.TC32_ColorOfSkippedTestCases.colorofSkippedTestCases()'><b>colorofSkippedTestCases</b><br>Test class: com.atmecs.qa.falcondashboard.testscript.TC32_ColorOfSkippedTestCases<br/>
<a href="#Output-1501189970" onClick='toggleBox("Output-1501189970", this, "Show output", "Hide output");'>Show output</a>

<a href="#Output-1501189970" onClick="toggleAllBoxes();">Show all outputs</a>
<div class='log' id="Output-1501189970">
Successfully clicked on product<br/>
Successfully selected dashboard option<br/>
PASS : Validating th ecolor of the skip test cases box is same as expected or not : ACTUAL : rgb(33, 150, 243) 	EXPECTED :rgb(33, 150, 243)<br/>
Successfully validated the color of the skip test cases box<br/>
</div>
</td>
<td></td>
<td>50</td>
<td>com.atmecs.qa.falcondashboard.testscript.TC32_ColorOfSkippedTestCases@534868f2</td></tr>
<tr>
<td title='com.atmecs.qa.falcondashboard.testscript.TC26_ColorOfTotalTestCases.colorofTotalTestCases()'><b>colorofTotalTestCases</b><br>Test class: com.atmecs.qa.falcondashboard.testscript.TC26_ColorOfTotalTestCases<br/>
<a href="#Output-2120172397" onClick='toggleBox("Output-2120172397", this, "Show output", "Hide output");'>Show output</a>

<a href="#Output-2120172397" onClick="toggleAllBoxes();">Show all outputs</a>
<div class='log' id="Output-2120172397">
Successfully clicked on product<br/>
Successfully selected dashboard option<br/>
PASS : Validating the color of total test cases box is same as expected is same or not : ACTUAL : rgb(103, 58, 183) 	EXPECTED :rgb(103, 58, 183)<br/>
Successfully validated the color of the total  test cases box<br/>
</div>
</td>
<td></td>
<td>66</td>
<td>com.atmecs.qa.falcondashboard.testscript.TC26_ColorOfTotalTestCases@1d49c09d</td></tr>
<tr>
<td title='com.atmecs.qa.falcondashboard.testscript.TC33_SkippedTestCases.skippedTestCases()'><b>skippedTestCases</b><br>Test class: com.atmecs.qa.falcondashboard.testscript.TC33_SkippedTestCases<br/>
<a href="#Output-1158236622" onClick='toggleBox("Output-1158236622", this, "Show output", "Hide output");'>Show output</a>

<a href="#Output-1158236622" onClick="toggleAllBoxes();">Show all outputs</a>
<div class='log' id="Output-1158236622">
Successfully clicked on product<br/>
Successfully clicked dashboard slider<br/>
Successfully clicked pass test cases<br/>
Successfully validated Skipped test cases<br/>
Successfully validated skip message<br/>
</div>
</td>
<td></td>
<td>55</td>
<td>com.atmecs.qa.falcondashboard.testscript.TC33_SkippedTestCases@4424e242</td></tr>
<tr>
<td title='com.atmecs.qa.falcondashboard.testscript.TC27_TotalTestCases.totalTestCases()'><b>totalTestCases</b><br>Test class: com.atmecs.qa.falcondashboard.testscript.TC27_TotalTestCases<br/>
<a href="#Output-1748463801" onClick='toggleBox("Output-1748463801", this, "Show output", "Hide output");'>Show output</a>

<a href="#Output-1748463801" onClick="toggleAllBoxes();">Show all outputs</a>
<div class='log' id="Output-1748463801">
Successfully clicked on product<br/>
Successfully clicked dashboard slider<br/>
Successfully clicked total test cases<br/>
Successfully validated test cases<br/>
Successfully validated the run time<br/>
</div>
</td>
<td></td>
<td>84</td>
<td>com.atmecs.qa.falcondashboard.testscript.TC27_TotalTestCases@16c53cc6</td></tr>
<tr>
<td title='com.atmecs.qa.falcondashboard.testscript.TC34_ViewPage.viewPage()'><b>viewPage</b><br>Test class: com.atmecs.qa.falcondashboard.testscript.TC34_ViewPage<br/>
<a href="#Output-117555711" onClick='toggleBox("Output-117555711", this, "Show output", "Hide output");'>Show output</a>

<a href="#Output-117555711" onClick="toggleAllBoxes();">Show all outputs</a>
<div class='log' id="Output-117555711">
Successfully validated views<br/>
Successfully validated the views panel title<br/>
Successfully selected dashboard option<br/>
Clicked on download option<br/>
</div>
</td>
<td></td>
<td>39</td>
<td>com.atmecs.qa.falcondashboard.testscript.TC34_ViewPage@737f1447</td></tr>
</table><p>
</body>
</html>