<?xml version="1.0" encoding="UTF-8"?>
<!-- Generated by org.testng.reporters.JUnitXMLReporter -->
<testsuite ignored="8" hostname="ATMECSINLT-060" failures="0" tests="5" name="SampleTest" time="0.007" errors="0" timestamp="09 Mar 2020 09:48:03 GMT">
  <testcase classname="com.atmecs.qa.falcondashboard.testsuite.TestSuiteBase" name="@BeforeMethod preSetup" time="0.0">
    <failure type="org.testng.TestNGException" message="
Parameter &amp;apos;os&amp;apos; is required by BeforeMethod on method preSetup but has not been marked @Optional or defined
in C:\Users\srinischal.thiparani\FalconDashboardAutomation\falcondashboard\src\main\resources\suitefile\DashboardSlidder.xml">
      <![CDATA[org.testng.TestNGException: 
Parameter 'os' is required by BeforeMethod on method preSetup but has not been marked @Optional or defined
in C:\Users\srinischal.thiparani\FalconDashboardAutomation\falcondashboard\src\main\resources\suitefile\DashboardSlidder.xml
at com.atmecs.qa.falcondashboard.runner.TestNGRunner.main(TestNGRunner.java:60)
at org.codehaus.mojo.exec.ExecJavaMojo$1.run(ExecJavaMojo.java:294)
at java.base/java.lang.Thread.run(Thread.java:830)
... Removed 27 stack frames]]>
    </failure>
  </testcase> <!-- @BeforeMethod preSetup -->
  <testcase classname="com.atmecs.qa.falcondashboard.testsuite.TestSuiteBase" name="@AfterMethod getResult" time="0.0">
    <skipped/>
  </testcase> <!-- @AfterMethod getResult -->
  <testcase classname="com.atmecs.qa.falcondashboard.testsuite.TestSuiteBase" name="@AfterClass teardown" time="0.0">
    <skipped/>
  </testcase> <!-- @AfterClass teardown -->
  <testcase classname="com.atmecs.qa.falcondashboard.testsuite.TestSuiteBase" name="@BeforeMethod preSetup" time="0.0">
    <failure type="org.testng.TestNGException" message="
Parameter &amp;apos;os&amp;apos; is required by BeforeMethod on method preSetup but has not been marked @Optional or defined
in C:\Users\srinischal.thiparani\FalconDashboardAutomation\falcondashboard\src\main\resources\suitefile\DashboardSlidder.xml">
      <![CDATA[org.testng.TestNGException: 
Parameter 'os' is required by BeforeMethod on method preSetup but has not been marked @Optional or defined
in C:\Users\srinischal.thiparani\FalconDashboardAutomation\falcondashboard\src\main\resources\suitefile\DashboardSlidder.xml
at com.atmecs.qa.falcondashboard.runner.TestNGRunner.main(TestNGRunner.java:60)
at org.codehaus.mojo.exec.ExecJavaMojo$1.run(ExecJavaMojo.java:294)
at java.base/java.lang.Thread.run(Thread.java:830)
... Removed 27 stack frames]]>
    </failure>
  </testcase> <!-- @BeforeMethod preSetup -->
  <testcase classname="com.atmecs.qa.falcondashboard.testsuite.TestSuiteBase" name="@AfterMethod getResult" time="0.0">
    <skipped/>
  </testcase> <!-- @AfterMethod getResult -->
  <testcase classname="com.atmecs.qa.falcondashboard.testsuite.TestSuiteBase" name="@AfterClass teardown" time="0.0">
    <skipped/>
  </testcase> <!-- @AfterClass teardown -->
  <testcase classname="com.atmecs.qa.falcondashboard.testsuite.TestSuiteBase" name="@BeforeMethod preSetup" time="0.0">
    <failure type="org.testng.TestNGException" message="
Parameter &amp;apos;os&amp;apos; is required by BeforeMethod on method preSetup but has not been marked @Optional or defined
in C:\Users\srinischal.thiparani\FalconDashboardAutomation\falcondashboard\src\main\resources\suitefile\DashboardSlidder.xml">
      <![CDATA[org.testng.TestNGException: 
Parameter 'os' is required by BeforeMethod on method preSetup but has not been marked @Optional or defined
in C:\Users\srinischal.thiparani\FalconDashboardAutomation\falcondashboard\src\main\resources\suitefile\DashboardSlidder.xml
at com.atmecs.qa.falcondashboard.runner.TestNGRunner.main(TestNGRunner.java:60)
at org.codehaus.mojo.exec.ExecJavaMojo$1.run(ExecJavaMojo.java:294)
at java.base/java.lang.Thread.run(Thread.java:830)
... Removed 27 stack frames]]>
    </failure>
  </testcase> <!-- @BeforeMethod preSetup -->
  <testcase classname="com.atmecs.qa.falcondashboard.testsuite.TestSuiteBase" name="@AfterMethod getResult" time="0.0">
    <skipped/>
  </testcase> <!-- @AfterMethod getResult -->
  <testcase classname="com.atmecs.qa.falcondashboard.testsuite.TestSuiteBase" name="@AfterClass teardown" time="0.0">
    <skipped/>
  </testcase> <!-- @AfterClass teardown -->
  <testcase classname="com.atmecs.qa.falcondashboard.testsuite.TestSuiteBase" name="@BeforeMethod preSetup" time="0.0">
    <failure type="org.testng.TestNGException" message="
Parameter &amp;apos;os&amp;apos; is required by BeforeMethod on method preSetup but has not been marked @Optional or defined
in C:\Users\srinischal.thiparani\FalconDashboardAutomation\falcondashboard\src\main\resources\suitefile\DashboardSlidder.xml">
      <![CDATA[org.testng.TestNGException: 
Parameter 'os' is required by BeforeMethod on method preSetup but has not been marked @Optional or defined
in C:\Users\srinischal.thiparani\FalconDashboardAutomation\falcondashboard\src\main\resources\suitefile\DashboardSlidder.xml
at com.atmecs.qa.falcondashboard.runner.TestNGRunner.main(TestNGRunner.java:60)
at org.codehaus.mojo.exec.ExecJavaMojo$1.run(ExecJavaMojo.java:294)
at java.base/java.lang.Thread.run(Thread.java:830)
... Removed 27 stack frames]]>
    </failure>
  </testcase> <!-- @BeforeMethod preSetup -->
  <testcase classname="com.atmecs.qa.falcondashboard.testsuite.TestSuiteBase" name="@AfterMethod getResult" time="0.0">
    <skipped/>
  </testcase> <!-- @AfterMethod getResult -->
  <testcase classname="com.atmecs.qa.falcondashboard.testsuite.TestSuiteBase" name="@AfterClass teardown" time="0.0">
    <skipped/>
  </testcase> <!-- @AfterClass teardown -->
  <testcase classname="com.atmecs.qa.falcondashboard.testsuite.TestSuiteBase" name="@BeforeMethod preSetup" time="0.0">
    <failure type="org.testng.TestNGException" message="
Parameter &amp;apos;os&amp;apos; is required by BeforeMethod on method preSetup but has not been marked @Optional or defined
in C:\Users\srinischal.thiparani\FalconDashboardAutomation\falcondashboard\src\main\resources\suitefile\DashboardSlidder.xml">
      <![CDATA[org.testng.TestNGException: 
Parameter 'os' is required by BeforeMethod on method preSetup but has not been marked @Optional or defined
in C:\Users\srinischal.thiparani\FalconDashboardAutomation\falcondashboard\src\main\resources\suitefile\DashboardSlidder.xml
at com.atmecs.qa.falcondashboard.runner.TestNGRunner.main(TestNGRunner.java:60)
at org.codehaus.mojo.exec.ExecJavaMojo$1.run(ExecJavaMojo.java:294)
at java.base/java.lang.Thread.run(Thread.java:830)
... Removed 27 stack frames]]>
    </failure>
  </testcase> <!-- @BeforeMethod preSetup -->
  <testcase classname="com.atmecs.qa.falcondashboard.testsuite.TestSuiteBase" name="@AfterMethod getResult" time="0.0">
    <skipped/>
  </testcase> <!-- @AfterMethod getResult -->
  <testcase classname="com.atmecs.qa.falcondashboard.testsuite.TestSuiteBase" name="@AfterClass teardown" time="0.0">
    <skipped/>
  </testcase> <!-- @AfterClass teardown -->
  <testcase classname="com.atmecs.qa.falcondashboard.testscript.TC08_DashboardSlidder" name="dashboardSlidder" time="0.0">
    <skipped/>
  </testcase> <!-- dashboardSlidder -->
  <testcase classname="com.atmecs.qa.falcondashboard.testscript.TC09_ProductEnvironment" name="environmentOfProduct" time="0.0">
    <skipped/>
  </testcase> <!-- environmentOfProduct -->
  <testcase classname="com.atmecs.qa.falcondashboard.testscript.TC10_TestPhase" name="testPhase" time="0.0">
    <skipped/>
  </testcase> <!-- testPhase -->
  <testcase classname="com.atmecs.qa.falcondashboard.testscript.TC36_StartTime" name="startTime" time="0.0">
    <skipped/>
  </testcase> <!-- startTime -->
  <testcase classname="com.atmecs.qa.falcondashboard.testscript.TC37_EndTime" name="endTime" time="0.0">
    <skipped/>
  </testcase> <!-- endTime -->
  <testcase classname="com.atmecs.qa.falcondashboard.testsuite.TestSuiteBase" name="@AfterSuite tearDown" time="0.0">
    <ignored/>
  </testcase> <!-- @AfterSuite tearDown -->
  <testcase classname="com.atmecs.qa.falcondashboard.testsuite.TestSuiteBase" name="@AfterSuite tearDown" time="0.0">
    <ignored/>
  </testcase> <!-- @AfterSuite tearDown -->
  <testcase classname="com.atmecs.qa.falcondashboard.testsuite.TestSuiteBase" name="@AfterSuite tearDown" time="0.0">
    <ignored/>
  </testcase> <!-- @AfterSuite tearDown -->
  <testcase classname="com.atmecs.qa.falcondashboard.testsuite.TestSuiteBase" name="@AfterSuite tearDown" time="0.0">
    <ignored/>
  </testcase> <!-- @AfterSuite tearDown -->
  <testcase classname="com.atmecs.qa.falcondashboard.testsuite.TestSuiteBase" name="@BeforeSuite startTest" time="0.0">
    <ignored/>
  </testcase> <!-- @BeforeSuite startTest -->
  <testcase classname="com.atmecs.qa.falcondashboard.testsuite.TestSuiteBase" name="@BeforeSuite startTest" time="0.0">
    <ignored/>
  </testcase> <!-- @BeforeSuite startTest -->
  <testcase classname="com.atmecs.qa.falcondashboard.testsuite.TestSuiteBase" name="@BeforeSuite startTest" time="0.0">
    <ignored/>
  </testcase> <!-- @BeforeSuite startTest -->
  <testcase classname="com.atmecs.qa.falcondashboard.testsuite.TestSuiteBase" name="@BeforeSuite startTest" time="0.0">
    <ignored/>
  </testcase> <!-- @BeforeSuite startTest -->
</testsuite> <!-- SampleTest -->
