<html>
<head>
<title>TestNG:  SampleTest</title>
<link href="../testng.css" rel="stylesheet" type="text/css" />
<link href="../my-testng.css" rel="stylesheet" type="text/css" />

<style type="text/css">
.log { display: none;} 
.stack-trace { display: none;} 
</style>
<script type="text/javascript">
<!--
function flip(e) {
  current = e.style.display;
  if (current == 'block') {
    e.style.display = 'none';
    return 0;
  }
  else {
    e.style.display = 'block';
    return 1;
  }
}

function toggleBox(szDivId, elem, msg1, msg2)
{
  var res = -1;  if (document.getElementById) {
    res = flip(document.getElementById(szDivId));
  }
  else if (document.all) {
    // this is the way old msie versions work
    res = flip(document.all[szDivId]);
  }
  if(elem) {
    if(res == 0) elem.innerHTML = msg1; else elem.innerHTML = msg2;
  }

}

function toggleAllBoxes() {
  if (document.getElementsByTagName) {
    d = document.getElementsByTagName('div');
    for (i = 0; i < d.length; i++) {
      if (d[i].className == 'log') {
        flip(d[i]);
      }
    }
  }
}

// -->
</script>

</head>
<body>
<h2 align='center'>SampleTest</h2><table border='1' align="center">
<tr>
<td>Tests passed/Failed/Skipped:</td><td>4/1/0</td>
</tr><tr>
<td>Started on:</td><td>Tue Mar 17 19:18:00 IST 2020</td>
</tr>
<tr><td>Total time:</td><td>371 seconds (371719 ms)</td>
</tr><tr>
<td>Included groups:</td><td></td>
</tr><tr>
<td>Excluded groups:</td><td></td>
</tr>
</table><p/>
<small><i>(Hover the method name to see the test class name)</i></small><p/>
<table width='100%' border='1' class='invocation-failed'>
<tr><td colspan='4' align='center'><b>FAILED TESTS</b></td></tr>
<tr><td><b>Test method</b></td>
<td width="30%"><b>Exception</b></td>
<td width="10%"><b>Time (seconds)</b></td>
<td><b>Instance</b></td>
</tr>
<tr>
<td title='com.atmecs.qa.falcondashboard.testscript.TC10_TestPhase.testPhase()'><b>testPhase</b><br>Test class: com.atmecs.qa.falcondashboard.testscript.TC10_TestPhase<br/>
<a href="#Output-449279713" onClick='toggleBox("Output-449279713", this, "Show output", "Hide output");'>Show output</a>

<a href="#Output-449279713" onClick="toggleAllBoxes();">Show all outputs</a>
<div class='log' id="Output-449279713">
Successfully clicked on the product<br/>
Successfully selected dashboard option<br/>
FAIL : Validating the text value expected [row Test Phase or column -1 does not exist  in xlsx] but found [Regression]: ACTUAL : Regression 	EXPECTED :row Test Phase or column -1 does not exist  in xlsx<br/>
Successfully validated the test phase of the product<br/>
Screenshot Captured for failure C:\Users\srinischal.thiparani\FalconDashboardAutomation\falcondashboard\target\FalconDemo-Sample-WIN_10_firefox_0.26.0 (0)\Screenshots\testPhase_1_.png<br/>
</div>
</td>
<td><div><pre>java.lang.AssertionError: expected [row Test Phase or column -1 does not exist  in xlsx] but found [Regression]
	at com.atmecs.falcon.automation.verifyresult.VerificationManager.verifyString(VerificationManager.java:250)
	at com.atmecs.qa.falcondashboard.helper.ValidationHelper.getDataofRow(ValidationHelper.java:30)
	at com.atmecs.qa.falcondashboard.validationresults.ProductPageValidation.validateTestPhase(ProductPageValidation.java:33)
	at com.atmecs.qa.falcondashboard.testscript.TC10_TestPhase.testPhase(TC10_TestPhase.java:50)
	at java.base/java.util.concurrent.ThreadPoolExecutor.runWorker(ThreadPoolExecutor.java:1128)
	at java.base/java.util.concurrent.ThreadPoolExecutor$Worker.run(ThreadPoolExecutor.java:628)
	at java.base/java.lang.Thread.run(Thread.java:830)
... Removed 24 stack frames</pre></div><a href='#' onClick='toggleBox("stack-trace449279713", this, "Click to show all stack frames", "Click to hide stack frames")'>Click to show all stack frames</a>
<div class='stack-trace' id='stack-trace449279713'><pre>java.lang.AssertionError: expected [row Test Phase or column -1 does not exist  in xlsx] but found [Regression]
	at org.testng.Assert.fail(Assert.java:96)
	at org.testng.Assert.failNotEquals(Assert.java:776)
	at org.testng.Assert.assertEqualsImpl(Assert.java:137)
	at org.testng.Assert.assertEquals(Assert.java:118)
	at org.testng.Assert.assertEquals(Assert.java:453)
	at org.testng.Assert.assertEquals(Assert.java:463)
	at com.atmecs.falcon.automation.verifyresult.VerificationManager.verifyString(VerificationManager.java:250)
	at com.atmecs.qa.falcondashboard.helper.ValidationHelper.getDataofRow(ValidationHelper.java:30)
	at com.atmecs.qa.falcondashboard.validationresults.ProductPageValidation.validateTestPhase(ProductPageValidation.java:33)
	at com.atmecs.qa.falcondashboard.testscript.TC10_TestPhase.testPhase(TC10_TestPhase.java:50)
	at java.base/jdk.internal.reflect.NativeMethodAccessorImpl.invoke0(Native Method)
	at java.base/jdk.internal.reflect.NativeMethodAccessorImpl.invoke(NativeMethodAccessorImpl.java:62)
	at java.base/jdk.internal.reflect.DelegatingMethodAccessorImpl.invoke(DelegatingMethodAccessorImpl.java:43)
	at java.base/java.lang.reflect.Method.invoke(Method.java:567)
	at org.testng.internal.MethodInvocationHelper.invokeMethod(MethodInvocationHelper.java:124)
	at org.testng.internal.Invoker.invokeMethod(Invoker.java:583)
	at org.testng.internal.Invoker.invokeTestMethod(Invoker.java:719)
	at org.testng.internal.Invoker.invokeTestMethods(Invoker.java:989)
	at org.testng.internal.TestMethodWorker.invokeTestMethods(TestMethodWorker.java:125)
	at org.testng.internal.TestMethodWorker.run(TestMethodWorker.java:109)
	at org.testng.TestRunner.privateRun(TestRunner.java:648)
	at org.testng.TestRunner.run(TestRunner.java:505)
	at org.testng.SuiteRunner.runTest(SuiteRunner.java:455)
	at org.testng.SuiteRunner.runSequentially(SuiteRunner.java:450)
	at org.testng.SuiteRunner.privateRun(SuiteRunner.java:415)
	at org.testng.SuiteRunner.run(SuiteRunner.java:364)
	at org.testng.SuiteRunnerWorker.runSuite(SuiteRunnerWorker.java:52)
	at org.testng.SuiteRunnerWorker.run(SuiteRunnerWorker.java:84)
	at java.base/java.util.concurrent.ThreadPoolExecutor.runWorker(ThreadPoolExecutor.java:1128)
	at java.base/java.util.concurrent.ThreadPoolExecutor$Worker.run(ThreadPoolExecutor.java:628)
	at java.base/java.lang.Thread.run(Thread.java:830)
</pre></div></td>
<td>35</td>
<td>com.atmecs.qa.falcondashboard.testscript.TC10_TestPhase@20faf7c6</td></tr>
</table><p>
<table width='100%' border='1' class='invocation-passed'>
<tr><td colspan='4' align='center'><b>PASSED TESTS</b></td></tr>
<tr><td><b>Test method</b></td>
<td width="30%"><b>Exception</b></td>
<td width="10%"><b>Time (seconds)</b></td>
<td><b>Instance</b></td>
</tr>
<tr>
<td title='com.atmecs.qa.falcondashboard.testscript.TC08_DashboardSlidder.dashboardSlidder()'><b>dashboardSlidder</b><br>Test class: com.atmecs.qa.falcondashboard.testscript.TC08_DashboardSlidder<br/>
<a href="#Output-1210422149" onClick='toggleBox("Output-1210422149", this, "Show output", "Hide output");'>Show output</a>

<a href="#Output-1210422149" onClick="toggleAllBoxes();">Show all outputs</a>
<div class='log' id="Output-1210422149">
Successfully clicked on the product<br/>
Successfully selected dashboard option<br/>
</div>
</td>
<td></td>
<td>49</td>
<td>com.atmecs.qa.falcondashboard.testscript.TC08_DashboardSlidder@27e6090c</td></tr>
<tr>
<td title='com.atmecs.qa.falcondashboard.testscript.TC37_EndTime.endTime()'><b>endTime</b><br>Test class: com.atmecs.qa.falcondashboard.testscript.TC37_EndTime<br/>
<a href="#Output-1424931058" onClick='toggleBox("Output-1424931058", this, "Show output", "Hide output");'>Show output</a>

<a href="#Output-1424931058" onClick="toggleAllBoxes();">Show all outputs</a>
<div class='log' id="Output-1424931058">
Successfully clicked on product<br/>
Successfully selected dashboard option<br/>
End Time<br/>
Successfully displayed the end time text<br/>
PASS : Validating the end time text  of the product is same as expected or not : ACTUAL : End Time 	EXPECTED :End Time<br/>
Successfully validated the text<br/>
Successfully displayed day and date of product<br/>
PASS : Validating the end time of the product is same as expected or not : ACTUAL : Mar17,2020 	EXPECTED :Mar17,2020<br/>
Successfully validated the date<br/>
</div>
</td>
<td></td>
<td>34</td>
<td>com.atmecs.qa.falcondashboard.testscript.TC37_EndTime@40fa0c36</td></tr>
<tr>
<td title='com.atmecs.qa.falcondashboard.testscript.TC09_ProductEnvironment.environmentOfProduct()'><b>environmentOfProduct</b><br>Test class: com.atmecs.qa.falcondashboard.testscript.TC09_ProductEnvironment<br/>
<a href="#Output-1857427951" onClick='toggleBox("Output-1857427951", this, "Show output", "Hide output");'>Show output</a>

<a href="#Output-1857427951" onClick="toggleAllBoxes();">Show all outputs</a>
<div class='log' id="Output-1857427951">
Successfully clicked on the product<br/>
Successfully selected dashboard option<br/>
PASS : Validating the text value : ACTUAL : QA 	EXPECTED :QA<br/>
Successfully validated the environment<br/>
</div>
</td>
<td></td>
<td>50</td>
<td>com.atmecs.qa.falcondashboard.testscript.TC09_ProductEnvironment@146ba418</td></tr>
<tr>
<td title='com.atmecs.qa.falcondashboard.testscript.TC36_StartTime.startTime()'><b>startTime</b><br>Test class: com.atmecs.qa.falcondashboard.testscript.TC36_StartTime<br/>
<a href="#Output-294950882" onClick='toggleBox("Output-294950882", this, "Show output", "Hide output");'>Show output</a>

<a href="#Output-294950882" onClick="toggleAllBoxes();">Show all outputs</a>
<div class='log' id="Output-294950882">
Successfully clicked on product<br/>
Successfully selected dashboard option<br/>
Successfully displayed the start time text<br/>
PASS : Validating the start time text of the product is same as expected or not : ACTUAL : Start Time 	EXPECTED :Start Time<br/>
Successfully validated the text<br/>
Successfully displayed day and date of product<br/>
PASS : Validating the start time of the product is same as expected or not : ACTUAL : Mar17,2020 	EXPECTED :Mar17,2020<br/>
Successfully validated the date<br/>
</div>
</td>
<td></td>
<td>33</td>
<td>com.atmecs.qa.falcondashboard.testscript.TC36_StartTime@5743c1bb</td></tr>
</table><p>
</body>
</html>