<html>
<head>
<title>TestNG:  SampleTest</title>
<link href="../testng.css" rel="stylesheet" type="text/css" />
<link href="../my-testng.css" rel="stylesheet" type="text/css" />

<style type="text/css">
.log { display: none;} 
.stack-trace { display: none;} 
</style>
<script type="text/javascript">
<!--
function flip(e) {
  current = e.style.display;
  if (current == 'block') {
    e.style.display = 'none';
    return 0;
  }
  else {
    e.style.display = 'block';
    return 1;
  }
}

function toggleBox(szDivId, elem, msg1, msg2)
{
  var res = -1;  if (document.getElementById) {
    res = flip(document.getElementById(szDivId));
  }
  else if (document.all) {
    // this is the way old msie versions work
    res = flip(document.all[szDivId]);
  }
  if(elem) {
    if(res == 0) elem.innerHTML = msg1; else elem.innerHTML = msg2;
  }

}

function toggleAllBoxes() {
  if (document.getElementsByTagName) {
    d = document.getElementsByTagName('div');
    for (i = 0; i < d.length; i++) {
      if (d[i].className == 'log') {
        flip(d[i]);
      }
    }
  }
}

// -->
</script>

</head>
<body>
<h2 align='center'>SampleTest</h2><table border='1' align="center">
<tr>
<td>Tests passed/Failed/Skipped:</td><td>1/0/0</td>
</tr><tr>
<td>Started on:</td><td>Fri Feb 21 19:58:01 IST 2020</td>
</tr>
<tr><td>Total time:</td><td>431 seconds (431651 ms)</td>
</tr><tr>
<td>Included groups:</td><td></td>
</tr><tr>
<td>Excluded groups:</td><td></td>
</tr>
</table><p/>
<small><i>(Hover the method name to see the test class name)</i></small><p/>
<table width='100%' border='1' class='invocation-failed'>
<tr><td colspan='4' align='center'><b>FAILED CONFIGURATIONS</b></td></tr>
<tr><td><b>Test method</b></td>
<td width="30%"><b>Exception</b></td>
<td width="10%"><b>Time (seconds)</b></td>
<td><b>Instance</b></td>
</tr>
<tr>
<td title='com.atmecs.qa.falcondashboard.testscript.TC03_TestCases.preSetup()'><b>preSetup</b><br>Test class: com.atmecs.qa.falcondashboard.testscript.TC03_TestCases<br>Parameters: WIN, 10, chrome, 77<br/>
<a href="#Output-1833758288" onClick='toggleBox("Output-1833758288", this, "Show output", "Hide output");'>Show output</a>

<a href="#Output-1833758288" onClick="toggleAllBoxes();">Show all outputs</a>
<div class='log' id="Output-1833758288">
Opening browser: chrome<br/>
</div>
</td>
<td><div><pre>org.openqa.selenium.WebDriverException: Timed out waiting for driver server to start.
Build info: version: &apos;3.141.59&apos;, revision: &apos;e82be7d358&apos;, time: &apos;2018-11-14T08:17:03&apos;
System info: host: &apos;ATMECSINLT-060&apos;, ip: &apos;55.55.52.253&apos;, os.name: &apos;Windows 10&apos;, os.arch: &apos;amd64&apos;, os.version: &apos;10.0&apos;, java.version: &apos;13.0.1&apos;
Driver info: driver.version: ChromeDriver
	at org.openqa.selenium.remote.service.DriverService.waitUntilAvailable(DriverService.java:202)
	at org.openqa.selenium.remote.service.DriverService.start(DriverService.java:188)
	at org.openqa.selenium.remote.service.DriverCommandExecutor.execute(DriverCommandExecutor.java:79)
	at org.openqa.selenium.remote.RemoteWebDriver.execute(RemoteWebDriver.java:552)
	at org.openqa.selenium.remote.RemoteWebDriver.startSession(RemoteWebDriver.java:213)
	at org.openqa.selenium.remote.RemoteWebDriver.&lt;init&gt;(RemoteWebDriver.java:131)
	at org.openqa.selenium.chrome.ChromeDriver.&lt;init&gt;(ChromeDriver.java:181)
	at org.openqa.selenium.chrome.ChromeDriver.&lt;init&gt;(ChromeDriver.java:168)
	at org.openqa.selenium.chrome.ChromeDriver.&lt;init&gt;(ChromeDriver.java:123)
	at com.atmecs.falcon.automation.ui.selenium.RunModeLocal.setChromeDriver(RunModeLocal.java:164)
	at com.atmecs.falcon.automation.ui.selenium.RunModeLocal.&lt;init&gt;(RunModeLocal.java:51)
	at com.atmecs.falcon.automation.ui.selenium.RunModeFactory.getRunMode(RunModeFactory.java:23)
	at com.atmecs.falcon.automation.ui.selenium.Browser.openURL(Browser.java:367)
	at com.atmecs.qa.falcondashboard.testsuite.SampleTestSuiteBase.preSetup(SampleTestSuiteBase.java:37)
	at java.base/java.util.concurrent.ThreadPoolExecutor.runWorker(ThreadPoolExecutor.java:1128)
	at java.base/java.util.concurrent.ThreadPoolExecutor$Worker.run(ThreadPoolExecutor.java:628)
	at java.base/java.lang.Thread.run(Thread.java:830)
Caused by: org.openqa.selenium.net.UrlChecker$TimeoutException: Timed out waiting for [http://localhost:18018/status] to be available after 20399 ms
	at org.openqa.selenium.net.UrlChecker.waitUntilAvailable(UrlChecker.java:100)
	at org.openqa.selenium.remote.service.DriverService.waitUntilAvailable(DriverService.java:197)
	... 28 more
Caused by: java.util.concurrent.TimeoutException
	at java.base/java.util.concurrent.FutureTask.get(FutureTask.java:204)
	at com.google.common.util.concurrent.SimpleTimeLimiter.callWithTimeout(SimpleTimeLimiter.java:156)
	at org.openqa.selenium.net.UrlChecker.waitUntilAvailable(UrlChecker.java:75)
	... 29 more
... Removed 12 stack frames</pre></div><a href='#' onClick='toggleBox("stack-trace1833758288", this, "Click to show all stack frames", "Click to hide stack frames")'>Click to show all stack frames</a>
<div class='stack-trace' id='stack-trace1833758288'><pre>org.openqa.selenium.WebDriverException: Timed out waiting for driver server to start.
Build info: version: &apos;3.141.59&apos;, revision: &apos;e82be7d358&apos;, time: &apos;2018-11-14T08:17:03&apos;
System info: host: &apos;ATMECSINLT-060&apos;, ip: &apos;55.55.52.253&apos;, os.name: &apos;Windows 10&apos;, os.arch: &apos;amd64&apos;, os.version: &apos;10.0&apos;, java.version: &apos;13.0.1&apos;
Driver info: driver.version: ChromeDriver
	at org.openqa.selenium.remote.service.DriverService.waitUntilAvailable(DriverService.java:202)
	at org.openqa.selenium.remote.service.DriverService.start(DriverService.java:188)
	at org.openqa.selenium.remote.service.DriverCommandExecutor.execute(DriverCommandExecutor.java:79)
	at org.openqa.selenium.remote.RemoteWebDriver.execute(RemoteWebDriver.java:552)
	at org.openqa.selenium.remote.RemoteWebDriver.startSession(RemoteWebDriver.java:213)
	at org.openqa.selenium.remote.RemoteWebDriver.&lt;init&gt;(RemoteWebDriver.java:131)
	at org.openqa.selenium.chrome.ChromeDriver.&lt;init&gt;(ChromeDriver.java:181)
	at org.openqa.selenium.chrome.ChromeDriver.&lt;init&gt;(ChromeDriver.java:168)
	at org.openqa.selenium.chrome.ChromeDriver.&lt;init&gt;(ChromeDriver.java:123)
	at com.atmecs.falcon.automation.ui.selenium.RunModeLocal.setChromeDriver(RunModeLocal.java:164)
	at com.atmecs.falcon.automation.ui.selenium.RunModeLocal.&lt;init&gt;(RunModeLocal.java:51)
	at com.atmecs.falcon.automation.ui.selenium.RunModeFactory.getRunMode(RunModeFactory.java:23)
	at com.atmecs.falcon.automation.ui.selenium.Browser.openURL(Browser.java:367)
	at com.atmecs.qa.falcondashboard.testsuite.SampleTestSuiteBase.preSetup(SampleTestSuiteBase.java:37)
	at jdk.internal.reflect.GeneratedMethodAccessor28.invoke(Unknown Source)
	at java.base/jdk.internal.reflect.DelegatingMethodAccessorImpl.invoke(DelegatingMethodAccessorImpl.java:43)
	at java.base/java.lang.reflect.Method.invoke(Method.java:567)
	at org.testng.internal.MethodInvocationHelper.invokeMethod(MethodInvocationHelper.java:124)
	at org.testng.internal.MethodInvocationHelper.invokeMethodConsideringTimeout(MethodInvocationHelper.java:59)
	at org.testng.internal.Invoker.invokeConfigurationMethod(Invoker.java:458)
	at org.testng.internal.Invoker.invokeConfigurations(Invoker.java:222)
	at org.testng.internal.Invoker.invokeConfigurations(Invoker.java:142)
	at org.testng.SuiteRunner.privateRun(SuiteRunner.java:401)
	at org.testng.SuiteRunner.run(SuiteRunner.java:364)
	at org.testng.SuiteRunnerWorker.runSuite(SuiteRunnerWorker.java:52)
	at org.testng.SuiteRunnerWorker.run(SuiteRunnerWorker.java:84)
	at java.base/java.util.concurrent.ThreadPoolExecutor.runWorker(ThreadPoolExecutor.java:1128)
	at java.base/java.util.concurrent.ThreadPoolExecutor$Worker.run(ThreadPoolExecutor.java:628)
	at java.base/java.lang.Thread.run(Thread.java:830)
Caused by: org.openqa.selenium.net.UrlChecker$TimeoutException: Timed out waiting for [http://localhost:18018/status] to be available after 20399 ms
	at org.openqa.selenium.net.UrlChecker.waitUntilAvailable(UrlChecker.java:100)
	at org.openqa.selenium.remote.service.DriverService.waitUntilAvailable(DriverService.java:197)
	... 28 more
Caused by: java.util.concurrent.TimeoutException
	at java.base/java.util.concurrent.FutureTask.get(FutureTask.java:204)
	at com.google.common.util.concurrent.SimpleTimeLimiter.callWithTimeout(SimpleTimeLimiter.java:156)
	at org.openqa.selenium.net.UrlChecker.waitUntilAvailable(UrlChecker.java:75)
	... 29 more
</pre></div></td>
<td>21</td>
<td>com.atmecs.qa.falcondashboard.testscript.TC03_TestCases@49428ca0</td></tr>
</table><p>
<table width='100%' border='1' class='invocation-skipped'>
<tr><td colspan='4' align='center'><b>SKIPPED CONFIGURATIONS</b></td></tr>
<tr><td><b>Test method</b></td>
<td width="30%"><b>Exception</b></td>
<td width="10%"><b>Time (seconds)</b></td>
<td><b>Instance</b></td>
</tr>
<tr>
<td title='com.atmecs.qa.falcondashboard.testscript.TC03_TestCases.teardown()'><b>teardown</b><br>Test class: com.atmecs.qa.falcondashboard.testscript.TC03_TestCases</td>
<td></td>
<td>0</td>
<td>com.atmecs.qa.falcondashboard.testscript.TC03_TestCases@49428ca0</td></tr>
</table><p>
<table width='100%' border='1' class='invocation-passed'>
<tr><td colspan='4' align='center'><b>PASSED TESTS</b></td></tr>
<tr><td><b>Test method</b></td>
<td width="30%"><b>Exception</b></td>
<td width="10%"><b>Time (seconds)</b></td>
<td><b>Instance</b></td>
</tr>
<tr>
<td title='com.atmecs.qa.falcondashboard.testscript.TC02_ClickingProduct.clickingProduct()'><b>clickingProduct</b><br>Test class: com.atmecs.qa.falcondashboard.testscript.TC02_ClickingProduct<br/>
<a href="#Output-470517794" onClick='toggleBox("Output-470517794", this, "Show output", "Hide output");'>Show output</a>

<a href="#Output-470517794" onClick="toggleAllBoxes();">Show all outputs</a>
<div class='log' id="Output-470517794">
PASS : Successfully validaetd the products : ACTUAL : REST API TEST RESULT,WebServices,FALCON,WebServicesDemo,FalconMobileDemo,ObjectExtractor,SampleFalconAPITest,Falcon,DotComUI_Mobile,MWB,MWB_iOS,JB_Native_App_iOS,Falcon2,Fal,MWB,FalconDemo41,CreditSightsMobile,CHS,CHS,HEATCLINIC RESULT,UI WEB TEST RESULT,HEAT CLINIC RESULT,DotComUITablet,HRIS,HRIS_Cloud,HRIS_Local,Falcon,CreditSights,BrowserstackDemo,FalconSampleProj,DotComUITablet,GreyHealthGroup,FluorCorporation,AndroidDemoApp,MWBooking,AutomationDemoClient,APIAutomationDemoClient,APIAutomationClient,FLUOR,Atmecs,CHS,Atmecs,Atmecs,demo,CHS,Atmecs,CHS,TestMobileWeb,TestFalcon_runSessionId,swathi_signup account,Pooja_USAUTOPARTS,USAutoParts,USAutoParts_MUJ,TestMobileWeb_CnameDemo,IOSDemoApp,Mobile_Demo,TestDemoApp,UI BrowserStack Test Result,dbTesting 	EXPECTED :REST API TEST RESULT,WebServices,FALCON,WebServicesDemo,FalconMobileDemo,ObjectExtractor,SampleFalconAPITest,Falcon,DotComUI_Mobile,MWB,MWB_iOS,JB_Native_App_iOS,Falcon2,Fal,MWB,FalconDemo41,CreditSightsMobile,CHS,CHS,HEATCLINIC RESULT,UI WEB TEST RESULT,HEAT CLINIC RESULT,DotComUITablet,HRIS,HRIS_Cloud,HRIS_Local,Falcon,CreditSights,BrowserstackDemo,FalconSampleProj,DotComUITablet,GreyHealthGroup,FluorCorporation,AndroidDemoApp,MWBooking,AutomationDemoClient,APIAutomationDemoClient,APIAutomationClient,FLUOR,Atmecs,CHS,Atmecs,Atmecs,demo,CHS,Atmecs,CHS,TestMobileWeb,TestFalcon_runSessionId,swathi_signup account,Pooja_USAUTOPARTS,USAutoParts,USAutoParts_MUJ,TestMobileWeb_CnameDemo,IOSDemoApp,Mobile_Demo,TestDemoApp,UI BrowserStack Test Result,dbTesting<br/>
Successfully valdated all the products<br/>
Successfully displayed the execution times<br/>
PASS : Successfully validaetd the products : ACTUAL : 3 hours ago,42 days ago,50 days ago,52 days ago,57 days ago,205 days ago,218 days ago,218 days ago,220 days ago,239 days ago,245 days ago,245 days ago,247 days ago,252 days ago,254 days ago,262 days ago,268 days ago,268 days ago,276 days ago,337 days ago,352 days ago,359 days ago,374 days ago,382 days ago,382 days ago,387 days ago,403 days ago,442 days ago,448 days ago,477 days ago,528 days ago,595 days ago,604 days ago,609 days ago,611 days ago,611 days ago,611 days ago,631 days ago,637 days ago,637 days ago,666 days ago,707 days ago,707 days ago,743 days ago,750 days ago,765 days ago,765 days ago,766 days ago,770 days ago,799 days ago,802 days ago,807 days ago,815 days ago,826 days ago,840 days ago 	EXPECTED :3 hours ago,42 days ago,50 days ago,52 days ago,57 days ago,205 days ago,218 days ago,218 days ago,220 days ago,239 days ago,245 days ago,245 days ago,247 days ago,252 days ago,254 days ago,262 days ago,268 days ago,268 days ago,276 days ago,337 days ago,352 days ago,359 days ago,374 days ago,382 days ago,382 days ago,387 days ago,403 days ago,442 days ago,448 days ago,477 days ago,528 days ago,595 days ago,604 days ago,609 days ago,611 days ago,611 days ago,611 days ago,631 days ago,637 days ago,637 days ago,666 days ago,707 days ago,707 days ago,743 days ago,750 days ago,765 days ago,765 days ago,766 days ago,770 days ago,799 days ago,802 days ago,807 days ago,815 days ago,826 days ago,840 days ago<br/>
Successfully valdated all the recent execution times<br/>
Successfully clicked on product<br/>
</div>
</td>
<td></td>
<td>431</td>
<td>com.atmecs.qa.falcondashboard.testscript.TC02_ClickingProduct@a27f41f</td></tr>
</table><p>
</body>
</html>