<html>
<head>
<title>TestNG:  SampleTest</title>
<link href="../testng.css" rel="stylesheet" type="text/css" />
<link href="../my-testng.css" rel="stylesheet" type="text/css" />

<style type="text/css">
.log { display: none;} 
.stack-trace { display: none;} 
</style>
<script type="text/javascript">
<!--
function flip(e) {
  current = e.style.display;
  if (current == 'block') {
    e.style.display = 'none';
    return 0;
  }
  else {
    e.style.display = 'block';
    return 1;
  }
}

function toggleBox(szDivId, elem, msg1, msg2)
{
  var res = -1;  if (document.getElementById) {
    res = flip(document.getElementById(szDivId));
  }
  else if (document.all) {
    // this is the way old msie versions work
    res = flip(document.all[szDivId]);
  }
  if(elem) {
    if(res == 0) elem.innerHTML = msg1; else elem.innerHTML = msg2;
  }

}

function toggleAllBoxes() {
  if (document.getElementsByTagName) {
    d = document.getElementsByTagName('div');
    for (i = 0; i < d.length; i++) {
      if (d[i].className == 'log') {
        flip(d[i]);
      }
    }
  }
}

// -->
</script>

</head>
<body>
<h2 align='center'>SampleTest</h2><table border='1' align="center">
<tr>
<td>Tests passed/Failed/Skipped:</td><td>0/0/9</td>
</tr><tr>
<td>Started on:</td><td>Mon Mar 09 15:18:03 IST 2020</td>
</tr>
<tr><td>Total time:</td><td>0 seconds (9 ms)</td>
</tr><tr>
<td>Included groups:</td><td></td>
</tr><tr>
<td>Excluded groups:</td><td></td>
</tr>
</table><p/>
<small><i>(Hover the method name to see the test class name)</i></small><p/>
<table width='100%' border='1' class='invocation-failed'>
<tr><td colspan='4' align='center'><b>FAILED CONFIGURATIONS</b></td></tr>
<tr><td><b>Test method</b></td>
<td width="30%"><b>Exception</b></td>
<td width="10%"><b>Time (seconds)</b></td>
<td><b>Instance</b></td>
</tr>
<tr>
<td title='com.atmecs.qa.falcondashboard.testscript.TC26_ColorOfTotalTestCases.preSetup()'><b>preSetup</b><br>Test class: com.atmecs.qa.falcondashboard.testscript.TC26_ColorOfTotalTestCases</td>
<td><div><pre>org.testng.TestNGException: 
Parameter &apos;os&apos; is required by BeforeMethod on method preSetup but has not been marked @Optional or defined
in C:\Users\srinischal.thiparani\FalconDashboardAutomation\falcondashboard\src\main\resources\suitefile\ViewPage.xml
	at com.atmecs.qa.falcondashboard.runner.TestNGRunner.main(TestNGRunner.java:60)
	at org.codehaus.mojo.exec.ExecJavaMojo$1.run(ExecJavaMojo.java:294)
	at java.base/java.lang.Thread.run(Thread.java:830)
... Removed 27 stack frames</pre></div><a href='#' onClick='toggleBox("stack-trace2018155606", this, "Click to show all stack frames", "Click to hide stack frames")'>Click to show all stack frames</a>
<div class='stack-trace' id='stack-trace2018155606'><pre>org.testng.TestNGException: 
Parameter &apos;os&apos; is required by BeforeMethod on method preSetup but has not been marked @Optional or defined
in C:\Users\srinischal.thiparani\FalconDashboardAutomation\falcondashboard\src\main\resources\suitefile\ViewPage.xml
	at org.testng.internal.Parameters.createParams(Parameters.java:290)
	at org.testng.internal.Parameters.createParametersForMethod(Parameters.java:359)
	at org.testng.internal.Parameters.createParameters(Parameters.java:620)
	at org.testng.internal.Parameters.createConfigurationParameters(Parameters.java:190)
	at org.testng.internal.Invoker.invokeConfigurations(Invoker.java:209)
	at org.testng.internal.Invoker.invokeMethod(Invoker.java:523)
	at org.testng.internal.Invoker.invokeTestMethod(Invoker.java:719)
	at org.testng.internal.Invoker.invokeTestMethods(Invoker.java:989)
	at org.testng.internal.TestMethodWorker.invokeTestMethods(TestMethodWorker.java:125)
	at org.testng.internal.TestMethodWorker.run(TestMethodWorker.java:109)
	at org.testng.TestRunner.privateRun(TestRunner.java:648)
	at org.testng.TestRunner.run(TestRunner.java:505)
	at org.testng.SuiteRunner.runTest(SuiteRunner.java:455)
	at org.testng.SuiteRunner.runSequentially(SuiteRunner.java:450)
	at org.testng.SuiteRunner.privateRun(SuiteRunner.java:415)
	at org.testng.SuiteRunner.run(SuiteRunner.java:364)
	at org.testng.SuiteRunnerWorker.runSuite(SuiteRunnerWorker.java:52)
	at org.testng.SuiteRunnerWorker.run(SuiteRunnerWorker.java:84)
	at org.testng.TestNG.runSuitesSequentially(TestNG.java:1208)
	at org.testng.TestNG.runSuitesSequentially(TestNG.java:1204)
	at org.testng.TestNG.runSuitesLocally(TestNG.java:1137)
	at org.testng.TestNG.runSuites(TestNG.java:1049)
	at org.testng.TestNG.run(TestNG.java:1017)
	at com.atmecs.qa.falcondashboard.runner.TestNGRunner.main(TestNGRunner.java:60)
	at java.base/jdk.internal.reflect.NativeMethodAccessorImpl.invoke0(Native Method)
	at java.base/jdk.internal.reflect.NativeMethodAccessorImpl.invoke(NativeMethodAccessorImpl.java:62)
	at java.base/jdk.internal.reflect.DelegatingMethodAccessorImpl.invoke(DelegatingMethodAccessorImpl.java:43)
	at java.base/java.lang.reflect.Method.invoke(Method.java:567)
	at org.codehaus.mojo.exec.ExecJavaMojo$1.run(ExecJavaMojo.java:294)
	at java.base/java.lang.Thread.run(Thread.java:830)
</pre></div></td>
<td>0</td>
<td>com.atmecs.qa.falcondashboard.testscript.TC26_ColorOfTotalTestCases@740d5e0e</td></tr>
<tr>
<td title='com.atmecs.qa.falcondashboard.testscript.TC27_TotalTestCases.preSetup()'><b>preSetup</b><br>Test class: com.atmecs.qa.falcondashboard.testscript.TC27_TotalTestCases</td>
<td><div><pre>org.testng.TestNGException: 
Parameter &apos;os&apos; is required by BeforeMethod on method preSetup but has not been marked @Optional or defined
in C:\Users\srinischal.thiparani\FalconDashboardAutomation\falcondashboard\src\main\resources\suitefile\ViewPage.xml
	at com.atmecs.qa.falcondashboard.runner.TestNGRunner.main(TestNGRunner.java:60)
	at org.codehaus.mojo.exec.ExecJavaMojo$1.run(ExecJavaMojo.java:294)
	at java.base/java.lang.Thread.run(Thread.java:830)
... Removed 27 stack frames</pre></div><a href='#' onClick='toggleBox("stack-trace1086014071", this, "Click to show all stack frames", "Click to hide stack frames")'>Click to show all stack frames</a>
<div class='stack-trace' id='stack-trace1086014071'><pre>org.testng.TestNGException: 
Parameter &apos;os&apos; is required by BeforeMethod on method preSetup but has not been marked @Optional or defined
in C:\Users\srinischal.thiparani\FalconDashboardAutomation\falcondashboard\src\main\resources\suitefile\ViewPage.xml
	at org.testng.internal.Parameters.createParams(Parameters.java:290)
	at org.testng.internal.Parameters.createParametersForMethod(Parameters.java:359)
	at org.testng.internal.Parameters.createParameters(Parameters.java:620)
	at org.testng.internal.Parameters.createConfigurationParameters(Parameters.java:190)
	at org.testng.internal.Invoker.invokeConfigurations(Invoker.java:209)
	at org.testng.internal.Invoker.invokeMethod(Invoker.java:523)
	at org.testng.internal.Invoker.invokeTestMethod(Invoker.java:719)
	at org.testng.internal.Invoker.invokeTestMethods(Invoker.java:989)
	at org.testng.internal.TestMethodWorker.invokeTestMethods(TestMethodWorker.java:125)
	at org.testng.internal.TestMethodWorker.run(TestMethodWorker.java:109)
	at org.testng.TestRunner.privateRun(TestRunner.java:648)
	at org.testng.TestRunner.run(TestRunner.java:505)
	at org.testng.SuiteRunner.runTest(SuiteRunner.java:455)
	at org.testng.SuiteRunner.runSequentially(SuiteRunner.java:450)
	at org.testng.SuiteRunner.privateRun(SuiteRunner.java:415)
	at org.testng.SuiteRunner.run(SuiteRunner.java:364)
	at org.testng.SuiteRunnerWorker.runSuite(SuiteRunnerWorker.java:52)
	at org.testng.SuiteRunnerWorker.run(SuiteRunnerWorker.java:84)
	at org.testng.TestNG.runSuitesSequentially(TestNG.java:1208)
	at org.testng.TestNG.runSuitesSequentially(TestNG.java:1204)
	at org.testng.TestNG.runSuitesLocally(TestNG.java:1137)
	at org.testng.TestNG.runSuites(TestNG.java:1049)
	at org.testng.TestNG.run(TestNG.java:1017)
	at com.atmecs.qa.falcondashboard.runner.TestNGRunner.main(TestNGRunner.java:60)
	at java.base/jdk.internal.reflect.NativeMethodAccessorImpl.invoke0(Native Method)
	at java.base/jdk.internal.reflect.NativeMethodAccessorImpl.invoke(NativeMethodAccessorImpl.java:62)
	at java.base/jdk.internal.reflect.DelegatingMethodAccessorImpl.invoke(DelegatingMethodAccessorImpl.java:43)
	at java.base/java.lang.reflect.Method.invoke(Method.java:567)
	at org.codehaus.mojo.exec.ExecJavaMojo$1.run(ExecJavaMojo.java:294)
	at java.base/java.lang.Thread.run(Thread.java:830)
</pre></div></td>
<td>0</td>
<td>com.atmecs.qa.falcondashboard.testscript.TC27_TotalTestCases@250d79f</td></tr>
<tr>
<td title='com.atmecs.qa.falcondashboard.testscript.TC28_ColorOfPassTestCases.preSetup()'><b>preSetup</b><br>Test class: com.atmecs.qa.falcondashboard.testscript.TC28_ColorOfPassTestCases</td>
<td><div><pre>org.testng.TestNGException: 
Parameter &apos;os&apos; is required by BeforeMethod on method preSetup but has not been marked @Optional or defined
in C:\Users\srinischal.thiparani\FalconDashboardAutomation\falcondashboard\src\main\resources\suitefile\ViewPage.xml
	at com.atmecs.qa.falcondashboard.runner.TestNGRunner.main(TestNGRunner.java:60)
	at org.codehaus.mojo.exec.ExecJavaMojo$1.run(ExecJavaMojo.java:294)
	at java.base/java.lang.Thread.run(Thread.java:830)
... Removed 27 stack frames</pre></div><a href='#' onClick='toggleBox("stack-trace955483192", this, "Click to show all stack frames", "Click to hide stack frames")'>Click to show all stack frames</a>
<div class='stack-trace' id='stack-trace955483192'><pre>org.testng.TestNGException: 
Parameter &apos;os&apos; is required by BeforeMethod on method preSetup but has not been marked @Optional or defined
in C:\Users\srinischal.thiparani\FalconDashboardAutomation\falcondashboard\src\main\resources\suitefile\ViewPage.xml
	at org.testng.internal.Parameters.createParams(Parameters.java:290)
	at org.testng.internal.Parameters.createParametersForMethod(Parameters.java:359)
	at org.testng.internal.Parameters.createParameters(Parameters.java:620)
	at org.testng.internal.Parameters.createConfigurationParameters(Parameters.java:190)
	at org.testng.internal.Invoker.invokeConfigurations(Invoker.java:209)
	at org.testng.internal.Invoker.invokeMethod(Invoker.java:523)
	at org.testng.internal.Invoker.invokeTestMethod(Invoker.java:719)
	at org.testng.internal.Invoker.invokeTestMethods(Invoker.java:989)
	at org.testng.internal.TestMethodWorker.invokeTestMethods(TestMethodWorker.java:125)
	at org.testng.internal.TestMethodWorker.run(TestMethodWorker.java:109)
	at org.testng.TestRunner.privateRun(TestRunner.java:648)
	at org.testng.TestRunner.run(TestRunner.java:505)
	at org.testng.SuiteRunner.runTest(SuiteRunner.java:455)
	at org.testng.SuiteRunner.runSequentially(SuiteRunner.java:450)
	at org.testng.SuiteRunner.privateRun(SuiteRunner.java:415)
	at org.testng.SuiteRunner.run(SuiteRunner.java:364)
	at org.testng.SuiteRunnerWorker.runSuite(SuiteRunnerWorker.java:52)
	at org.testng.SuiteRunnerWorker.run(SuiteRunnerWorker.java:84)
	at org.testng.TestNG.runSuitesSequentially(TestNG.java:1208)
	at org.testng.TestNG.runSuitesSequentially(TestNG.java:1204)
	at org.testng.TestNG.runSuitesLocally(TestNG.java:1137)
	at org.testng.TestNG.runSuites(TestNG.java:1049)
	at org.testng.TestNG.run(TestNG.java:1017)
	at com.atmecs.qa.falcondashboard.runner.TestNGRunner.main(TestNGRunner.java:60)
	at java.base/jdk.internal.reflect.NativeMethodAccessorImpl.invoke0(Native Method)
	at java.base/jdk.internal.reflect.NativeMethodAccessorImpl.invoke(NativeMethodAccessorImpl.java:62)
	at java.base/jdk.internal.reflect.DelegatingMethodAccessorImpl.invoke(DelegatingMethodAccessorImpl.java:43)
	at java.base/java.lang.reflect.Method.invoke(Method.java:567)
	at org.codehaus.mojo.exec.ExecJavaMojo$1.run(ExecJavaMojo.java:294)
	at java.base/java.lang.Thread.run(Thread.java:830)
</pre></div></td>
<td>0</td>
<td>com.atmecs.qa.falcondashboard.testscript.TC28_ColorOfPassTestCases@36eb2dc0</td></tr>
<tr>
<td title='com.atmecs.qa.falcondashboard.testscript.TC29_PassedTestCases.preSetup()'><b>preSetup</b><br>Test class: com.atmecs.qa.falcondashboard.testscript.TC29_PassedTestCases</td>
<td><div><pre>org.testng.TestNGException: 
Parameter &apos;os&apos; is required by BeforeMethod on method preSetup but has not been marked @Optional or defined
in C:\Users\srinischal.thiparani\FalconDashboardAutomation\falcondashboard\src\main\resources\suitefile\ViewPage.xml
	at com.atmecs.qa.falcondashboard.runner.TestNGRunner.main(TestNGRunner.java:60)
	at org.codehaus.mojo.exec.ExecJavaMojo$1.run(ExecJavaMojo.java:294)
	at java.base/java.lang.Thread.run(Thread.java:830)
... Removed 27 stack frames</pre></div><a href='#' onClick='toggleBox("stack-trace1378617985", this, "Click to show all stack frames", "Click to hide stack frames")'>Click to show all stack frames</a>
<div class='stack-trace' id='stack-trace1378617985'><pre>org.testng.TestNGException: 
Parameter &apos;os&apos; is required by BeforeMethod on method preSetup but has not been marked @Optional or defined
in C:\Users\srinischal.thiparani\FalconDashboardAutomation\falcondashboard\src\main\resources\suitefile\ViewPage.xml
	at org.testng.internal.Parameters.createParams(Parameters.java:290)
	at org.testng.internal.Parameters.createParametersForMethod(Parameters.java:359)
	at org.testng.internal.Parameters.createParameters(Parameters.java:620)
	at org.testng.internal.Parameters.createConfigurationParameters(Parameters.java:190)
	at org.testng.internal.Invoker.invokeConfigurations(Invoker.java:209)
	at org.testng.internal.Invoker.invokeMethod(Invoker.java:523)
	at org.testng.internal.Invoker.invokeTestMethod(Invoker.java:719)
	at org.testng.internal.Invoker.invokeTestMethods(Invoker.java:989)
	at org.testng.internal.TestMethodWorker.invokeTestMethods(TestMethodWorker.java:125)
	at org.testng.internal.TestMethodWorker.run(TestMethodWorker.java:109)
	at org.testng.TestRunner.privateRun(TestRunner.java:648)
	at org.testng.TestRunner.run(TestRunner.java:505)
	at org.testng.SuiteRunner.runTest(SuiteRunner.java:455)
	at org.testng.SuiteRunner.runSequentially(SuiteRunner.java:450)
	at org.testng.SuiteRunner.privateRun(SuiteRunner.java:415)
	at org.testng.SuiteRunner.run(SuiteRunner.java:364)
	at org.testng.SuiteRunnerWorker.runSuite(SuiteRunnerWorker.java:52)
	at org.testng.SuiteRunnerWorker.run(SuiteRunnerWorker.java:84)
	at org.testng.TestNG.runSuitesSequentially(TestNG.java:1208)
	at org.testng.TestNG.runSuitesSequentially(TestNG.java:1204)
	at org.testng.TestNG.runSuitesLocally(TestNG.java:1137)
	at org.testng.TestNG.runSuites(TestNG.java:1049)
	at org.testng.TestNG.run(TestNG.java:1017)
	at com.atmecs.qa.falcondashboard.runner.TestNGRunner.main(TestNGRunner.java:60)
	at java.base/jdk.internal.reflect.NativeMethodAccessorImpl.invoke0(Native Method)
	at java.base/jdk.internal.reflect.NativeMethodAccessorImpl.invoke(NativeMethodAccessorImpl.java:62)
	at java.base/jdk.internal.reflect.DelegatingMethodAccessorImpl.invoke(DelegatingMethodAccessorImpl.java:43)
	at java.base/java.lang.reflect.Method.invoke(Method.java:567)
	at org.codehaus.mojo.exec.ExecJavaMojo$1.run(ExecJavaMojo.java:294)
	at java.base/java.lang.Thread.run(Thread.java:830)
</pre></div></td>
<td>0</td>
<td>com.atmecs.qa.falcondashboard.testscript.TC29_PassedTestCases@15dc4de</td></tr>
<tr>
<td title='com.atmecs.qa.falcondashboard.testscript.TC30_ColorOfFailedTestCases.preSetup()'><b>preSetup</b><br>Test class: com.atmecs.qa.falcondashboard.testscript.TC30_ColorOfFailedTestCases</td>
<td><div><pre>org.testng.TestNGException: 
Parameter &apos;os&apos; is required by BeforeMethod on method preSetup but has not been marked @Optional or defined
in C:\Users\srinischal.thiparani\FalconDashboardAutomation\falcondashboard\src\main\resources\suitefile\ViewPage.xml
	at com.atmecs.qa.falcondashboard.runner.TestNGRunner.main(TestNGRunner.java:60)
	at org.codehaus.mojo.exec.ExecJavaMojo$1.run(ExecJavaMojo.java:294)
	at java.base/java.lang.Thread.run(Thread.java:830)
... Removed 27 stack frames</pre></div><a href='#' onClick='toggleBox("stack-trace1565887779", this, "Click to show all stack frames", "Click to hide stack frames")'>Click to show all stack frames</a>
<div class='stack-trace' id='stack-trace1565887779'><pre>org.testng.TestNGException: 
Parameter &apos;os&apos; is required by BeforeMethod on method preSetup but has not been marked @Optional or defined
in C:\Users\srinischal.thiparani\FalconDashboardAutomation\falcondashboard\src\main\resources\suitefile\ViewPage.xml
	at org.testng.internal.Parameters.createParams(Parameters.java:290)
	at org.testng.internal.Parameters.createParametersForMethod(Parameters.java:359)
	at org.testng.internal.Parameters.createParameters(Parameters.java:620)
	at org.testng.internal.Parameters.createConfigurationParameters(Parameters.java:190)
	at org.testng.internal.Invoker.invokeConfigurations(Invoker.java:209)
	at org.testng.internal.Invoker.invokeMethod(Invoker.java:523)
	at org.testng.internal.Invoker.invokeTestMethod(Invoker.java:719)
	at org.testng.internal.Invoker.invokeTestMethods(Invoker.java:989)
	at org.testng.internal.TestMethodWorker.invokeTestMethods(TestMethodWorker.java:125)
	at org.testng.internal.TestMethodWorker.run(TestMethodWorker.java:109)
	at org.testng.TestRunner.privateRun(TestRunner.java:648)
	at org.testng.TestRunner.run(TestRunner.java:505)
	at org.testng.SuiteRunner.runTest(SuiteRunner.java:455)
	at org.testng.SuiteRunner.runSequentially(SuiteRunner.java:450)
	at org.testng.SuiteRunner.privateRun(SuiteRunner.java:415)
	at org.testng.SuiteRunner.run(SuiteRunner.java:364)
	at org.testng.SuiteRunnerWorker.runSuite(SuiteRunnerWorker.java:52)
	at org.testng.SuiteRunnerWorker.run(SuiteRunnerWorker.java:84)
	at org.testng.TestNG.runSuitesSequentially(TestNG.java:1208)
	at org.testng.TestNG.runSuitesSequentially(TestNG.java:1204)
	at org.testng.TestNG.runSuitesLocally(TestNG.java:1137)
	at org.testng.TestNG.runSuites(TestNG.java:1049)
	at org.testng.TestNG.run(TestNG.java:1017)
	at com.atmecs.qa.falcondashboard.runner.TestNGRunner.main(TestNGRunner.java:60)
	at java.base/jdk.internal.reflect.NativeMethodAccessorImpl.invoke0(Native Method)
	at java.base/jdk.internal.reflect.NativeMethodAccessorImpl.invoke(NativeMethodAccessorImpl.java:62)
	at java.base/jdk.internal.reflect.DelegatingMethodAccessorImpl.invoke(DelegatingMethodAccessorImpl.java:43)
	at java.base/java.lang.reflect.Method.invoke(Method.java:567)
	at org.codehaus.mojo.exec.ExecJavaMojo$1.run(ExecJavaMojo.java:294)
	at java.base/java.lang.Thread.run(Thread.java:830)
</pre></div></td>
<td>0</td>
<td>com.atmecs.qa.falcondashboard.testscript.TC30_ColorOfFailedTestCases@1fbe17d5</td></tr>
<tr>
<td title='com.atmecs.qa.falcondashboard.testscript.TC31_FailedTestCases.preSetup()'><b>preSetup</b><br>Test class: com.atmecs.qa.falcondashboard.testscript.TC31_FailedTestCases</td>
<td><div><pre>org.testng.TestNGException: 
Parameter &apos;os&apos; is required by BeforeMethod on method preSetup but has not been marked @Optional or defined
in C:\Users\srinischal.thiparani\FalconDashboardAutomation\falcondashboard\src\main\resources\suitefile\ViewPage.xml
	at com.atmecs.qa.falcondashboard.runner.TestNGRunner.main(TestNGRunner.java:60)
	at org.codehaus.mojo.exec.ExecJavaMojo$1.run(ExecJavaMojo.java:294)
	at java.base/java.lang.Thread.run(Thread.java:830)
... Removed 27 stack frames</pre></div><a href='#' onClick='toggleBox("stack-trace443786579", this, "Click to show all stack frames", "Click to hide stack frames")'>Click to show all stack frames</a>
<div class='stack-trace' id='stack-trace443786579'><pre>org.testng.TestNGException: 
Parameter &apos;os&apos; is required by BeforeMethod on method preSetup but has not been marked @Optional or defined
in C:\Users\srinischal.thiparani\FalconDashboardAutomation\falcondashboard\src\main\resources\suitefile\ViewPage.xml
	at org.testng.internal.Parameters.createParams(Parameters.java:290)
	at org.testng.internal.Parameters.createParametersForMethod(Parameters.java:359)
	at org.testng.internal.Parameters.createParameters(Parameters.java:620)
	at org.testng.internal.Parameters.createConfigurationParameters(Parameters.java:190)
	at org.testng.internal.Invoker.invokeConfigurations(Invoker.java:209)
	at org.testng.internal.Invoker.invokeMethod(Invoker.java:523)
	at org.testng.internal.Invoker.invokeTestMethod(Invoker.java:719)
	at org.testng.internal.Invoker.invokeTestMethods(Invoker.java:989)
	at org.testng.internal.TestMethodWorker.invokeTestMethods(TestMethodWorker.java:125)
	at org.testng.internal.TestMethodWorker.run(TestMethodWorker.java:109)
	at org.testng.TestRunner.privateRun(TestRunner.java:648)
	at org.testng.TestRunner.run(TestRunner.java:505)
	at org.testng.SuiteRunner.runTest(SuiteRunner.java:455)
	at org.testng.SuiteRunner.runSequentially(SuiteRunner.java:450)
	at org.testng.SuiteRunner.privateRun(SuiteRunner.java:415)
	at org.testng.SuiteRunner.run(SuiteRunner.java:364)
	at org.testng.SuiteRunnerWorker.runSuite(SuiteRunnerWorker.java:52)
	at org.testng.SuiteRunnerWorker.run(SuiteRunnerWorker.java:84)
	at org.testng.TestNG.runSuitesSequentially(TestNG.java:1208)
	at org.testng.TestNG.runSuitesSequentially(TestNG.java:1204)
	at org.testng.TestNG.runSuitesLocally(TestNG.java:1137)
	at org.testng.TestNG.runSuites(TestNG.java:1049)
	at org.testng.TestNG.run(TestNG.java:1017)
	at com.atmecs.qa.falcondashboard.runner.TestNGRunner.main(TestNGRunner.java:60)
	at java.base/jdk.internal.reflect.NativeMethodAccessorImpl.invoke0(Native Method)
	at java.base/jdk.internal.reflect.NativeMethodAccessorImpl.invoke(NativeMethodAccessorImpl.java:62)
	at java.base/jdk.internal.reflect.DelegatingMethodAccessorImpl.invoke(DelegatingMethodAccessorImpl.java:43)
	at java.base/java.lang.reflect.Method.invoke(Method.java:567)
	at org.codehaus.mojo.exec.ExecJavaMojo$1.run(ExecJavaMojo.java:294)
	at java.base/java.lang.Thread.run(Thread.java:830)
</pre></div></td>
<td>0</td>
<td>com.atmecs.qa.falcondashboard.testscript.TC31_FailedTestCases@1bd6d792</td></tr>
<tr>
<td title='com.atmecs.qa.falcondashboard.testscript.TC32_ColorOfSkippedTestCases.preSetup()'><b>preSetup</b><br>Test class: com.atmecs.qa.falcondashboard.testscript.TC32_ColorOfSkippedTestCases</td>
<td><div><pre>org.testng.TestNGException: 
Parameter &apos;os&apos; is required by BeforeMethod on method preSetup but has not been marked @Optional or defined
in C:\Users\srinischal.thiparani\FalconDashboardAutomation\falcondashboard\src\main\resources\suitefile\ViewPage.xml
	at com.atmecs.qa.falcondashboard.runner.TestNGRunner.main(TestNGRunner.java:60)
	at org.codehaus.mojo.exec.ExecJavaMojo$1.run(ExecJavaMojo.java:294)
	at java.base/java.lang.Thread.run(Thread.java:830)
... Removed 27 stack frames</pre></div><a href='#' onClick='toggleBox("stack-trace213888708", this, "Click to show all stack frames", "Click to hide stack frames")'>Click to show all stack frames</a>
<div class='stack-trace' id='stack-trace213888708'><pre>org.testng.TestNGException: 
Parameter &apos;os&apos; is required by BeforeMethod on method preSetup but has not been marked @Optional or defined
in C:\Users\srinischal.thiparani\FalconDashboardAutomation\falcondashboard\src\main\resources\suitefile\ViewPage.xml
	at org.testng.internal.Parameters.createParams(Parameters.java:290)
	at org.testng.internal.Parameters.createParametersForMethod(Parameters.java:359)
	at org.testng.internal.Parameters.createParameters(Parameters.java:620)
	at org.testng.internal.Parameters.createConfigurationParameters(Parameters.java:190)
	at org.testng.internal.Invoker.invokeConfigurations(Invoker.java:209)
	at org.testng.internal.Invoker.invokeMethod(Invoker.java:523)
	at org.testng.internal.Invoker.invokeTestMethod(Invoker.java:719)
	at org.testng.internal.Invoker.invokeTestMethods(Invoker.java:989)
	at org.testng.internal.TestMethodWorker.invokeTestMethods(TestMethodWorker.java:125)
	at org.testng.internal.TestMethodWorker.run(TestMethodWorker.java:109)
	at org.testng.TestRunner.privateRun(TestRunner.java:648)
	at org.testng.TestRunner.run(TestRunner.java:505)
	at org.testng.SuiteRunner.runTest(SuiteRunner.java:455)
	at org.testng.SuiteRunner.runSequentially(SuiteRunner.java:450)
	at org.testng.SuiteRunner.privateRun(SuiteRunner.java:415)
	at org.testng.SuiteRunner.run(SuiteRunner.java:364)
	at org.testng.SuiteRunnerWorker.runSuite(SuiteRunnerWorker.java:52)
	at org.testng.SuiteRunnerWorker.run(SuiteRunnerWorker.java:84)
	at org.testng.TestNG.runSuitesSequentially(TestNG.java:1208)
	at org.testng.TestNG.runSuitesSequentially(TestNG.java:1204)
	at org.testng.TestNG.runSuitesLocally(TestNG.java:1137)
	at org.testng.TestNG.runSuites(TestNG.java:1049)
	at org.testng.TestNG.run(TestNG.java:1017)
	at com.atmecs.qa.falcondashboard.runner.TestNGRunner.main(TestNGRunner.java:60)
	at java.base/jdk.internal.reflect.NativeMethodAccessorImpl.invoke0(Native Method)
	at java.base/jdk.internal.reflect.NativeMethodAccessorImpl.invoke(NativeMethodAccessorImpl.java:62)
	at java.base/jdk.internal.reflect.DelegatingMethodAccessorImpl.invoke(DelegatingMethodAccessorImpl.java:43)
	at java.base/java.lang.reflect.Method.invoke(Method.java:567)
	at org.codehaus.mojo.exec.ExecJavaMojo$1.run(ExecJavaMojo.java:294)
	at java.base/java.lang.Thread.run(Thread.java:830)
</pre></div></td>
<td>0</td>
<td>com.atmecs.qa.falcondashboard.testscript.TC32_ColorOfSkippedTestCases@74bc6c05</td></tr>
<tr>
<td title='com.atmecs.qa.falcondashboard.testscript.TC33_SkippedTestCases.preSetup()'><b>preSetup</b><br>Test class: com.atmecs.qa.falcondashboard.testscript.TC33_SkippedTestCases</td>
<td><div><pre>org.testng.TestNGException: 
Parameter &apos;os&apos; is required by BeforeMethod on method preSetup but has not been marked @Optional or defined
in C:\Users\srinischal.thiparani\FalconDashboardAutomation\falcondashboard\src\main\resources\suitefile\ViewPage.xml
	at com.atmecs.qa.falcondashboard.runner.TestNGRunner.main(TestNGRunner.java:60)
	at org.codehaus.mojo.exec.ExecJavaMojo$1.run(ExecJavaMojo.java:294)
	at java.base/java.lang.Thread.run(Thread.java:830)
... Removed 27 stack frames</pre></div><a href='#' onClick='toggleBox("stack-trace33822872", this, "Click to show all stack frames", "Click to hide stack frames")'>Click to show all stack frames</a>
<div class='stack-trace' id='stack-trace33822872'><pre>org.testng.TestNGException: 
Parameter &apos;os&apos; is required by BeforeMethod on method preSetup but has not been marked @Optional or defined
in C:\Users\srinischal.thiparani\FalconDashboardAutomation\falcondashboard\src\main\resources\suitefile\ViewPage.xml
	at org.testng.internal.Parameters.createParams(Parameters.java:290)
	at org.testng.internal.Parameters.createParametersForMethod(Parameters.java:359)
	at org.testng.internal.Parameters.createParameters(Parameters.java:620)
	at org.testng.internal.Parameters.createConfigurationParameters(Parameters.java:190)
	at org.testng.internal.Invoker.invokeConfigurations(Invoker.java:209)
	at org.testng.internal.Invoker.invokeMethod(Invoker.java:523)
	at org.testng.internal.Invoker.invokeTestMethod(Invoker.java:719)
	at org.testng.internal.Invoker.invokeTestMethods(Invoker.java:989)
	at org.testng.internal.TestMethodWorker.invokeTestMethods(TestMethodWorker.java:125)
	at org.testng.internal.TestMethodWorker.run(TestMethodWorker.java:109)
	at org.testng.TestRunner.privateRun(TestRunner.java:648)
	at org.testng.TestRunner.run(TestRunner.java:505)
	at org.testng.SuiteRunner.runTest(SuiteRunner.java:455)
	at org.testng.SuiteRunner.runSequentially(SuiteRunner.java:450)
	at org.testng.SuiteRunner.privateRun(SuiteRunner.java:415)
	at org.testng.SuiteRunner.run(SuiteRunner.java:364)
	at org.testng.SuiteRunnerWorker.runSuite(SuiteRunnerWorker.java:52)
	at org.testng.SuiteRunnerWorker.run(SuiteRunnerWorker.java:84)
	at org.testng.TestNG.runSuitesSequentially(TestNG.java:1208)
	at org.testng.TestNG.runSuitesSequentially(TestNG.java:1204)
	at org.testng.TestNG.runSuitesLocally(TestNG.java:1137)
	at org.testng.TestNG.runSuites(TestNG.java:1049)
	at org.testng.TestNG.run(TestNG.java:1017)
	at com.atmecs.qa.falcondashboard.runner.TestNGRunner.main(TestNGRunner.java:60)
	at java.base/jdk.internal.reflect.NativeMethodAccessorImpl.invoke0(Native Method)
	at java.base/jdk.internal.reflect.NativeMethodAccessorImpl.invoke(NativeMethodAccessorImpl.java:62)
	at java.base/jdk.internal.reflect.DelegatingMethodAccessorImpl.invoke(DelegatingMethodAccessorImpl.java:43)
	at java.base/java.lang.reflect.Method.invoke(Method.java:567)
	at org.codehaus.mojo.exec.ExecJavaMojo$1.run(ExecJavaMojo.java:294)
	at java.base/java.lang.Thread.run(Thread.java:830)
</pre></div></td>
<td>0</td>
<td>com.atmecs.qa.falcondashboard.testscript.TC33_SkippedTestCases@1b282d78</td></tr>
<tr>
<td title='com.atmecs.qa.falcondashboard.testscript.TC34_ViewPage.preSetup()'><b>preSetup</b><br>Test class: com.atmecs.qa.falcondashboard.testscript.TC34_ViewPage</td>
<td><div><pre>org.testng.TestNGException: 
Parameter &apos;os&apos; is required by BeforeMethod on method preSetup but has not been marked @Optional or defined
in C:\Users\srinischal.thiparani\FalconDashboardAutomation\falcondashboard\src\main\resources\suitefile\ViewPage.xml
	at com.atmecs.qa.falcondashboard.runner.TestNGRunner.main(TestNGRunner.java:60)
	at org.codehaus.mojo.exec.ExecJavaMojo$1.run(ExecJavaMojo.java:294)
	at java.base/java.lang.Thread.run(Thread.java:830)
... Removed 27 stack frames</pre></div><a href='#' onClick='toggleBox("stack-trace1918582899", this, "Click to show all stack frames", "Click to hide stack frames")'>Click to show all stack frames</a>
<div class='stack-trace' id='stack-trace1918582899'><pre>org.testng.TestNGException: 
Parameter &apos;os&apos; is required by BeforeMethod on method preSetup but has not been marked @Optional or defined
in C:\Users\srinischal.thiparani\FalconDashboardAutomation\falcondashboard\src\main\resources\suitefile\ViewPage.xml
	at org.testng.internal.Parameters.createParams(Parameters.java:290)
	at org.testng.internal.Parameters.createParametersForMethod(Parameters.java:359)
	at org.testng.internal.Parameters.createParameters(Parameters.java:620)
	at org.testng.internal.Parameters.createConfigurationParameters(Parameters.java:190)
	at org.testng.internal.Invoker.invokeConfigurations(Invoker.java:209)
	at org.testng.internal.Invoker.invokeMethod(Invoker.java:523)
	at org.testng.internal.Invoker.invokeTestMethod(Invoker.java:719)
	at org.testng.internal.Invoker.invokeTestMethods(Invoker.java:989)
	at org.testng.internal.TestMethodWorker.invokeTestMethods(TestMethodWorker.java:125)
	at org.testng.internal.TestMethodWorker.run(TestMethodWorker.java:109)
	at org.testng.TestRunner.privateRun(TestRunner.java:648)
	at org.testng.TestRunner.run(TestRunner.java:505)
	at org.testng.SuiteRunner.runTest(SuiteRunner.java:455)
	at org.testng.SuiteRunner.runSequentially(SuiteRunner.java:450)
	at org.testng.SuiteRunner.privateRun(SuiteRunner.java:415)
	at org.testng.SuiteRunner.run(SuiteRunner.java:364)
	at org.testng.SuiteRunnerWorker.runSuite(SuiteRunnerWorker.java:52)
	at org.testng.SuiteRunnerWorker.run(SuiteRunnerWorker.java:84)
	at org.testng.TestNG.runSuitesSequentially(TestNG.java:1208)
	at org.testng.TestNG.runSuitesSequentially(TestNG.java:1204)
	at org.testng.TestNG.runSuitesLocally(TestNG.java:1137)
	at org.testng.TestNG.runSuites(TestNG.java:1049)
	at org.testng.TestNG.run(TestNG.java:1017)
	at com.atmecs.qa.falcondashboard.runner.TestNGRunner.main(TestNGRunner.java:60)
	at java.base/jdk.internal.reflect.NativeMethodAccessorImpl.invoke0(Native Method)
	at java.base/jdk.internal.reflect.NativeMethodAccessorImpl.invoke(NativeMethodAccessorImpl.java:62)
	at java.base/jdk.internal.reflect.DelegatingMethodAccessorImpl.invoke(DelegatingMethodAccessorImpl.java:43)
	at java.base/java.lang.reflect.Method.invoke(Method.java:567)
	at org.codehaus.mojo.exec.ExecJavaMojo$1.run(ExecJavaMojo.java:294)
	at java.base/java.lang.Thread.run(Thread.java:830)
</pre></div></td>
<td>0</td>
<td>com.atmecs.qa.falcondashboard.testscript.TC34_ViewPage@74c78177</td></tr>
</table><p>
<table width='100%' border='1' class='invocation-skipped'>
<tr><td colspan='4' align='center'><b>SKIPPED CONFIGURATIONS</b></td></tr>
<tr><td><b>Test method</b></td>
<td width="30%"><b>Exception</b></td>
<td width="10%"><b>Time (seconds)</b></td>
<td><b>Instance</b></td>
</tr>
<tr>
<td title='com.atmecs.qa.falcondashboard.testscript.TC26_ColorOfTotalTestCases.getResult()'><b>getResult</b><br>Test class: com.atmecs.qa.falcondashboard.testscript.TC26_ColorOfTotalTestCases</td>
<td></td>
<td>0</td>
<td>com.atmecs.qa.falcondashboard.testscript.TC26_ColorOfTotalTestCases@740d5e0e</td></tr>
<tr>
<td title='com.atmecs.qa.falcondashboard.testscript.TC27_TotalTestCases.getResult()'><b>getResult</b><br>Test class: com.atmecs.qa.falcondashboard.testscript.TC27_TotalTestCases</td>
<td></td>
<td>0</td>
<td>com.atmecs.qa.falcondashboard.testscript.TC27_TotalTestCases@250d79f</td></tr>
<tr>
<td title='com.atmecs.qa.falcondashboard.testscript.TC28_ColorOfPassTestCases.getResult()'><b>getResult</b><br>Test class: com.atmecs.qa.falcondashboard.testscript.TC28_ColorOfPassTestCases</td>
<td></td>
<td>0</td>
<td>com.atmecs.qa.falcondashboard.testscript.TC28_ColorOfPassTestCases@36eb2dc0</td></tr>
<tr>
<td title='com.atmecs.qa.falcondashboard.testscript.TC29_PassedTestCases.getResult()'><b>getResult</b><br>Test class: com.atmecs.qa.falcondashboard.testscript.TC29_PassedTestCases</td>
<td></td>
<td>0</td>
<td>com.atmecs.qa.falcondashboard.testscript.TC29_PassedTestCases@15dc4de</td></tr>
<tr>
<td title='com.atmecs.qa.falcondashboard.testscript.TC30_ColorOfFailedTestCases.getResult()'><b>getResult</b><br>Test class: com.atmecs.qa.falcondashboard.testscript.TC30_ColorOfFailedTestCases</td>
<td></td>
<td>0</td>
<td>com.atmecs.qa.falcondashboard.testscript.TC30_ColorOfFailedTestCases@1fbe17d5</td></tr>
<tr>
<td title='com.atmecs.qa.falcondashboard.testscript.TC31_FailedTestCases.getResult()'><b>getResult</b><br>Test class: com.atmecs.qa.falcondashboard.testscript.TC31_FailedTestCases</td>
<td></td>
<td>0</td>
<td>com.atmecs.qa.falcondashboard.testscript.TC31_FailedTestCases@1bd6d792</td></tr>
<tr>
<td title='com.atmecs.qa.falcondashboard.testscript.TC32_ColorOfSkippedTestCases.getResult()'><b>getResult</b><br>Test class: com.atmecs.qa.falcondashboard.testscript.TC32_ColorOfSkippedTestCases</td>
<td></td>
<td>0</td>
<td>com.atmecs.qa.falcondashboard.testscript.TC32_ColorOfSkippedTestCases@74bc6c05</td></tr>
<tr>
<td title='com.atmecs.qa.falcondashboard.testscript.TC33_SkippedTestCases.getResult()'><b>getResult</b><br>Test class: com.atmecs.qa.falcondashboard.testscript.TC33_SkippedTestCases</td>
<td></td>
<td>0</td>
<td>com.atmecs.qa.falcondashboard.testscript.TC33_SkippedTestCases@1b282d78</td></tr>
<tr>
<td title='com.atmecs.qa.falcondashboard.testscript.TC34_ViewPage.getResult()'><b>getResult</b><br>Test class: com.atmecs.qa.falcondashboard.testscript.TC34_ViewPage</td>
<td></td>
<td>0</td>
<td>com.atmecs.qa.falcondashboard.testscript.TC34_ViewPage@74c78177</td></tr>
<tr>
<td title='com.atmecs.qa.falcondashboard.testscript.TC26_ColorOfTotalTestCases.teardown()'><b>teardown</b><br>Test class: com.atmecs.qa.falcondashboard.testscript.TC26_ColorOfTotalTestCases</td>
<td></td>
<td>0</td>
<td>com.atmecs.qa.falcondashboard.testscript.TC26_ColorOfTotalTestCases@740d5e0e</td></tr>
<tr>
<td title='com.atmecs.qa.falcondashboard.testscript.TC27_TotalTestCases.teardown()'><b>teardown</b><br>Test class: com.atmecs.qa.falcondashboard.testscript.TC27_TotalTestCases</td>
<td></td>
<td>0</td>
<td>com.atmecs.qa.falcondashboard.testscript.TC27_TotalTestCases@250d79f</td></tr>
<tr>
<td title='com.atmecs.qa.falcondashboard.testscript.TC28_ColorOfPassTestCases.teardown()'><b>teardown</b><br>Test class: com.atmecs.qa.falcondashboard.testscript.TC28_ColorOfPassTestCases</td>
<td></td>
<td>0</td>
<td>com.atmecs.qa.falcondashboard.testscript.TC28_ColorOfPassTestCases@36eb2dc0</td></tr>
<tr>
<td title='com.atmecs.qa.falcondashboard.testscript.TC29_PassedTestCases.teardown()'><b>teardown</b><br>Test class: com.atmecs.qa.falcondashboard.testscript.TC29_PassedTestCases</td>
<td></td>
<td>0</td>
<td>com.atmecs.qa.falcondashboard.testscript.TC29_PassedTestCases@15dc4de</td></tr>
<tr>
<td title='com.atmecs.qa.falcondashboard.testscript.TC30_ColorOfFailedTestCases.teardown()'><b>teardown</b><br>Test class: com.atmecs.qa.falcondashboard.testscript.TC30_ColorOfFailedTestCases</td>
<td></td>
<td>0</td>
<td>com.atmecs.qa.falcondashboard.testscript.TC30_ColorOfFailedTestCases@1fbe17d5</td></tr>
<tr>
<td title='com.atmecs.qa.falcondashboard.testscript.TC31_FailedTestCases.teardown()'><b>teardown</b><br>Test class: com.atmecs.qa.falcondashboard.testscript.TC31_FailedTestCases</td>
<td></td>
<td>0</td>
<td>com.atmecs.qa.falcondashboard.testscript.TC31_FailedTestCases@1bd6d792</td></tr>
<tr>
<td title='com.atmecs.qa.falcondashboard.testscript.TC32_ColorOfSkippedTestCases.teardown()'><b>teardown</b><br>Test class: com.atmecs.qa.falcondashboard.testscript.TC32_ColorOfSkippedTestCases</td>
<td></td>
<td>0</td>
<td>com.atmecs.qa.falcondashboard.testscript.TC32_ColorOfSkippedTestCases@74bc6c05</td></tr>
<tr>
<td title='com.atmecs.qa.falcondashboard.testscript.TC33_SkippedTestCases.teardown()'><b>teardown</b><br>Test class: com.atmecs.qa.falcondashboard.testscript.TC33_SkippedTestCases</td>
<td></td>
<td>0</td>
<td>com.atmecs.qa.falcondashboard.testscript.TC33_SkippedTestCases@1b282d78</td></tr>
<tr>
<td title='com.atmecs.qa.falcondashboard.testscript.TC34_ViewPage.teardown()'><b>teardown</b><br>Test class: com.atmecs.qa.falcondashboard.testscript.TC34_ViewPage</td>
<td></td>
<td>0</td>
<td>com.atmecs.qa.falcondashboard.testscript.TC34_ViewPage@74c78177</td></tr>
</table><p>
<table width='100%' border='1' class='invocation-skipped'>
<tr><td colspan='4' align='center'><b>SKIPPED TESTS</b></td></tr>
<tr><td><b>Test method</b></td>
<td width="30%"><b>Exception</b></td>
<td width="10%"><b>Time (seconds)</b></td>
<td><b>Instance</b></td>
</tr>
<tr>
<td title='com.atmecs.qa.falcondashboard.testscript.TC30_ColorOfFailedTestCases.colorofFailedTestCases()'><b>colorofFailedTestCases</b><br>Test class: com.atmecs.qa.falcondashboard.testscript.TC30_ColorOfFailedTestCases</td>
<td><div><pre>org.testng.TestNGException: 
Parameter &apos;os&apos; is required by BeforeMethod on method preSetup but has not been marked @Optional or defined
in C:\Users\srinischal.thiparani\FalconDashboardAutomation\falcondashboard\src\main\resources\suitefile\ViewPage.xml
	at com.atmecs.qa.falcondashboard.runner.TestNGRunner.main(TestNGRunner.java:60)
	at org.codehaus.mojo.exec.ExecJavaMojo$1.run(ExecJavaMojo.java:294)
	at java.base/java.lang.Thread.run(Thread.java:830)
... Removed 27 stack frames</pre></div><a href='#' onClick='toggleBox("stack-trace1409882419", this, "Click to show all stack frames", "Click to hide stack frames")'>Click to show all stack frames</a>
<div class='stack-trace' id='stack-trace1409882419'><pre>org.testng.TestNGException: 
Parameter &apos;os&apos; is required by BeforeMethod on method preSetup but has not been marked @Optional or defined
in C:\Users\srinischal.thiparani\FalconDashboardAutomation\falcondashboard\src\main\resources\suitefile\ViewPage.xml
	at org.testng.internal.Parameters.createParams(Parameters.java:290)
	at org.testng.internal.Parameters.createParametersForMethod(Parameters.java:359)
	at org.testng.internal.Parameters.createParameters(Parameters.java:620)
	at org.testng.internal.Parameters.createConfigurationParameters(Parameters.java:190)
	at org.testng.internal.Invoker.invokeConfigurations(Invoker.java:209)
	at org.testng.internal.Invoker.invokeMethod(Invoker.java:523)
	at org.testng.internal.Invoker.invokeTestMethod(Invoker.java:719)
	at org.testng.internal.Invoker.invokeTestMethods(Invoker.java:989)
	at org.testng.internal.TestMethodWorker.invokeTestMethods(TestMethodWorker.java:125)
	at org.testng.internal.TestMethodWorker.run(TestMethodWorker.java:109)
	at org.testng.TestRunner.privateRun(TestRunner.java:648)
	at org.testng.TestRunner.run(TestRunner.java:505)
	at org.testng.SuiteRunner.runTest(SuiteRunner.java:455)
	at org.testng.SuiteRunner.runSequentially(SuiteRunner.java:450)
	at org.testng.SuiteRunner.privateRun(SuiteRunner.java:415)
	at org.testng.SuiteRunner.run(SuiteRunner.java:364)
	at org.testng.SuiteRunnerWorker.runSuite(SuiteRunnerWorker.java:52)
	at org.testng.SuiteRunnerWorker.run(SuiteRunnerWorker.java:84)
	at org.testng.TestNG.runSuitesSequentially(TestNG.java:1208)
	at org.testng.TestNG.runSuitesSequentially(TestNG.java:1204)
	at org.testng.TestNG.runSuitesLocally(TestNG.java:1137)
	at org.testng.TestNG.runSuites(TestNG.java:1049)
	at org.testng.TestNG.run(TestNG.java:1017)
	at com.atmecs.qa.falcondashboard.runner.TestNGRunner.main(TestNGRunner.java:60)
	at java.base/jdk.internal.reflect.NativeMethodAccessorImpl.invoke0(Native Method)
	at java.base/jdk.internal.reflect.NativeMethodAccessorImpl.invoke(NativeMethodAccessorImpl.java:62)
	at java.base/jdk.internal.reflect.DelegatingMethodAccessorImpl.invoke(DelegatingMethodAccessorImpl.java:43)
	at java.base/java.lang.reflect.Method.invoke(Method.java:567)
	at org.codehaus.mojo.exec.ExecJavaMojo$1.run(ExecJavaMojo.java:294)
	at java.base/java.lang.Thread.run(Thread.java:830)
</pre></div></td>
<td>0</td>
<td>com.atmecs.qa.falcondashboard.testscript.TC30_ColorOfFailedTestCases@1fbe17d5</td></tr>
<tr>
<td title='com.atmecs.qa.falcondashboard.testscript.TC28_ColorOfPassTestCases.colorofPassedTestCases()'><b>colorofPassedTestCases</b><br>Test class: com.atmecs.qa.falcondashboard.testscript.TC28_ColorOfPassTestCases</td>
<td><div><pre>org.testng.TestNGException: 
Parameter &apos;os&apos; is required by BeforeMethod on method preSetup but has not been marked @Optional or defined
in C:\Users\srinischal.thiparani\FalconDashboardAutomation\falcondashboard\src\main\resources\suitefile\ViewPage.xml
	at com.atmecs.qa.falcondashboard.runner.TestNGRunner.main(TestNGRunner.java:60)
	at org.codehaus.mojo.exec.ExecJavaMojo$1.run(ExecJavaMojo.java:294)
	at java.base/java.lang.Thread.run(Thread.java:830)
... Removed 27 stack frames</pre></div><a href='#' onClick='toggleBox("stack-trace318745128", this, "Click to show all stack frames", "Click to hide stack frames")'>Click to show all stack frames</a>
<div class='stack-trace' id='stack-trace318745128'><pre>org.testng.TestNGException: 
Parameter &apos;os&apos; is required by BeforeMethod on method preSetup but has not been marked @Optional or defined
in C:\Users\srinischal.thiparani\FalconDashboardAutomation\falcondashboard\src\main\resources\suitefile\ViewPage.xml
	at org.testng.internal.Parameters.createParams(Parameters.java:290)
	at org.testng.internal.Parameters.createParametersForMethod(Parameters.java:359)
	at org.testng.internal.Parameters.createParameters(Parameters.java:620)
	at org.testng.internal.Parameters.createConfigurationParameters(Parameters.java:190)
	at org.testng.internal.Invoker.invokeConfigurations(Invoker.java:209)
	at org.testng.internal.Invoker.invokeMethod(Invoker.java:523)
	at org.testng.internal.Invoker.invokeTestMethod(Invoker.java:719)
	at org.testng.internal.Invoker.invokeTestMethods(Invoker.java:989)
	at org.testng.internal.TestMethodWorker.invokeTestMethods(TestMethodWorker.java:125)
	at org.testng.internal.TestMethodWorker.run(TestMethodWorker.java:109)
	at org.testng.TestRunner.privateRun(TestRunner.java:648)
	at org.testng.TestRunner.run(TestRunner.java:505)
	at org.testng.SuiteRunner.runTest(SuiteRunner.java:455)
	at org.testng.SuiteRunner.runSequentially(SuiteRunner.java:450)
	at org.testng.SuiteRunner.privateRun(SuiteRunner.java:415)
	at org.testng.SuiteRunner.run(SuiteRunner.java:364)
	at org.testng.SuiteRunnerWorker.runSuite(SuiteRunnerWorker.java:52)
	at org.testng.SuiteRunnerWorker.run(SuiteRunnerWorker.java:84)
	at org.testng.TestNG.runSuitesSequentially(TestNG.java:1208)
	at org.testng.TestNG.runSuitesSequentially(TestNG.java:1204)
	at org.testng.TestNG.runSuitesLocally(TestNG.java:1137)
	at org.testng.TestNG.runSuites(TestNG.java:1049)
	at org.testng.TestNG.run(TestNG.java:1017)
	at com.atmecs.qa.falcondashboard.runner.TestNGRunner.main(TestNGRunner.java:60)
	at java.base/jdk.internal.reflect.NativeMethodAccessorImpl.invoke0(Native Method)
	at java.base/jdk.internal.reflect.NativeMethodAccessorImpl.invoke(NativeMethodAccessorImpl.java:62)
	at java.base/jdk.internal.reflect.DelegatingMethodAccessorImpl.invoke(DelegatingMethodAccessorImpl.java:43)
	at java.base/java.lang.reflect.Method.invoke(Method.java:567)
	at org.codehaus.mojo.exec.ExecJavaMojo$1.run(ExecJavaMojo.java:294)
	at java.base/java.lang.Thread.run(Thread.java:830)
</pre></div></td>
<td>0</td>
<td>com.atmecs.qa.falcondashboard.testscript.TC28_ColorOfPassTestCases@36eb2dc0</td></tr>
<tr>
<td title='com.atmecs.qa.falcondashboard.testscript.TC32_ColorOfSkippedTestCases.colorofSkippedTestCases()'><b>colorofSkippedTestCases</b><br>Test class: com.atmecs.qa.falcondashboard.testscript.TC32_ColorOfSkippedTestCases</td>
<td><div><pre>org.testng.TestNGException: 
Parameter &apos;os&apos; is required by BeforeMethod on method preSetup but has not been marked @Optional or defined
in C:\Users\srinischal.thiparani\FalconDashboardAutomation\falcondashboard\src\main\resources\suitefile\ViewPage.xml
	at com.atmecs.qa.falcondashboard.runner.TestNGRunner.main(TestNGRunner.java:60)
	at org.codehaus.mojo.exec.ExecJavaMojo$1.run(ExecJavaMojo.java:294)
	at java.base/java.lang.Thread.run(Thread.java:830)
... Removed 27 stack frames</pre></div><a href='#' onClick='toggleBox("stack-trace2072186424", this, "Click to show all stack frames", "Click to hide stack frames")'>Click to show all stack frames</a>
<div class='stack-trace' id='stack-trace2072186424'><pre>org.testng.TestNGException: 
Parameter &apos;os&apos; is required by BeforeMethod on method preSetup but has not been marked @Optional or defined
in C:\Users\srinischal.thiparani\FalconDashboardAutomation\falcondashboard\src\main\resources\suitefile\ViewPage.xml
	at org.testng.internal.Parameters.createParams(Parameters.java:290)
	at org.testng.internal.Parameters.createParametersForMethod(Parameters.java:359)
	at org.testng.internal.Parameters.createParameters(Parameters.java:620)
	at org.testng.internal.Parameters.createConfigurationParameters(Parameters.java:190)
	at org.testng.internal.Invoker.invokeConfigurations(Invoker.java:209)
	at org.testng.internal.Invoker.invokeMethod(Invoker.java:523)
	at org.testng.internal.Invoker.invokeTestMethod(Invoker.java:719)
	at org.testng.internal.Invoker.invokeTestMethods(Invoker.java:989)
	at org.testng.internal.TestMethodWorker.invokeTestMethods(TestMethodWorker.java:125)
	at org.testng.internal.TestMethodWorker.run(TestMethodWorker.java:109)
	at org.testng.TestRunner.privateRun(TestRunner.java:648)
	at org.testng.TestRunner.run(TestRunner.java:505)
	at org.testng.SuiteRunner.runTest(SuiteRunner.java:455)
	at org.testng.SuiteRunner.runSequentially(SuiteRunner.java:450)
	at org.testng.SuiteRunner.privateRun(SuiteRunner.java:415)
	at org.testng.SuiteRunner.run(SuiteRunner.java:364)
	at org.testng.SuiteRunnerWorker.runSuite(SuiteRunnerWorker.java:52)
	at org.testng.SuiteRunnerWorker.run(SuiteRunnerWorker.java:84)
	at org.testng.TestNG.runSuitesSequentially(TestNG.java:1208)
	at org.testng.TestNG.runSuitesSequentially(TestNG.java:1204)
	at org.testng.TestNG.runSuitesLocally(TestNG.java:1137)
	at org.testng.TestNG.runSuites(TestNG.java:1049)
	at org.testng.TestNG.run(TestNG.java:1017)
	at com.atmecs.qa.falcondashboard.runner.TestNGRunner.main(TestNGRunner.java:60)
	at java.base/jdk.internal.reflect.NativeMethodAccessorImpl.invoke0(Native Method)
	at java.base/jdk.internal.reflect.NativeMethodAccessorImpl.invoke(NativeMethodAccessorImpl.java:62)
	at java.base/jdk.internal.reflect.DelegatingMethodAccessorImpl.invoke(DelegatingMethodAccessorImpl.java:43)
	at java.base/java.lang.reflect.Method.invoke(Method.java:567)
	at org.codehaus.mojo.exec.ExecJavaMojo$1.run(ExecJavaMojo.java:294)
	at java.base/java.lang.Thread.run(Thread.java:830)
</pre></div></td>
<td>0</td>
<td>com.atmecs.qa.falcondashboard.testscript.TC32_ColorOfSkippedTestCases@74bc6c05</td></tr>
<tr>
<td title='com.atmecs.qa.falcondashboard.testscript.TC26_ColorOfTotalTestCases.colorofTotalTestCases()'><b>colorofTotalTestCases</b><br>Test class: com.atmecs.qa.falcondashboard.testscript.TC26_ColorOfTotalTestCases</td>
<td><div><pre>org.testng.TestNGException: 
Parameter &apos;os&apos; is required by BeforeMethod on method preSetup but has not been marked @Optional or defined
in C:\Users\srinischal.thiparani\FalconDashboardAutomation\falcondashboard\src\main\resources\suitefile\ViewPage.xml
	at com.atmecs.qa.falcondashboard.runner.TestNGRunner.main(TestNGRunner.java:60)
	at org.codehaus.mojo.exec.ExecJavaMojo$1.run(ExecJavaMojo.java:294)
	at java.base/java.lang.Thread.run(Thread.java:830)
... Removed 27 stack frames</pre></div><a href='#' onClick='toggleBox("stack-trace183155828", this, "Click to show all stack frames", "Click to hide stack frames")'>Click to show all stack frames</a>
<div class='stack-trace' id='stack-trace183155828'><pre>org.testng.TestNGException: 
Parameter &apos;os&apos; is required by BeforeMethod on method preSetup but has not been marked @Optional or defined
in C:\Users\srinischal.thiparani\FalconDashboardAutomation\falcondashboard\src\main\resources\suitefile\ViewPage.xml
	at org.testng.internal.Parameters.createParams(Parameters.java:290)
	at org.testng.internal.Parameters.createParametersForMethod(Parameters.java:359)
	at org.testng.internal.Parameters.createParameters(Parameters.java:620)
	at org.testng.internal.Parameters.createConfigurationParameters(Parameters.java:190)
	at org.testng.internal.Invoker.invokeConfigurations(Invoker.java:209)
	at org.testng.internal.Invoker.invokeMethod(Invoker.java:523)
	at org.testng.internal.Invoker.invokeTestMethod(Invoker.java:719)
	at org.testng.internal.Invoker.invokeTestMethods(Invoker.java:989)
	at org.testng.internal.TestMethodWorker.invokeTestMethods(TestMethodWorker.java:125)
	at org.testng.internal.TestMethodWorker.run(TestMethodWorker.java:109)
	at org.testng.TestRunner.privateRun(TestRunner.java:648)
	at org.testng.TestRunner.run(TestRunner.java:505)
	at org.testng.SuiteRunner.runTest(SuiteRunner.java:455)
	at org.testng.SuiteRunner.runSequentially(SuiteRunner.java:450)
	at org.testng.SuiteRunner.privateRun(SuiteRunner.java:415)
	at org.testng.SuiteRunner.run(SuiteRunner.java:364)
	at org.testng.SuiteRunnerWorker.runSuite(SuiteRunnerWorker.java:52)
	at org.testng.SuiteRunnerWorker.run(SuiteRunnerWorker.java:84)
	at org.testng.TestNG.runSuitesSequentially(TestNG.java:1208)
	at org.testng.TestNG.runSuitesSequentially(TestNG.java:1204)
	at org.testng.TestNG.runSuitesLocally(TestNG.java:1137)
	at org.testng.TestNG.runSuites(TestNG.java:1049)
	at org.testng.TestNG.run(TestNG.java:1017)
	at com.atmecs.qa.falcondashboard.runner.TestNGRunner.main(TestNGRunner.java:60)
	at java.base/jdk.internal.reflect.NativeMethodAccessorImpl.invoke0(Native Method)
	at java.base/jdk.internal.reflect.NativeMethodAccessorImpl.invoke(NativeMethodAccessorImpl.java:62)
	at java.base/jdk.internal.reflect.DelegatingMethodAccessorImpl.invoke(DelegatingMethodAccessorImpl.java:43)
	at java.base/java.lang.reflect.Method.invoke(Method.java:567)
	at org.codehaus.mojo.exec.ExecJavaMojo$1.run(ExecJavaMojo.java:294)
	at java.base/java.lang.Thread.run(Thread.java:830)
</pre></div></td>
<td>0</td>
<td>com.atmecs.qa.falcondashboard.testscript.TC26_ColorOfTotalTestCases@740d5e0e</td></tr>
<tr>
<td title='com.atmecs.qa.falcondashboard.testscript.TC31_FailedTestCases.failTestCases()'><b>failTestCases</b><br>Test class: com.atmecs.qa.falcondashboard.testscript.TC31_FailedTestCases</td>
<td><div><pre>org.testng.TestNGException: 
Parameter &apos;os&apos; is required by BeforeMethod on method preSetup but has not been marked @Optional or defined
in C:\Users\srinischal.thiparani\FalconDashboardAutomation\falcondashboard\src\main\resources\suitefile\ViewPage.xml
	at com.atmecs.qa.falcondashboard.runner.TestNGRunner.main(TestNGRunner.java:60)
	at org.codehaus.mojo.exec.ExecJavaMojo$1.run(ExecJavaMojo.java:294)
	at java.base/java.lang.Thread.run(Thread.java:830)
... Removed 27 stack frames</pre></div><a href='#' onClick='toggleBox("stack-trace1919189512", this, "Click to show all stack frames", "Click to hide stack frames")'>Click to show all stack frames</a>
<div class='stack-trace' id='stack-trace1919189512'><pre>org.testng.TestNGException: 
Parameter &apos;os&apos; is required by BeforeMethod on method preSetup but has not been marked @Optional or defined
in C:\Users\srinischal.thiparani\FalconDashboardAutomation\falcondashboard\src\main\resources\suitefile\ViewPage.xml
	at org.testng.internal.Parameters.createParams(Parameters.java:290)
	at org.testng.internal.Parameters.createParametersForMethod(Parameters.java:359)
	at org.testng.internal.Parameters.createParameters(Parameters.java:620)
	at org.testng.internal.Parameters.createConfigurationParameters(Parameters.java:190)
	at org.testng.internal.Invoker.invokeConfigurations(Invoker.java:209)
	at org.testng.internal.Invoker.invokeMethod(Invoker.java:523)
	at org.testng.internal.Invoker.invokeTestMethod(Invoker.java:719)
	at org.testng.internal.Invoker.invokeTestMethods(Invoker.java:989)
	at org.testng.internal.TestMethodWorker.invokeTestMethods(TestMethodWorker.java:125)
	at org.testng.internal.TestMethodWorker.run(TestMethodWorker.java:109)
	at org.testng.TestRunner.privateRun(TestRunner.java:648)
	at org.testng.TestRunner.run(TestRunner.java:505)
	at org.testng.SuiteRunner.runTest(SuiteRunner.java:455)
	at org.testng.SuiteRunner.runSequentially(SuiteRunner.java:450)
	at org.testng.SuiteRunner.privateRun(SuiteRunner.java:415)
	at org.testng.SuiteRunner.run(SuiteRunner.java:364)
	at org.testng.SuiteRunnerWorker.runSuite(SuiteRunnerWorker.java:52)
	at org.testng.SuiteRunnerWorker.run(SuiteRunnerWorker.java:84)
	at org.testng.TestNG.runSuitesSequentially(TestNG.java:1208)
	at org.testng.TestNG.runSuitesSequentially(TestNG.java:1204)
	at org.testng.TestNG.runSuitesLocally(TestNG.java:1137)
	at org.testng.TestNG.runSuites(TestNG.java:1049)
	at org.testng.TestNG.run(TestNG.java:1017)
	at com.atmecs.qa.falcondashboard.runner.TestNGRunner.main(TestNGRunner.java:60)
	at java.base/jdk.internal.reflect.NativeMethodAccessorImpl.invoke0(Native Method)
	at java.base/jdk.internal.reflect.NativeMethodAccessorImpl.invoke(NativeMethodAccessorImpl.java:62)
	at java.base/jdk.internal.reflect.DelegatingMethodAccessorImpl.invoke(DelegatingMethodAccessorImpl.java:43)
	at java.base/java.lang.reflect.Method.invoke(Method.java:567)
	at org.codehaus.mojo.exec.ExecJavaMojo$1.run(ExecJavaMojo.java:294)
	at java.base/java.lang.Thread.run(Thread.java:830)
</pre></div></td>
<td>0</td>
<td>com.atmecs.qa.falcondashboard.testscript.TC31_FailedTestCases@1bd6d792</td></tr>
<tr>
<td title='com.atmecs.qa.falcondashboard.testscript.TC29_PassedTestCases.passTestCases()'><b>passTestCases</b><br>Test class: com.atmecs.qa.falcondashboard.testscript.TC29_PassedTestCases</td>
<td><div><pre>org.testng.TestNGException: 
Parameter &apos;os&apos; is required by BeforeMethod on method preSetup but has not been marked @Optional or defined
in C:\Users\srinischal.thiparani\FalconDashboardAutomation\falcondashboard\src\main\resources\suitefile\ViewPage.xml
	at com.atmecs.qa.falcondashboard.runner.TestNGRunner.main(TestNGRunner.java:60)
	at org.codehaus.mojo.exec.ExecJavaMojo$1.run(ExecJavaMojo.java:294)
	at java.base/java.lang.Thread.run(Thread.java:830)
... Removed 27 stack frames</pre></div><a href='#' onClick='toggleBox("stack-trace1513233139", this, "Click to show all stack frames", "Click to hide stack frames")'>Click to show all stack frames</a>
<div class='stack-trace' id='stack-trace1513233139'><pre>org.testng.TestNGException: 
Parameter &apos;os&apos; is required by BeforeMethod on method preSetup but has not been marked @Optional or defined
in C:\Users\srinischal.thiparani\FalconDashboardAutomation\falcondashboard\src\main\resources\suitefile\ViewPage.xml
	at org.testng.internal.Parameters.createParams(Parameters.java:290)
	at org.testng.internal.Parameters.createParametersForMethod(Parameters.java:359)
	at org.testng.internal.Parameters.createParameters(Parameters.java:620)
	at org.testng.internal.Parameters.createConfigurationParameters(Parameters.java:190)
	at org.testng.internal.Invoker.invokeConfigurations(Invoker.java:209)
	at org.testng.internal.Invoker.invokeMethod(Invoker.java:523)
	at org.testng.internal.Invoker.invokeTestMethod(Invoker.java:719)
	at org.testng.internal.Invoker.invokeTestMethods(Invoker.java:989)
	at org.testng.internal.TestMethodWorker.invokeTestMethods(TestMethodWorker.java:125)
	at org.testng.internal.TestMethodWorker.run(TestMethodWorker.java:109)
	at org.testng.TestRunner.privateRun(TestRunner.java:648)
	at org.testng.TestRunner.run(TestRunner.java:505)
	at org.testng.SuiteRunner.runTest(SuiteRunner.java:455)
	at org.testng.SuiteRunner.runSequentially(SuiteRunner.java:450)
	at org.testng.SuiteRunner.privateRun(SuiteRunner.java:415)
	at org.testng.SuiteRunner.run(SuiteRunner.java:364)
	at org.testng.SuiteRunnerWorker.runSuite(SuiteRunnerWorker.java:52)
	at org.testng.SuiteRunnerWorker.run(SuiteRunnerWorker.java:84)
	at org.testng.TestNG.runSuitesSequentially(TestNG.java:1208)
	at org.testng.TestNG.runSuitesSequentially(TestNG.java:1204)
	at org.testng.TestNG.runSuitesLocally(TestNG.java:1137)
	at org.testng.TestNG.runSuites(TestNG.java:1049)
	at org.testng.TestNG.run(TestNG.java:1017)
	at com.atmecs.qa.falcondashboard.runner.TestNGRunner.main(TestNGRunner.java:60)
	at java.base/jdk.internal.reflect.NativeMethodAccessorImpl.invoke0(Native Method)
	at java.base/jdk.internal.reflect.NativeMethodAccessorImpl.invoke(NativeMethodAccessorImpl.java:62)
	at java.base/jdk.internal.reflect.DelegatingMethodAccessorImpl.invoke(DelegatingMethodAccessorImpl.java:43)
	at java.base/java.lang.reflect.Method.invoke(Method.java:567)
	at org.codehaus.mojo.exec.ExecJavaMojo$1.run(ExecJavaMojo.java:294)
	at java.base/java.lang.Thread.run(Thread.java:830)
</pre></div></td>
<td>0</td>
<td>com.atmecs.qa.falcondashboard.testscript.TC29_PassedTestCases@15dc4de</td></tr>
<tr>
<td title='com.atmecs.qa.falcondashboard.testscript.TC33_SkippedTestCases.skippedTestCases()'><b>skippedTestCases</b><br>Test class: com.atmecs.qa.falcondashboard.testscript.TC33_SkippedTestCases</td>
<td><div><pre>org.testng.TestNGException: 
Parameter &apos;os&apos; is required by BeforeMethod on method preSetup but has not been marked @Optional or defined
in C:\Users\srinischal.thiparani\FalconDashboardAutomation\falcondashboard\src\main\resources\suitefile\ViewPage.xml
	at com.atmecs.qa.falcondashboard.runner.TestNGRunner.main(TestNGRunner.java:60)
	at org.codehaus.mojo.exec.ExecJavaMojo$1.run(ExecJavaMojo.java:294)
	at java.base/java.lang.Thread.run(Thread.java:830)
... Removed 27 stack frames</pre></div><a href='#' onClick='toggleBox("stack-trace1160544684", this, "Click to show all stack frames", "Click to hide stack frames")'>Click to show all stack frames</a>
<div class='stack-trace' id='stack-trace1160544684'><pre>org.testng.TestNGException: 
Parameter &apos;os&apos; is required by BeforeMethod on method preSetup but has not been marked @Optional or defined
in C:\Users\srinischal.thiparani\FalconDashboardAutomation\falcondashboard\src\main\resources\suitefile\ViewPage.xml
	at org.testng.internal.Parameters.createParams(Parameters.java:290)
	at org.testng.internal.Parameters.createParametersForMethod(Parameters.java:359)
	at org.testng.internal.Parameters.createParameters(Parameters.java:620)
	at org.testng.internal.Parameters.createConfigurationParameters(Parameters.java:190)
	at org.testng.internal.Invoker.invokeConfigurations(Invoker.java:209)
	at org.testng.internal.Invoker.invokeMethod(Invoker.java:523)
	at org.testng.internal.Invoker.invokeTestMethod(Invoker.java:719)
	at org.testng.internal.Invoker.invokeTestMethods(Invoker.java:989)
	at org.testng.internal.TestMethodWorker.invokeTestMethods(TestMethodWorker.java:125)
	at org.testng.internal.TestMethodWorker.run(TestMethodWorker.java:109)
	at org.testng.TestRunner.privateRun(TestRunner.java:648)
	at org.testng.TestRunner.run(TestRunner.java:505)
	at org.testng.SuiteRunner.runTest(SuiteRunner.java:455)
	at org.testng.SuiteRunner.runSequentially(SuiteRunner.java:450)
	at org.testng.SuiteRunner.privateRun(SuiteRunner.java:415)
	at org.testng.SuiteRunner.run(SuiteRunner.java:364)
	at org.testng.SuiteRunnerWorker.runSuite(SuiteRunnerWorker.java:52)
	at org.testng.SuiteRunnerWorker.run(SuiteRunnerWorker.java:84)
	at org.testng.TestNG.runSuitesSequentially(TestNG.java:1208)
	at org.testng.TestNG.runSuitesSequentially(TestNG.java:1204)
	at org.testng.TestNG.runSuitesLocally(TestNG.java:1137)
	at org.testng.TestNG.runSuites(TestNG.java:1049)
	at org.testng.TestNG.run(TestNG.java:1017)
	at com.atmecs.qa.falcondashboard.runner.TestNGRunner.main(TestNGRunner.java:60)
	at java.base/jdk.internal.reflect.NativeMethodAccessorImpl.invoke0(Native Method)
	at java.base/jdk.internal.reflect.NativeMethodAccessorImpl.invoke(NativeMethodAccessorImpl.java:62)
	at java.base/jdk.internal.reflect.DelegatingMethodAccessorImpl.invoke(DelegatingMethodAccessorImpl.java:43)
	at java.base/java.lang.reflect.Method.invoke(Method.java:567)
	at org.codehaus.mojo.exec.ExecJavaMojo$1.run(ExecJavaMojo.java:294)
	at java.base/java.lang.Thread.run(Thread.java:830)
</pre></div></td>
<td>0</td>
<td>com.atmecs.qa.falcondashboard.testscript.TC33_SkippedTestCases@1b282d78</td></tr>
<tr>
<td title='com.atmecs.qa.falcondashboard.testscript.TC27_TotalTestCases.totalTestCases()'><b>totalTestCases</b><br>Test class: com.atmecs.qa.falcondashboard.testscript.TC27_TotalTestCases</td>
<td><div><pre>org.testng.TestNGException: 
Parameter &apos;os&apos; is required by BeforeMethod on method preSetup but has not been marked @Optional or defined
in C:\Users\srinischal.thiparani\FalconDashboardAutomation\falcondashboard\src\main\resources\suitefile\ViewPage.xml
	at com.atmecs.qa.falcondashboard.runner.TestNGRunner.main(TestNGRunner.java:60)
	at org.codehaus.mojo.exec.ExecJavaMojo$1.run(ExecJavaMojo.java:294)
	at java.base/java.lang.Thread.run(Thread.java:830)
... Removed 27 stack frames</pre></div><a href='#' onClick='toggleBox("stack-trace368700160", this, "Click to show all stack frames", "Click to hide stack frames")'>Click to show all stack frames</a>
<div class='stack-trace' id='stack-trace368700160'><pre>org.testng.TestNGException: 
Parameter &apos;os&apos; is required by BeforeMethod on method preSetup but has not been marked @Optional or defined
in C:\Users\srinischal.thiparani\FalconDashboardAutomation\falcondashboard\src\main\resources\suitefile\ViewPage.xml
	at org.testng.internal.Parameters.createParams(Parameters.java:290)
	at org.testng.internal.Parameters.createParametersForMethod(Parameters.java:359)
	at org.testng.internal.Parameters.createParameters(Parameters.java:620)
	at org.testng.internal.Parameters.createConfigurationParameters(Parameters.java:190)
	at org.testng.internal.Invoker.invokeConfigurations(Invoker.java:209)
	at org.testng.internal.Invoker.invokeMethod(Invoker.java:523)
	at org.testng.internal.Invoker.invokeTestMethod(Invoker.java:719)
	at org.testng.internal.Invoker.invokeTestMethods(Invoker.java:989)
	at org.testng.internal.TestMethodWorker.invokeTestMethods(TestMethodWorker.java:125)
	at org.testng.internal.TestMethodWorker.run(TestMethodWorker.java:109)
	at org.testng.TestRunner.privateRun(TestRunner.java:648)
	at org.testng.TestRunner.run(TestRunner.java:505)
	at org.testng.SuiteRunner.runTest(SuiteRunner.java:455)
	at org.testng.SuiteRunner.runSequentially(SuiteRunner.java:450)
	at org.testng.SuiteRunner.privateRun(SuiteRunner.java:415)
	at org.testng.SuiteRunner.run(SuiteRunner.java:364)
	at org.testng.SuiteRunnerWorker.runSuite(SuiteRunnerWorker.java:52)
	at org.testng.SuiteRunnerWorker.run(SuiteRunnerWorker.java:84)
	at org.testng.TestNG.runSuitesSequentially(TestNG.java:1208)
	at org.testng.TestNG.runSuitesSequentially(TestNG.java:1204)
	at org.testng.TestNG.runSuitesLocally(TestNG.java:1137)
	at org.testng.TestNG.runSuites(TestNG.java:1049)
	at org.testng.TestNG.run(TestNG.java:1017)
	at com.atmecs.qa.falcondashboard.runner.TestNGRunner.main(TestNGRunner.java:60)
	at java.base/jdk.internal.reflect.NativeMethodAccessorImpl.invoke0(Native Method)
	at java.base/jdk.internal.reflect.NativeMethodAccessorImpl.invoke(NativeMethodAccessorImpl.java:62)
	at java.base/jdk.internal.reflect.DelegatingMethodAccessorImpl.invoke(DelegatingMethodAccessorImpl.java:43)
	at java.base/java.lang.reflect.Method.invoke(Method.java:567)
	at org.codehaus.mojo.exec.ExecJavaMojo$1.run(ExecJavaMojo.java:294)
	at java.base/java.lang.Thread.run(Thread.java:830)
</pre></div></td>
<td>0</td>
<td>com.atmecs.qa.falcondashboard.testscript.TC27_TotalTestCases@250d79f</td></tr>
<tr>
<td title='com.atmecs.qa.falcondashboard.testscript.TC34_ViewPage.viewPage()'><b>viewPage</b><br>Test class: com.atmecs.qa.falcondashboard.testscript.TC34_ViewPage</td>
<td><div><pre>org.testng.TestNGException: 
Parameter &apos;os&apos; is required by BeforeMethod on method preSetup but has not been marked @Optional or defined
in C:\Users\srinischal.thiparani\FalconDashboardAutomation\falcondashboard\src\main\resources\suitefile\ViewPage.xml
	at com.atmecs.qa.falcondashboard.runner.TestNGRunner.main(TestNGRunner.java:60)
	at org.codehaus.mojo.exec.ExecJavaMojo$1.run(ExecJavaMojo.java:294)
	at java.base/java.lang.Thread.run(Thread.java:830)
... Removed 27 stack frames</pre></div><a href='#' onClick='toggleBox("stack-trace401303250", this, "Click to show all stack frames", "Click to hide stack frames")'>Click to show all stack frames</a>
<div class='stack-trace' id='stack-trace401303250'><pre>org.testng.TestNGException: 
Parameter &apos;os&apos; is required by BeforeMethod on method preSetup but has not been marked @Optional or defined
in C:\Users\srinischal.thiparani\FalconDashboardAutomation\falcondashboard\src\main\resources\suitefile\ViewPage.xml
	at org.testng.internal.Parameters.createParams(Parameters.java:290)
	at org.testng.internal.Parameters.createParametersForMethod(Parameters.java:359)
	at org.testng.internal.Parameters.createParameters(Parameters.java:620)
	at org.testng.internal.Parameters.createConfigurationParameters(Parameters.java:190)
	at org.testng.internal.Invoker.invokeConfigurations(Invoker.java:209)
	at org.testng.internal.Invoker.invokeMethod(Invoker.java:523)
	at org.testng.internal.Invoker.invokeTestMethod(Invoker.java:719)
	at org.testng.internal.Invoker.invokeTestMethods(Invoker.java:989)
	at org.testng.internal.TestMethodWorker.invokeTestMethods(TestMethodWorker.java:125)
	at org.testng.internal.TestMethodWorker.run(TestMethodWorker.java:109)
	at org.testng.TestRunner.privateRun(TestRunner.java:648)
	at org.testng.TestRunner.run(TestRunner.java:505)
	at org.testng.SuiteRunner.runTest(SuiteRunner.java:455)
	at org.testng.SuiteRunner.runSequentially(SuiteRunner.java:450)
	at org.testng.SuiteRunner.privateRun(SuiteRunner.java:415)
	at org.testng.SuiteRunner.run(SuiteRunner.java:364)
	at org.testng.SuiteRunnerWorker.runSuite(SuiteRunnerWorker.java:52)
	at org.testng.SuiteRunnerWorker.run(SuiteRunnerWorker.java:84)
	at org.testng.TestNG.runSuitesSequentially(TestNG.java:1208)
	at org.testng.TestNG.runSuitesSequentially(TestNG.java:1204)
	at org.testng.TestNG.runSuitesLocally(TestNG.java:1137)
	at org.testng.TestNG.runSuites(TestNG.java:1049)
	at org.testng.TestNG.run(TestNG.java:1017)
	at com.atmecs.qa.falcondashboard.runner.TestNGRunner.main(TestNGRunner.java:60)
	at java.base/jdk.internal.reflect.NativeMethodAccessorImpl.invoke0(Native Method)
	at java.base/jdk.internal.reflect.NativeMethodAccessorImpl.invoke(NativeMethodAccessorImpl.java:62)
	at java.base/jdk.internal.reflect.DelegatingMethodAccessorImpl.invoke(DelegatingMethodAccessorImpl.java:43)
	at java.base/java.lang.reflect.Method.invoke(Method.java:567)
	at org.codehaus.mojo.exec.ExecJavaMojo$1.run(ExecJavaMojo.java:294)
	at java.base/java.lang.Thread.run(Thread.java:830)
</pre></div></td>
<td>0</td>
<td>com.atmecs.qa.falcondashboard.testscript.TC34_ViewPage@74c78177</td></tr>
</table><p>
</body>
</html>