<?xml version="1.0" encoding="UTF-8"?>
<!-- Generated by org.testng.reporters.JUnitXMLReporter -->
<testsuite ignored="0" hostname="ATMECSINLT-060" failures="1" tests="1" name="SampleTest" time="9.843" errors="0" timestamp="21 Feb 2020 05:35:44 GMT">
  <testcase classname="com.atmecs.qa.falcondashboard.testscript.TC24_ProductSnapShot" name="productSnapShot" time="9.717">
    <failure type="java.lang.AssertionError" message="expected [] but found [Product Snapshot]">
      <![CDATA[java.lang.AssertionError: expected [] but found [Product Snapshot]
at com.atmecs.qa.falcondashboard.helper.ValidationHelper.getDataofRow(ValidationHelper.java:29)
at com.atmecs.qa.falcondashboard.validationresults.MainNavigationValidation.validateProductSnapshot(MainNavigationValidation.java:32)
at com.atmecs.qa.falcondashboard.testscript.TC24_ProductSnapShot.productSnapShot(TC24_ProductSnapShot.java:41)
at com.atmecs.qa.falcondashboard.runner.TestNGRunner.main(TestNGRunner.java:59)
at org.codehaus.mojo.exec.ExecJavaMojo$1.run(ExecJavaMojo.java:294)
at java.base/java.lang.Thread.run(Thread.java:830)
... Removed 32 stack frames]]>
    </failure>
  </testcase> <!-- productSnapShot -->
</testsuite> <!-- SampleTest -->
