<?xml version="1.0" encoding="UTF-8"?>
<!-- Generated by org.testng.reporters.JUnitXMLReporter -->
<testsuite hostname="ATMECSINLT-060" ignored="0" name="SampleTest" tests="1" failures="1" timestamp="25 Feb 2020 10:56:43 GMT" time="34.705" errors="0">
  <testcase name="stepsOfProduct" time="34.106" classname="com.atmecs.qa.falcondashboard.testscript.TC25_StepsOfProduct">
    <failure type="java.lang.AssertionError" message="expected [Status] but found []">
      <![CDATA[java.lang.AssertionError: expected [Status] but found []
at com.atmecs.qa.falcondashboard.helper.ValidationHelper.getDataofRow(ValidationHelper.java:29)
at com.atmecs.qa.falcondashboard.validationresults.ProductStepsValidation.validateStatusOption(ProductStepsValidation.java:21)
at com.atmecs.qa.falcondashboard.testscript.TC25_StepsOfProduct.stepsOfProduct(TC25_StepsOfProduct.java:54)
at com.atmecs.qa.falcondashboard.runner.TestNGRunner.main(TestNGRunner.java:59)
at org.codehaus.mojo.exec.ExecJavaMojo$1.run(ExecJavaMojo.java:294)
at java.lang.Thread.run(Thread.java:748)
... Removed 32 stack frames]]>
    </failure>
  </testcase> <!-- stepsOfProduct -->
</testsuite> <!-- SampleTest -->
