<?xml version="1.0" encoding="UTF-8"?>
<!-- Generated by org.testng.reporters.JUnitXMLReporter -->
<testsuite ignored="0" hostname="ATMECSINLT-060" failures="1" tests="1" name="SampleTest" time="12.294" errors="0" timestamp="20 Feb 2020 13:31:59 GMT">
  <testcase classname="com.atmecs.qa.falcondashboard.testscript.TC09_ProductEnvironment" name="environmentOfProduct" time="11.777">
    <failure type="java.lang.AssertionError" message="expected [QA] but found []">
      <![CDATA[java.lang.AssertionError: expected [QA] but found []
at com.atmecs.qa.falcondashboard.helper.ValidationHelper.getDataofRow(ValidationHelper.java:29)
at com.atmecs.qa.falcondashboard.validationresults.ProductPageValidation.validateEnvironment(ProductPageValidation.java:33)
at com.atmecs.qa.falcondashboard.testscript.TC09_ProductEnvironment.environmentOfProduct(TC09_ProductEnvironment.java:37)
at com.atmecs.qa.falcondashboard.runner.TestNGRunner.main(TestNGRunner.java:59)
at org.codehaus.mojo.exec.ExecJavaMojo$1.run(ExecJavaMojo.java:294)
at java.base/java.lang.Thread.run(Thread.java:830)
... Removed 32 stack frames]]>
    </failure>
  </testcase> <!-- environmentOfProduct -->
</testsuite> <!-- SampleTest -->
