<html>
<head>
<title>TestNG:  SampleTest</title>
<link href="../testng.css" rel="stylesheet" type="text/css" />
<link href="../my-testng.css" rel="stylesheet" type="text/css" />

<style type="text/css">
.log { display: none;} 
.stack-trace { display: none;} 
</style>
<script type="text/javascript">
<!--
function flip(e) {
  current = e.style.display;
  if (current == 'block') {
    e.style.display = 'none';
    return 0;
  }
  else {
    e.style.display = 'block';
    return 1;
  }
}

function toggleBox(szDivId, elem, msg1, msg2)
{
  var res = -1;  if (document.getElementById) {
    res = flip(document.getElementById(szDivId));
  }
  else if (document.all) {
    // this is the way old msie versions work
    res = flip(document.all[szDivId]);
  }
  if(elem) {
    if(res == 0) elem.innerHTML = msg1; else elem.innerHTML = msg2;
  }

}

function toggleAllBoxes() {
  if (document.getElementsByTagName) {
    d = document.getElementsByTagName('div');
    for (i = 0; i < d.length; i++) {
      if (d[i].className == 'log') {
        flip(d[i]);
      }
    }
  }
}

// -->
</script>

</head>
<body>
<h2 align='center'>SampleTest</h2><table border='1' align="center">
<tr>
<td>Tests passed/Failed/Skipped:</td><td>2/0/0</td>
</tr><tr>
<td>Started on:</td><td>Wed Mar 18 16:43:56 IST 2020</td>
</tr>
<tr><td>Total time:</td><td>265 seconds (265122 ms)</td>
</tr><tr>
<td>Included groups:</td><td></td>
</tr><tr>
<td>Excluded groups:</td><td></td>
</tr>
</table><p/>
<small><i>(Hover the method name to see the test class name)</i></small><p/>
<table width='100%' border='1' class='invocation-passed'>
<tr><td colspan='4' align='center'><b>PASSED TESTS</b></td></tr>
<tr><td><b>Test method</b></td>
<td width="30%"><b>Exception</b></td>
<td width="10%"><b>Time (seconds)</b></td>
<td><b>Instance</b></td>
</tr>
<tr>
<td title='com.atmecs.qa.falcondashboard.testscript.TC20_FailTestCase.failTestCasesOfProduct()'><b>failTestCasesOfProduct</b><br>Test class: com.atmecs.qa.falcondashboard.testscript.TC20_FailTestCase<br/>
<a href="#Output-1300352880" onClick='toggleBox("Output-1300352880", this, "Show output", "Hide output");'>Show output</a>

<a href="#Output-1300352880" onClick="toggleAllBoxes();">Show all outputs</a>
<div class='log' id="Output-1300352880">
Successfully clicked on product<br/>
Successfully selected status dropdown<br/>
Successfully selected the status option<br/>
PASS : Validating the text value : ACTUAL : Fail 	EXPECTED :Fail<br/>
Successfully validated status<br/>
Successfully clicked on test case<br/>
PASS : Validating the text value : ACTUAL : Steps - registerTest 	EXPECTED :Steps - registerTest<br/>
Successfully validated paneltitle<br/>
PASS : Validating the text value : ACTUAL : cucumber.runtime.CucumberException: org.openqa.selenium.StaleElementReferenceException: stale element reference: element is not attached to the page document (Session info: chrome=69.0.3497.100) (Driver info: chromedriver=2.40.565383 (76257d1ab79276b2d53ee976b2c3e3b9f335cde7),platform=Linux 4.15.0-34-generic x86_64) (WARNING: The server did not provide any stacktrace information) Command duration or timeout: 0 milliseconds For documentation on this error, please visit: http://seleniumhq.org/exceptions/stale_element_reference.html Build info: version: '3.6.0', revision: '6fbf3ec767', time: '2017-09-27T15:28:36.4Z' System info: host: 'ubuntu-virtual-machine', ip: '127.0.1.1', os.name: 'Linux', os.arch: 'amd64', os.version: '4.15.0-34-generic', java.version: '1.8.0_144' Driver info: org.openqa.selenium.chrome.ChromeDriver Capabilities [{mobileEmulationEnabled=false, hasTouchScreen=false, platform=LINUX, acceptSslCerts=false, acceptInsecureCerts=false, webStorageEnabled=true, browserName=chrome, takesScreenshot=true, javascriptEnabled=true, platformName=LINUX, setWindowRect=true, unexpectedAlertBehaviour=, applicationCacheEnabled=false, rotatable=false, networkConnectionEnabled=false, chrome={chromedriverVersion=2.40.565383 (76257d1ab79276b2d53ee976b2c3e3b9f335cde7), userDataDir=/tmp/.org.chromium.Chromium.MAzT8B}, takesHeapSnapshot=true, pageLoadStrategy=normal, unhandledPromptBehavior=, databaseEnabled=false, handlesAlerts=true, version=69.0.3497.100, browserConnectionEnabled=false, nativeEvents=true, locationContextEnabled=true, cssSelectorsEnabled=true}] Session ID: 585a3398a115867c8b82948329d71c64 at cucumber.api.testng.TestNGCucumberRunner.runCucumber(TestNGCucumberRunner.java:69) at com.atmecs.test.heatClinic.runner.AbstractRegisterTest.registerTest(AbstractRegisterTest.java:29) at sun.reflect.NativeMethodAccessorImpl.invoke0(Native Method) at sun.reflect.NativeMethodAccessorImpl.invoke(NativeMethodAccessorImpl.java:62) at sun.reflect.DelegatingMethodAccessorImpl.invoke(DelegatingMethodAccessorImpl.java:43) at java.lang.reflect.Method.invoke(Method.java:498) at org.testng.internal.MethodInvocationHelper.invokeMethod(MethodInvocationHelper.java:86) at org.testng.internal.Invoker.invokeMethod(Invoker.java:643) at org.testng.internal.Invoker.invokeTestMethod(Invoker.java:820) at org.testng.internal.Invoker.invokeTestMethods(Invoker.java:1128) at org.testng.internal.TestMethodWorker.invokeTestMethods(TestMethodWorker.java:129) at org.testng.internal.TestMethodWorker.run(TestMethodWorker.java:112) at org.testng.TestRunner.privateRun(TestRunner.java:782) at org.testng.TestRunner.run(TestRunner.java:632) at org.testng.SuiteRunner.runTest(SuiteRunner.java:366) at org.testng.SuiteRunner.runSequentially(SuiteRunner.java:361) at org.testng.SuiteRunner.privateRun(SuiteRunner.java:319) at org.testng.SuiteRunner.run(SuiteRunner.java:268) at org.testng.SuiteRunnerWorker.runSuite(SuiteRunnerWorker.java:52) at org.testng.SuiteRunnerWorker.run(SuiteRunnerWorker.java:86) at org.testng.TestNG.runSuitesSequentially(TestNG.java:1244) at org.testng.TestNG.runSuitesLocally(TestNG.java:1169) at org.testng.TestNG.run(TestNG.java:1064) at com.atmecs.test.heatClinic.runner.TestNGRunner.main(TestNGRunner.java:58) at sun.reflect.NativeMethodAccessorImpl.invoke0(Native Method) at sun.reflect.NativeMethodAccessorImpl.invoke(NativeMethodAccessorImpl.java:62) at sun.reflect.DelegatingMethodAccessorImpl.invoke(DelegatingMethodAccessorImpl.java:43) at java.lang.reflect.Method.invoke(Method.java:498) at org.codehaus.mojo.exec.ExecJavaMojo$1.run(ExecJavaMojo.java:294) at java.lang.Thread.run(Thread.java:748) Caused by: org.openqa.selenium.StaleElementReferenceException: stale element reference: element is not attached to the page document (Session info: chrome=69.0.3497.100) (Driver info: chromedriver=2.40.565383 (76257d1ab79276b2d53ee976b2c3e3b9f335cde7),platform=Linux 4.15.0-34-generic x86_64) (WARNING: The server did not provide any stacktrace information) Command duration or timeout: 0 milliseconds For documentation on this error, please visit: http://seleniumhq.org/exceptions/stale_element_reference.html Build info: version: '3.6.0', revision: '6fbf3ec767', time: '2017-09-27T15:28:36.4Z' System info: host: 'ubuntu-virtual-machine', ip: '127.0.1.1', os.name: 'Linux', os.arch: 'amd64', os.version: '4.15.0-34-generic', java.version: '1.8.0_144' Driver info: org.openqa.selenium.chrome.ChromeDriver Capabilities [{mobileEmulationEnabled=false, hasTouchScreen=false, platform=LINUX, acceptSslCerts=false, acceptInsecureCerts=false, webStorageEnabled=true, browserName=chrome, takesScreenshot=true, javascriptEnabled=true, platformName=LINUX, setWindowRect=true, unexpectedAlertBehaviour=, applicationCacheEnabled=false, rotatable=false, networkConnectionEnabled=false, chrome={chromedriverVersion=2.40.565383 (76257d1ab79276b2d53ee976b2c3e3b9f335cde7), userDataDir=/tmp/.org.chromium.Chromium.MAzT8B}, takesHeapSnapshot=true, pageLoadStrategy=normal, unhandledPromptBehavior=, databaseEnabled=false, handlesAlerts=true, version=69.0.3497.100, browserConnectionEnabled=false, nativeEvents=true, locationContextEnabled=true, cssSelectorsEnabled=true}] Session ID: 585a3398a115867c8b82948329d71c64 at sun.reflect.NativeConstructorAccessorImpl.newInstance0(Native Method) at sun.reflect.NativeConstructorAccessorImpl.newInstance(NativeConstructorAccessorImpl.java:62) at sun.reflect.DelegatingConstructorAccessorImpl.newInstance(DelegatingConstructorAccessorImpl.java:45) at java.lang.reflect.Constructor.newInstance(Constructor.java:423) at org.openqa.selenium.remote.ErrorHandler.createThrowable(ErrorHandler.java:214) at org.openqa.selenium.remote.ErrorHandler.throwIfResponseFailed(ErrorHandler.java:166) at org.openqa.selenium.remote.http.JsonHttpResponseCodec.reconstructValue(JsonHttpResponseCodec.java:40) at org.openqa.selenium.remote.http.AbstractHttpResponseCodec.decode(AbstractHttpResponseCodec.java:82) at org.openqa.selenium.remote.http.AbstractHttpResponseCodec.decode(AbstractHttpResponseCodec.java:45) at org.openqa.selenium.remote.HttpCommandExecutor.execute(HttpCommandExecutor.java:164) at org.openqa.selenium.remote.service.DriverCommandExecutor.execute(DriverCommandExecutor.java:83) at org.openqa.selenium.remote.RemoteWebDriver.execute(RemoteWebDriver.java:586) at org.openqa.selenium.remote.RemoteWebElement.execute(RemoteWebElement.java:279) at org.openqa.selenium.remote.RemoteWebElement.getText(RemoteWebElement.java:160) at com.heatclinic.pages.LoginPage.getLoginUser(LoginPage.java:63) at com.atmecs.heatClinic.helpers.LoginHelper.verifyLoginUser(LoginHelper.java:39) at com.atmecs.test.heatClinic.testscript.RegistrationTest.registration_should_be_successful(RegistrationTest.java:64) at ?.Then registration should be successful(src/main/java/Features/registration.feature:9) 	EXPECTED :cucumber.runtime.CucumberException: org.openqa.selenium.StaleElementReferenceException: stale element reference: element is not attached to the page document (Session info: chrome=69.0.3497.100) (Driver info: chromedriver=2.40.565383 (76257d1ab79276b2d53ee976b2c3e3b9f335cde7),platform=Linux 4.15.0-34-generic x86_64) (WARNING: The server did not provide any stacktrace information) Command duration or timeout: 0 milliseconds For documentation on this error, please visit: http://seleniumhq.org/exceptions/stale_element_reference.html Build info: version: '3.6.0', revision: '6fbf3ec767', time: '2017-09-27T15:28:36.4Z' System info: host: 'ubuntu-virtual-machine', ip: '127.0.1.1', os.name: 'Linux', os.arch: 'amd64', os.version: '4.15.0-34-generic', java.version: '1.8.0_144' Driver info: org.openqa.selenium.chrome.ChromeDriver Capabilities [{mobileEmulationEnabled=false, hasTouchScreen=false, platform=LINUX, acceptSslCerts=false, acceptInsecureCerts=false, webStorageEnabled=true, browserName=chrome, takesScreenshot=true, javascriptEnabled=true, platformName=LINUX, setWindowRect=true, unexpectedAlertBehaviour=, applicationCacheEnabled=false, rotatable=false, networkConnectionEnabled=false, chrome={chromedriverVersion=2.40.565383 (76257d1ab79276b2d53ee976b2c3e3b9f335cde7), userDataDir=/tmp/.org.chromium.Chromium.MAzT8B}, takesHeapSnapshot=true, pageLoadStrategy=normal, unhandledPromptBehavior=, databaseEnabled=false, handlesAlerts=true, version=69.0.3497.100, browserConnectionEnabled=false, nativeEvents=true, locationContextEnabled=true, cssSelectorsEnabled=true}] Session ID: 585a3398a115867c8b82948329d71c64 at cucumber.api.testng.TestNGCucumberRunner.runCucumber(TestNGCucumberRunner.java:69) at com.atmecs.test.heatClinic.runner.AbstractRegisterTest.registerTest(AbstractRegisterTest.java:29) at sun.reflect.NativeMethodAccessorImpl.invoke0(Native Method) at sun.reflect.NativeMethodAccessorImpl.invoke(NativeMethodAccessorImpl.java:62) at sun.reflect.DelegatingMethodAccessorImpl.invoke(DelegatingMethodAccessorImpl.java:43) at java.lang.reflect.Method.invoke(Method.java:498) at org.testng.internal.MethodInvocationHelper.invokeMethod(MethodInvocationHelper.java:86) at org.testng.internal.Invoker.invokeMethod(Invoker.java:643) at org.testng.internal.Invoker.invokeTestMethod(Invoker.java:820) at org.testng.internal.Invoker.invokeTestMethods(Invoker.java:1128) at org.testng.internal.TestMethodWorker.invokeTestMethods(TestMethodWorker.java:129) at org.testng.internal.TestMethodWorker.run(TestMethodWorker.java:112) at org.testng.TestRunner.privateRun(TestRunner.java:782) at org.testng.TestRunner.run(TestRunner.java:632) at org.testng.SuiteRunner.runTest(SuiteRunner.java:366) at org.testng.SuiteRunner.runSequentially(SuiteRunner.java:361) at org.testng.SuiteRunner.privateRun(SuiteRunner.java:319) at org.testng.SuiteRunner.run(SuiteRunner.java:268) at org.testng.SuiteRunnerWorker.runSuite(SuiteRunnerWorker.java:52) at org.testng.SuiteRunnerWorker.run(SuiteRunnerWorker.java:86) at org.testng.TestNG.runSuitesSequentially(TestNG.java:1244) at org.testng.TestNG.runSuitesLocally(TestNG.java:1169) at org.testng.TestNG.run(TestNG.java:1064) at com.atmecs.test.heatClinic.runner.TestNGRunner.main(TestNGRunner.java:58) at sun.reflect.NativeMethodAccessorImpl.invoke0(Native Method) at sun.reflect.NativeMethodAccessorImpl.invoke(NativeMethodAccessorImpl.java:62) at sun.reflect.DelegatingMethodAccessorImpl.invoke(DelegatingMethodAccessorImpl.java:43) at java.lang.reflect.Method.invoke(Method.java:498) at org.codehaus.mojo.exec.ExecJavaMojo$1.run(ExecJavaMojo.java:294) at java.lang.Thread.run(Thread.java:748) Caused by: org.openqa.selenium.StaleElementReferenceException: stale element reference: element is not attached to the page document (Session info: chrome=69.0.3497.100) (Driver info: chromedriver=2.40.565383 (76257d1ab79276b2d53ee976b2c3e3b9f335cde7),platform=Linux 4.15.0-34-generic x86_64) (WARNING: The server did not provide any stacktrace information) Command duration or timeout: 0 milliseconds For documentation on this error, please visit: http://seleniumhq.org/exceptions/stale_element_reference.html Build info: version: '3.6.0', revision: '6fbf3ec767', time: '2017-09-27T15:28:36.4Z' System info: host: 'ubuntu-virtual-machine', ip: '127.0.1.1', os.name: 'Linux', os.arch: 'amd64', os.version: '4.15.0-34-generic', java.version: '1.8.0_144' Driver info: org.openqa.selenium.chrome.ChromeDriver Capabilities [{mobileEmulationEnabled=false, hasTouchScreen=false, platform=LINUX, acceptSslCerts=false, acceptInsecureCerts=false, webStorageEnabled=true, browserName=chrome, takesScreenshot=true, javascriptEnabled=true, platformName=LINUX, setWindowRect=true, unexpectedAlertBehaviour=, applicationCacheEnabled=false, rotatable=false, networkConnectionEnabled=false, chrome={chromedriverVersion=2.40.565383 (76257d1ab79276b2d53ee976b2c3e3b9f335cde7), userDataDir=/tmp/.org.chromium.Chromium.MAzT8B}, takesHeapSnapshot=true, pageLoadStrategy=normal, unhandledPromptBehavior=, databaseEnabled=false, handlesAlerts=true, version=69.0.3497.100, browserConnectionEnabled=false, nativeEvents=true, locationContextEnabled=true, cssSelectorsEnabled=true}] Session ID: 585a3398a115867c8b82948329d71c64 at sun.reflect.NativeConstructorAccessorImpl.newInstance0(Native Method) at sun.reflect.NativeConstructorAccessorImpl.newInstance(NativeConstructorAccessorImpl.java:62) at sun.reflect.DelegatingConstructorAccessorImpl.newInstance(DelegatingConstructorAccessorImpl.java:45) at java.lang.reflect.Constructor.newInstance(Constructor.java:423) at org.openqa.selenium.remote.ErrorHandler.createThrowable(ErrorHandler.java:214) at org.openqa.selenium.remote.ErrorHandler.throwIfResponseFailed(ErrorHandler.java:166) at org.openqa.selenium.remote.http.JsonHttpResponseCodec.reconstructValue(JsonHttpResponseCodec.java:40) at org.openqa.selenium.remote.http.AbstractHttpResponseCodec.decode(AbstractHttpResponseCodec.java:82) at org.openqa.selenium.remote.http.AbstractHttpResponseCodec.decode(AbstractHttpResponseCodec.java:45) at org.openqa.selenium.remote.HttpCommandExecutor.execute(HttpCommandExecutor.java:164) at org.openqa.selenium.remote.service.DriverCommandExecutor.execute(DriverCommandExecutor.java:83) at org.openqa.selenium.remote.RemoteWebDriver.execute(RemoteWebDriver.java:586) at org.openqa.selenium.remote.RemoteWebElement.execute(RemoteWebElement.java:279) at org.openqa.selenium.remote.RemoteWebElement.getText(RemoteWebElement.java:160) at com.heatclinic.pages.LoginPage.getLoginUser(LoginPage.java:63) at com.atmecs.heatClinic.helpers.LoginHelper.verifyLoginUser(LoginHelper.java:39) at com.atmecs.test.heatClinic.testscript.RegistrationTest.registration_should_be_successful(RegistrationTest.java:64) at ?.Then registration should be successful(src/main/java/Features/registration.feature:9)<br/>
Successfully validated error message<br/>
</div>
</td>
<td></td>
<td>127</td>
<td>com.atmecs.qa.falcondashboard.testscript.TC20_FailTestCase@4a3ece74</td></tr>
<tr>
<td title='com.atmecs.qa.falcondashboard.testscript.TC25_StepsOfProduct.stepsOfProduct()'><b>stepsOfProduct</b><br>Test class: com.atmecs.qa.falcondashboard.testscript.TC25_StepsOfProduct<br/>
<a href="#Output-1164949891" onClick='toggleBox("Output-1164949891", this, "Show output", "Hide output");'>Show output</a>

<a href="#Output-1164949891" onClick="toggleAllBoxes();">Show all outputs</a>
<div class='log' id="Output-1164949891">
Successfully clicked on the product<br/>
Successfully selected status dropdown<br/>
Successfully selected the status option<br/>
Successfully selected the testcase<br/>
PASS : Validating the text value : ACTUAL : Status 	EXPECTED :Status<br/>
Successfully validated Status option<br/>
PASS : Validating the text value : ACTUAL : Details 	EXPECTED :Details<br/>
Successfully validated Details option<br/>
PASS : Validating the text value : ACTUAL : Executing test case 	EXPECTED :Executing test case<br/>
Successfully validated the test case<br/>
PASS : Validating the text value : ACTUAL : click on Login Link on Heat Clinic page... 	EXPECTED :click on Login Link on Heat Clinic page...<br/>
Successfully validated Request Body<br/>
</div>
</td>
<td></td>
<td>82</td>
<td>com.atmecs.qa.falcondashboard.testscript.TC25_StepsOfProduct@727c8d35</td></tr>
</table><p>
</body>
</html>