<?xml version="1.0" encoding="UTF-8"?>
<!-- Generated by org.testng.reporters.JUnitXMLReporter -->
<testsuite ignored="0" hostname="ATMECSINLT-060" failures="0" tests="1" name="Dashboard" time="0.058" errors="0" timestamp="25 Feb 2020 13:05:26 GMT">
  <testcase classname="com.atmecs.qa.falcondashboard.testsuite.SampleTestSuiteBase" name="@BeforeSuite preSetup" time="0.0">
    <failure type="org.testng.TestNGException" message="
Parameter &amp;apos;os&amp;apos; is required by BeforeSuite on method preSetup but has not been marked @Optional or defined
in C:\Users\srinischal.thiparani\FalconDashboardAutomation\falcondashboard\src\main\resources\suitefile\01_dashboardpage.xml">
      <![CDATA[org.testng.TestNGException: 
Parameter 'os' is required by BeforeSuite on method preSetup but has not been marked @Optional or defined
in C:\Users\srinischal.thiparani\FalconDashboardAutomation\falcondashboard\src\main\resources\suitefile\01_dashboardpage.xml
... Removed 17 stack frames]]>
    </failure>
  </testcase> <!-- @BeforeSuite preSetup -->
  <testcase classname="com.atmecs.qa.falcondashboard.testscript.TC01_DashBoardPage" name="dashboardPage" time="0.0">
    <skipped/>
  </testcase> <!-- dashboardPage -->
</testsuite> <!-- Dashboard -->
