<h2>Reporter output</h2><table><tr><td>INFO: The value found with Environment variable FalconDemo is: FalconDemo</td></tr>
<tr><td>INFO: The value found with Environment Module variable DashboardPage,DashboardSlidder,Dropdowns,ProductPage,RecentRuns,TestcasesResult,ViewPage is: DashboardPage,DashboardSlidder,Dropdowns,ProductPage,RecentRuns,TestcasesResult,ViewPage</td></tr>
<tr><td>The value found with Environment variable WIN_10_ie_3.150.1,WIN_10_chrome_77,WIN_10_firefox_0.26.0 is: WIN_10_ie_3.150.1,WIN_10_chrome_77,WIN_10_firefox_0.26.0</td></tr>
<tr><td>INFO: Clients Found: [FalconDemo]
</td></tr>
<tr><td>INFO: Modules Selected: [DashboardPage, DashboardSlidder, Dropdowns, ProductPage, RecentRuns, TestcasesResult, ViewPage]
</td></tr>
<tr><td>INFO: New Suite Created with name: FalconDemo-Sample-WIN_10_chrome_77</td></tr>
<tr><td><?xml version="1.0" encoding="UTF-8"?>
<!DOCTYPE suite SYSTEM "http://testng.org/testng-1.0.dtd">
<suite name="FalconDemo-Sample-WIN_10_chrome_77">
  <parameter name="os" value="WIN"/>
  <parameter name="osVersion" value="10"/>
  <parameter name="browser" value="chrome"/>
  <parameter name="browserVersion" value="77"/>
  <test thread-count="5" name="SampleTest">
    <classes>
      <class name="com.atmecs.qa.falcondashboard.testscript.TC01_DashBoardPage"/>
      <class name="com.atmecs.qa.falcondashboard.testscript.TC02_ClickingProduct"/>
      <class name="com.atmecs.qa.falcondashboard.testscript.TC03_TestCases"/>
      <class name="com.atmecs.qa.falcondashboard.testscript.TC04_ProductPercentage"/>
      <class name="com.atmecs.qa.falcondashboard.testscript.TC16_MainNavigation"/>
      <class name="com.atmecs.qa.falcondashboard.testscript.TC23_Refresh"/>
      <class name="com.atmecs.qa.falcondashboard.testscript.TC24_ProductSnapShot"/>
      <class name="com.atmecs.qa.falcondashboard.testscript.TC38_MaximizingWindow"/>
    </classes>
  </test> <!-- SampleTest -->
</suite> <!-- FalconDemo-Sample-WIN_10_chrome_77 -->
</td></tr>
<tr><td>INFO: New Suite Created with name: FalconDemo-Sample-WIN_10_chrome_77</td></tr>
<tr><td><?xml version="1.0" encoding="UTF-8"?>
<!DOCTYPE suite SYSTEM "http://testng.org/testng-1.0.dtd">
<suite name="FalconDemo-Sample-WIN_10_chrome_77">
  <parameter name="os" value="WIN"/>
  <parameter name="osVersion" value="10"/>
  <parameter name="browser" value="chrome"/>
  <parameter name="browserVersion" value="77"/>
  <test thread-count="5" name="SampleTest">
    <classes>
      <class name="com.atmecs.qa.falcondashboard.testscript.TC08_DashboardSlidder"/>
      <class name="com.atmecs.qa.falcondashboard.testscript.TC09_ProductEnvironment"/>
      <class name="com.atmecs.qa.falcondashboard.testscript.TC10_TestPhase"/>
      <class name="com.atmecs.qa.falcondashboard.testscript.TC36_StartTime"/>
      <class name="com.atmecs.qa.falcondashboard.testscript.TC37_EndTime"/>
    </classes>
  </test> <!-- SampleTest -->
</suite> <!-- FalconDemo-Sample-WIN_10_chrome_77 -->
</td></tr>
<tr><td>INFO: New Suite Created with name: FalconDemo-Sample-WIN_10_chrome_77</td></tr>
<tr><td><?xml version="1.0" encoding="UTF-8"?>
<!DOCTYPE suite SYSTEM "http://testng.org/testng-1.0.dtd">
<suite name="FalconDemo-Sample-WIN_10_chrome_77">
  <parameter name="os" value="WIN"/>
  <parameter name="osVersion" value="10"/>
  <parameter name="browser" value="chrome"/>
  <parameter name="browserVersion" value="77"/>
  <test thread-count="5" name="SampleTest">
    <classes>
      <class name="com.atmecs.qa.falcondashboard.testscript.TC07_Dropdowns"/>
      <class name="com.atmecs.qa.falcondashboard.testscript.TC13_PassedTestCases"/>
      <class name="com.atmecs.qa.falcondashboard.testscript.TC14_FailedTestCases"/>
      <class name="com.atmecs.qa.falcondashboard.testscript.TC15_SkippedTestCases"/>
    </classes>
  </test> <!-- SampleTest -->
</suite> <!-- FalconDemo-Sample-WIN_10_chrome_77 -->
</td></tr>
<tr><td>INFO: New Suite Created with name: FalconDemo-Sample-WIN_10_chrome_77</td></tr>
<tr><td><?xml version="1.0" encoding="UTF-8"?>
<!DOCTYPE suite SYSTEM "http://testng.org/testng-1.0.dtd">
<suite name="FalconDemo-Sample-WIN_10_chrome_77">
  <parameter name="os" value="WIN"/>
  <parameter name="osVersion" value="10"/>
  <parameter name="browser" value="chrome"/>
  <parameter name="browserVersion" value="77"/>
  <test thread-count="5" name="SampleTest">
    <classes>
      <class name="com.atmecs.qa.falcondashboard.testscript.TC05_ProductPage"/>
      <class name="com.atmecs.qa.falcondashboard.testscript.TC06_ProductMedium"/>
      <class name="com.atmecs.qa.falcondashboard.testscript.TC11_DownloadOption"/>
      <class name="com.atmecs.qa.falcondashboard.testscript.TC12_ExecutionDate"/>
    </classes>
  </test> <!-- SampleTest -->
</suite> <!-- FalconDemo-Sample-WIN_10_chrome_77 -->
</td></tr>
<tr><td>INFO: New Suite Created with name: FalconDemo-Sample-WIN_10_chrome_77</td></tr>
<tr><td><?xml version="1.0" encoding="UTF-8"?>
<!DOCTYPE suite SYSTEM "http://testng.org/testng-1.0.dtd">
<suite name="FalconDemo-Sample-WIN_10_chrome_77">
  <parameter name="os" value="WIN"/>
  <parameter name="osVersion" value="10"/>
  <parameter name="browser" value="chrome"/>
  <parameter name="browserVersion" value="77"/>
  <test thread-count="5" name="SampleTest">
    <classes>
      <class name="com.atmecs.qa.falcondashboard.testscript.TC17_RecentRuns"/>
      <class name="com.atmecs.qa.falcondashboard.testscript.TC18_ProductName"/>
      <class name="com.atmecs.qa.falcondashboard.testscript.TC19_ProductComponent"/>
      <class name="com.atmecs.qa.falcondashboard.testscript.TC21_PassPercentage"/>
      <class name="com.atmecs.qa.falcondashboard.testscript.TC22_DeleteOption"/>
      <class name="com.atmecs.qa.falcondashboard.testscript.TC35_LastRun"/>
    </classes>
  </test> <!-- SampleTest -->
</suite> <!-- FalconDemo-Sample-WIN_10_chrome_77 -->
</td></tr>
<tr><td>INFO: New Suite Created with name: FalconDemo-Sample-WIN_10_chrome_77</td></tr>
<tr><td><?xml version="1.0" encoding="UTF-8"?>
<!DOCTYPE suite SYSTEM "http://testng.org/testng-1.0.dtd">
<suite name="FalconDemo-Sample-WIN_10_chrome_77">
  <parameter name="os" value="WIN"/>
  <parameter name="osVersion" value="10"/>
  <parameter name="browser" value="chrome"/>
  <parameter name="browserVersion" value="77"/>
  <test thread-count="5" name="SampleTest">
    <classes>
      <class name="com.atmecs.qa.falcondashboard.testscript.TC20_FailTestCase"/>
      <class name="com.atmecs.qa.falcondashboard.testscript.TC25_StepsOfProduct"/>
    </classes>
  </test> <!-- SampleTest -->
</suite> <!-- FalconDemo-Sample-WIN_10_chrome_77 -->
</td></tr>
<tr><td>INFO: New Suite Created with name: FalconDemo-Sample-WIN_10_chrome_77</td></tr>
<tr><td><?xml version="1.0" encoding="UTF-8"?>
<!DOCTYPE suite SYSTEM "http://testng.org/testng-1.0.dtd">
<suite name="FalconDemo-Sample-WIN_10_chrome_77">
  <parameter name="os" value="WIN"/>
  <parameter name="osVersion" value="10"/>
  <parameter name="browser" value="chrome"/>
  <parameter name="browserVersion" value="77"/>
  <test thread-count="5" name="SampleTest">
    <classes>
      <class name="com.atmecs.qa.falcondashboard.testscript.TC26_ColorOfTotalTestCases"/>
      <class name="com.atmecs.qa.falcondashboard.testscript.TC27_TotalTestCases"/>
      <class name="com.atmecs.qa.falcondashboard.testscript.TC28_ColorOfPassTestCases"/>
      <class name="com.atmecs.qa.falcondashboard.testscript.TC29_PassedTestCases"/>
      <class name="com.atmecs.qa.falcondashboard.testscript.TC30_ColorOfFailedTestCases"/>
      <class name="com.atmecs.qa.falcondashboard.testscript.TC31_FailedTestCases"/>
      <class name="com.atmecs.qa.falcondashboard.testscript.TC32_ColorOfSkippedTestCases"/>
      <class name="com.atmecs.qa.falcondashboard.testscript.TC33_SkippedTestCases"/>
      <class name="com.atmecs.qa.falcondashboard.testscript.TC34_ViewPage"/>
    </classes>
  </test> <!-- SampleTest -->
</suite> <!-- FalconDemo-Sample-WIN_10_chrome_77 -->
</td></tr>
<tr><td>INFO: New Suite Created with name: FalconDemo-Sample-WIN_10_firefox_0.26.0</td></tr>
<tr><td><?xml version="1.0" encoding="UTF-8"?>
<!DOCTYPE suite SYSTEM "http://testng.org/testng-1.0.dtd">
<suite name="FalconDemo-Sample-WIN_10_firefox_0.26.0">
  <parameter name="os" value="WIN"/>
  <parameter name="osVersion" value="10"/>
  <parameter name="browser" value="firefox"/>
  <parameter name="browserVersion" value="0.26.0"/>
  <test thread-count="5" name="SampleTest">
    <classes>
      <class name="com.atmecs.qa.falcondashboard.testscript.TC01_DashBoardPage"/>
      <class name="com.atmecs.qa.falcondashboard.testscript.TC02_ClickingProduct"/>
      <class name="com.atmecs.qa.falcondashboard.testscript.TC03_TestCases"/>
      <class name="com.atmecs.qa.falcondashboard.testscript.TC04_ProductPercentage"/>
      <class name="com.atmecs.qa.falcondashboard.testscript.TC16_MainNavigation"/>
      <class name="com.atmecs.qa.falcondashboard.testscript.TC23_Refresh"/>
      <class name="com.atmecs.qa.falcondashboard.testscript.TC24_ProductSnapShot"/>
      <class name="com.atmecs.qa.falcondashboard.testscript.TC38_MaximizingWindow"/>
    </classes>
  </test> <!-- SampleTest -->
</suite> <!-- FalconDemo-Sample-WIN_10_firefox_0.26.0 -->
</td></tr>
<tr><td>INFO: New Suite Created with name: FalconDemo-Sample-WIN_10_firefox_0.26.0</td></tr>
<tr><td><?xml version="1.0" encoding="UTF-8"?>
<!DOCTYPE suite SYSTEM "http://testng.org/testng-1.0.dtd">
<suite name="FalconDemo-Sample-WIN_10_firefox_0.26.0">
  <parameter name="os" value="WIN"/>
  <parameter name="osVersion" value="10"/>
  <parameter name="browser" value="firefox"/>
  <parameter name="browserVersion" value="0.26.0"/>
  <test thread-count="5" name="SampleTest">
    <classes>
      <class name="com.atmecs.qa.falcondashboard.testscript.TC08_DashboardSlidder"/>
      <class name="com.atmecs.qa.falcondashboard.testscript.TC09_ProductEnvironment"/>
      <class name="com.atmecs.qa.falcondashboard.testscript.TC10_TestPhase"/>
      <class name="com.atmecs.qa.falcondashboard.testscript.TC36_StartTime"/>
      <class name="com.atmecs.qa.falcondashboard.testscript.TC37_EndTime"/>
    </classes>
  </test> <!-- SampleTest -->
</suite> <!-- FalconDemo-Sample-WIN_10_firefox_0.26.0 -->
</td></tr>
<tr><td>INFO: New Suite Created with name: FalconDemo-Sample-WIN_10_firefox_0.26.0</td></tr>
<tr><td><?xml version="1.0" encoding="UTF-8"?>
<!DOCTYPE suite SYSTEM "http://testng.org/testng-1.0.dtd">
<suite name="FalconDemo-Sample-WIN_10_firefox_0.26.0">
  <parameter name="os" value="WIN"/>
  <parameter name="osVersion" value="10"/>
  <parameter name="browser" value="firefox"/>
  <parameter name="browserVersion" value="0.26.0"/>
  <test thread-count="5" name="SampleTest">
    <classes>
      <class name="com.atmecs.qa.falcondashboard.testscript.TC07_Dropdowns"/>
      <class name="com.atmecs.qa.falcondashboard.testscript.TC13_PassedTestCases"/>
      <class name="com.atmecs.qa.falcondashboard.testscript.TC14_FailedTestCases"/>
      <class name="com.atmecs.qa.falcondashboard.testscript.TC15_SkippedTestCases"/>
    </classes>
  </test> <!-- SampleTest -->
</suite> <!-- FalconDemo-Sample-WIN_10_firefox_0.26.0 -->
</td></tr>
<tr><td>INFO: New Suite Created with name: FalconDemo-Sample-WIN_10_firefox_0.26.0</td></tr>
<tr><td><?xml version="1.0" encoding="UTF-8"?>
<!DOCTYPE suite SYSTEM "http://testng.org/testng-1.0.dtd">
<suite name="FalconDemo-Sample-WIN_10_firefox_0.26.0">
  <parameter name="os" value="WIN"/>
  <parameter name="osVersion" value="10"/>
  <parameter name="browser" value="firefox"/>
  <parameter name="browserVersion" value="0.26.0"/>
  <test thread-count="5" name="SampleTest">
    <classes>
      <class name="com.atmecs.qa.falcondashboard.testscript.TC05_ProductPage"/>
      <class name="com.atmecs.qa.falcondashboard.testscript.TC06_ProductMedium"/>
      <class name="com.atmecs.qa.falcondashboard.testscript.TC11_DownloadOption"/>
      <class name="com.atmecs.qa.falcondashboard.testscript.TC12_ExecutionDate"/>
    </classes>
  </test> <!-- SampleTest -->
</suite> <!-- FalconDemo-Sample-WIN_10_firefox_0.26.0 -->
</td></tr>
<tr><td>INFO: New Suite Created with name: FalconDemo-Sample-WIN_10_firefox_0.26.0</td></tr>
<tr><td><?xml version="1.0" encoding="UTF-8"?>
<!DOCTYPE suite SYSTEM "http://testng.org/testng-1.0.dtd">
<suite name="FalconDemo-Sample-WIN_10_firefox_0.26.0">
  <parameter name="os" value="WIN"/>
  <parameter name="osVersion" value="10"/>
  <parameter name="browser" value="firefox"/>
  <parameter name="browserVersion" value="0.26.0"/>
  <test thread-count="5" name="SampleTest">
    <classes>
      <class name="com.atmecs.qa.falcondashboard.testscript.TC17_RecentRuns"/>
      <class name="com.atmecs.qa.falcondashboard.testscript.TC18_ProductName"/>
      <class name="com.atmecs.qa.falcondashboard.testscript.TC19_ProductComponent"/>
      <class name="com.atmecs.qa.falcondashboard.testscript.TC21_PassPercentage"/>
      <class name="com.atmecs.qa.falcondashboard.testscript.TC22_DeleteOption"/>
      <class name="com.atmecs.qa.falcondashboard.testscript.TC35_LastRun"/>
    </classes>
  </test> <!-- SampleTest -->
</suite> <!-- FalconDemo-Sample-WIN_10_firefox_0.26.0 -->
</td></tr>
<tr><td>INFO: New Suite Created with name: FalconDemo-Sample-WIN_10_firefox_0.26.0</td></tr>
<tr><td><?xml version="1.0" encoding="UTF-8"?>
<!DOCTYPE suite SYSTEM "http://testng.org/testng-1.0.dtd">
<suite name="FalconDemo-Sample-WIN_10_firefox_0.26.0">
  <parameter name="os" value="WIN"/>
  <parameter name="osVersion" value="10"/>
  <parameter name="browser" value="firefox"/>
  <parameter name="browserVersion" value="0.26.0"/>
  <test thread-count="5" name="SampleTest">
    <classes>
      <class name="com.atmecs.qa.falcondashboard.testscript.TC20_FailTestCase"/>
      <class name="com.atmecs.qa.falcondashboard.testscript.TC25_StepsOfProduct"/>
    </classes>
  </test> <!-- SampleTest -->
</suite> <!-- FalconDemo-Sample-WIN_10_firefox_0.26.0 -->
</td></tr>
<tr><td>INFO: New Suite Created with name: FalconDemo-Sample-WIN_10_firefox_0.26.0</td></tr>
<tr><td><?xml version="1.0" encoding="UTF-8"?>
<!DOCTYPE suite SYSTEM "http://testng.org/testng-1.0.dtd">
<suite name="FalconDemo-Sample-WIN_10_firefox_0.26.0">
  <parameter name="os" value="WIN"/>
  <parameter name="osVersion" value="10"/>
  <parameter name="browser" value="firefox"/>
  <parameter name="browserVersion" value="0.26.0"/>
  <test thread-count="5" name="SampleTest">
    <classes>
      <class name="com.atmecs.qa.falcondashboard.testscript.TC26_ColorOfTotalTestCases"/>
      <class name="com.atmecs.qa.falcondashboard.testscript.TC27_TotalTestCases"/>
      <class name="com.atmecs.qa.falcondashboard.testscript.TC28_ColorOfPassTestCases"/>
      <class name="com.atmecs.qa.falcondashboard.testscript.TC29_PassedTestCases"/>
      <class name="com.atmecs.qa.falcondashboard.testscript.TC30_ColorOfFailedTestCases"/>
      <class name="com.atmecs.qa.falcondashboard.testscript.TC31_FailedTestCases"/>
      <class name="com.atmecs.qa.falcondashboard.testscript.TC32_ColorOfSkippedTestCases"/>
      <class name="com.atmecs.qa.falcondashboard.testscript.TC33_SkippedTestCases"/>
      <class name="com.atmecs.qa.falcondashboard.testscript.TC34_ViewPage"/>
    </classes>
  </test> <!-- SampleTest -->
</suite> <!-- FalconDemo-Sample-WIN_10_firefox_0.26.0 -->
</td></tr>
<tr><td>INFO: New Suite Created with name: FalconDemo-Sample-WIN_10_ie_3.150.1</td></tr>
<tr><td><?xml version="1.0" encoding="UTF-8"?>
<!DOCTYPE suite SYSTEM "http://testng.org/testng-1.0.dtd">
<suite name="FalconDemo-Sample-WIN_10_ie_3.150.1">
  <parameter name="os" value="WIN"/>
  <parameter name="osVersion" value="10"/>
  <parameter name="browser" value="ie"/>
  <parameter name="browserVersion" value="3.150.1"/>
  <test thread-count="5" name="SampleTest">
    <classes>
      <class name="com.atmecs.qa.falcondashboard.testscript.TC01_DashBoardPage"/>
      <class name="com.atmecs.qa.falcondashboard.testscript.TC02_ClickingProduct"/>
      <class name="com.atmecs.qa.falcondashboard.testscript.TC03_TestCases"/>
      <class name="com.atmecs.qa.falcondashboard.testscript.TC04_ProductPercentage"/>
      <class name="com.atmecs.qa.falcondashboard.testscript.TC16_MainNavigation"/>
      <class name="com.atmecs.qa.falcondashboard.testscript.TC23_Refresh"/>
      <class name="com.atmecs.qa.falcondashboard.testscript.TC24_ProductSnapShot"/>
      <class name="com.atmecs.qa.falcondashboard.testscript.TC38_MaximizingWindow"/>
    </classes>
  </test> <!-- SampleTest -->
</suite> <!-- FalconDemo-Sample-WIN_10_ie_3.150.1 -->
</td></tr>
<tr><td>INFO: New Suite Created with name: FalconDemo-Sample-WIN_10_ie_3.150.1</td></tr>
<tr><td><?xml version="1.0" encoding="UTF-8"?>
<!DOCTYPE suite SYSTEM "http://testng.org/testng-1.0.dtd">
<suite name="FalconDemo-Sample-WIN_10_ie_3.150.1">
  <parameter name="os" value="WIN"/>
  <parameter name="osVersion" value="10"/>
  <parameter name="browser" value="ie"/>
  <parameter name="browserVersion" value="3.150.1"/>
  <test thread-count="5" name="SampleTest">
    <classes>
      <class name="com.atmecs.qa.falcondashboard.testscript.TC08_DashboardSlidder"/>
      <class name="com.atmecs.qa.falcondashboard.testscript.TC09_ProductEnvironment"/>
      <class name="com.atmecs.qa.falcondashboard.testscript.TC10_TestPhase"/>
      <class name="com.atmecs.qa.falcondashboard.testscript.TC36_StartTime"/>
      <class name="com.atmecs.qa.falcondashboard.testscript.TC37_EndTime"/>
    </classes>
  </test> <!-- SampleTest -->
</suite> <!-- FalconDemo-Sample-WIN_10_ie_3.150.1 -->
</td></tr>
<tr><td>INFO: New Suite Created with name: FalconDemo-Sample-WIN_10_ie_3.150.1</td></tr>
<tr><td><?xml version="1.0" encoding="UTF-8"?>
<!DOCTYPE suite SYSTEM "http://testng.org/testng-1.0.dtd">
<suite name="FalconDemo-Sample-WIN_10_ie_3.150.1">
  <parameter name="os" value="WIN"/>
  <parameter name="osVersion" value="10"/>
  <parameter name="browser" value="ie"/>
  <parameter name="browserVersion" value="3.150.1"/>
  <test thread-count="5" name="SampleTest">
    <classes>
      <class name="com.atmecs.qa.falcondashboard.testscript.TC07_Dropdowns"/>
      <class name="com.atmecs.qa.falcondashboard.testscript.TC13_PassedTestCases"/>
      <class name="com.atmecs.qa.falcondashboard.testscript.TC14_FailedTestCases"/>
      <class name="com.atmecs.qa.falcondashboard.testscript.TC15_SkippedTestCases"/>
    </classes>
  </test> <!-- SampleTest -->
</suite> <!-- FalconDemo-Sample-WIN_10_ie_3.150.1 -->
</td></tr>
<tr><td>INFO: New Suite Created with name: FalconDemo-Sample-WIN_10_ie_3.150.1</td></tr>
<tr><td><?xml version="1.0" encoding="UTF-8"?>
<!DOCTYPE suite SYSTEM "http://testng.org/testng-1.0.dtd">
<suite name="FalconDemo-Sample-WIN_10_ie_3.150.1">
  <parameter name="os" value="WIN"/>
  <parameter name="osVersion" value="10"/>
  <parameter name="browser" value="ie"/>
  <parameter name="browserVersion" value="3.150.1"/>
  <test thread-count="5" name="SampleTest">
    <classes>
      <class name="com.atmecs.qa.falcondashboard.testscript.TC05_ProductPage"/>
      <class name="com.atmecs.qa.falcondashboard.testscript.TC06_ProductMedium"/>
      <class name="com.atmecs.qa.falcondashboard.testscript.TC11_DownloadOption"/>
      <class name="com.atmecs.qa.falcondashboard.testscript.TC12_ExecutionDate"/>
    </classes>
  </test> <!-- SampleTest -->
</suite> <!-- FalconDemo-Sample-WIN_10_ie_3.150.1 -->
</td></tr>
<tr><td>INFO: New Suite Created with name: FalconDemo-Sample-WIN_10_ie_3.150.1</td></tr>
<tr><td><?xml version="1.0" encoding="UTF-8"?>
<!DOCTYPE suite SYSTEM "http://testng.org/testng-1.0.dtd">
<suite name="FalconDemo-Sample-WIN_10_ie_3.150.1">
  <parameter name="os" value="WIN"/>
  <parameter name="osVersion" value="10"/>
  <parameter name="browser" value="ie"/>
  <parameter name="browserVersion" value="3.150.1"/>
  <test thread-count="5" name="SampleTest">
    <classes>
      <class name="com.atmecs.qa.falcondashboard.testscript.TC17_RecentRuns"/>
      <class name="com.atmecs.qa.falcondashboard.testscript.TC18_ProductName"/>
      <class name="com.atmecs.qa.falcondashboard.testscript.TC19_ProductComponent"/>
      <class name="com.atmecs.qa.falcondashboard.testscript.TC21_PassPercentage"/>
      <class name="com.atmecs.qa.falcondashboard.testscript.TC22_DeleteOption"/>
      <class name="com.atmecs.qa.falcondashboard.testscript.TC35_LastRun"/>
    </classes>
  </test> <!-- SampleTest -->
</suite> <!-- FalconDemo-Sample-WIN_10_ie_3.150.1 -->
</td></tr>
<tr><td>INFO: New Suite Created with name: FalconDemo-Sample-WIN_10_ie_3.150.1</td></tr>
<tr><td><?xml version="1.0" encoding="UTF-8"?>
<!DOCTYPE suite SYSTEM "http://testng.org/testng-1.0.dtd">
<suite name="FalconDemo-Sample-WIN_10_ie_3.150.1">
  <parameter name="os" value="WIN"/>
  <parameter name="osVersion" value="10"/>
  <parameter name="browser" value="ie"/>
  <parameter name="browserVersion" value="3.150.1"/>
  <test thread-count="5" name="SampleTest">
    <classes>
      <class name="com.atmecs.qa.falcondashboard.testscript.TC20_FailTestCase"/>
      <class name="com.atmecs.qa.falcondashboard.testscript.TC25_StepsOfProduct"/>
    </classes>
  </test> <!-- SampleTest -->
</suite> <!-- FalconDemo-Sample-WIN_10_ie_3.150.1 -->
</td></tr>
<tr><td>INFO: New Suite Created with name: FalconDemo-Sample-WIN_10_ie_3.150.1</td></tr>
<tr><td><?xml version="1.0" encoding="UTF-8"?>
<!DOCTYPE suite SYSTEM "http://testng.org/testng-1.0.dtd">
<suite name="FalconDemo-Sample-WIN_10_ie_3.150.1">
  <parameter name="os" value="WIN"/>
  <parameter name="osVersion" value="10"/>
  <parameter name="browser" value="ie"/>
  <parameter name="browserVersion" value="3.150.1"/>
  <test thread-count="5" name="SampleTest">
    <classes>
      <class name="com.atmecs.qa.falcondashboard.testscript.TC26_ColorOfTotalTestCases"/>
      <class name="com.atmecs.qa.falcondashboard.testscript.TC27_TotalTestCases"/>
      <class name="com.atmecs.qa.falcondashboard.testscript.TC28_ColorOfPassTestCases"/>
      <class name="com.atmecs.qa.falcondashboard.testscript.TC29_PassedTestCases"/>
      <class name="com.atmecs.qa.falcondashboard.testscript.TC30_ColorOfFailedTestCases"/>
      <class name="com.atmecs.qa.falcondashboard.testscript.TC31_FailedTestCases"/>
      <class name="com.atmecs.qa.falcondashboard.testscript.TC32_ColorOfSkippedTestCases"/>
      <class name="com.atmecs.qa.falcondashboard.testscript.TC33_SkippedTestCases"/>
      <class name="com.atmecs.qa.falcondashboard.testscript.TC34_ViewPage"/>
    </classes>
  </test> <!-- SampleTest -->
</suite> <!-- FalconDemo-Sample-WIN_10_ie_3.150.1 -->
</td></tr>
<tr><td>Opening browser: chrome</td></tr>
<tr><td>INFO: The value found with Environment variable FalconDemo is: FalconDemo</td></tr>
<tr><td>INFO: The value found with Environment Module variable DashboardPage,DashboardSlidder,Dropdowns,ProductPage,RecentRuns,TestcasesResult,ViewPage is: DashboardPage,DashboardSlidder,Dropdowns,ProductPage,RecentRuns,TestcasesResult,ViewPage</td></tr>
<tr><td>The value found with Environment variable WIN_10_ie_3.150.1,WIN_10_chrome_77,WIN_10_firefox_0.26.0 is: WIN_10_ie_3.150.1,WIN_10_chrome_77,WIN_10_firefox_0.26.0</td></tr>
<tr><td>INFO: Clients Found: [FalconDemo]
</td></tr>
<tr><td>INFO: Modules Selected: [DashboardPage, DashboardSlidder, Dropdowns, ProductPage, RecentRuns, TestcasesResult, ViewPage]
</td></tr>
<tr><td>INFO: New Suite Created with name: FalconDemo-Sample-WIN_10_chrome_77</td></tr>
<tr><td><?xml version="1.0" encoding="UTF-8"?>
<!DOCTYPE suite SYSTEM "http://testng.org/testng-1.0.dtd">
<suite name="FalconDemo-Sample-WIN_10_chrome_77">
  <parameter name="os" value="WIN"/>
  <parameter name="osVersion" value="10"/>
  <parameter name="browser" value="chrome"/>
  <parameter name="browserVersion" value="77"/>
  <test thread-count="5" name="SampleTest">
    <classes>
      <class name="com.atmecs.qa.falcondashboard.testscript.TC01_DashBoardPage"/>
      <class name="com.atmecs.qa.falcondashboard.testscript.TC02_ClickingProduct"/>
      <class name="com.atmecs.qa.falcondashboard.testscript.TC03_TestCases"/>
      <class name="com.atmecs.qa.falcondashboard.testscript.TC04_ProductPercentage"/>
      <class name="com.atmecs.qa.falcondashboard.testscript.TC16_MainNavigation"/>
      <class name="com.atmecs.qa.falcondashboard.testscript.TC23_Refresh"/>
      <class name="com.atmecs.qa.falcondashboard.testscript.TC24_ProductSnapShot"/>
      <class name="com.atmecs.qa.falcondashboard.testscript.TC38_MaximizingWindow"/>
    </classes>
  </test> <!-- SampleTest -->
</suite> <!-- FalconDemo-Sample-WIN_10_chrome_77 -->
</td></tr>
<tr><td>INFO: New Suite Created with name: FalconDemo-Sample-WIN_10_chrome_77</td></tr>
<tr><td><?xml version="1.0" encoding="UTF-8"?>
<!DOCTYPE suite SYSTEM "http://testng.org/testng-1.0.dtd">
<suite name="FalconDemo-Sample-WIN_10_chrome_77">
  <parameter name="os" value="WIN"/>
  <parameter name="osVersion" value="10"/>
  <parameter name="browser" value="chrome"/>
  <parameter name="browserVersion" value="77"/>
  <test thread-count="5" name="SampleTest">
    <classes>
      <class name="com.atmecs.qa.falcondashboard.testscript.TC08_DashboardSlidder"/>
      <class name="com.atmecs.qa.falcondashboard.testscript.TC09_ProductEnvironment"/>
      <class name="com.atmecs.qa.falcondashboard.testscript.TC10_TestPhase"/>
      <class name="com.atmecs.qa.falcondashboard.testscript.TC36_StartTime"/>
      <class name="com.atmecs.qa.falcondashboard.testscript.TC37_EndTime"/>
    </classes>
  </test> <!-- SampleTest -->
</suite> <!-- FalconDemo-Sample-WIN_10_chrome_77 -->
</td></tr>
<tr><td>INFO: New Suite Created with name: FalconDemo-Sample-WIN_10_chrome_77</td></tr>
<tr><td><?xml version="1.0" encoding="UTF-8"?>
<!DOCTYPE suite SYSTEM "http://testng.org/testng-1.0.dtd">
<suite name="FalconDemo-Sample-WIN_10_chrome_77">
  <parameter name="os" value="WIN"/>
  <parameter name="osVersion" value="10"/>
  <parameter name="browser" value="chrome"/>
  <parameter name="browserVersion" value="77"/>
  <test thread-count="5" name="SampleTest">
    <classes>
      <class name="com.atmecs.qa.falcondashboard.testscript.TC07_Dropdowns"/>
      <class name="com.atmecs.qa.falcondashboard.testscript.TC13_PassedTestCases"/>
      <class name="com.atmecs.qa.falcondashboard.testscript.TC14_FailedTestCases"/>
      <class name="com.atmecs.qa.falcondashboard.testscript.TC15_SkippedTestCases"/>
    </classes>
  </test> <!-- SampleTest -->
</suite> <!-- FalconDemo-Sample-WIN_10_chrome_77 -->
</td></tr>
<tr><td>INFO: New Suite Created with name: FalconDemo-Sample-WIN_10_chrome_77</td></tr>
<tr><td><?xml version="1.0" encoding="UTF-8"?>
<!DOCTYPE suite SYSTEM "http://testng.org/testng-1.0.dtd">
<suite name="FalconDemo-Sample-WIN_10_chrome_77">
  <parameter name="os" value="WIN"/>
  <parameter name="osVersion" value="10"/>
  <parameter name="browser" value="chrome"/>
  <parameter name="browserVersion" value="77"/>
  <test thread-count="5" name="SampleTest">
    <classes>
      <class name="com.atmecs.qa.falcondashboard.testscript.TC05_ProductPage"/>
      <class name="com.atmecs.qa.falcondashboard.testscript.TC06_ProductMedium"/>
      <class name="com.atmecs.qa.falcondashboard.testscript.TC11_DownloadOption"/>
      <class name="com.atmecs.qa.falcondashboard.testscript.TC12_ExecutionDate"/>
    </classes>
  </test> <!-- SampleTest -->
</suite> <!-- FalconDemo-Sample-WIN_10_chrome_77 -->
</td></tr>
<tr><td>INFO: New Suite Created with name: FalconDemo-Sample-WIN_10_chrome_77</td></tr>
<tr><td><?xml version="1.0" encoding="UTF-8"?>
<!DOCTYPE suite SYSTEM "http://testng.org/testng-1.0.dtd">
<suite name="FalconDemo-Sample-WIN_10_chrome_77">
  <parameter name="os" value="WIN"/>
  <parameter name="osVersion" value="10"/>
  <parameter name="browser" value="chrome"/>
  <parameter name="browserVersion" value="77"/>
  <test thread-count="5" name="SampleTest">
    <classes>
      <class name="com.atmecs.qa.falcondashboard.testscript.TC17_RecentRuns"/>
      <class name="com.atmecs.qa.falcondashboard.testscript.TC18_ProductName"/>
      <class name="com.atmecs.qa.falcondashboard.testscript.TC19_ProductComponent"/>
      <class name="com.atmecs.qa.falcondashboard.testscript.TC21_PassPercentage"/>
      <class name="com.atmecs.qa.falcondashboard.testscript.TC22_DeleteOption"/>
      <class name="com.atmecs.qa.falcondashboard.testscript.TC35_LastRun"/>
    </classes>
  </test> <!-- SampleTest -->
</suite> <!-- FalconDemo-Sample-WIN_10_chrome_77 -->
</td></tr>
<tr><td>INFO: New Suite Created with name: FalconDemo-Sample-WIN_10_chrome_77</td></tr>
<tr><td><?xml version="1.0" encoding="UTF-8"?>
<!DOCTYPE suite SYSTEM "http://testng.org/testng-1.0.dtd">
<suite name="FalconDemo-Sample-WIN_10_chrome_77">
  <parameter name="os" value="WIN"/>
  <parameter name="osVersion" value="10"/>
  <parameter name="browser" value="chrome"/>
  <parameter name="browserVersion" value="77"/>
  <test thread-count="5" name="SampleTest">
    <classes>
      <class name="com.atmecs.qa.falcondashboard.testscript.TC20_FailTestCase"/>
      <class name="com.atmecs.qa.falcondashboard.testscript.TC25_StepsOfProduct"/>
    </classes>
  </test> <!-- SampleTest -->
</suite> <!-- FalconDemo-Sample-WIN_10_chrome_77 -->
</td></tr>
<tr><td>INFO: New Suite Created with name: FalconDemo-Sample-WIN_10_chrome_77</td></tr>
<tr><td><?xml version="1.0" encoding="UTF-8"?>
<!DOCTYPE suite SYSTEM "http://testng.org/testng-1.0.dtd">
<suite name="FalconDemo-Sample-WIN_10_chrome_77">
  <parameter name="os" value="WIN"/>
  <parameter name="osVersion" value="10"/>
  <parameter name="browser" value="chrome"/>
  <parameter name="browserVersion" value="77"/>
  <test thread-count="5" name="SampleTest">
    <classes>
      <class name="com.atmecs.qa.falcondashboard.testscript.TC26_ColorOfTotalTestCases"/>
      <class name="com.atmecs.qa.falcondashboard.testscript.TC27_TotalTestCases"/>
      <class name="com.atmecs.qa.falcondashboard.testscript.TC28_ColorOfPassTestCases"/>
      <class name="com.atmecs.qa.falcondashboard.testscript.TC29_PassedTestCases"/>
      <class name="com.atmecs.qa.falcondashboard.testscript.TC30_ColorOfFailedTestCases"/>
      <class name="com.atmecs.qa.falcondashboard.testscript.TC31_FailedTestCases"/>
      <class name="com.atmecs.qa.falcondashboard.testscript.TC32_ColorOfSkippedTestCases"/>
      <class name="com.atmecs.qa.falcondashboard.testscript.TC33_SkippedTestCases"/>
      <class name="com.atmecs.qa.falcondashboard.testscript.TC34_ViewPage"/>
    </classes>
  </test> <!-- SampleTest -->
</suite> <!-- FalconDemo-Sample-WIN_10_chrome_77 -->
</td></tr>
<tr><td>INFO: New Suite Created with name: FalconDemo-Sample-WIN_10_firefox_0.26.0</td></tr>
<tr><td><?xml version="1.0" encoding="UTF-8"?>
<!DOCTYPE suite SYSTEM "http://testng.org/testng-1.0.dtd">
<suite name="FalconDemo-Sample-WIN_10_firefox_0.26.0">
  <parameter name="os" value="WIN"/>
  <parameter name="osVersion" value="10"/>
  <parameter name="browser" value="firefox"/>
  <parameter name="browserVersion" value="0.26.0"/>
  <test thread-count="5" name="SampleTest">
    <classes>
      <class name="com.atmecs.qa.falcondashboard.testscript.TC01_DashBoardPage"/>
      <class name="com.atmecs.qa.falcondashboard.testscript.TC02_ClickingProduct"/>
      <class name="com.atmecs.qa.falcondashboard.testscript.TC03_TestCases"/>
      <class name="com.atmecs.qa.falcondashboard.testscript.TC04_ProductPercentage"/>
      <class name="com.atmecs.qa.falcondashboard.testscript.TC16_MainNavigation"/>
      <class name="com.atmecs.qa.falcondashboard.testscript.TC23_Refresh"/>
      <class name="com.atmecs.qa.falcondashboard.testscript.TC24_ProductSnapShot"/>
      <class name="com.atmecs.qa.falcondashboard.testscript.TC38_MaximizingWindow"/>
    </classes>
  </test> <!-- SampleTest -->
</suite> <!-- FalconDemo-Sample-WIN_10_firefox_0.26.0 -->
</td></tr>
<tr><td>INFO: New Suite Created with name: FalconDemo-Sample-WIN_10_firefox_0.26.0</td></tr>
<tr><td><?xml version="1.0" encoding="UTF-8"?>
<!DOCTYPE suite SYSTEM "http://testng.org/testng-1.0.dtd">
<suite name="FalconDemo-Sample-WIN_10_firefox_0.26.0">
  <parameter name="os" value="WIN"/>
  <parameter name="osVersion" value="10"/>
  <parameter name="browser" value="firefox"/>
  <parameter name="browserVersion" value="0.26.0"/>
  <test thread-count="5" name="SampleTest">
    <classes>
      <class name="com.atmecs.qa.falcondashboard.testscript.TC08_DashboardSlidder"/>
      <class name="com.atmecs.qa.falcondashboard.testscript.TC09_ProductEnvironment"/>
      <class name="com.atmecs.qa.falcondashboard.testscript.TC10_TestPhase"/>
      <class name="com.atmecs.qa.falcondashboard.testscript.TC36_StartTime"/>
      <class name="com.atmecs.qa.falcondashboard.testscript.TC37_EndTime"/>
    </classes>
  </test> <!-- SampleTest -->
</suite> <!-- FalconDemo-Sample-WIN_10_firefox_0.26.0 -->
</td></tr>
<tr><td>INFO: New Suite Created with name: FalconDemo-Sample-WIN_10_firefox_0.26.0</td></tr>
<tr><td><?xml version="1.0" encoding="UTF-8"?>
<!DOCTYPE suite SYSTEM "http://testng.org/testng-1.0.dtd">
<suite name="FalconDemo-Sample-WIN_10_firefox_0.26.0">
  <parameter name="os" value="WIN"/>
  <parameter name="osVersion" value="10"/>
  <parameter name="browser" value="firefox"/>
  <parameter name="browserVersion" value="0.26.0"/>
  <test thread-count="5" name="SampleTest">
    <classes>
      <class name="com.atmecs.qa.falcondashboard.testscript.TC07_Dropdowns"/>
      <class name="com.atmecs.qa.falcondashboard.testscript.TC13_PassedTestCases"/>
      <class name="com.atmecs.qa.falcondashboard.testscript.TC14_FailedTestCases"/>
      <class name="com.atmecs.qa.falcondashboard.testscript.TC15_SkippedTestCases"/>
    </classes>
  </test> <!-- SampleTest -->
</suite> <!-- FalconDemo-Sample-WIN_10_firefox_0.26.0 -->
</td></tr>
<tr><td>INFO: New Suite Created with name: FalconDemo-Sample-WIN_10_firefox_0.26.0</td></tr>
<tr><td><?xml version="1.0" encoding="UTF-8"?>
<!DOCTYPE suite SYSTEM "http://testng.org/testng-1.0.dtd">
<suite name="FalconDemo-Sample-WIN_10_firefox_0.26.0">
  <parameter name="os" value="WIN"/>
  <parameter name="osVersion" value="10"/>
  <parameter name="browser" value="firefox"/>
  <parameter name="browserVersion" value="0.26.0"/>
  <test thread-count="5" name="SampleTest">
    <classes>
      <class name="com.atmecs.qa.falcondashboard.testscript.TC05_ProductPage"/>
      <class name="com.atmecs.qa.falcondashboard.testscript.TC06_ProductMedium"/>
      <class name="com.atmecs.qa.falcondashboard.testscript.TC11_DownloadOption"/>
      <class name="com.atmecs.qa.falcondashboard.testscript.TC12_ExecutionDate"/>
    </classes>
  </test> <!-- SampleTest -->
</suite> <!-- FalconDemo-Sample-WIN_10_firefox_0.26.0 -->
</td></tr>
<tr><td>INFO: New Suite Created with name: FalconDemo-Sample-WIN_10_firefox_0.26.0</td></tr>
<tr><td><?xml version="1.0" encoding="UTF-8"?>
<!DOCTYPE suite SYSTEM "http://testng.org/testng-1.0.dtd">
<suite name="FalconDemo-Sample-WIN_10_firefox_0.26.0">
  <parameter name="os" value="WIN"/>
  <parameter name="osVersion" value="10"/>
  <parameter name="browser" value="firefox"/>
  <parameter name="browserVersion" value="0.26.0"/>
  <test thread-count="5" name="SampleTest">
    <classes>
      <class name="com.atmecs.qa.falcondashboard.testscript.TC17_RecentRuns"/>
      <class name="com.atmecs.qa.falcondashboard.testscript.TC18_ProductName"/>
      <class name="com.atmecs.qa.falcondashboard.testscript.TC19_ProductComponent"/>
      <class name="com.atmecs.qa.falcondashboard.testscript.TC21_PassPercentage"/>
      <class name="com.atmecs.qa.falcondashboard.testscript.TC22_DeleteOption"/>
      <class name="com.atmecs.qa.falcondashboard.testscript.TC35_LastRun"/>
    </classes>
  </test> <!-- SampleTest -->
</suite> <!-- FalconDemo-Sample-WIN_10_firefox_0.26.0 -->
</td></tr>
<tr><td>INFO: New Suite Created with name: FalconDemo-Sample-WIN_10_firefox_0.26.0</td></tr>
<tr><td><?xml version="1.0" encoding="UTF-8"?>
<!DOCTYPE suite SYSTEM "http://testng.org/testng-1.0.dtd">
<suite name="FalconDemo-Sample-WIN_10_firefox_0.26.0">
  <parameter name="os" value="WIN"/>
  <parameter name="osVersion" value="10"/>
  <parameter name="browser" value="firefox"/>
  <parameter name="browserVersion" value="0.26.0"/>
  <test thread-count="5" name="SampleTest">
    <classes>
      <class name="com.atmecs.qa.falcondashboard.testscript.TC20_FailTestCase"/>
      <class name="com.atmecs.qa.falcondashboard.testscript.TC25_StepsOfProduct"/>
    </classes>
  </test> <!-- SampleTest -->
</suite> <!-- FalconDemo-Sample-WIN_10_firefox_0.26.0 -->
</td></tr>
<tr><td>INFO: New Suite Created with name: FalconDemo-Sample-WIN_10_firefox_0.26.0</td></tr>
<tr><td><?xml version="1.0" encoding="UTF-8"?>
<!DOCTYPE suite SYSTEM "http://testng.org/testng-1.0.dtd">
<suite name="FalconDemo-Sample-WIN_10_firefox_0.26.0">
  <parameter name="os" value="WIN"/>
  <parameter name="osVersion" value="10"/>
  <parameter name="browser" value="firefox"/>
  <parameter name="browserVersion" value="0.26.0"/>
  <test thread-count="5" name="SampleTest">
    <classes>
      <class name="com.atmecs.qa.falcondashboard.testscript.TC26_ColorOfTotalTestCases"/>
      <class name="com.atmecs.qa.falcondashboard.testscript.TC27_TotalTestCases"/>
      <class name="com.atmecs.qa.falcondashboard.testscript.TC28_ColorOfPassTestCases"/>
      <class name="com.atmecs.qa.falcondashboard.testscript.TC29_PassedTestCases"/>
      <class name="com.atmecs.qa.falcondashboard.testscript.TC30_ColorOfFailedTestCases"/>
      <class name="com.atmecs.qa.falcondashboard.testscript.TC31_FailedTestCases"/>
      <class name="com.atmecs.qa.falcondashboard.testscript.TC32_ColorOfSkippedTestCases"/>
      <class name="com.atmecs.qa.falcondashboard.testscript.TC33_SkippedTestCases"/>
      <class name="com.atmecs.qa.falcondashboard.testscript.TC34_ViewPage"/>
    </classes>
  </test> <!-- SampleTest -->
</suite> <!-- FalconDemo-Sample-WIN_10_firefox_0.26.0 -->
</td></tr>
<tr><td>INFO: New Suite Created with name: FalconDemo-Sample-WIN_10_ie_3.150.1</td></tr>
<tr><td><?xml version="1.0" encoding="UTF-8"?>
<!DOCTYPE suite SYSTEM "http://testng.org/testng-1.0.dtd">
<suite name="FalconDemo-Sample-WIN_10_ie_3.150.1">
  <parameter name="os" value="WIN"/>
  <parameter name="osVersion" value="10"/>
  <parameter name="browser" value="ie"/>
  <parameter name="browserVersion" value="3.150.1"/>
  <test thread-count="5" name="SampleTest">
    <classes>
      <class name="com.atmecs.qa.falcondashboard.testscript.TC01_DashBoardPage"/>
      <class name="com.atmecs.qa.falcondashboard.testscript.TC02_ClickingProduct"/>
      <class name="com.atmecs.qa.falcondashboard.testscript.TC03_TestCases"/>
      <class name="com.atmecs.qa.falcondashboard.testscript.TC04_ProductPercentage"/>
      <class name="com.atmecs.qa.falcondashboard.testscript.TC16_MainNavigation"/>
      <class name="com.atmecs.qa.falcondashboard.testscript.TC23_Refresh"/>
      <class name="com.atmecs.qa.falcondashboard.testscript.TC24_ProductSnapShot"/>
      <class name="com.atmecs.qa.falcondashboard.testscript.TC38_MaximizingWindow"/>
    </classes>
  </test> <!-- SampleTest -->
</suite> <!-- FalconDemo-Sample-WIN_10_ie_3.150.1 -->
</td></tr>
<tr><td>INFO: New Suite Created with name: FalconDemo-Sample-WIN_10_ie_3.150.1</td></tr>
<tr><td><?xml version="1.0" encoding="UTF-8"?>
<!DOCTYPE suite SYSTEM "http://testng.org/testng-1.0.dtd">
<suite name="FalconDemo-Sample-WIN_10_ie_3.150.1">
  <parameter name="os" value="WIN"/>
  <parameter name="osVersion" value="10"/>
  <parameter name="browser" value="ie"/>
  <parameter name="browserVersion" value="3.150.1"/>
  <test thread-count="5" name="SampleTest">
    <classes>
      <class name="com.atmecs.qa.falcondashboard.testscript.TC08_DashboardSlidder"/>
      <class name="com.atmecs.qa.falcondashboard.testscript.TC09_ProductEnvironment"/>
      <class name="com.atmecs.qa.falcondashboard.testscript.TC10_TestPhase"/>
      <class name="com.atmecs.qa.falcondashboard.testscript.TC36_StartTime"/>
      <class name="com.atmecs.qa.falcondashboard.testscript.TC37_EndTime"/>
    </classes>
  </test> <!-- SampleTest -->
</suite> <!-- FalconDemo-Sample-WIN_10_ie_3.150.1 -->
</td></tr>
<tr><td>INFO: New Suite Created with name: FalconDemo-Sample-WIN_10_ie_3.150.1</td></tr>
<tr><td><?xml version="1.0" encoding="UTF-8"?>
<!DOCTYPE suite SYSTEM "http://testng.org/testng-1.0.dtd">
<suite name="FalconDemo-Sample-WIN_10_ie_3.150.1">
  <parameter name="os" value="WIN"/>
  <parameter name="osVersion" value="10"/>
  <parameter name="browser" value="ie"/>
  <parameter name="browserVersion" value="3.150.1"/>
  <test thread-count="5" name="SampleTest">
    <classes>
      <class name="com.atmecs.qa.falcondashboard.testscript.TC07_Dropdowns"/>
      <class name="com.atmecs.qa.falcondashboard.testscript.TC13_PassedTestCases"/>
      <class name="com.atmecs.qa.falcondashboard.testscript.TC14_FailedTestCases"/>
      <class name="com.atmecs.qa.falcondashboard.testscript.TC15_SkippedTestCases"/>
    </classes>
  </test> <!-- SampleTest -->
</suite> <!-- FalconDemo-Sample-WIN_10_ie_3.150.1 -->
</td></tr>
<tr><td>INFO: New Suite Created with name: FalconDemo-Sample-WIN_10_ie_3.150.1</td></tr>
<tr><td><?xml version="1.0" encoding="UTF-8"?>
<!DOCTYPE suite SYSTEM "http://testng.org/testng-1.0.dtd">
<suite name="FalconDemo-Sample-WIN_10_ie_3.150.1">
  <parameter name="os" value="WIN"/>
  <parameter name="osVersion" value="10"/>
  <parameter name="browser" value="ie"/>
  <parameter name="browserVersion" value="3.150.1"/>
  <test thread-count="5" name="SampleTest">
    <classes>
      <class name="com.atmecs.qa.falcondashboard.testscript.TC05_ProductPage"/>
      <class name="com.atmecs.qa.falcondashboard.testscript.TC06_ProductMedium"/>
      <class name="com.atmecs.qa.falcondashboard.testscript.TC11_DownloadOption"/>
      <class name="com.atmecs.qa.falcondashboard.testscript.TC12_ExecutionDate"/>
    </classes>
  </test> <!-- SampleTest -->
</suite> <!-- FalconDemo-Sample-WIN_10_ie_3.150.1 -->
</td></tr>
<tr><td>INFO: New Suite Created with name: FalconDemo-Sample-WIN_10_ie_3.150.1</td></tr>
<tr><td><?xml version="1.0" encoding="UTF-8"?>
<!DOCTYPE suite SYSTEM "http://testng.org/testng-1.0.dtd">
<suite name="FalconDemo-Sample-WIN_10_ie_3.150.1">
  <parameter name="os" value="WIN"/>
  <parameter name="osVersion" value="10"/>
  <parameter name="browser" value="ie"/>
  <parameter name="browserVersion" value="3.150.1"/>
  <test thread-count="5" name="SampleTest">
    <classes>
      <class name="com.atmecs.qa.falcondashboard.testscript.TC17_RecentRuns"/>
      <class name="com.atmecs.qa.falcondashboard.testscript.TC18_ProductName"/>
      <class name="com.atmecs.qa.falcondashboard.testscript.TC19_ProductComponent"/>
      <class name="com.atmecs.qa.falcondashboard.testscript.TC21_PassPercentage"/>
      <class name="com.atmecs.qa.falcondashboard.testscript.TC22_DeleteOption"/>
      <class name="com.atmecs.qa.falcondashboard.testscript.TC35_LastRun"/>
    </classes>
  </test> <!-- SampleTest -->
</suite> <!-- FalconDemo-Sample-WIN_10_ie_3.150.1 -->
</td></tr>
<tr><td>INFO: New Suite Created with name: FalconDemo-Sample-WIN_10_ie_3.150.1</td></tr>
<tr><td><?xml version="1.0" encoding="UTF-8"?>
<!DOCTYPE suite SYSTEM "http://testng.org/testng-1.0.dtd">
<suite name="FalconDemo-Sample-WIN_10_ie_3.150.1">
  <parameter name="os" value="WIN"/>
  <parameter name="osVersion" value="10"/>
  <parameter name="browser" value="ie"/>
  <parameter name="browserVersion" value="3.150.1"/>
  <test thread-count="5" name="SampleTest">
    <classes>
      <class name="com.atmecs.qa.falcondashboard.testscript.TC20_FailTestCase"/>
      <class name="com.atmecs.qa.falcondashboard.testscript.TC25_StepsOfProduct"/>
    </classes>
  </test> <!-- SampleTest -->
</suite> <!-- FalconDemo-Sample-WIN_10_ie_3.150.1 -->
</td></tr>
<tr><td>INFO: New Suite Created with name: FalconDemo-Sample-WIN_10_ie_3.150.1</td></tr>
<tr><td><?xml version="1.0" encoding="UTF-8"?>
<!DOCTYPE suite SYSTEM "http://testng.org/testng-1.0.dtd">
<suite name="FalconDemo-Sample-WIN_10_ie_3.150.1">
  <parameter name="os" value="WIN"/>
  <parameter name="osVersion" value="10"/>
  <parameter name="browser" value="ie"/>
  <parameter name="browserVersion" value="3.150.1"/>
  <test thread-count="5" name="SampleTest">
    <classes>
      <class name="com.atmecs.qa.falcondashboard.testscript.TC26_ColorOfTotalTestCases"/>
      <class name="com.atmecs.qa.falcondashboard.testscript.TC27_TotalTestCases"/>
      <class name="com.atmecs.qa.falcondashboard.testscript.TC28_ColorOfPassTestCases"/>
      <class name="com.atmecs.qa.falcondashboard.testscript.TC29_PassedTestCases"/>
      <class name="com.atmecs.qa.falcondashboard.testscript.TC30_ColorOfFailedTestCases"/>
      <class name="com.atmecs.qa.falcondashboard.testscript.TC31_FailedTestCases"/>
      <class name="com.atmecs.qa.falcondashboard.testscript.TC32_ColorOfSkippedTestCases"/>
      <class name="com.atmecs.qa.falcondashboard.testscript.TC33_SkippedTestCases"/>
      <class name="com.atmecs.qa.falcondashboard.testscript.TC34_ViewPage"/>
    </classes>
  </test> <!-- SampleTest -->
</suite> <!-- FalconDemo-Sample-WIN_10_ie_3.150.1 -->
</td></tr>
<tr><td>Opening browser: chrome</td></tr>
<tr><td>INFO: The value found with Environment variable FalconDemo is: FalconDemo</td></tr>
<tr><td>INFO: The value found with Environment Module variable DashboardPage,DashboardSlidder,Dropdowns,ProductPage,RecentRuns,TestcasesResult,ViewPage is: DashboardPage,DashboardSlidder,Dropdowns,ProductPage,RecentRuns,TestcasesResult,ViewPage</td></tr>
<tr><td>The value found with Environment variable WIN_10_ie_3.150.1,WIN_10_chrome_77,WIN_10_firefox_0.26.0 is: WIN_10_ie_3.150.1,WIN_10_chrome_77,WIN_10_firefox_0.26.0</td></tr>
<tr><td>INFO: Clients Found: [FalconDemo]
</td></tr>
<tr><td>INFO: Modules Selected: [DashboardPage, DashboardSlidder, Dropdowns, ProductPage, RecentRuns, TestcasesResult, ViewPage]
</td></tr>
<tr><td>INFO: New Suite Created with name: FalconDemo-Sample-WIN_10_chrome_77</td></tr>
<tr><td><?xml version="1.0" encoding="UTF-8"?>
<!DOCTYPE suite SYSTEM "http://testng.org/testng-1.0.dtd">
<suite name="FalconDemo-Sample-WIN_10_chrome_77">
  <parameter name="os" value="WIN"/>
  <parameter name="osVersion" value="10"/>
  <parameter name="browser" value="chrome"/>
  <parameter name="browserVersion" value="77"/>
  <test thread-count="5" name="SampleTest">
    <classes>
      <class name="com.atmecs.qa.falcondashboard.testscript.TC01_DashBoardPage"/>
      <class name="com.atmecs.qa.falcondashboard.testscript.TC02_ClickingProduct"/>
      <class name="com.atmecs.qa.falcondashboard.testscript.TC03_TestCases"/>
      <class name="com.atmecs.qa.falcondashboard.testscript.TC04_ProductPercentage"/>
      <class name="com.atmecs.qa.falcondashboard.testscript.TC16_MainNavigation"/>
      <class name="com.atmecs.qa.falcondashboard.testscript.TC23_Refresh"/>
      <class name="com.atmecs.qa.falcondashboard.testscript.TC24_ProductSnapShot"/>
      <class name="com.atmecs.qa.falcondashboard.testscript.TC38_MaximizingWindow"/>
    </classes>
  </test> <!-- SampleTest -->
</suite> <!-- FalconDemo-Sample-WIN_10_chrome_77 -->
</td></tr>
<tr><td>INFO: New Suite Created with name: FalconDemo-Sample-WIN_10_chrome_77</td></tr>
<tr><td><?xml version="1.0" encoding="UTF-8"?>
<!DOCTYPE suite SYSTEM "http://testng.org/testng-1.0.dtd">
<suite name="FalconDemo-Sample-WIN_10_chrome_77">
  <parameter name="os" value="WIN"/>
  <parameter name="osVersion" value="10"/>
  <parameter name="browser" value="chrome"/>
  <parameter name="browserVersion" value="77"/>
  <test thread-count="5" name="SampleTest">
    <classes>
      <class name="com.atmecs.qa.falcondashboard.testscript.TC08_DashboardSlidder"/>
      <class name="com.atmecs.qa.falcondashboard.testscript.TC09_ProductEnvironment"/>
      <class name="com.atmecs.qa.falcondashboard.testscript.TC10_TestPhase"/>
      <class name="com.atmecs.qa.falcondashboard.testscript.TC36_StartTime"/>
      <class name="com.atmecs.qa.falcondashboard.testscript.TC37_EndTime"/>
    </classes>
  </test> <!-- SampleTest -->
</suite> <!-- FalconDemo-Sample-WIN_10_chrome_77 -->
</td></tr>
<tr><td>INFO: New Suite Created with name: FalconDemo-Sample-WIN_10_chrome_77</td></tr>
<tr><td><?xml version="1.0" encoding="UTF-8"?>
<!DOCTYPE suite SYSTEM "http://testng.org/testng-1.0.dtd">
<suite name="FalconDemo-Sample-WIN_10_chrome_77">
  <parameter name="os" value="WIN"/>
  <parameter name="osVersion" value="10"/>
  <parameter name="browser" value="chrome"/>
  <parameter name="browserVersion" value="77"/>
  <test thread-count="5" name="SampleTest">
    <classes>
      <class name="com.atmecs.qa.falcondashboard.testscript.TC07_Dropdowns"/>
      <class name="com.atmecs.qa.falcondashboard.testscript.TC13_PassedTestCases"/>
      <class name="com.atmecs.qa.falcondashboard.testscript.TC14_FailedTestCases"/>
      <class name="com.atmecs.qa.falcondashboard.testscript.TC15_SkippedTestCases"/>
    </classes>
  </test> <!-- SampleTest -->
</suite> <!-- FalconDemo-Sample-WIN_10_chrome_77 -->
</td></tr>
<tr><td>INFO: New Suite Created with name: FalconDemo-Sample-WIN_10_chrome_77</td></tr>
<tr><td><?xml version="1.0" encoding="UTF-8"?>
<!DOCTYPE suite SYSTEM "http://testng.org/testng-1.0.dtd">
<suite name="FalconDemo-Sample-WIN_10_chrome_77">
  <parameter name="os" value="WIN"/>
  <parameter name="osVersion" value="10"/>
  <parameter name="browser" value="chrome"/>
  <parameter name="browserVersion" value="77"/>
  <test thread-count="5" name="SampleTest">
    <classes>
      <class name="com.atmecs.qa.falcondashboard.testscript.TC05_ProductPage"/>
      <class name="com.atmecs.qa.falcondashboard.testscript.TC06_ProductMedium"/>
      <class name="com.atmecs.qa.falcondashboard.testscript.TC11_DownloadOption"/>
      <class name="com.atmecs.qa.falcondashboard.testscript.TC12_ExecutionDate"/>
    </classes>
  </test> <!-- SampleTest -->
</suite> <!-- FalconDemo-Sample-WIN_10_chrome_77 -->
</td></tr>
<tr><td>INFO: New Suite Created with name: FalconDemo-Sample-WIN_10_chrome_77</td></tr>
<tr><td><?xml version="1.0" encoding="UTF-8"?>
<!DOCTYPE suite SYSTEM "http://testng.org/testng-1.0.dtd">
<suite name="FalconDemo-Sample-WIN_10_chrome_77">
  <parameter name="os" value="WIN"/>
  <parameter name="osVersion" value="10"/>
  <parameter name="browser" value="chrome"/>
  <parameter name="browserVersion" value="77"/>
  <test thread-count="5" name="SampleTest">
    <classes>
      <class name="com.atmecs.qa.falcondashboard.testscript.TC17_RecentRuns"/>
      <class name="com.atmecs.qa.falcondashboard.testscript.TC18_ProductName"/>
      <class name="com.atmecs.qa.falcondashboard.testscript.TC19_ProductComponent"/>
      <class name="com.atmecs.qa.falcondashboard.testscript.TC21_PassPercentage"/>
      <class name="com.atmecs.qa.falcondashboard.testscript.TC22_DeleteOption"/>
      <class name="com.atmecs.qa.falcondashboard.testscript.TC35_LastRun"/>
    </classes>
  </test> <!-- SampleTest -->
</suite> <!-- FalconDemo-Sample-WIN_10_chrome_77 -->
</td></tr>
<tr><td>INFO: New Suite Created with name: FalconDemo-Sample-WIN_10_chrome_77</td></tr>
<tr><td><?xml version="1.0" encoding="UTF-8"?>
<!DOCTYPE suite SYSTEM "http://testng.org/testng-1.0.dtd">
<suite name="FalconDemo-Sample-WIN_10_chrome_77">
  <parameter name="os" value="WIN"/>
  <parameter name="osVersion" value="10"/>
  <parameter name="browser" value="chrome"/>
  <parameter name="browserVersion" value="77"/>
  <test thread-count="5" name="SampleTest">
    <classes>
      <class name="com.atmecs.qa.falcondashboard.testscript.TC20_FailTestCase"/>
      <class name="com.atmecs.qa.falcondashboard.testscript.TC25_StepsOfProduct"/>
    </classes>
  </test> <!-- SampleTest -->
</suite> <!-- FalconDemo-Sample-WIN_10_chrome_77 -->
</td></tr>
<tr><td>INFO: New Suite Created with name: FalconDemo-Sample-WIN_10_chrome_77</td></tr>
<tr><td><?xml version="1.0" encoding="UTF-8"?>
<!DOCTYPE suite SYSTEM "http://testng.org/testng-1.0.dtd">
<suite name="FalconDemo-Sample-WIN_10_chrome_77">
  <parameter name="os" value="WIN"/>
  <parameter name="osVersion" value="10"/>
  <parameter name="browser" value="chrome"/>
  <parameter name="browserVersion" value="77"/>
  <test thread-count="5" name="SampleTest">
    <classes>
      <class name="com.atmecs.qa.falcondashboard.testscript.TC26_ColorOfTotalTestCases"/>
      <class name="com.atmecs.qa.falcondashboard.testscript.TC27_TotalTestCases"/>
      <class name="com.atmecs.qa.falcondashboard.testscript.TC28_ColorOfPassTestCases"/>
      <class name="com.atmecs.qa.falcondashboard.testscript.TC29_PassedTestCases"/>
      <class name="com.atmecs.qa.falcondashboard.testscript.TC30_ColorOfFailedTestCases"/>
      <class name="com.atmecs.qa.falcondashboard.testscript.TC31_FailedTestCases"/>
      <class name="com.atmecs.qa.falcondashboard.testscript.TC32_ColorOfSkippedTestCases"/>
      <class name="com.atmecs.qa.falcondashboard.testscript.TC33_SkippedTestCases"/>
      <class name="com.atmecs.qa.falcondashboard.testscript.TC34_ViewPage"/>
    </classes>
  </test> <!-- SampleTest -->
</suite> <!-- FalconDemo-Sample-WIN_10_chrome_77 -->
</td></tr>
<tr><td>INFO: New Suite Created with name: FalconDemo-Sample-WIN_10_firefox_0.26.0</td></tr>
<tr><td><?xml version="1.0" encoding="UTF-8"?>
<!DOCTYPE suite SYSTEM "http://testng.org/testng-1.0.dtd">
<suite name="FalconDemo-Sample-WIN_10_firefox_0.26.0">
  <parameter name="os" value="WIN"/>
  <parameter name="osVersion" value="10"/>
  <parameter name="browser" value="firefox"/>
  <parameter name="browserVersion" value="0.26.0"/>
  <test thread-count="5" name="SampleTest">
    <classes>
      <class name="com.atmecs.qa.falcondashboard.testscript.TC01_DashBoardPage"/>
      <class name="com.atmecs.qa.falcondashboard.testscript.TC02_ClickingProduct"/>
      <class name="com.atmecs.qa.falcondashboard.testscript.TC03_TestCases"/>
      <class name="com.atmecs.qa.falcondashboard.testscript.TC04_ProductPercentage"/>
      <class name="com.atmecs.qa.falcondashboard.testscript.TC16_MainNavigation"/>
      <class name="com.atmecs.qa.falcondashboard.testscript.TC23_Refresh"/>
      <class name="com.atmecs.qa.falcondashboard.testscript.TC24_ProductSnapShot"/>
      <class name="com.atmecs.qa.falcondashboard.testscript.TC38_MaximizingWindow"/>
    </classes>
  </test> <!-- SampleTest -->
</suite> <!-- FalconDemo-Sample-WIN_10_firefox_0.26.0 -->
</td></tr>
<tr><td>INFO: New Suite Created with name: FalconDemo-Sample-WIN_10_firefox_0.26.0</td></tr>
<tr><td><?xml version="1.0" encoding="UTF-8"?>
<!DOCTYPE suite SYSTEM "http://testng.org/testng-1.0.dtd">
<suite name="FalconDemo-Sample-WIN_10_firefox_0.26.0">
  <parameter name="os" value="WIN"/>
  <parameter name="osVersion" value="10"/>
  <parameter name="browser" value="firefox"/>
  <parameter name="browserVersion" value="0.26.0"/>
  <test thread-count="5" name="SampleTest">
    <classes>
      <class name="com.atmecs.qa.falcondashboard.testscript.TC08_DashboardSlidder"/>
      <class name="com.atmecs.qa.falcondashboard.testscript.TC09_ProductEnvironment"/>
      <class name="com.atmecs.qa.falcondashboard.testscript.TC10_TestPhase"/>
      <class name="com.atmecs.qa.falcondashboard.testscript.TC36_StartTime"/>
      <class name="com.atmecs.qa.falcondashboard.testscript.TC37_EndTime"/>
    </classes>
  </test> <!-- SampleTest -->
</suite> <!-- FalconDemo-Sample-WIN_10_firefox_0.26.0 -->
</td></tr>
<tr><td>INFO: New Suite Created with name: FalconDemo-Sample-WIN_10_firefox_0.26.0</td></tr>
<tr><td><?xml version="1.0" encoding="UTF-8"?>
<!DOCTYPE suite SYSTEM "http://testng.org/testng-1.0.dtd">
<suite name="FalconDemo-Sample-WIN_10_firefox_0.26.0">
  <parameter name="os" value="WIN"/>
  <parameter name="osVersion" value="10"/>
  <parameter name="browser" value="firefox"/>
  <parameter name="browserVersion" value="0.26.0"/>
  <test thread-count="5" name="SampleTest">
    <classes>
      <class name="com.atmecs.qa.falcondashboard.testscript.TC07_Dropdowns"/>
      <class name="com.atmecs.qa.falcondashboard.testscript.TC13_PassedTestCases"/>
      <class name="com.atmecs.qa.falcondashboard.testscript.TC14_FailedTestCases"/>
      <class name="com.atmecs.qa.falcondashboard.testscript.TC15_SkippedTestCases"/>
    </classes>
  </test> <!-- SampleTest -->
</suite> <!-- FalconDemo-Sample-WIN_10_firefox_0.26.0 -->
</td></tr>
<tr><td>INFO: New Suite Created with name: FalconDemo-Sample-WIN_10_firefox_0.26.0</td></tr>
<tr><td><?xml version="1.0" encoding="UTF-8"?>
<!DOCTYPE suite SYSTEM "http://testng.org/testng-1.0.dtd">
<suite name="FalconDemo-Sample-WIN_10_firefox_0.26.0">
  <parameter name="os" value="WIN"/>
  <parameter name="osVersion" value="10"/>
  <parameter name="browser" value="firefox"/>
  <parameter name="browserVersion" value="0.26.0"/>
  <test thread-count="5" name="SampleTest">
    <classes>
      <class name="com.atmecs.qa.falcondashboard.testscript.TC05_ProductPage"/>
      <class name="com.atmecs.qa.falcondashboard.testscript.TC06_ProductMedium"/>
      <class name="com.atmecs.qa.falcondashboard.testscript.TC11_DownloadOption"/>
      <class name="com.atmecs.qa.falcondashboard.testscript.TC12_ExecutionDate"/>
    </classes>
  </test> <!-- SampleTest -->
</suite> <!-- FalconDemo-Sample-WIN_10_firefox_0.26.0 -->
</td></tr>
<tr><td>INFO: New Suite Created with name: FalconDemo-Sample-WIN_10_firefox_0.26.0</td></tr>
<tr><td><?xml version="1.0" encoding="UTF-8"?>
<!DOCTYPE suite SYSTEM "http://testng.org/testng-1.0.dtd">
<suite name="FalconDemo-Sample-WIN_10_firefox_0.26.0">
  <parameter name="os" value="WIN"/>
  <parameter name="osVersion" value="10"/>
  <parameter name="browser" value="firefox"/>
  <parameter name="browserVersion" value="0.26.0"/>
  <test thread-count="5" name="SampleTest">
    <classes>
      <class name="com.atmecs.qa.falcondashboard.testscript.TC17_RecentRuns"/>
      <class name="com.atmecs.qa.falcondashboard.testscript.TC18_ProductName"/>
      <class name="com.atmecs.qa.falcondashboard.testscript.TC19_ProductComponent"/>
      <class name="com.atmecs.qa.falcondashboard.testscript.TC21_PassPercentage"/>
      <class name="com.atmecs.qa.falcondashboard.testscript.TC22_DeleteOption"/>
      <class name="com.atmecs.qa.falcondashboard.testscript.TC35_LastRun"/>
    </classes>
  </test> <!-- SampleTest -->
</suite> <!-- FalconDemo-Sample-WIN_10_firefox_0.26.0 -->
</td></tr>
<tr><td>INFO: New Suite Created with name: FalconDemo-Sample-WIN_10_firefox_0.26.0</td></tr>
<tr><td><?xml version="1.0" encoding="UTF-8"?>
<!DOCTYPE suite SYSTEM "http://testng.org/testng-1.0.dtd">
<suite name="FalconDemo-Sample-WIN_10_firefox_0.26.0">
  <parameter name="os" value="WIN"/>
  <parameter name="osVersion" value="10"/>
  <parameter name="browser" value="firefox"/>
  <parameter name="browserVersion" value="0.26.0"/>
  <test thread-count="5" name="SampleTest">
    <classes>
      <class name="com.atmecs.qa.falcondashboard.testscript.TC20_FailTestCase"/>
      <class name="com.atmecs.qa.falcondashboard.testscript.TC25_StepsOfProduct"/>
    </classes>
  </test> <!-- SampleTest -->
</suite> <!-- FalconDemo-Sample-WIN_10_firefox_0.26.0 -->
</td></tr>
<tr><td>INFO: New Suite Created with name: FalconDemo-Sample-WIN_10_firefox_0.26.0</td></tr>
<tr><td><?xml version="1.0" encoding="UTF-8"?>
<!DOCTYPE suite SYSTEM "http://testng.org/testng-1.0.dtd">
<suite name="FalconDemo-Sample-WIN_10_firefox_0.26.0">
  <parameter name="os" value="WIN"/>
  <parameter name="osVersion" value="10"/>
  <parameter name="browser" value="firefox"/>
  <parameter name="browserVersion" value="0.26.0"/>
  <test thread-count="5" name="SampleTest">
    <classes>
      <class name="com.atmecs.qa.falcondashboard.testscript.TC26_ColorOfTotalTestCases"/>
      <class name="com.atmecs.qa.falcondashboard.testscript.TC27_TotalTestCases"/>
      <class name="com.atmecs.qa.falcondashboard.testscript.TC28_ColorOfPassTestCases"/>
      <class name="com.atmecs.qa.falcondashboard.testscript.TC29_PassedTestCases"/>
      <class name="com.atmecs.qa.falcondashboard.testscript.TC30_ColorOfFailedTestCases"/>
      <class name="com.atmecs.qa.falcondashboard.testscript.TC31_FailedTestCases"/>
      <class name="com.atmecs.qa.falcondashboard.testscript.TC32_ColorOfSkippedTestCases"/>
      <class name="com.atmecs.qa.falcondashboard.testscript.TC33_SkippedTestCases"/>
      <class name="com.atmecs.qa.falcondashboard.testscript.TC34_ViewPage"/>
    </classes>
  </test> <!-- SampleTest -->
</suite> <!-- FalconDemo-Sample-WIN_10_firefox_0.26.0 -->
</td></tr>
<tr><td>INFO: New Suite Created with name: FalconDemo-Sample-WIN_10_ie_3.150.1</td></tr>
<tr><td><?xml version="1.0" encoding="UTF-8"?>
<!DOCTYPE suite SYSTEM "http://testng.org/testng-1.0.dtd">
<suite name="FalconDemo-Sample-WIN_10_ie_3.150.1">
  <parameter name="os" value="WIN"/>
  <parameter name="osVersion" value="10"/>
  <parameter name="browser" value="ie"/>
  <parameter name="browserVersion" value="3.150.1"/>
  <test thread-count="5" name="SampleTest">
    <classes>
      <class name="com.atmecs.qa.falcondashboard.testscript.TC01_DashBoardPage"/>
      <class name="com.atmecs.qa.falcondashboard.testscript.TC02_ClickingProduct"/>
      <class name="com.atmecs.qa.falcondashboard.testscript.TC03_TestCases"/>
      <class name="com.atmecs.qa.falcondashboard.testscript.TC04_ProductPercentage"/>
      <class name="com.atmecs.qa.falcondashboard.testscript.TC16_MainNavigation"/>
      <class name="com.atmecs.qa.falcondashboard.testscript.TC23_Refresh"/>
      <class name="com.atmecs.qa.falcondashboard.testscript.TC24_ProductSnapShot"/>
      <class name="com.atmecs.qa.falcondashboard.testscript.TC38_MaximizingWindow"/>
    </classes>
  </test> <!-- SampleTest -->
</suite> <!-- FalconDemo-Sample-WIN_10_ie_3.150.1 -->
</td></tr>
<tr><td>INFO: New Suite Created with name: FalconDemo-Sample-WIN_10_ie_3.150.1</td></tr>
<tr><td><?xml version="1.0" encoding="UTF-8"?>
<!DOCTYPE suite SYSTEM "http://testng.org/testng-1.0.dtd">
<suite name="FalconDemo-Sample-WIN_10_ie_3.150.1">
  <parameter name="os" value="WIN"/>
  <parameter name="osVersion" value="10"/>
  <parameter name="browser" value="ie"/>
  <parameter name="browserVersion" value="3.150.1"/>
  <test thread-count="5" name="SampleTest">
    <classes>
      <class name="com.atmecs.qa.falcondashboard.testscript.TC08_DashboardSlidder"/>
      <class name="com.atmecs.qa.falcondashboard.testscript.TC09_ProductEnvironment"/>
      <class name="com.atmecs.qa.falcondashboard.testscript.TC10_TestPhase"/>
      <class name="com.atmecs.qa.falcondashboard.testscript.TC36_StartTime"/>
      <class name="com.atmecs.qa.falcondashboard.testscript.TC37_EndTime"/>
    </classes>
  </test> <!-- SampleTest -->
</suite> <!-- FalconDemo-Sample-WIN_10_ie_3.150.1 -->
</td></tr>
<tr><td>INFO: New Suite Created with name: FalconDemo-Sample-WIN_10_ie_3.150.1</td></tr>
<tr><td><?xml version="1.0" encoding="UTF-8"?>
<!DOCTYPE suite SYSTEM "http://testng.org/testng-1.0.dtd">
<suite name="FalconDemo-Sample-WIN_10_ie_3.150.1">
  <parameter name="os" value="WIN"/>
  <parameter name="osVersion" value="10"/>
  <parameter name="browser" value="ie"/>
  <parameter name="browserVersion" value="3.150.1"/>
  <test thread-count="5" name="SampleTest">
    <classes>
      <class name="com.atmecs.qa.falcondashboard.testscript.TC07_Dropdowns"/>
      <class name="com.atmecs.qa.falcondashboard.testscript.TC13_PassedTestCases"/>
      <class name="com.atmecs.qa.falcondashboard.testscript.TC14_FailedTestCases"/>
      <class name="com.atmecs.qa.falcondashboard.testscript.TC15_SkippedTestCases"/>
    </classes>
  </test> <!-- SampleTest -->
</suite> <!-- FalconDemo-Sample-WIN_10_ie_3.150.1 -->
</td></tr>
<tr><td>INFO: New Suite Created with name: FalconDemo-Sample-WIN_10_ie_3.150.1</td></tr>
<tr><td><?xml version="1.0" encoding="UTF-8"?>
<!DOCTYPE suite SYSTEM "http://testng.org/testng-1.0.dtd">
<suite name="FalconDemo-Sample-WIN_10_ie_3.150.1">
  <parameter name="os" value="WIN"/>
  <parameter name="osVersion" value="10"/>
  <parameter name="browser" value="ie"/>
  <parameter name="browserVersion" value="3.150.1"/>
  <test thread-count="5" name="SampleTest">
    <classes>
      <class name="com.atmecs.qa.falcondashboard.testscript.TC05_ProductPage"/>
      <class name="com.atmecs.qa.falcondashboard.testscript.TC06_ProductMedium"/>
      <class name="com.atmecs.qa.falcondashboard.testscript.TC11_DownloadOption"/>
      <class name="com.atmecs.qa.falcondashboard.testscript.TC12_ExecutionDate"/>
    </classes>
  </test> <!-- SampleTest -->
</suite> <!-- FalconDemo-Sample-WIN_10_ie_3.150.1 -->
</td></tr>
<tr><td>INFO: New Suite Created with name: FalconDemo-Sample-WIN_10_ie_3.150.1</td></tr>
<tr><td><?xml version="1.0" encoding="UTF-8"?>
<!DOCTYPE suite SYSTEM "http://testng.org/testng-1.0.dtd">
<suite name="FalconDemo-Sample-WIN_10_ie_3.150.1">
  <parameter name="os" value="WIN"/>
  <parameter name="osVersion" value="10"/>
  <parameter name="browser" value="ie"/>
  <parameter name="browserVersion" value="3.150.1"/>
  <test thread-count="5" name="SampleTest">
    <classes>
      <class name="com.atmecs.qa.falcondashboard.testscript.TC17_RecentRuns"/>
      <class name="com.atmecs.qa.falcondashboard.testscript.TC18_ProductName"/>
      <class name="com.atmecs.qa.falcondashboard.testscript.TC19_ProductComponent"/>
      <class name="com.atmecs.qa.falcondashboard.testscript.TC21_PassPercentage"/>
      <class name="com.atmecs.qa.falcondashboard.testscript.TC22_DeleteOption"/>
      <class name="com.atmecs.qa.falcondashboard.testscript.TC35_LastRun"/>
    </classes>
  </test> <!-- SampleTest -->
</suite> <!-- FalconDemo-Sample-WIN_10_ie_3.150.1 -->
</td></tr>
<tr><td>INFO: New Suite Created with name: FalconDemo-Sample-WIN_10_ie_3.150.1</td></tr>
<tr><td><?xml version="1.0" encoding="UTF-8"?>
<!DOCTYPE suite SYSTEM "http://testng.org/testng-1.0.dtd">
<suite name="FalconDemo-Sample-WIN_10_ie_3.150.1">
  <parameter name="os" value="WIN"/>
  <parameter name="osVersion" value="10"/>
  <parameter name="browser" value="ie"/>
  <parameter name="browserVersion" value="3.150.1"/>
  <test thread-count="5" name="SampleTest">
    <classes>
      <class name="com.atmecs.qa.falcondashboard.testscript.TC20_FailTestCase"/>
      <class name="com.atmecs.qa.falcondashboard.testscript.TC25_StepsOfProduct"/>
    </classes>
  </test> <!-- SampleTest -->
</suite> <!-- FalconDemo-Sample-WIN_10_ie_3.150.1 -->
</td></tr>
<tr><td>INFO: New Suite Created with name: FalconDemo-Sample-WIN_10_ie_3.150.1</td></tr>
<tr><td><?xml version="1.0" encoding="UTF-8"?>
<!DOCTYPE suite SYSTEM "http://testng.org/testng-1.0.dtd">
<suite name="FalconDemo-Sample-WIN_10_ie_3.150.1">
  <parameter name="os" value="WIN"/>
  <parameter name="osVersion" value="10"/>
  <parameter name="browser" value="ie"/>
  <parameter name="browserVersion" value="3.150.1"/>
  <test thread-count="5" name="SampleTest">
    <classes>
      <class name="com.atmecs.qa.falcondashboard.testscript.TC26_ColorOfTotalTestCases"/>
      <class name="com.atmecs.qa.falcondashboard.testscript.TC27_TotalTestCases"/>
      <class name="com.atmecs.qa.falcondashboard.testscript.TC28_ColorOfPassTestCases"/>
      <class name="com.atmecs.qa.falcondashboard.testscript.TC29_PassedTestCases"/>
      <class name="com.atmecs.qa.falcondashboard.testscript.TC30_ColorOfFailedTestCases"/>
      <class name="com.atmecs.qa.falcondashboard.testscript.TC31_FailedTestCases"/>
      <class name="com.atmecs.qa.falcondashboard.testscript.TC32_ColorOfSkippedTestCases"/>
      <class name="com.atmecs.qa.falcondashboard.testscript.TC33_SkippedTestCases"/>
      <class name="com.atmecs.qa.falcondashboard.testscript.TC34_ViewPage"/>
    </classes>
  </test> <!-- SampleTest -->
</suite> <!-- FalconDemo-Sample-WIN_10_ie_3.150.1 -->
</td></tr>
<tr><td>Opening browser: chrome</td></tr>
<tr><td>Maximizing browser window</td></tr>
<tr><td>Maximizing browser window</td></tr>
<tr><td>Maximizing browser window</td></tr>
<tr><td>Successfully clicked on the product</td></tr>
<tr><td>PASS : Validting page url is same as expected or not  : ACTUAL : ATMECS - Falcon Test Repotrs 	EXPECTED :ATMECS - Falcon Test Repotrs</td></tr>
<tr><td>successfully validated page title</td></tr>
<tr><td>Successfully clicked on the product</td></tr>
<tr><td>PASS : Validating the text value : ACTUAL : Dashboard 	EXPECTED :Dashboard</td></tr>
<tr><td>Successfully validated the dashboard text</td></tr>
<tr><td>clicked on refresh option</td></tr>
<tr><td>PASS : Validating the text value : ACTUAL : FALCON 	EXPECTED :FALCON</td></tr>
<tr><td>Successfully validated falcon</td></tr>
<tr><td>Opening browser: chrome</td></tr>
<tr><td>Successfully selected customer dropdown</td></tr>
<tr><td>Successfully selected the customer option</td></tr>
<tr><td>Successfully selected dashboard option</td></tr>
<tr><td>Maximizing browser window</td></tr>
<tr><td>PASS : Validating the text value : ACTUAL : HeatClinic 	EXPECTED :HeatClinic</td></tr>
<tr><td>Successfully validated customer</td></tr>
<tr><td>Successfully selected module dropdown</td></tr>
<tr><td>Successfully selected the module option</td></tr>
<tr><td>Opening browser: chrome</td></tr>
<tr><td>Maximizing browser window</td></tr>
<tr><td>PASS : Validating the text value : ACTUAL : loginexcel 	EXPECTED :loginexcel</td></tr>
<tr><td>Successfully validated module</td></tr>
<tr><td>Successfully selected status dropdown</td></tr>
<tr><td>Successfully selected the status option</td></tr>
<tr><td>PASS : Validating the product names is same as expected or not : ACTUAL : UI WEB TEST RESULT,CucumberDemo,REST API TEST RESULT,HeatClinicCucumber,WebServices,FALCON,WebServicesDemo,FalconMobileDemo,ObjectExtractor,SampleFalconAPITest,Falcon,DotComUI_Mobile,MWB,MWB_iOS,JB_Native_App_iOS,Falcon2,Fal,MWB,FalconDemo41,CreditSightsMobile,CHS,CHS,HEATCLINIC RESULT,HEAT CLINIC RESULT,DotComUITablet,HRIS,HRIS_Cloud,HRIS_Local,Falcon,CreditSights,BrowserstackDemo,FalconSampleProj,DotComUITablet,GreyHealthGroup,FluorCorporation,AndroidDemoApp,MWBooking,AutomationDemoClient,APIAutomationDemoClient,APIAutomationClient,FLUOR,Atmecs,CHS,Atmecs,Atmecs,demo,CHS,Atmecs,CHS,TestMobileWeb,TestFalcon_runSessionId,swathi_signup account,Pooja_USAUTOPARTS,USAutoParts,USAutoParts_MUJ,TestMobileWeb_CnameDemo,IOSDemoApp,Mobile_Demo,TestDemoApp,UI BrowserStack Test Result,dbTesting 	EXPECTED :UI WEB TEST RESULT,CucumberDemo,REST API TEST RESULT,HeatClinicCucumber,WebServices,FALCON,WebServicesDemo,FalconMobileDemo,ObjectExtractor,SampleFalconAPITest,Falcon,DotComUI_Mobile,MWB,MWB_iOS,JB_Native_App_iOS,Falcon2,Fal,MWB,FalconDemo41,CreditSightsMobile,CHS,CHS,HEATCLINIC RESULT,HEAT CLINIC RESULT,DotComUITablet,HRIS,HRIS_Cloud,HRIS_Local,Falcon,CreditSights,BrowserstackDemo,FalconSampleProj,DotComUITablet,GreyHealthGroup,FluorCorporation,AndroidDemoApp,MWBooking,AutomationDemoClient,APIAutomationDemoClient,APIAutomationClient,FLUOR,Atmecs,CHS,Atmecs,Atmecs,demo,CHS,Atmecs,CHS,TestMobileWeb,TestFalcon_runSessionId,swathi_signup account,Pooja_USAUTOPARTS,USAutoParts,USAutoParts_MUJ,TestMobileWeb_CnameDemo,IOSDemoApp,Mobile_Demo,TestDemoApp,UI BrowserStack Test Result,dbTesting</td></tr>
<tr><td>Successfully valdated all the products</td></tr>
<tr><td>Successfully displayed the execution times</td></tr>
<tr><td>PASS : Validating the recent execution times of the products is same as expected or not : ACTUAL : 26 minutes ago,28 minutes ago,5 hours ago,1 day ago,68 days ago,76 days ago,78 days ago,83 days ago,231 days ago,244 days ago,244 days ago,246 days ago,265 days ago,270 days ago,271 days ago,272 days ago,278 days ago,280 days ago,287 days ago,293 days ago,293 days ago,301 days ago,377 days ago,384 days ago,399 days ago,407 days ago,407 days ago,412 days ago,428 days ago,468 days ago,474 days ago,502 days ago,554 days ago,620 days ago,629 days ago,634 days ago,636 days ago,636 days ago,636 days ago,657 days ago,663 days ago,663 days ago,692 days ago,732 days ago,733 days ago,769 days ago,775 days ago,791 days ago,791 days ago,792 days ago,796 days ago,825 days ago,827 days ago,833 days ago,841 days ago,852 days ago,866 days ago 	EXPECTED :26 minutes ago,28 minutes ago,5 hours ago,1 day ago,68 days ago,76 days ago,78 days ago,83 days ago,231 days ago,244 days ago,244 days ago,246 days ago,265 days ago,270 days ago,271 days ago,272 days ago,278 days ago,280 days ago,287 days ago,293 days ago,293 days ago,301 days ago,377 days ago,384 days ago,399 days ago,407 days ago,407 days ago,412 days ago,428 days ago,468 days ago,474 days ago,502 days ago,554 days ago,620 days ago,629 days ago,634 days ago,636 days ago,636 days ago,636 days ago,657 days ago,663 days ago,663 days ago,692 days ago,732 days ago,733 days ago,769 days ago,775 days ago,791 days ago,791 days ago,792 days ago,796 days ago,825 days ago,827 days ago,833 days ago,841 days ago,852 days ago,866 days ago</td></tr>
<tr><td>Successfully valdated all the recent execution times</td></tr>
<tr><td>PASS : Validating the text value : ACTUAL : Fail 	EXPECTED :Fail</td></tr>
<tr><td>Successfully validated status</td></tr>
<tr><td>Opening browser: chrome</td></tr>
<tr><td>Successfully clicked on the product</td></tr>
<tr><td>Successfully clicked on product</td></tr>
<tr><td>Opening browser: chrome</td></tr>
<tr><td>Maximizing browser window</td></tr>
<tr><td>Maximizing browser window</td></tr>
<tr><td>Successfully selected dashboard option</td></tr>
<tr><td>PASS : Validating the text value : ACTUAL : QA 	EXPECTED :QA</td></tr>
<tr><td>Successfully validated the environment</td></tr>
<tr><td>Successfully clicked on product</td></tr>
<tr><td>Opening browser: chrome</td></tr>
<tr><td>PASS : Validating the test cases of the products is same as expected or not : ACTUAL : 4,2,10,1,1,2,2,1,1,4,10,2,12,1,1,4,1,1,0,2,2,1,4,0,1,6,6,6,4,1,1,1,7,9,2,1,8,10,10,1,4,2,1,8,4,2,1,1,1,1,6,2,1,2,2,1,5 	EXPECTED :4,2,10,1,1,2,2,1,1,4,10,2,12,1,1,4,1,1,0,2,2,1,4,0,1,6,6,6,4,1,1,1,7,9,2,1,8,10,10,1,4,2,1,8,4,2,1,1,1,1,6,2,1,2,2,1,5</td></tr>
<tr><td>Successfully valdated all the test cases</td></tr>
<tr><td>Successfully mouse hovered the test cases</td></tr>
<tr><td>PASS : Validating the tooltip message is same as expected or not : ACTUAL : Total Test Cases 	EXPECTED :Total Test Cases</td></tr>
<tr><td>Successfully selected status dropdown</td></tr>
<tr><td>Successfully selected the status option</td></tr>
<tr><td>PASS : Validating the text value : ACTUAL : Pass 	EXPECTED :Pass</td></tr>
<tr><td>Successfully validated pass status</td></tr>
<tr><td>Maximizing browser window</td></tr>
<tr><td>Opening browser: chrome</td></tr>
<tr><td>Successfully validated the list of pass test cases</td></tr>
<tr><td>Maximizing browser window</td></tr>
<tr><td>Successfully clicked on the product</td></tr>
<tr><td>Opening browser: chrome</td></tr>
<tr><td>Maximizing browser window</td></tr>
<tr><td>Successfully mouse hovered the pass%trend</td></tr>
<tr><td>Successfully selected dashboard option</td></tr>
<tr><td>PASS : Validating the tooltip message is same as expected or not : ACTUAL : Pass % Trend 	EXPECTED :Pass % Trend</td></tr>
<tr><td>PASS : Validating the text value : ACTUAL : Regression 	EXPECTED :Regression</td></tr>
<tr><td>Successfully validated the test phase of the product</td></tr>
<tr><td>Successfully mouse hovered over the pass percent</td></tr>
<tr><td>Opening browser: chrome</td></tr>
<tr><td>Maximizing browser window</td></tr>
<tr><td>Successfully clicked on product</td></tr>
<tr><td>rgba(34, 34, 34, 1)</td></tr>
<tr><td>PASS : Validating the color of the pass percentage is same as expected or not : ACTUAL : rgba(34, 34, 34, 1) 	EXPECTED :rgba(34, 34, 34, 1)</td></tr>
<tr><td>Successfully validated the color of the pass percentage</td></tr>
<tr><td>Successfully selected status dropdown</td></tr>
<tr><td>Successfully selected the status option</td></tr>
<tr><td>Successfully mouse hovered over the fail percent and displayed the value</td></tr>
<tr><td>rgba(244, 67, 54, 1)</td></tr>
<tr><td>PASS : Validating the color of the fail percentage is same as expected or not : ACTUAL : rgba(244, 67, 54, 1) 	EXPECTED :rgba(244, 67, 54, 1)</td></tr>
<tr><td>Successfully validated the color of the fail percentage</td></tr>
<tr><td>Opening browser: chrome</td></tr>
<tr><td>Successfully clicked on product</td></tr>
<tr><td>Maximizing browser window</td></tr>
<tr><td>PASS : Validating the text value : ACTUAL : Fail 	EXPECTED :Fail</td></tr>
<tr><td>Successfully validated fail status</td></tr>
<tr><td>Successfully selected dashboard option</td></tr>
<tr><td>Successfully displayed the fail test cases</td></tr>
<tr><td>Successfully displayed the start time text</td></tr>
<tr><td>PASS : Validating the start time text of the product is same as expected or not : ACTUAL : Start Time 	EXPECTED :Start Time</td></tr>
<tr><td>Successfully validated the text</td></tr>
<tr><td>Opening browser: chrome</td></tr>
<tr><td>Successfully displayed day and date of product</td></tr>
<tr><td>PASS : Validating the start time of the product is same as expected or not : ACTUAL : Mar18,2020 	EXPECTED :Mar18,2020</td></tr>
<tr><td>Successfully validated the date</td></tr>
<tr><td>Opening browser: chrome</td></tr>
<tr><td>Maximizing browser window</td></tr>
<tr><td>Maximizing browser window</td></tr>
<tr><td>PASS : Validating the text value : ACTUAL : Dashboard 	EXPECTED :Dashboard</td></tr>
<tr><td>Successfully validated dashboard</td></tr>
<tr><td>PASS : Validating the text value : ACTUAL : Recent Runs 	EXPECTED :Recent Runs</td></tr>
<tr><td>Successfully validated recent runs</td></tr>
<tr><td>Successfully clicked on product</td></tr>
<tr><td>Successfully clicked on product</td></tr>
<tr><td>Successfully selected status dropdown</td></tr>
<tr><td>Successfully selected the status option</td></tr>
<tr><td>Successfully selected dashboard option</td></tr>
<tr><td>PASS : Validating the text value : ACTUAL : Recent Runs 	EXPECTED :Recent Runs</td></tr>
<tr><td>Successfully validated recentruns</td></tr>
<tr><td>PASS : Validating the text value : ACTUAL : Reports 	EXPECTED :Reports</td></tr>
<tr><td>Successfully validated recent runs panel title</td></tr>
<tr><td>PASS : Validating the text value : ACTUAL : View 	EXPECTED :View</td></tr>
<tr><td>Successfully validated View</td></tr>
<tr><td>PASS : Validating the text value : ACTUAL : Skip 	EXPECTED :Skip</td></tr>
<tr><td>Successfully validated skip status</td></tr>
<tr><td>End Time</td></tr>
<tr><td>Successfully displayed the end time text</td></tr>
<tr><td>PASS : Validating the end time text  of the product is same as expected or not : ACTUAL : End Time 	EXPECTED :End Time</td></tr>
<tr><td>Successfully validated the text</td></tr>
<tr><td>Successfully displayed day and date of product</td></tr>
<tr><td>PASS : Validating the end time of the product is same as expected or not : ACTUAL : Mar18,2020 	EXPECTED :Mar18,2020</td></tr>
<tr><td>Successfully validated the date</td></tr>
<tr><td>Opening browser: chrome</td></tr>
<tr><td>PASS : Validating the text value : ACTUAL : Tests 	EXPECTED :Tests</td></tr>
<tr><td>Successfully validated panelview</td></tr>
<tr><td>Maximizing browser window</td></tr>
<tr><td>Successfully displayed the failed test cases</td></tr>
<tr><td>Opening browser: chrome</td></tr>
<tr><td>PASS : Validating the text value : ACTUAL : Product Snapshot 	EXPECTED :Product Snapshot</td></tr>
<tr><td>Successfully validated product snapshot</td></tr>
<tr><td>Maximizing browser window</td></tr>
<tr><td>Opening browser: chrome</td></tr>
<tr><td>PASS : Validating the text value : ACTUAL : UI WEB TEST RESULT 	EXPECTED :UI WEB TEST RESULT</td></tr>
<tr><td>Successfully validated product</td></tr>
<tr><td>Successfully clicked on the product</td></tr>
<tr><td>Maximizing browser window</td></tr>
<tr><td>Successfully clicked on recent runs</td></tr>
<tr><td>PASS : Validating the text value : ACTUAL : Tests 	EXPECTED :Tests</td></tr>
<tr><td>Successfully validated panel title</td></tr>
<tr><td>PASS : Validating the test cases of the product is same as expected or not : ACTUAL : invalidLogin 12 Sec Fail,register 7 Sec Pass,traverseTheLinks 20 Sec Pass,validLogin 33 Sec Pass 	EXPECTED :invalidLogin 12 Sec Fail,register 7 Sec Pass,traverseTheLinks 20 Sec Pass,validLogin 33 Sec Pass</td></tr>
<tr><td>Successfully valdated all the test cases</td></tr>
<tr><td>Successfully selected dashboard option</td></tr>
<tr><td>Opening browser: chrome</td></tr>
<tr><td>PASS : Validating the text value : ACTUAL : Dashboard 	EXPECTED :Dashboard</td></tr>
<tr><td>Successfully validated dashboard text</td></tr>
<tr><td>Maximizing browser window</td></tr>
<tr><td>PASS : Validating the text value : ACTUAL : Recent Runs 	EXPECTED :Recent Runs</td></tr>
<tr><td>Successfully validated recentruns</td></tr>
<tr><td>PASS : Validating the text value : ACTUAL : Reports 	EXPECTED :Reports</td></tr>
<tr><td>Successfully validated reports</td></tr>
<tr><td>PASS : Validating the text value : ACTUAL : Product Name 	EXPECTED :Product Name</td></tr>
<tr><td>Successfully validated product name</td></tr>
<tr><td>PASS : Validating the text value : ACTUAL : Component 	EXPECTED :Component</td></tr>
<tr><td>Successfully validated the component text</td></tr>
<tr><td>PASS : Validating the text value : ACTUAL : Testcases # 	EXPECTED :Testcases #</td></tr>
<tr><td>Successfully validated textcases with # symbol</td></tr>
<tr><td>PASS : Validating the text value : ACTUAL : Pass % 	EXPECTED :Pass %</td></tr>
<tr><td>Successfully validated the passpercent with % symbol</td></tr>
<tr><td>PASS : Validating the text value : ACTUAL : Last Run 	EXPECTED :Last Run</td></tr>
<tr><td>Successfully validated lastruns</td></tr>
<tr><td>Opening browser: chrome</td></tr>
<tr><td>Successfully clicked on the refresh option</td></tr>
<tr><td>Maximizing browser window</td></tr>
<tr><td>Successfully clicked on product</td></tr>
<tr><td>Successfully displayed day and date of product</td></tr>
<tr><td>Successfully displayed medium of product</td></tr>
<tr><td>PASS : Validating the medium of the product is same as expected or not : ACTUAL :  WEB  	EXPECTED : WEB </td></tr>
<tr><td>Successfully validated the medium of the product</td></tr>
<tr><td>Opening browser: chrome</td></tr>
<tr><td>Opening browser: chrome</td></tr>
<tr><td>Maximizing browser window</td></tr>
<tr><td>Maximizing browser window</td></tr>
<tr><td>Successfully clicked on the recent runs</td></tr>
<tr><td>Successfully clicked on product snapshot bar</td></tr>
<tr><td>PASS : Validating the text value : ACTUAL : Product Snapshot 	EXPECTED :Product Snapshot</td></tr>
<tr><td>Successfully validated product snapshot</td></tr>
<tr><td>PASS : Validating the text value : ACTUAL : Product Name 	EXPECTED :Product Name</td></tr>
<tr><td>Successfully validated the product name</td></tr>
<tr><td>Succesfully clicked on the product</td></tr>
<tr><td>Successfully clicked on the product</td></tr>
<tr><td>Opening browser: chrome</td></tr>
<tr><td>Opening browser: chrome</td></tr>
<tr><td>Maximizing browser window</td></tr>
<tr><td>Maximizing browser window</td></tr>
<tr><td>Clicked on download option</td></tr>
<tr><td>PASS : Validating the download message of the product is same as expected or not : ACTUAL : Download 	EXPECTED :Download</td></tr>
<tr><td>Sucessfully validated the tooltip message</td></tr>
<tr><td>Successfully clicked on the expand button</td></tr>
<tr><td>PASS : Validating the text value : ACTUAL : Dashboard 	EXPECTED :Dashboard</td></tr>
<tr><td>clicked on refresh option</td></tr>
<tr><td>Successfully validated dashboard text</td></tr>
<tr><td>PASS : Validating the text value : ACTUAL : FALCON 	EXPECTED :FALCON</td></tr>
<tr><td>Successfully validated falcon</td></tr>
<tr><td>Successfully clicked on recent runs</td></tr>
<tr><td>Opening browser: chrome</td></tr>
<tr><td>Maximizing browser window</td></tr>
<tr><td>Successfully clicked on the expand button</td></tr>
<tr><td>Successfully clicked on component</td></tr>
<tr><td>PASS : Validating the text value : ACTUAL : Component 	EXPECTED :Component</td></tr>
<tr><td>Successfully validated component text</td></tr>
<tr><td>Successfully clicked on component</td></tr>
<tr><td>Opening browser: chrome</td></tr>
<tr><td>Opening browser: chrome</td></tr>
<tr><td>Maximizing browser window</td></tr>
<tr><td>Successfully clicked on product</td></tr>
<tr><td>Maximizing browser window</td></tr>
<tr><td>Successfully displayed day and date of product</td></tr>
<tr><td>PASS : Validating the date of the product is same as expected or not : ACTUAL : Mar18,2020 	EXPECTED :Mar18,2020</td></tr>
<tr><td>Successfully validated the date</td></tr>
<tr><td>Successfully clicked on product</td></tr>
<tr><td>Successfully clicked on the recent runs</td></tr>
<tr><td>Opening browser: chrome</td></tr>
<tr><td>Maximizing browser window</td></tr>
<tr><td>Successfully selected status dropdown</td></tr>
<tr><td>Successfully selected the status option</td></tr>
<tr><td>PASS : Validating the text value : ACTUAL : Pass % 	EXPECTED :Pass %</td></tr>
<tr><td>Successfully validated the pass percent</td></tr>
<tr><td>Successfully clicked on the pass percentage</td></tr>
<tr><td>Opening browser: chrome</td></tr>
<tr><td>PASS : Validating the text value : ACTUAL : Fail 	EXPECTED :Fail</td></tr>
<tr><td>Successfully validated status</td></tr>
<tr><td>Successfully clicked on test case</td></tr>
<tr><td>Maximizing browser window</td></tr>
<tr><td>Successfully clicked on product</td></tr>
<tr><td>PASS : Validating the text value : ACTUAL : Steps - invalidLogin 	EXPECTED :Steps - invalidLogin</td></tr>
<tr><td>Successfully validated paneltitle</td></tr>
<tr><td>Successfully selected dashboard option</td></tr>
<tr><td>Successfully clicked on recent runs</td></tr>
<tr><td>PASS : Validating the color of total test cases box is same as expected is same or not : ACTUAL : rgba(103, 58, 183, 1) 	EXPECTED :rgba(103, 58, 183, 1)</td></tr>
<tr><td>Successfully validated the color of the total  test cases box</td></tr>
<tr><td>Opening browser: chrome</td></tr>
<tr><td>Successfully mouse hovered over the delete option</td></tr>
<tr><td>PASS : Validating the delete run message is same as expected or not : ACTUAL : Delete Run 	EXPECTED :Delete Run</td></tr>
<tr><td>Opening browser: chrome</td></tr>
<tr><td>Maximizing browser window</td></tr>
<tr><td>PASS : Validating the text value : ACTUAL : org.openqa.selenium.TimeoutException: Timed out after 10 seconds waiting for visibility of element located by By.xpath: //a[@class='my-account'] Build info: version: '2.53.1', revision: 'a36b8b1cd5757287168e54b817830adce9b0158d', time: '2016-06-30 19:26:09' System info: host: 'ubuntu-virtual-machine', ip: '127.0.1.1', os.name: 'Linux', os.arch: 'amd64', os.version: '4.15.0-34-generic', java.version: '1.8.0_144' Driver info: org.openqa.selenium.chrome.ChromeDriver Capabilities [{applicationCacheEnabled=false, rotatable=false, mobileEmulationEnabled=false, networkConnectionEnabled=false, chrome={chromedriverVersion=2.40.565383 (76257d1ab79276b2d53ee976b2c3e3b9f335cde7), userDataDir=/tmp/.org.chromium.Chromium.d5P0Rs}, takesHeapSnapshot=true, pageLoadStrategy=normal, databaseEnabled=false, handlesAlerts=true, hasTouchScreen=false, version=69.0.3497.100, platform=LINUX, browserConnectionEnabled=false, nativeEvents=true, acceptSslCerts=false, acceptInsecureCerts=false, locationContextEnabled=true, webStorageEnabled=true, browserName=chrome, takesScreenshot=true, javascriptEnabled=true, cssSelectorsEnabled=true, setWindowRect=true, unexpectedAlertBehaviour=}] Session ID: df31d84851c2efc58ae36c2ddaab8500 at org.openqa.selenium.support.ui.WebDriverWait.timeoutException(WebDriverWait.java:80) at org.openqa.selenium.support.ui.FluentWait.until(FluentWait.java:261) at com.atmecs.falcon.automation.ui.selenium.WaitElement.waitFor(WaitElement.java:90) at com.atmecs.testscript.LoginInvalidTestScript.accountLogin(LoginInvalidTestScript.java:86) at com.atmecs.testscript.LoginInvalidTestScript.invalidLogin(LoginInvalidTestScript.java:67) at sun.reflect.NativeMethodAccessorImpl.invoke0(Native Method) at sun.reflect.NativeMethodAccessorImpl.invoke(NativeMethodAccessorImpl.java:62) at sun.reflect.DelegatingMethodAccessorImpl.invoke(DelegatingMethodAccessorImpl.java:43) at java.lang.reflect.Method.invoke(Method.java:498) at org.testng.internal.MethodInvocationHelper.invokeMethod(MethodInvocationHelper.java:85) at org.testng.internal.Invoker.invokeMethod(Invoker.java:639) at org.testng.internal.Invoker.invokeTestMethod(Invoker.java:816) at org.testng.internal.Invoker.invokeTestMethods(Invoker.java:1124) at org.testng.internal.TestMethodWorker.invokeTestMethods(TestMethodWorker.java:125) at org.testng.internal.TestMethodWorker.run(TestMethodWorker.java:108) at org.testng.TestRunner.privateRun(TestRunner.java:774) at org.testng.TestRunner.run(TestRunner.java:624) at org.testng.SuiteRunner.runTest(SuiteRunner.java:359) at org.testng.SuiteRunner.runSequentially(SuiteRunner.java:354) at org.testng.SuiteRunner.privateRun(SuiteRunner.java:312) at org.testng.SuiteRunner.run(SuiteRunner.java:261) at org.testng.SuiteRunnerWorker.runSuite(SuiteRunnerWorker.java:52) at org.testng.SuiteRunnerWorker.run(SuiteRunnerWorker.java:86) at org.testng.TestNG.runSuitesSequentially(TestNG.java:1215) at org.testng.TestNG.runSuitesLocally(TestNG.java:1140) at org.testng.TestNG.run(TestNG.java:1048) at com.atmecs.runner.TestNGRunner.main(TestNGRunner.java:74) at sun.reflect.NativeMethodAccessorImpl.invoke0(Native Method) at sun.reflect.NativeMethodAccessorImpl.invoke(NativeMethodAccessorImpl.java:62) at sun.reflect.DelegatingMethodAccessorImpl.invoke(DelegatingMethodAccessorImpl.java:43) at java.lang.reflect.Method.invoke(Method.java:498) at org.codehaus.mojo.exec.ExecJavaMojo$1.run(ExecJavaMojo.java:293) at java.lang.Thread.run(Thread.java:748) Caused by: org.openqa.selenium.NoSuchElementException: no such element: Unable to locate element: {"method":"xpath","selector":"//a[@class='my-account']"} (Session info: chrome=69.0.3497.100) (Driver info: chromedriver=2.40.565383 (76257d1ab79276b2d53ee976b2c3e3b9f335cde7),platform=Linux 4.15.0-34-generic x86_64) (WARNING: The server did not provide any stacktrace information) Command duration or timeout: 11 milliseconds For documentation on this error, please visit: http://seleniumhq.org/exceptions/no_such_element.html Build info: version: '2.53.1', revision: 'a36b8b1cd5757287168e54b817830adce9b0158d', time: '2016-06-30 19:26:09' System info: host: 'ubuntu-virtual-machine', ip: '127.0.1.1', os.name: 'Linux', os.arch: 'amd64', os.version: '4.15.0-34-generic', java.version: '1.8.0_144' Driver info: org.openqa.selenium.chrome.ChromeDriver Capabilities [{applicationCacheEnabled=false, rotatable=false, mobileEmulationEnabled=false, networkConnectionEnabled=false, chrome={chromedriverVersion=2.40.565383 (76257d1ab79276b2d53ee976b2c3e3b9f335cde7), userDataDir=/tmp/.org.chromium.Chromium.d5P0Rs}, takesHeapSnapshot=true, pageLoadStrategy=normal, databaseEnabled=false, handlesAlerts=true, hasTouchScreen=false, version=69.0.3497.100, platform=LINUX, browserConnectionEnabled=false, nativeEvents=true, acceptSslCerts=false, acceptInsecureCerts=false, locationContextEnabled=true, webStorageEnabled=true, browserName=chrome, takesScreenshot=true, javascriptEnabled=true, cssSelectorsEnabled=true, setWindowRect=true, unexpectedAlertBehaviour=}] Session ID: df31d84851c2efc58ae36c2ddaab8500 *** Element info: {Using=xpath, value=//a[@class='my-account']} at sun.reflect.GeneratedConstructorAccessor32.newInstance(Unknown Source) at sun.reflect.DelegatingConstructorAccessorImpl.newInstance(DelegatingConstructorAccessorImpl.java:45) at java.lang.reflect.Constructor.newInstance(Constructor.java:423) at org.openqa.selenium.remote.ErrorHandler.createThrowable(ErrorHandler.java:206) at org.openqa.selenium.remote.ErrorHandler.throwIfResponseFailed(ErrorHandler.java:158) at org.openqa.selenium.remote.RemoteWebDriver.execute(RemoteWebDriver.java:678) at org.openqa.selenium.remote.RemoteWebDriver.findElement(RemoteWebDriver.java:363) at org.openqa.selenium.remote.RemoteWebDriver.findElementByXPath(RemoteWebDriver.java:500) at org.openqa.selenium.By$ByXPath.findElement(By.java:361) at org.openqa.selenium.remote.RemoteWebDriver.findElement(RemoteWebDriver.java:355) at org.openqa.selenium.support.ui.ExpectedConditions.findElement(ExpectedConditions.java:899) at org.openqa.selenium.support.ui.ExpectedConditions.access$000(ExpectedConditions.java:41) at org.openqa.selenium.support.ui.ExpectedConditions$7.apply(ExpectedConditions.java:205) at org.openqa.selenium.support.ui.ExpectedConditions$7.apply(ExpectedConditions.java:201) at org.openqa.selenium.support.ui.FluentWait.until(FluentWait.java:238) ... 31 more 	EXPECTED :org.openqa.selenium.TimeoutException: Timed out after 10 seconds waiting for visibility of element located by By.xpath: //a[@class='my-account'] Build info: version: '2.53.1', revision: 'a36b8b1cd5757287168e54b817830adce9b0158d', time: '2016-06-30 19:26:09' System info: host: 'ubuntu-virtual-machine', ip: '127.0.1.1', os.name: 'Linux', os.arch: 'amd64', os.version: '4.15.0-34-generic', java.version: '1.8.0_144' Driver info: org.openqa.selenium.chrome.ChromeDriver Capabilities [{applicationCacheEnabled=false, rotatable=false, mobileEmulationEnabled=false, networkConnectionEnabled=false, chrome={chromedriverVersion=2.40.565383 (76257d1ab79276b2d53ee976b2c3e3b9f335cde7), userDataDir=/tmp/.org.chromium.Chromium.d5P0Rs}, takesHeapSnapshot=true, pageLoadStrategy=normal, databaseEnabled=false, handlesAlerts=true, hasTouchScreen=false, version=69.0.3497.100, platform=LINUX, browserConnectionEnabled=false, nativeEvents=true, acceptSslCerts=false, acceptInsecureCerts=false, locationContextEnabled=true, webStorageEnabled=true, browserName=chrome, takesScreenshot=true, javascriptEnabled=true, cssSelectorsEnabled=true, setWindowRect=true, unexpectedAlertBehaviour=}] Session ID: df31d84851c2efc58ae36c2ddaab8500 at org.openqa.selenium.support.ui.WebDriverWait.timeoutException(WebDriverWait.java:80) at org.openqa.selenium.support.ui.FluentWait.until(FluentWait.java:261) at com.atmecs.falcon.automation.ui.selenium.WaitElement.waitFor(WaitElement.java:90) at com.atmecs.testscript.LoginInvalidTestScript.accountLogin(LoginInvalidTestScript.java:86) at com.atmecs.testscript.LoginInvalidTestScript.invalidLogin(LoginInvalidTestScript.java:67) at sun.reflect.NativeMethodAccessorImpl.invoke0(Native Method) at sun.reflect.NativeMethodAccessorImpl.invoke(NativeMethodAccessorImpl.java:62) at sun.reflect.DelegatingMethodAccessorImpl.invoke(DelegatingMethodAccessorImpl.java:43) at java.lang.reflect.Method.invoke(Method.java:498) at org.testng.internal.MethodInvocationHelper.invokeMethod(MethodInvocationHelper.java:85) at org.testng.internal.Invoker.invokeMethod(Invoker.java:639) at org.testng.internal.Invoker.invokeTestMethod(Invoker.java:816) at org.testng.internal.Invoker.invokeTestMethods(Invoker.java:1124) at org.testng.internal.TestMethodWorker.invokeTestMethods(TestMethodWorker.java:125) at org.testng.internal.TestMethodWorker.run(TestMethodWorker.java:108) at org.testng.TestRunner.privateRun(TestRunner.java:774) at org.testng.TestRunner.run(TestRunner.java:624) at org.testng.SuiteRunner.runTest(SuiteRunner.java:359) at org.testng.SuiteRunner.runSequentially(SuiteRunner.java:354) at org.testng.SuiteRunner.privateRun(SuiteRunner.java:312) at org.testng.SuiteRunner.run(SuiteRunner.java:261) at org.testng.SuiteRunnerWorker.runSuite(SuiteRunnerWorker.java:52) at org.testng.SuiteRunnerWorker.run(SuiteRunnerWorker.java:86) at org.testng.TestNG.runSuitesSequentially(TestNG.java:1215) at org.testng.TestNG.runSuitesLocally(TestNG.java:1140) at org.testng.TestNG.run(TestNG.java:1048) at com.atmecs.runner.TestNGRunner.main(TestNGRunner.java:74) at sun.reflect.NativeMethodAccessorImpl.invoke0(Native Method) at sun.reflect.NativeMethodAccessorImpl.invoke(NativeMethodAccessorImpl.java:62) at sun.reflect.DelegatingMethodAccessorImpl.invoke(DelegatingMethodAccessorImpl.java:43) at java.lang.reflect.Method.invoke(Method.java:498) at org.codehaus.mojo.exec.ExecJavaMojo$1.run(ExecJavaMojo.java:293) at java.lang.Thread.run(Thread.java:748) Caused by: org.openqa.selenium.NoSuchElementException: no such element: Unable to locate element: {"method":"xpath","selector":"//a[@class='my-account']"} (Session info: chrome=69.0.3497.100) (Driver info: chromedriver=2.40.565383 (76257d1ab79276b2d53ee976b2c3e3b9f335cde7),platform=Linux 4.15.0-34-generic x86_64) (WARNING: The server did not provide any stacktrace information) Command duration or timeout: 11 milliseconds For documentation on this error, please visit: http://seleniumhq.org/exceptions/no_such_element.html Build info: version: '2.53.1', revision: 'a36b8b1cd5757287168e54b817830adce9b0158d', time: '2016-06-30 19:26:09' System info: host: 'ubuntu-virtual-machine', ip: '127.0.1.1', os.name: 'Linux', os.arch: 'amd64', os.version: '4.15.0-34-generic', java.version: '1.8.0_144' Driver info: org.openqa.selenium.chrome.ChromeDriver Capabilities [{applicationCacheEnabled=false, rotatable=false, mobileEmulationEnabled=false, networkConnectionEnabled=false, chrome={chromedriverVersion=2.40.565383 (76257d1ab79276b2d53ee976b2c3e3b9f335cde7), userDataDir=/tmp/.org.chromium.Chromium.d5P0Rs}, takesHeapSnapshot=true, pageLoadStrategy=normal, databaseEnabled=false, handlesAlerts=true, hasTouchScreen=false, version=69.0.3497.100, platform=LINUX, browserConnectionEnabled=false, nativeEvents=true, acceptSslCerts=false, acceptInsecureCerts=false, locationContextEnabled=true, webStorageEnabled=true, browserName=chrome, takesScreenshot=true, javascriptEnabled=true, cssSelectorsEnabled=true, setWindowRect=true, unexpectedAlertBehaviour=}] Session ID: df31d84851c2efc58ae36c2ddaab8500 *** Element info: {Using=xpath, value=//a[@class='my-account']} at sun.reflect.GeneratedConstructorAccessor32.newInstance(Unknown Source) at sun.reflect.DelegatingConstructorAccessorImpl.newInstance(DelegatingConstructorAccessorImpl.java:45) at java.lang.reflect.Constructor.newInstance(Constructor.java:423) at org.openqa.selenium.remote.ErrorHandler.createThrowable(ErrorHandler.java:206) at org.openqa.selenium.remote.ErrorHandler.throwIfResponseFailed(ErrorHandler.java:158) at org.openqa.selenium.remote.RemoteWebDriver.execute(RemoteWebDriver.java:678) at org.openqa.selenium.remote.RemoteWebDriver.findElement(RemoteWebDriver.java:363) at org.openqa.selenium.remote.RemoteWebDriver.findElementByXPath(RemoteWebDriver.java:500) at org.openqa.selenium.By$ByXPath.findElement(By.java:361) at org.openqa.selenium.remote.RemoteWebDriver.findElement(RemoteWebDriver.java:355) at org.openqa.selenium.support.ui.ExpectedConditions.findElement(ExpectedConditions.java:899) at org.openqa.selenium.support.ui.ExpectedConditions.access$000(ExpectedConditions.java:41) at org.openqa.selenium.support.ui.ExpectedConditions$7.apply(ExpectedConditions.java:205) at org.openqa.selenium.support.ui.ExpectedConditions$7.apply(ExpectedConditions.java:201) at org.openqa.selenium.support.ui.FluentWait.until(FluentWait.java:238) ... 31 more</td></tr>
<tr><td>Successfully validated error message</td></tr>
<tr><td>Maximizing browser window</td></tr>
<tr><td>Opening browser: chrome</td></tr>
<tr><td>Maximizing browser window</td></tr>
<tr><td>Successfully clicked on product</td></tr>
<tr><td>Successfully clicked on the recent runs</td></tr>
<tr><td>Successfully clicked dashboard slider</td></tr>
<tr><td>Successfully clicked on the product</td></tr>
<tr><td>PASS : Validating the text value : ACTUAL : Last Run 	EXPECTED :Last Run</td></tr>
<tr><td>Successfully validated the last run</td></tr>
<tr><td>Successfully clicked on the last runs</td></tr>
<tr><td>Opening browser: firefox</td></tr>
<tr><td>Successfully clicked total test cases</td></tr>
<tr><td>Successfully selected status dropdown</td></tr>
<tr><td>Successfully selected the status option</td></tr>
<tr><td>Maximizing browser window</td></tr>
<tr><td>PASS : Validating the text value : ACTUAL : 4 TEST(S) 	EXPECTED :4 TEST(S)</td></tr>
<tr><td>Successfully validated test cases</td></tr>
<tr><td>Successfully selected the testcase</td></tr>
<tr><td>PASS : Validting page url is same as expected or not  : ACTUAL : ATMECS - Falcon Test Repotrs 	EXPECTED :ATMECS - Falcon Test Repotrs</td></tr>
<tr><td>successfully validated page title</td></tr>
<tr><td>PASS : Validating the text value : ACTUAL : Dashboard 	EXPECTED :Dashboard</td></tr>
<tr><td>Successfully validated the dashboard text</td></tr>
<tr><td>clicked on refresh option</td></tr>
<tr><td>PASS : Validating the text value : ACTUAL : FALCON 	EXPECTED :FALCON</td></tr>
<tr><td>Successfully validated falcon</td></tr>
<tr><td>Opening browser: firefox</td></tr>
<tr><td>PASS : Validating the text value : ACTUAL : RUN IN - 1 min 	EXPECTED :RUN IN - 1 min</td></tr>
<tr><td>Successfully validated the run time</td></tr>
<tr><td>Maximizing browser window</td></tr>
<tr><td>PASS : Validating the text value : ACTUAL : Status 	EXPECTED :Status</td></tr>
<tr><td>Successfully validated Status option</td></tr>
<tr><td>PASS : Validating the text value : ACTUAL : Details 	EXPECTED :Details</td></tr>
<tr><td>Successfully validated Details option</td></tr>
<tr><td>PASS : Validating the text value : ACTUAL : Executing test case 	EXPECTED :Executing test case</td></tr>
<tr><td>Successfully validated the test case</td></tr>
<tr><td>PASS : Validating the text value : ACTUAL : Clicking Register link 	EXPECTED :Clicking Register link</td></tr>
<tr><td>Successfully validated Request Body</td></tr>
<tr><td>Opening browser: chrome</td></tr>
<tr><td>Opening browser: firefox</td></tr>
<tr><td>Maximizing browser window</td></tr>
<tr><td>Maximizing browser window</td></tr>
<tr><td>PASS : Validating the product names is same as expected or not : ACTUAL : UI WEB TEST RESULT,CucumberDemo,REST API TEST RESULT,HeatClinicCucumber,WebServices,FALCON,WebServicesDemo,FalconMobileDemo,ObjectExtractor,SampleFalconAPITest,Falcon,DotComUI_Mobile,MWB,MWB_iOS,JB_Native_App_iOS,Falcon2,Fal,MWB,FalconDemo41,CreditSightsMobile,CHS,CHS,HEATCLINIC RESULT,HEAT CLINIC RESULT,DotComUITablet,HRIS,HRIS_Cloud,HRIS_Local,Falcon,CreditSights,BrowserstackDemo,FalconSampleProj,DotComUITablet,GreyHealthGroup,FluorCorporation,AndroidDemoApp,MWBooking,AutomationDemoClient,APIAutomationDemoClient,APIAutomationClient,FLUOR,Atmecs,CHS,Atmecs,Atmecs,demo,CHS,Atmecs,CHS,TestMobileWeb,TestFalcon_runSessionId,swathi_signup account,Pooja_USAUTOPARTS,USAutoParts,USAutoParts_MUJ,TestMobileWeb_CnameDemo,IOSDemoApp,Mobile_Demo,TestDemoApp,UI BrowserStack Test Result,dbTesting 	EXPECTED :UI WEB TEST RESULT,CucumberDemo,REST API TEST RESULT,HeatClinicCucumber,WebServices,FALCON,WebServicesDemo,FalconMobileDemo,ObjectExtractor,SampleFalconAPITest,Falcon,DotComUI_Mobile,MWB,MWB_iOS,JB_Native_App_iOS,Falcon2,Fal,MWB,FalconDemo41,CreditSightsMobile,CHS,CHS,HEATCLINIC RESULT,HEAT CLINIC RESULT,DotComUITablet,HRIS,HRIS_Cloud,HRIS_Local,Falcon,CreditSights,BrowserstackDemo,FalconSampleProj,DotComUITablet,GreyHealthGroup,FluorCorporation,AndroidDemoApp,MWBooking,AutomationDemoClient,APIAutomationDemoClient,APIAutomationClient,FLUOR,Atmecs,CHS,Atmecs,Atmecs,demo,CHS,Atmecs,CHS,TestMobileWeb,TestFalcon_runSessionId,swathi_signup account,Pooja_USAUTOPARTS,USAutoParts,USAutoParts_MUJ,TestMobileWeb_CnameDemo,IOSDemoApp,Mobile_Demo,TestDemoApp,UI BrowserStack Test Result,dbTesting</td></tr>
<tr><td>Successfully valdated all the products</td></tr>
<tr><td>Successfully displayed the execution times</td></tr>
<tr><td>PASS : Validating the recent execution times of the products is same as expected or not : ACTUAL : 38 minutes ago,39 minutes ago,5 hours ago,1 day ago,68 days ago,76 days ago,78 days ago,83 days ago,231 days ago,244 days ago,244 days ago,246 days ago,265 days ago,270 days ago,271 days ago,272 days ago,278 days ago,280 days ago,287 days ago,293 days ago,293 days ago,301 days ago,377 days ago,384 days ago,399 days ago,407 days ago,407 days ago,412 days ago,428 days ago,468 days ago,474 days ago,502 days ago,554 days ago,620 days ago,629 days ago,634 days ago,636 days ago,636 days ago,636 days ago,657 days ago,663 days ago,663 days ago,692 days ago,733 days ago,733 days ago,769 days ago,775 days ago,791 days ago,791 days ago,792 days ago,796 days ago,825 days ago,827 days ago,833 days ago,841 days ago,852 days ago,866 days ago 	EXPECTED :38 minutes ago,39 minutes ago,5 hours ago,1 day ago,68 days ago,76 days ago,78 days ago,83 days ago,231 days ago,244 days ago,244 days ago,246 days ago,265 days ago,270 days ago,271 days ago,272 days ago,278 days ago,280 days ago,287 days ago,293 days ago,293 days ago,301 days ago,377 days ago,384 days ago,399 days ago,407 days ago,407 days ago,412 days ago,428 days ago,468 days ago,474 days ago,502 days ago,554 days ago,620 days ago,629 days ago,634 days ago,636 days ago,636 days ago,636 days ago,657 days ago,663 days ago,663 days ago,692 days ago,733 days ago,733 days ago,769 days ago,775 days ago,791 days ago,791 days ago,792 days ago,796 days ago,825 days ago,827 days ago,833 days ago,841 days ago,852 days ago,866 days ago</td></tr>
<tr><td>Successfully valdated all the recent execution times</td></tr>
<tr><td>Successfully clicked on the product</td></tr>
<tr><td>Successfully clicked on product</td></tr>
<tr><td>Successfully clicked on product</td></tr>
<tr><td>Opening browser: firefox</td></tr>
<tr><td>Successfully selected dashboard option</td></tr>
<tr><td>Successfully selected dashboard option</td></tr>
<tr><td>Maximizing browser window</td></tr>
<tr><td>PASS : Validating the color of the pass test cases is same as expected or not : ACTUAL : rgba(0, 150, 136, 1) 	EXPECTED :rgba(0, 150, 136, 1)</td></tr>
<tr><td>Successfully validated the color of the pass  test cases box</td></tr>
<tr><td>Opening browser: firefox</td></tr>
<tr><td>PASS : Validating the test cases of the products is same as expected or not : ACTUAL : 4,2,10,1,1,2,2,1,1,4,10,2,12,1,1,4,1,1,0,2,2,1,4,0,1,6,6,6,4,1,1,1,7,9,2,1,8,10,10,1,4,2,1,8,4,2,1,1,1,1,6,2,1,2,2,1,5 	EXPECTED :4,2,10,1,1,2,2,1,1,4,10,2,12,1,1,4,1,1,0,2,2,1,4,0,1,6,6,6,4,1,1,1,7,9,2,1,8,10,10,1,4,2,1,8,4,2,1,1,1,1,6,2,1,2,2,1,5</td></tr>
<tr><td>Successfully valdated all the test cases</td></tr>
<tr><td>Successfully mouse hovered the test cases</td></tr>
<tr><td>PASS : Validating the tooltip message is same as expected or not : ACTUAL :  	EXPECTED :</td></tr>
<tr><td>Opening browser: chrome</td></tr>
<tr><td>Maximizing browser window</td></tr>
<tr><td>Maximizing browser window</td></tr>
<tr><td>Successfully clicked on the product</td></tr>
<tr><td>Opening browser: firefox</td></tr>
<tr><td>Maximizing browser window</td></tr>
<tr><td>Successfully clicked on product</td></tr>
<tr><td>Successfully selected dashboard option</td></tr>
<tr><td>PASS : Validating the text value : ACTUAL : QA 	EXPECTED :QA</td></tr>
<tr><td>Successfully validated the environment</td></tr>
<tr><td>Successfully mouse hovered the pass%trend</td></tr>
<tr><td>PASS : Validating the tooltip message is same as expected or not : ACTUAL :  	EXPECTED :</td></tr>
<tr><td>Successfully mouse hovered over the pass percent</td></tr>
<tr><td>Successfully clicked dashboard slider</td></tr>
<tr><td>Opening browser: firefox</td></tr>
<tr><td>Maximizing browser window</td></tr>
<tr><td>rgb(34, 34, 34)</td></tr>
<tr><td>PASS : Validating the color of the pass percentage is same as expected or not : ACTUAL : rgb(34, 34, 34) 	EXPECTED :rgb(34, 34, 34)</td></tr>
<tr><td>Successfully validated the color of the pass percentage</td></tr>
<tr><td>Successfully clicked pass test cases</td></tr>
<tr><td>Successfully clicked on the product</td></tr>
<tr><td>Successfully mouse hovered over the fail percent and displayed the value</td></tr>
<tr><td>rgb(244, 67, 54)</td></tr>
<tr><td>PASS : Validating the color of the fail percentage is same as expected or not : ACTUAL : rgb(244, 67, 54) 	EXPECTED :rgb(244, 67, 54)</td></tr>
<tr><td>Successfully validated the color of the fail percentage</td></tr>
<tr><td>PASS : Validating the text value : ACTUAL : 3 	EXPECTED :3</td></tr>
<tr><td>Successfully validated passed test cases</td></tr>
<tr><td>PASS : Validating the text value : ACTUAL : PASS - 75% 	EXPECTED :PASS - 75%</td></tr>
<tr><td>Successfully validated pass percentage</td></tr>
<tr><td>Opening browser: firefox</td></tr>
<tr><td>Maximizing browser window</td></tr>
<tr><td>Successfully selected dashboard option</td></tr>
<tr><td>PASS : Validating the text value : ACTUAL : Regression 	EXPECTED :Regression</td></tr>
<tr><td>Successfully validated the test phase of the product</td></tr>
<tr><td>Opening browser: chrome</td></tr>
<tr><td>Opening browser: firefox</td></tr>
<tr><td>Maximizing browser window</td></tr>
<tr><td>Maximizing browser window</td></tr>
<tr><td>PASS : Validating the text value : ACTUAL : Dashboard 	EXPECTED :Dashboard</td></tr>
<tr><td>Successfully validated dashboard</td></tr>
<tr><td>Successfully clicked on product</td></tr>
<tr><td>Successfully clicked on product</td></tr>
<tr><td>PASS : Validating the text value : ACTUAL : Recent Runs 	EXPECTED :Recent Runs</td></tr>
<tr><td>Successfully validated recent runs</td></tr>
<tr><td>Successfully selected dashboard option</td></tr>
<tr><td>Successfully selected dashboard option</td></tr>
<tr><td>Successfully displayed the start time text</td></tr>
<tr><td>PASS : Validating the start time text of the product is same as expected or not : ACTUAL : Start Time 	EXPECTED :Start Time</td></tr>
<tr><td>Successfully validated the text</td></tr>
<tr><td>Successfully displayed day and date of product</td></tr>
<tr><td>PASS : Validating the start time of the product is same as expected or not : ACTUAL : Mar18,2020 	EXPECTED :Mar18,2020</td></tr>
<tr><td>Successfully validated the date</td></tr>
<tr><td>PASS : Validating the color of the fail test cases box is same as expected or not : ACTUAL : rgba(244, 67, 54, 1) 	EXPECTED :rgba(244, 67, 54, 1)</td></tr>
<tr><td>Successfully validated the color of the fail test cases box</td></tr>
<tr><td>PASS : Validating the text value : ACTUAL : Recent Runs 	EXPECTED :Recent Runs</td></tr>
<tr><td>Successfully validated recentruns</td></tr>
<tr><td>PASS : Validating the text value : ACTUAL : Reports 	EXPECTED :Reports</td></tr>
<tr><td>Successfully validated recent runs panel title</td></tr>
<tr><td>PASS : Validating the text value : ACTUAL : View 	EXPECTED :View</td></tr>
<tr><td>Successfully validated View</td></tr>
<tr><td>Opening browser: firefox</td></tr>
<tr><td>Opening browser: chrome</td></tr>
<tr><td>Maximizing browser window</td></tr>
<tr><td>Maximizing browser window</td></tr>
<tr><td>PASS : Validating the text value : ACTUAL : Tests 	EXPECTED :Tests</td></tr>
<tr><td>Successfully validated panelview</td></tr>
<tr><td>Successfully clicked on product</td></tr>
<tr><td>PASS : Validating the text value : ACTUAL : Product Snapshot 	EXPECTED :Product Snapshot</td></tr>
<tr><td>Successfully validated product snapshot</td></tr>
<tr><td>Successfully clicked on product</td></tr>
<tr><td>Opening browser: firefox</td></tr>
<tr><td>Successfully selected dashboard option</td></tr>
<tr><td>Successfully clicked dashboard slider</td></tr>
<tr><td>Maximizing browser window</td></tr>
<tr><td>End Time</td></tr>
<tr><td>Successfully displayed the end time text</td></tr>
<tr><td>PASS : Validating the end time text  of the product is same as expected or not : ACTUAL : End Time 	EXPECTED :End Time</td></tr>
<tr><td>Successfully validated the text</td></tr>
<tr><td>Successfully displayed day and date of product</td></tr>
<tr><td>PASS : Validating the end time of the product is same as expected or not : ACTUAL : Mar18,2020 	EXPECTED :Mar18,2020</td></tr>
<tr><td>Successfully validated the date</td></tr>
<tr><td>Successfully clicked fail test cases</td></tr>
<tr><td>PASS : Validating the text value : ACTUAL : 1 	EXPECTED :1</td></tr>
<tr><td>Successfully validated Failed test cases</td></tr>
<tr><td>PASS : Validating the text value : ACTUAL : FAIL 	EXPECTED :FAIL</td></tr>
<tr><td>Successfully validated fail message</td></tr>
<tr><td>Opening browser: firefox</td></tr>
<tr><td>PASS : Validating the text value : ACTUAL : Dashboard 	EXPECTED :Dashboard</td></tr>
<tr><td>Successfully validated dashboard text</td></tr>
<tr><td>Maximizing browser window</td></tr>
<tr><td>Successfully clicked on the refresh option</td></tr>
<tr><td>Opening browser: chrome</td></tr>
<tr><td>Opening browser: firefox</td></tr>
<tr><td>Successfully clicked on the product</td></tr>
<tr><td>Maximizing browser window</td></tr>
<tr><td>Maximizing browser window</td></tr>
<tr><td>Successfully selected customer dropdown</td></tr>
<tr><td>Successfully selected the customer option</td></tr>
<tr><td>Successfully clicked on product snapshot bar</td></tr>
<tr><td>PASS : Validating the text value : ACTUAL : Product Snapshot 	EXPECTED :Product Snapshot</td></tr>
<tr><td>Successfully validated product snapshot</td></tr>
<tr><td>Successfully clicked on product</td></tr>
<tr><td>PASS : Validating the text value : ACTUAL : HeatClinic 	EXPECTED :HeatClinic</td></tr>
<tr><td>Successfully validated customer</td></tr>
<tr><td>Successfully selected module dropdown</td></tr>
<tr><td>Successfully selected the module option</td></tr>
<tr><td>Opening browser: firefox</td></tr>
<tr><td>Maximizing browser window</td></tr>
<tr><td>Successfully selected dashboard option</td></tr>
<tr><td>PASS : Validating the text value : ACTUAL : loginexcel 	EXPECTED :loginexcel</td></tr>
<tr><td>Successfully validated module</td></tr>
<tr><td>Successfully selected status dropdown</td></tr>
<tr><td>Successfully selected the status option</td></tr>
<tr><td>Successfully clicked on the expand button</td></tr>
<tr><td>PASS : Validating the text value : ACTUAL : Dashboard 	EXPECTED :Dashboard</td></tr>
<tr><td>clicked on refresh option</td></tr>
<tr><td>Successfully validated dashboard text</td></tr>
<tr><td>PASS : Validating the text value : ACTUAL : FALCON 	EXPECTED :FALCON</td></tr>
<tr><td>Successfully validated falcon</td></tr>
<tr><td>PASS : Validating th ecolor of the skip test cases box is same as expected or not : ACTUAL : rgba(33, 150, 243, 1) 	EXPECTED :rgba(33, 150, 243, 1)</td></tr>
<tr><td>Successfully validated the color of the skip test cases box</td></tr>
<tr><td>PASS : Validating the text value : ACTUAL : Fail 	EXPECTED :Fail</td></tr>
<tr><td>Successfully validated status</td></tr>
<tr><td>Opening browser: chrome</td></tr>
<tr><td>Opening browser: firefox</td></tr>
<tr><td>Maximizing browser window</td></tr>
<tr><td>Successfully clicked on the expand button</td></tr>
<tr><td>Maximizing browser window</td></tr>
<tr><td>Opening browser: firefox</td></tr>
<tr><td>Successfully clicked on product</td></tr>
<tr><td>Successfully clicked on product</td></tr>
<tr><td>Maximizing browser window</td></tr>
<tr><td>Successfully selected status dropdown</td></tr>
<tr><td>Successfully selected the status option</td></tr>
<tr><td>PASS : Validating the text value : ACTUAL : Pass 	EXPECTED :Pass</td></tr>
<tr><td>Successfully validated pass status</td></tr>
<tr><td>Successfully clicked dashboard slider</td></tr>
<tr><td>Successfully clicked pass test cases</td></tr>
<tr><td>PASS : Validating the text value : ACTUAL : 0 	EXPECTED :0</td></tr>
<tr><td>Successfully validated Skipped test cases</td></tr>
<tr><td>PASS : Validating the text value : ACTUAL : SKIP 	EXPECTED :SKIP</td></tr>
<tr><td>Successfully validated skip message</td></tr>
<tr><td>PASS : Validating the text value : ACTUAL : UI WEB TEST RESULT 	EXPECTED :UI WEB TEST RESULT</td></tr>
<tr><td>Successfully validated product</td></tr>
<tr><td>Successfully clicked on the product</td></tr>
<tr><td>Successfully validated the list of pass test cases</td></tr>
<tr><td>Opening browser: firefox</td></tr>
<tr><td>PASS : Validating the text value : ACTUAL : Tests 	EXPECTED :Tests</td></tr>
<tr><td>Successfully validated panel title</td></tr>
<tr><td>PASS : Validating the test cases of the product is same as expected or not : ACTUAL : invalidLogin 12 Sec Fail,register 7 Sec Pass,traverseTheLinks 20 Sec Pass,validLogin 33 Sec Pass 	EXPECTED :invalidLogin 12 Sec Fail,register 7 Sec Pass,traverseTheLinks 20 Sec Pass,validLogin 33 Sec Pass</td></tr>
<tr><td>Successfully valdated all the test cases</td></tr>
<tr><td>Opening browser: chrome</td></tr>
<tr><td>Successfully selected dashboard option</td></tr>
<tr><td>Maximizing browser window</td></tr>
<tr><td>Maximizing browser window</td></tr>
<tr><td>Opening browser: firefox</td></tr>
<tr><td>Successfully clicked on product</td></tr>
<tr><td>Maximizing browser window</td></tr>
<tr><td>PASS : Validating the text value : ACTUAL : View 	EXPECTED :View</td></tr>
<tr><td>Successfully validated views</td></tr>
<tr><td>Successfully selected status dropdown</td></tr>
<tr><td>Successfully selected the status option</td></tr>
<tr><td>Successfully clicked on product</td></tr>
<tr><td>Successfully displayed day and date of product</td></tr>
<tr><td>Successfully displayed medium of product</td></tr>
<tr><td>PASS : Validating the medium of the product is same as expected or not : ACTUAL :   	EXPECTED : </td></tr>
<tr><td>Successfully validated the medium of the product</td></tr>
<tr><td>PASS : Validating the text value : ACTUAL : Tests 	EXPECTED :Tests</td></tr>
<tr><td>Successfully validated the views panel title</td></tr>
<tr><td>Successfully selected dashboard option</td></tr>
<tr><td>Clicked on download option</td></tr>
<tr><td>Opening browser: firefox</td></tr>
<tr><td>Opening browser: firefox</td></tr>
<tr><td>PASS : Validating the text value : ACTUAL : Fail 	EXPECTED :Fail</td></tr>
<tr><td>Successfully validated fail status</td></tr>
<tr><td>Maximizing browser window</td></tr>
<tr><td>Successfully displayed the fail test cases</td></tr>
<tr><td>Maximizing browser window</td></tr>
<tr><td>Opening browser: firefox</td></tr>
<tr><td>Successfully clicked on the product</td></tr>
<tr><td>Successfully clicked on recent runs</td></tr>
<tr><td>Maximizing browser window</td></tr>
<tr><td>PASS : Validating the text value : ACTUAL : Recent Runs 	EXPECTED :Recent Runs</td></tr>
<tr><td>Successfully validated recentruns</td></tr>
<tr><td>PASS : Validating the text value : ACTUAL : Reports 	EXPECTED :Reports</td></tr>
<tr><td>Successfully validated reports</td></tr>
<tr><td>PASS : Validating the text value : ACTUAL : Product Name 	EXPECTED :Product Name</td></tr>
<tr><td>Successfully validated product name</td></tr>
<tr><td>Clicked on download option</td></tr>
<tr><td>PASS : Validating the text value : ACTUAL : Component 	EXPECTED :Component</td></tr>
<tr><td>Successfully validated the component text</td></tr>
<tr><td>PASS : Validating the text value : ACTUAL : Testcases # 	EXPECTED :Testcases #</td></tr>
<tr><td>Successfully validated textcases with # symbol</td></tr>
<tr><td>PASS : Validating the text value : ACTUAL : Pass % 	EXPECTED :Pass %</td></tr>
<tr><td>Successfully validated the passpercent with % symbol</td></tr>
<tr><td>PASS : Validating the text value : ACTUAL : Last Run 	EXPECTED :Last Run</td></tr>
<tr><td>Successfully validated lastruns</td></tr>
<tr><td>Successfully clicked on product</td></tr>
<tr><td>Opening browser: firefox</td></tr>
<tr><td>PASS : Validating the download message of the product is same as expected or not : ACTUAL : Download 	EXPECTED :Download</td></tr>
<tr><td>Sucessfully validated the tooltip message</td></tr>
<tr><td>Maximizing browser window</td></tr>
<tr><td>Successfully selected status dropdown</td></tr>
<tr><td>Successfully selected the status option</td></tr>
<tr><td>Opening browser: firefox</td></tr>
<tr><td>Successfully clicked on the recent runs</td></tr>
<tr><td>PASS : Validating the text value : ACTUAL : Skip 	EXPECTED :Skip</td></tr>
<tr><td>Successfully validated skip status</td></tr>
<tr><td>Maximizing browser window</td></tr>
<tr><td>PASS : Validating the text value : ACTUAL : Product Name 	EXPECTED :Product Name</td></tr>
<tr><td>Successfully validated the product name</td></tr>
<tr><td>Succesfully clicked on the product</td></tr>
<tr><td>Successfully displayed the failed test cases</td></tr>
<tr><td>Successfully clicked on product</td></tr>
<tr><td>Opening browser: firefox</td></tr>
<tr><td>Opening browser: firefox</td></tr>
<tr><td>Successfully displayed day and date of product</td></tr>
<tr><td>Maximizing browser window</td></tr>
<tr><td>PASS : Validating the date of the product is same as expected or not : ACTUAL : Mar18,2020 	EXPECTED :Mar18,2020</td></tr>
<tr><td>Successfully validated the date</td></tr>
<tr><td>Maximizing browser window</td></tr>
<tr><td>Successfully clicked on recent runs</td></tr>
<tr><td>Opening browser: firefox</td></tr>
<tr><td>Successfully clicked on product</td></tr>
<tr><td>Maximizing browser window</td></tr>
<tr><td>Successfully clicked on component</td></tr>
<tr><td>PASS : Validating the text value : ACTUAL : Component 	EXPECTED :Component</td></tr>
<tr><td>Successfully validated component text</td></tr>
<tr><td>Successfully clicked on component</td></tr>
<tr><td>Successfully selected status dropdown</td></tr>
<tr><td>Successfully selected the status option</td></tr>
<tr><td>Opening browser: firefox</td></tr>
<tr><td>Successfully clicked on product</td></tr>
<tr><td>Maximizing browser window</td></tr>
<tr><td>PASS : Validating the text value : ACTUAL : Fail 	EXPECTED :Fail</td></tr>
<tr><td>Successfully validated status</td></tr>
<tr><td>Successfully clicked on test case</td></tr>
<tr><td>Successfully selected dashboard option</td></tr>
<tr><td>Successfully clicked on the recent runs</td></tr>
<tr><td>PASS : Validating the text value : ACTUAL : Steps - invalidLogin 	EXPECTED :Steps - invalidLogin</td></tr>
<tr><td>Successfully validated paneltitle</td></tr>
<tr><td>PASS : Validating the color of total test cases box is same as expected is same or not : ACTUAL : rgb(103, 58, 183) 	EXPECTED :rgb(103, 58, 183)</td></tr>
<tr><td>Successfully validated the color of the total  test cases box</td></tr>
<tr><td>PASS : Validating the text value : ACTUAL : Pass % 	EXPECTED :Pass %</td></tr>
<tr><td>Successfully validated the pass percent</td></tr>
<tr><td>Successfully clicked on the pass percentage</td></tr>
<tr><td>Opening browser: firefox</td></tr>
<tr><td>PASS : Validating the text value : ACTUAL : org.openqa.selenium.TimeoutException: Timed out after 10 seconds waiting for visibility of element located by By.xpath: //a[@class='my-account'] Build info: version: '2.53.1', revision: 'a36b8b1cd5757287168e54b817830adce9b0158d', time: '2016-06-30 19:26:09' System info: host: 'ubuntu-virtual-machine', ip: '127.0.1.1', os.name: 'Linux', os.arch: 'amd64', os.version: '4.15.0-34-generic', java.version: '1.8.0_144' Driver info: org.openqa.selenium.chrome.ChromeDriver Capabilities [{applicationCacheEnabled=false, rotatable=false, mobileEmulationEnabled=false, networkConnectionEnabled=false, chrome={chromedriverVersion=2.40.565383 (76257d1ab79276b2d53ee976b2c3e3b9f335cde7), userDataDir=/tmp/.org.chromium.Chromium.d5P0Rs}, takesHeapSnapshot=true, pageLoadStrategy=normal, databaseEnabled=false, handlesAlerts=true, hasTouchScreen=false, version=69.0.3497.100, platform=LINUX, browserConnectionEnabled=false, nativeEvents=true, acceptSslCerts=false, acceptInsecureCerts=false, locationContextEnabled=true, webStorageEnabled=true, browserName=chrome, takesScreenshot=true, javascriptEnabled=true, cssSelectorsEnabled=true, setWindowRect=true, unexpectedAlertBehaviour=}] Session ID: df31d84851c2efc58ae36c2ddaab8500 at org.openqa.selenium.support.ui.WebDriverWait.timeoutException(WebDriverWait.java:80) at org.openqa.selenium.support.ui.FluentWait.until(FluentWait.java:261) at com.atmecs.falcon.automation.ui.selenium.WaitElement.waitFor(WaitElement.java:90) at com.atmecs.testscript.LoginInvalidTestScript.accountLogin(LoginInvalidTestScript.java:86) at com.atmecs.testscript.LoginInvalidTestScript.invalidLogin(LoginInvalidTestScript.java:67) at sun.reflect.NativeMethodAccessorImpl.invoke0(Native Method) at sun.reflect.NativeMethodAccessorImpl.invoke(NativeMethodAccessorImpl.java:62) at sun.reflect.DelegatingMethodAccessorImpl.invoke(DelegatingMethodAccessorImpl.java:43) at java.lang.reflect.Method.invoke(Method.java:498) at org.testng.internal.MethodInvocationHelper.invokeMethod(MethodInvocationHelper.java:85) at org.testng.internal.Invoker.invokeMethod(Invoker.java:639) at org.testng.internal.Invoker.invokeTestMethod(Invoker.java:816) at org.testng.internal.Invoker.invokeTestMethods(Invoker.java:1124) at org.testng.internal.TestMethodWorker.invokeTestMethods(TestMethodWorker.java:125) at org.testng.internal.TestMethodWorker.run(TestMethodWorker.java:108) at org.testng.TestRunner.privateRun(TestRunner.java:774) at org.testng.TestRunner.run(TestRunner.java:624) at org.testng.SuiteRunner.runTest(SuiteRunner.java:359) at org.testng.SuiteRunner.runSequentially(SuiteRunner.java:354) at org.testng.SuiteRunner.privateRun(SuiteRunner.java:312) at org.testng.SuiteRunner.run(SuiteRunner.java:261) at org.testng.SuiteRunnerWorker.runSuite(SuiteRunnerWorker.java:52) at org.testng.SuiteRunnerWorker.run(SuiteRunnerWorker.java:86) at org.testng.TestNG.runSuitesSequentially(TestNG.java:1215) at org.testng.TestNG.runSuitesLocally(TestNG.java:1140) at org.testng.TestNG.run(TestNG.java:1048) at com.atmecs.runner.TestNGRunner.main(TestNGRunner.java:74) at sun.reflect.NativeMethodAccessorImpl.invoke0(Native Method) at sun.reflect.NativeMethodAccessorImpl.invoke(NativeMethodAccessorImpl.java:62) at sun.reflect.DelegatingMethodAccessorImpl.invoke(DelegatingMethodAccessorImpl.java:43) at java.lang.reflect.Method.invoke(Method.java:498) at org.codehaus.mojo.exec.ExecJavaMojo$1.run(ExecJavaMojo.java:293) at java.lang.Thread.run(Thread.java:748) Caused by: org.openqa.selenium.NoSuchElementException: no such element: Unable to locate element: {"method":"xpath","selector":"//a[@class='my-account']"} (Session info: chrome=69.0.3497.100) (Driver info: chromedriver=2.40.565383 (76257d1ab79276b2d53ee976b2c3e3b9f335cde7),platform=Linux 4.15.0-34-generic x86_64) (WARNING: The server did not provide any stacktrace information) Command duration or timeout: 11 milliseconds For documentation on this error, please visit: http://seleniumhq.org/exceptions/no_such_element.html Build info: version: '2.53.1', revision: 'a36b8b1cd5757287168e54b817830adce9b0158d', time: '2016-06-30 19:26:09' System info: host: 'ubuntu-virtual-machine', ip: '127.0.1.1', os.name: 'Linux', os.arch: 'amd64', os.version: '4.15.0-34-generic', java.version: '1.8.0_144' Driver info: org.openqa.selenium.chrome.ChromeDriver Capabilities [{applicationCacheEnabled=false, rotatable=false, mobileEmulationEnabled=false, networkConnectionEnabled=false, chrome={chromedriverVersion=2.40.565383 (76257d1ab79276b2d53ee976b2c3e3b9f335cde7), userDataDir=/tmp/.org.chromium.Chromium.d5P0Rs}, takesHeapSnapshot=true, pageLoadStrategy=normal, databaseEnabled=false, handlesAlerts=true, hasTouchScreen=false, version=69.0.3497.100, platform=LINUX, browserConnectionEnabled=false, nativeEvents=true, acceptSslCerts=false, acceptInsecureCerts=false, locationContextEnabled=true, webStorageEnabled=true, browserName=chrome, takesScreenshot=true, javascriptEnabled=true, cssSelectorsEnabled=true, setWindowRect=true, unexpectedAlertBehaviour=}] Session ID: df31d84851c2efc58ae36c2ddaab8500 *** Element info: {Using=xpath, value=//a[@class='my-account']} at sun.reflect.GeneratedConstructorAccessor32.newInstance(Unknown Source) at sun.reflect.DelegatingConstructorAccessorImpl.newInstance(DelegatingConstructorAccessorImpl.java:45) at java.lang.reflect.Constructor.newInstance(Constructor.java:423) at org.openqa.selenium.remote.ErrorHandler.createThrowable(ErrorHandler.java:206) at org.openqa.selenium.remote.ErrorHandler.throwIfResponseFailed(ErrorHandler.java:158) at org.openqa.selenium.remote.RemoteWebDriver.execute(RemoteWebDriver.java:678) at org.openqa.selenium.remote.RemoteWebDriver.findElement(RemoteWebDriver.java:363) at org.openqa.selenium.remote.RemoteWebDriver.findElementByXPath(RemoteWebDriver.java:500) at org.openqa.selenium.By$ByXPath.findElement(By.java:361) at org.openqa.selenium.remote.RemoteWebDriver.findElement(RemoteWebDriver.java:355) at org.openqa.selenium.support.ui.ExpectedConditions.findElement(ExpectedConditions.java:899) at org.openqa.selenium.support.ui.ExpectedConditions.access$000(ExpectedConditions.java:41) at org.openqa.selenium.support.ui.ExpectedConditions$7.apply(ExpectedConditions.java:205) at org.openqa.selenium.support.ui.ExpectedConditions$7.apply(ExpectedConditions.java:201) at org.openqa.selenium.support.ui.FluentWait.until(FluentWait.java:238) ... 31 more 	EXPECTED :org.openqa.selenium.TimeoutException: Timed out after 10 seconds waiting for visibility of element located by By.xpath: //a[@class='my-account'] Build info: version: '2.53.1', revision: 'a36b8b1cd5757287168e54b817830adce9b0158d', time: '2016-06-30 19:26:09' System info: host: 'ubuntu-virtual-machine', ip: '127.0.1.1', os.name: 'Linux', os.arch: 'amd64', os.version: '4.15.0-34-generic', java.version: '1.8.0_144' Driver info: org.openqa.selenium.chrome.ChromeDriver Capabilities [{applicationCacheEnabled=false, rotatable=false, mobileEmulationEnabled=false, networkConnectionEnabled=false, chrome={chromedriverVersion=2.40.565383 (76257d1ab79276b2d53ee976b2c3e3b9f335cde7), userDataDir=/tmp/.org.chromium.Chromium.d5P0Rs}, takesHeapSnapshot=true, pageLoadStrategy=normal, databaseEnabled=false, handlesAlerts=true, hasTouchScreen=false, version=69.0.3497.100, platform=LINUX, browserConnectionEnabled=false, nativeEvents=true, acceptSslCerts=false, acceptInsecureCerts=false, locationContextEnabled=true, webStorageEnabled=true, browserName=chrome, takesScreenshot=true, javascriptEnabled=true, cssSelectorsEnabled=true, setWindowRect=true, unexpectedAlertBehaviour=}] Session ID: df31d84851c2efc58ae36c2ddaab8500 at org.openqa.selenium.support.ui.WebDriverWait.timeoutException(WebDriverWait.java:80) at org.openqa.selenium.support.ui.FluentWait.until(FluentWait.java:261) at com.atmecs.falcon.automation.ui.selenium.WaitElement.waitFor(WaitElement.java:90) at com.atmecs.testscript.LoginInvalidTestScript.accountLogin(LoginInvalidTestScript.java:86) at com.atmecs.testscript.LoginInvalidTestScript.invalidLogin(LoginInvalidTestScript.java:67) at sun.reflect.NativeMethodAccessorImpl.invoke0(Native Method) at sun.reflect.NativeMethodAccessorImpl.invoke(NativeMethodAccessorImpl.java:62) at sun.reflect.DelegatingMethodAccessorImpl.invoke(DelegatingMethodAccessorImpl.java:43) at java.lang.reflect.Method.invoke(Method.java:498) at org.testng.internal.MethodInvocationHelper.invokeMethod(MethodInvocationHelper.java:85) at org.testng.internal.Invoker.invokeMethod(Invoker.java:639) at org.testng.internal.Invoker.invokeTestMethod(Invoker.java:816) at org.testng.internal.Invoker.invokeTestMethods(Invoker.java:1124) at org.testng.internal.TestMethodWorker.invokeTestMethods(TestMethodWorker.java:125) at org.testng.internal.TestMethodWorker.run(TestMethodWorker.java:108) at org.testng.TestRunner.privateRun(TestRunner.java:774) at org.testng.TestRunner.run(TestRunner.java:624) at org.testng.SuiteRunner.runTest(SuiteRunner.java:359) at org.testng.SuiteRunner.runSequentially(SuiteRunner.java:354) at org.testng.SuiteRunner.privateRun(SuiteRunner.java:312) at org.testng.SuiteRunner.run(SuiteRunner.java:261) at org.testng.SuiteRunnerWorker.runSuite(SuiteRunnerWorker.java:52) at org.testng.SuiteRunnerWorker.run(SuiteRunnerWorker.java:86) at org.testng.TestNG.runSuitesSequentially(TestNG.java:1215) at org.testng.TestNG.runSuitesLocally(TestNG.java:1140) at org.testng.TestNG.run(TestNG.java:1048) at com.atmecs.runner.TestNGRunner.main(TestNGRunner.java:74) at sun.reflect.NativeMethodAccessorImpl.invoke0(Native Method) at sun.reflect.NativeMethodAccessorImpl.invoke(NativeMethodAccessorImpl.java:62) at sun.reflect.DelegatingMethodAccessorImpl.invoke(DelegatingMethodAccessorImpl.java:43) at java.lang.reflect.Method.invoke(Method.java:498) at org.codehaus.mojo.exec.ExecJavaMojo$1.run(ExecJavaMojo.java:293) at java.lang.Thread.run(Thread.java:748) Caused by: org.openqa.selenium.NoSuchElementException: no such element: Unable to locate element: {"method":"xpath","selector":"//a[@class='my-account']"} (Session info: chrome=69.0.3497.100) (Driver info: chromedriver=2.40.565383 (76257d1ab79276b2d53ee976b2c3e3b9f335cde7),platform=Linux 4.15.0-34-generic x86_64) (WARNING: The server did not provide any stacktrace information) Command duration or timeout: 11 milliseconds For documentation on this error, please visit: http://seleniumhq.org/exceptions/no_such_element.html Build info: version: '2.53.1', revision: 'a36b8b1cd5757287168e54b817830adce9b0158d', time: '2016-06-30 19:26:09' System info: host: 'ubuntu-virtual-machine', ip: '127.0.1.1', os.name: 'Linux', os.arch: 'amd64', os.version: '4.15.0-34-generic', java.version: '1.8.0_144' Driver info: org.openqa.selenium.chrome.ChromeDriver Capabilities [{applicationCacheEnabled=false, rotatable=false, mobileEmulationEnabled=false, networkConnectionEnabled=false, chrome={chromedriverVersion=2.40.565383 (76257d1ab79276b2d53ee976b2c3e3b9f335cde7), userDataDir=/tmp/.org.chromium.Chromium.d5P0Rs}, takesHeapSnapshot=true, pageLoadStrategy=normal, databaseEnabled=false, handlesAlerts=true, hasTouchScreen=false, version=69.0.3497.100, platform=LINUX, browserConnectionEnabled=false, nativeEvents=true, acceptSslCerts=false, acceptInsecureCerts=false, locationContextEnabled=true, webStorageEnabled=true, browserName=chrome, takesScreenshot=true, javascriptEnabled=true, cssSelectorsEnabled=true, setWindowRect=true, unexpectedAlertBehaviour=}] Session ID: df31d84851c2efc58ae36c2ddaab8500 *** Element info: {Using=xpath, value=//a[@class='my-account']} at sun.reflect.GeneratedConstructorAccessor32.newInstance(Unknown Source) at sun.reflect.DelegatingConstructorAccessorImpl.newInstance(DelegatingConstructorAccessorImpl.java:45) at java.lang.reflect.Constructor.newInstance(Constructor.java:423) at org.openqa.selenium.remote.ErrorHandler.createThrowable(ErrorHandler.java:206) at org.openqa.selenium.remote.ErrorHandler.throwIfResponseFailed(ErrorHandler.java:158) at org.openqa.selenium.remote.RemoteWebDriver.execute(RemoteWebDriver.java:678) at org.openqa.selenium.remote.RemoteWebDriver.findElement(RemoteWebDriver.java:363) at org.openqa.selenium.remote.RemoteWebDriver.findElementByXPath(RemoteWebDriver.java:500) at org.openqa.selenium.By$ByXPath.findElement(By.java:361) at org.openqa.selenium.remote.RemoteWebDriver.findElement(RemoteWebDriver.java:355) at org.openqa.selenium.support.ui.ExpectedConditions.findElement(ExpectedConditions.java:899) at org.openqa.selenium.support.ui.ExpectedConditions.access$000(ExpectedConditions.java:41) at org.openqa.selenium.support.ui.ExpectedConditions$7.apply(ExpectedConditions.java:205) at org.openqa.selenium.support.ui.ExpectedConditions$7.apply(ExpectedConditions.java:201) at org.openqa.selenium.support.ui.FluentWait.until(FluentWait.java:238) ... 31 more</td></tr>
<tr><td>Successfully validated error message</td></tr>
<tr><td>Maximizing browser window</td></tr>
<tr><td>Opening browser: firefox</td></tr>
<tr><td>Maximizing browser window</td></tr>
<tr><td>Successfully clicked on product</td></tr>
<tr><td>Opening browser: firefox</td></tr>
<tr><td>Successfully clicked on recent runs</td></tr>
<tr><td>Successfully clicked dashboard slider</td></tr>
<tr><td>Maximizing browser window</td></tr>
<tr><td>Successfully mouse hovered over the delete option</td></tr>
<tr><td>PASS : Validating the delete run message is same as expected or not : ACTUAL : Delete Run 	EXPECTED :Delete Run</td></tr>
<tr><td>Successfully clicked total test cases</td></tr>
<tr><td>Opening browser: firefox</td></tr>
<tr><td>Successfully clicked on the product</td></tr>
<tr><td>PASS : Validating the text value : ACTUAL : 4 TEST(S) 	EXPECTED :4 TEST(S)</td></tr>
<tr><td>Successfully validated test cases</td></tr>
<tr><td>Maximizing browser window</td></tr>
<tr><td>Successfully selected status dropdown</td></tr>
<tr><td>Successfully selected the status option</td></tr>
<tr><td>PASS : Validating the text value : ACTUAL : RUN IN - 1 min 	EXPECTED :RUN IN - 1 min</td></tr>
<tr><td>Successfully validated the run time</td></tr>
<tr><td>Successfully clicked on the recent runs</td></tr>
<tr><td>Opening browser: firefox</td></tr>
<tr><td>Successfully selected the testcase</td></tr>
<tr><td>Maximizing browser window</td></tr>
<tr><td>PASS : Validating the text value : ACTUAL : Last Run 	EXPECTED :Last Run</td></tr>
<tr><td>Successfully validated the last run</td></tr>
<tr><td>Successfully clicked on the last runs</td></tr>
<tr><td>PASS : Validating the text value : ACTUAL : Status 	EXPECTED :Status</td></tr>
<tr><td>Successfully validated Status option</td></tr>
<tr><td>PASS : Validating the text value : ACTUAL : Details 	EXPECTED :Details</td></tr>
<tr><td>Successfully validated Details option</td></tr>
<tr><td>PASS : Validating the text value : ACTUAL : Executing test case 	EXPECTED :Executing test case</td></tr>
<tr><td>Successfully validated the test case</td></tr>
<tr><td>PASS : Validating the text value : ACTUAL : Clicking Register link 	EXPECTED :Clicking Register link</td></tr>
<tr><td>Successfully validated Request Body</td></tr>
<tr><td>Opening browser: ie</td></tr>
<tr><td>Successfully clicked on product</td></tr>
<tr><td>Opening browser: ie</td></tr>
<tr><td>Maximizing browser window</td></tr>
<tr><td>Successfully selected dashboard option</td></tr>
<tr><td>Maximizing browser window</td></tr>
<tr><td>PASS : Validating the color of the pass test cases is same as expected or not : ACTUAL : rgb(0, 150, 136) 	EXPECTED :rgb(0, 150, 136)</td></tr>
<tr><td>Successfully validated the color of the pass  test cases box</td></tr>
<tr><td>PASS : Validting page url is same as expected or not  : ACTUAL : ATMECS - Falcon Test Repotrs 	EXPECTED :ATMECS - Falcon Test Repotrs</td></tr>
<tr><td>successfully validated page title</td></tr>
<tr><td>PASS : Validating the text value : ACTUAL : Dashboard 	EXPECTED :Dashboard</td></tr>
<tr><td>Successfully validated the dashboard text</td></tr>
<tr><td>clicked on refresh option</td></tr>
<tr><td>PASS : Validating the text value : ACTUAL : FALCON 	EXPECTED :FALCON</td></tr>
<tr><td>Successfully validated falcon</td></tr>
<tr><td>Opening browser: ie</td></tr>
<tr><td>Opening browser: firefox</td></tr>
<tr><td>Successfully clicked on the product</td></tr>
<tr><td>Maximizing browser window</td></tr>
<tr><td>Maximizing browser window</td></tr>
<tr><td>Successfully selected dashboard option</td></tr>
<tr><td>Successfully clicked on product</td></tr>
<tr><td>Opening browser: ie</td></tr>
<tr><td>Successfully clicked dashboard slider</td></tr>
<tr><td>Successfully clicked pass test cases</td></tr>
<tr><td>Maximizing browser window</td></tr>
<tr><td>PASS : Validating the text value : ACTUAL : 9 	EXPECTED :9</td></tr>
<tr><td>Successfully validated passed test cases</td></tr>
<tr><td>PASS : Validating the text value : ACTUAL : PASS - 90% 	EXPECTED :PASS - 90%</td></tr>
<tr><td>Successfully validated pass percentage</td></tr>
<tr><td>Successfully clicked on the product</td></tr>
<tr><td>Successfully selected dashboard option</td></tr>
<tr><td>PASS : Validating the text value : ACTUAL : QA 	EXPECTED :QA</td></tr>
<tr><td>Successfully validated the environment</td></tr>
<tr><td>PASS : Validating the product names is same as expected or not : ACTUAL : REST API TEST RESULT,UI WEB TEST RESULT,CucumberDemo,HeatClinicCucumber,WebServices,FALCON,WebServicesDemo,FalconMobileDemo,ObjectExtractor,SampleFalconAPITest,Falcon,DotComUI_Mobile,MWB,MWB_iOS,JB_Native_App_iOS,Falcon2,Fal,MWB,FalconDemo41,CreditSightsMobile,CHS,CHS,HEATCLINIC RESULT,HEAT CLINIC RESULT,DotComUITablet,HRIS,HRIS_Cloud,HRIS_Local,Falcon,CreditSights,BrowserstackDemo,FalconSampleProj,DotComUITablet,GreyHealthGroup,FluorCorporation,AndroidDemoApp,MWBooking,AutomationDemoClient,APIAutomationDemoClient,APIAutomationClient,FLUOR,Atmecs,CHS,Atmecs,Atmecs,demo,CHS,Atmecs,CHS,TestMobileWeb,TestFalcon_runSessionId,swathi_signup account,Pooja_USAUTOPARTS,USAutoParts,USAutoParts_MUJ,TestMobileWeb_CnameDemo,IOSDemoApp,Mobile_Demo,TestDemoApp,UI BrowserStack Test Result,dbTesting 	EXPECTED :REST API TEST RESULT,UI WEB TEST RESULT,CucumberDemo,HeatClinicCucumber,WebServices,FALCON,WebServicesDemo,FalconMobileDemo,ObjectExtractor,SampleFalconAPITest,Falcon,DotComUI_Mobile,MWB,MWB_iOS,JB_Native_App_iOS,Falcon2,Fal,MWB,FalconDemo41,CreditSightsMobile,CHS,CHS,HEATCLINIC RESULT,HEAT CLINIC RESULT,DotComUITablet,HRIS,HRIS_Cloud,HRIS_Local,Falcon,CreditSights,BrowserstackDemo,FalconSampleProj,DotComUITablet,GreyHealthGroup,FluorCorporation,AndroidDemoApp,MWBooking,AutomationDemoClient,APIAutomationDemoClient,APIAutomationClient,FLUOR,Atmecs,CHS,Atmecs,Atmecs,demo,CHS,Atmecs,CHS,TestMobileWeb,TestFalcon_runSessionId,swathi_signup account,Pooja_USAUTOPARTS,USAutoParts,USAutoParts_MUJ,TestMobileWeb_CnameDemo,IOSDemoApp,Mobile_Demo,TestDemoApp,UI BrowserStack Test Result,dbTesting</td></tr>
<tr><td>Successfully valdated all the products</td></tr>
<tr><td>Opening browser: firefox</td></tr>
<tr><td>Opening browser: ie</td></tr>
<tr><td>Maximizing browser window</td></tr>
<tr><td>Maximizing browser window</td></tr>
<tr><td>Successfully clicked on product</td></tr>
<tr><td>Successfully selected dashboard option</td></tr>
<tr><td>Successfully clicked on the product</td></tr>
<tr><td>Successfully displayed the execution times</td></tr>
<tr><td>PASS : Validating the recent execution times of the products is same as expected or not : ACTUAL : 1 minute ago,54 minutes ago,56 minutes ago,1 day ago,68 days ago,76 days ago,78 days ago,83 days ago,231 days ago,244 days ago,244 days ago,246 days ago,265 days ago,271 days ago,271 days ago,272 days ago,278 days ago,280 days ago,287 days ago,293 days ago,293 days ago,302 days ago,377 days ago,384 days ago,399 days ago,407 days ago,407 days ago,412 days ago,428 days ago,468 days ago,474 days ago,502 days ago,554 days ago,620 days ago,629 days ago,634 days ago,636 days ago,636 days ago,637 days ago,657 days ago,663 days ago,663 days ago,692 days ago,733 days ago,733 days ago,769 days ago,775 days ago,791 days ago,791 days ago,792 days ago,796 days ago,825 days ago,827 days ago,833 days ago,841 days ago,852 days ago,866 days ago 	EXPECTED :1 minute ago,54 minutes ago,56 minutes ago,1 day ago,68 days ago,76 days ago,78 days ago,83 days ago,231 days ago,244 days ago,244 days ago,246 days ago,265 days ago,271 days ago,271 days ago,272 days ago,278 days ago,280 days ago,287 days ago,293 days ago,293 days ago,302 days ago,377 days ago,384 days ago,399 days ago,407 days ago,407 days ago,412 days ago,428 days ago,468 days ago,474 days ago,502 days ago,554 days ago,620 days ago,629 days ago,634 days ago,636 days ago,636 days ago,637 days ago,657 days ago,663 days ago,663 days ago,692 days ago,733 days ago,733 days ago,769 days ago,775 days ago,791 days ago,791 days ago,792 days ago,796 days ago,825 days ago,827 days ago,833 days ago,841 days ago,852 days ago,866 days ago</td></tr>
<tr><td>Successfully valdated all the recent execution times</td></tr>
<tr><td>PASS : Validating the color of the fail test cases box is same as expected or not : ACTUAL : rgb(244, 67, 54) 	EXPECTED :rgb(244, 67, 54)</td></tr>
<tr><td>Successfully validated the color of the fail test cases box</td></tr>
<tr><td>Opening browser: firefox</td></tr>
<tr><td>Successfully selected dashboard option</td></tr>
<tr><td>PASS : Validating the text value : ACTUAL : Regression 	EXPECTED :Regression</td></tr>
<tr><td>Successfully validated the test phase of the product</td></tr>
<tr><td>Opening browser: ie</td></tr>
<tr><td>Maximizing browser window</td></tr>
<tr><td>Successfully clicked on product</td></tr>
<tr><td>Opening browser: ie</td></tr>
<tr><td>Successfully clicked on product</td></tr>
<tr><td>Maximizing browser window</td></tr>
<tr><td>Maximizing browser window</td></tr>
<tr><td>Successfully clicked dashboard slider</td></tr>
<tr><td>Successfully clicked on product</td></tr>
<tr><td>Successfully clicked fail test cases</td></tr>
<tr><td>PASS : Validating the text value : ACTUAL : 1 	EXPECTED :1</td></tr>
<tr><td>Successfully validated Failed test cases</td></tr>
<tr><td>PASS : Validating the text value : ACTUAL : FAIL 	EXPECTED :FAIL</td></tr>
<tr><td>Successfully validated fail message</td></tr>
<tr><td>Successfully selected dashboard option</td></tr>
<tr><td>Successfully displayed the start time text</td></tr>
<tr><td>PASS : Validating the start time text of the product is same as expected or not : ACTUAL : Start Time 	EXPECTED :Start Time</td></tr>
<tr><td>Successfully validated the text</td></tr>
<tr><td>Successfully displayed day and date of product</td></tr>
<tr><td>PASS : Validating the start time of the product is same as expected or not : ACTUAL : Mar18,2020 	EXPECTED :Mar18,2020</td></tr>
<tr><td>Successfully validated the date</td></tr>
<tr><td>Opening browser: ie</td></tr>
<tr><td>Opening browser: firefox</td></tr>
<tr><td>Maximizing browser window</td></tr>
<tr><td>Maximizing browser window</td></tr>
<tr><td>Successfully clicked on product</td></tr>
<tr><td>Successfully clicked on product</td></tr>
<tr><td>Successfully selected dashboard option</td></tr>
<tr><td>No such element found with xpath //label[@class='switch pull-right']</td></tr>
<tr><td>Successfully selected dashboard option</td></tr>
<tr><td>PASS : Validating the test cases of the products is same as expected or not : ACTUAL : 10,4,2,1,1,2,2,1,1,4,10,2,12,1,1,4,1,1,0,2,2,1,4,0,1,6,6,6,4,1,1,1,7,9,2,1,8,10,10,1,4,2,1,8,4,2,1,1,1,1,6,2,1,2,2,1,5 	EXPECTED :10,4,2,1,1,2,2,1,1,4,10,2,12,1,1,4,1,1,0,2,2,1,4,0,1,6,6,6,4,1,1,1,7,9,2,1,8,10,10,1,4,2,1,8,4,2,1,1,1,1,6,2,1,2,2,1,5</td></tr>
<tr><td>Successfully valdated all the test cases</td></tr>
<tr><td>Successfully mouse hovered the test cases</td></tr>
<tr><td>PASS : Validating the tooltip message is same as expected or not : ACTUAL : Total Test Cases 	EXPECTED :Total Test Cases</td></tr>
<tr><td>Opening browser: ie</td></tr>
<tr><td>PASS : Validating th ecolor of the skip test cases box is same as expected or not : ACTUAL : rgb(33, 150, 243) 	EXPECTED :rgb(33, 150, 243)</td></tr>
<tr><td>Successfully validated the color of the skip test cases box</td></tr>
<tr><td>Opening browser: firefox</td></tr>
<tr><td>No such element found with xpath (//span[text()='End Time'])</td></tr>
<tr><td>Screenshot Captured for failure C:\Users\srinischal.thiparani\FalconDashboardAutomation\falcondashboard\target\FalconDemo-Sample-WIN_10_ie_3.150.1 (0)\Screenshots\endTime_1_.png</td></tr>
<tr><td>Opening browser: ie</td></tr>
<tr><td>Maximizing browser window</td></tr>
<tr><td>Maximizing browser window</td></tr>
<tr><td>Maximizing browser window</td></tr>
<tr><td>Successfully clicked on product</td></tr>
<tr><td>Successfully mouse hovered the pass%trend</td></tr>
<tr><td>PASS : Validating the tooltip message is same as expected or not : ACTUAL : Pass % Trend 	EXPECTED :Pass % Trend</td></tr>
<tr><td>Successfully mouse hovered over the pass percent</td></tr>
<tr><td>Successfully clicked on the product</td></tr>
<tr><td>Successfully clicked dashboard slider</td></tr>
<tr><td>Successfully clicked pass test cases</td></tr>
<tr><td>PASS : Validating the text value : ACTUAL : 0 	EXPECTED :0</td></tr>
<tr><td>Successfully validated Skipped test cases</td></tr>
<tr><td>PASS : Validating the text value : ACTUAL : SKIP 	EXPECTED :SKIP</td></tr>
<tr><td>Successfully validated skip message</td></tr>
<tr><td>rgba(34, 34, 34, 1)</td></tr>
<tr><td>PASS : Validating the color of the pass percentage is same as expected or not : ACTUAL : rgba(34, 34, 34, 1) 	EXPECTED :rgba(34, 34, 34, 1)</td></tr>
<tr><td>Successfully validated the color of the pass percentage</td></tr>
<tr><td>Successfully selected customer dropdown</td></tr>
<tr><td>Successfully selected the customer option</td></tr>
<tr><td>Successfully mouse hovered over the fail percent and displayed the value</td></tr>
<tr><td>rgba(244, 67, 54, 1)</td></tr>
<tr><td>PASS : Validating the color of the fail percentage is same as expected or not : ACTUAL : rgba(244, 67, 54, 1) 	EXPECTED :rgba(244, 67, 54, 1)</td></tr>
<tr><td>Successfully validated the color of the fail percentage</td></tr>
<tr><td>Opening browser: ie</td></tr>
<tr><td>Opening browser: firefox</td></tr>
<tr><td>PASS : Validating the text value : ACTUAL : Falcon 	EXPECTED :Falcon</td></tr>
<tr><td>Successfully validated customer</td></tr>
<tr><td>Maximizing browser window</td></tr>
<tr><td>Successfully selected module dropdown</td></tr>
<tr><td>Maximizing browser window</td></tr>
<tr><td>Successfully selected the module option</td></tr>
<tr><td>PASS : Validating the text value : ACTUAL : View 	EXPECTED :View</td></tr>
<tr><td>Successfully validated views</td></tr>
<tr><td>PASS : Validating the text value : ACTUAL : createFalconPosts 	EXPECTED :createFalconPosts</td></tr>
<tr><td>Successfully validated module</td></tr>
<tr><td>Successfully selected status dropdown</td></tr>
<tr><td>Successfully selected the status option</td></tr>
<tr><td>PASS : Validating the text value : ACTUAL : Tests 	EXPECTED :Tests</td></tr>
<tr><td>Successfully validated the views panel title</td></tr>
<tr><td>Successfully selected dashboard option</td></tr>
<tr><td>PASS : Validating the text value : ACTUAL : Dashboard 	EXPECTED :Dashboard</td></tr>
<tr><td>Successfully validated dashboard</td></tr>
<tr><td>PASS : Validating the text value : ACTUAL : Fail 	EXPECTED :Fail</td></tr>
<tr><td>Successfully validated status</td></tr>
<tr><td>Clicked on download option</td></tr>
<tr><td>Opening browser: ie</td></tr>
<tr><td>PASS : Validating the text value : ACTUAL : Recent Runs 	EXPECTED :Recent Runs</td></tr>
<tr><td>Successfully validated recent runs</td></tr>
<tr><td>Maximizing browser window</td></tr>
<tr><td>Opening browser: ie</td></tr>
<tr><td>Successfully clicked on product</td></tr>
<tr><td>Maximizing browser window</td></tr>
<tr><td>PASS : Validating the text value : ACTUAL : Recent Runs 	EXPECTED :Recent Runs</td></tr>
<tr><td>Successfully validated recentruns</td></tr>
<tr><td>PASS : Validating the text value : ACTUAL : Reports 	EXPECTED :Reports</td></tr>
<tr><td>Successfully validated recent runs panel title</td></tr>
<tr><td>PASS : Validating the text value : ACTUAL : View 	EXPECTED :View</td></tr>
<tr><td>Successfully validated View</td></tr>
<tr><td>Successfully selected status dropdown</td></tr>
<tr><td>Successfully selected the status option</td></tr>
<tr><td>PASS : Validating the text value : ACTUAL : Pass 	EXPECTED :Pass</td></tr>
<tr><td>Successfully validated pass status</td></tr>
<tr><td>PASS : Validating the text value : ACTUAL : REST API TEST RESULT 	EXPECTED :REST API TEST RESULT</td></tr>
<tr><td>Successfully validated product</td></tr>
<tr><td>Successfully clicked on the product</td></tr>
<tr><td>PASS : Validating the text value : ACTUAL : Tests 	EXPECTED :Tests</td></tr>
<tr><td>Successfully validated panelview</td></tr>
<tr><td>Successfully validated the list of pass test cases</td></tr>
<tr><td>Opening browser: ie</td></tr>
<tr><td>PASS : Validating the text value : ACTUAL : Product Snapshot 	EXPECTED :Product Snapshot</td></tr>
<tr><td>Successfully validated product snapshot</td></tr>
<tr><td>No such element found with xpath //div[text()='Tests']</td></tr>
<tr><td>Opening browser: ie</td></tr>
<tr><td>Screenshot Captured for failure C:\Users\srinischal.thiparani\FalconDashboardAutomation\falcondashboard\target\FalconDemo-Sample-WIN_10_ie_3.150.1 (2)\Screenshots\productPage_1_.png</td></tr>
<tr><td>Opening browser: ie</td></tr>
<tr><td>Maximizing browser window</td></tr>
<tr><td>Maximizing browser window</td></tr>
<tr><td>Maximizing browser window</td></tr>
<tr><td>Successfully clicked on product</td></tr>
<tr><td>PASS : Validating the text value : ACTUAL : Dashboard 	EXPECTED :Dashboard</td></tr>
<tr><td>Successfully validated dashboard text</td></tr>
<tr><td>Successfully clicked on product</td></tr>
<tr><td>Successfully displayed day and date of product</td></tr>
<tr><td>Successfully displayed medium of product</td></tr>
<tr><td>PASS : Validating the medium of the product is same as expected or not : ACTUAL :  Web Services  	EXPECTED : Web Services </td></tr>
<tr><td>Successfully validated the medium of the product</td></tr>
<tr><td>Opening browser: ie</td></tr>
<tr><td>Successfully selected status dropdown</td></tr>
<tr><td>Successfully selected the status option</td></tr>
<tr><td>Successfully clicked on the refresh option</td></tr>
<tr><td>Opening browser: ie</td></tr>
<tr><td>Maximizing browser window</td></tr>
<tr><td>PASS : Validating the text value : ACTUAL : Fail 	EXPECTED :Fail</td></tr>
<tr><td>Successfully validated fail status</td></tr>
<tr><td>Successfully displayed the fail test cases</td></tr>
<tr><td>Opening browser: ie</td></tr>
<tr><td>Successfully clicked on the product</td></tr>
<tr><td>Maximizing browser window</td></tr>
<tr><td>Clicked on download option</td></tr>
<tr><td>Successfully clicked on product snapshot bar</td></tr>
<tr><td>PASS : Validating the download message of the product is same as expected or not : ACTUAL : Download 	EXPECTED :Download</td></tr>
<tr><td>Sucessfully validated the tooltip message</td></tr>
<tr><td>Opening browser: ie</td></tr>
<tr><td>PASS : Validating the text value : ACTUAL : Product Snapshot 	EXPECTED :Product Snapshot</td></tr>
<tr><td>Successfully validated product snapshot</td></tr>
<tr><td>Opening browser: ie</td></tr>
<tr><td>Maximizing browser window</td></tr>
<tr><td>Successfully clicked on product</td></tr>
<tr><td>Maximizing browser window</td></tr>
<tr><td>Maximizing browser window</td></tr>
<tr><td>Successfully selected status dropdown</td></tr>
<tr><td>Successfully selected the status option</td></tr>
<tr><td>Successfully clicked on product</td></tr>
<tr><td>Successfully clicked on the expand button</td></tr>
<tr><td>PASS : Validating the text value : ACTUAL : Dashboard 	EXPECTED :Dashboard</td></tr>
<tr><td>clicked on refresh option</td></tr>
<tr><td>Successfully validated dashboard text</td></tr>
<tr><td>PASS : Validating the text value : ACTUAL : FALCON 	EXPECTED :FALCON</td></tr>
<tr><td>Successfully validated falcon</td></tr>
<tr><td>PASS : Validating the text value : ACTUAL : Skip 	EXPECTED :Skip</td></tr>
<tr><td>Successfully validated skip status</td></tr>
<tr><td>Successfully displayed day and date of product</td></tr>
<tr><td>PASS : Validating the date of the product is same as expected or not : ACTUAL : Mar18,2020 	EXPECTED :Mar18,2020</td></tr>
<tr><td>Successfully validated the date</td></tr>
<tr><td>Opening browser: ie</td></tr>
<tr><td>Successfully clicked on the expand button</td></tr>
<tr><td>Successfully displayed the failed test cases</td></tr>
<tr><td>Opening browser: ie</td></tr>
<tr><td>Opening browser: ie</td></tr>
<tr><td>Maximizing browser window</td></tr>
<tr><td>Successfully clicked on recent runs</td></tr>
<tr><td>Maximizing browser window</td></tr>
<tr><td>Maximizing browser window</td></tr>
<tr><td>PASS : Validating the text value : ACTUAL : Recent Runs 	EXPECTED :Recent Runs</td></tr>
<tr><td>Successfully validated recentruns</td></tr>
<tr><td>PASS : Validating the text value : ACTUAL : Reports 	EXPECTED :Reports</td></tr>
<tr><td>Successfully validated reports</td></tr>
<tr><td>PASS : Validating the text value : ACTUAL : Product Name 	EXPECTED :Product Name</td></tr>
<tr><td>Successfully validated product name</td></tr>
<tr><td>PASS : Validating the text value : ACTUAL : Component 	EXPECTED :Component</td></tr>
<tr><td>Successfully validated the component text</td></tr>
<tr><td>Successfully clicked on product</td></tr>
<tr><td>PASS : Validating the text value : ACTUAL : Testcases # 	EXPECTED :Testcases #</td></tr>
<tr><td>Successfully validated textcases with # symbol</td></tr>
<tr><td>PASS : Validating the text value : ACTUAL : Pass % 	EXPECTED :Pass %</td></tr>
<tr><td>Successfully validated the passpercent with % symbol</td></tr>
<tr><td>PASS : Validating the text value : ACTUAL : Last Run 	EXPECTED :Last Run</td></tr>
<tr><td>Successfully validated lastruns</td></tr>
<tr><td>Successfully clicked on product</td></tr>
<tr><td>Opening browser: ie</td></tr>
<tr><td>Successfully selected status dropdown</td></tr>
<tr><td>Successfully selected the status option</td></tr>
<tr><td>Maximizing browser window</td></tr>
<tr><td>Successfully selected dashboard option</td></tr>
<tr><td>PASS : Validating the text value : ACTUAL : Fail 	EXPECTED :Fail</td></tr>
<tr><td>Successfully validated status</td></tr>
<tr><td>PASS : Validating the color of total test cases box is same as expected is same or not : ACTUAL : rgba(103, 58, 183, 1) 	EXPECTED :rgba(103, 58, 183, 1)</td></tr>
<tr><td>Successfully validated the color of the total  test cases box</td></tr>
<tr><td>Opening browser: ie</td></tr>
<tr><td>Successfully clicked on test case</td></tr>
<tr><td>Successfully clicked on the recent runs</td></tr>
<tr><td>Maximizing browser window</td></tr>
<tr><td>PASS : Validating the text value : ACTUAL : Steps - registerTest 	EXPECTED :Steps - registerTest</td></tr>
<tr><td>Successfully validated paneltitle</td></tr>
<tr><td>PASS : Validating the text value : ACTUAL : Product Name 	EXPECTED :Product Name</td></tr>
<tr><td>Successfully validated the product name</td></tr>
<tr><td>Succesfully clicked on the product</td></tr>
<tr><td>Opening browser: ie</td></tr>
<tr><td>Successfully clicked on product</td></tr>
<tr><td>Maximizing browser window</td></tr>
<tr><td>PASS : Validating the text value : ACTUAL : cucumber.runtime.CucumberException: org.openqa.selenium.StaleElementReferenceException: stale element reference: element is not attached to the page document (Session info: chrome=69.0.3497.100) (Driver info: chromedriver=2.40.565383 (76257d1ab79276b2d53ee976b2c3e3b9f335cde7),platform=Linux 4.15.0-34-generic x86_64) (WARNING: The server did not provide any stacktrace information) Command duration or timeout: 0 milliseconds For documentation on this error, please visit: http://seleniumhq.org/exceptions/stale_element_reference.html Build info: version: '3.6.0', revision: '6fbf3ec767', time: '2017-09-27T15:28:36.4Z' System info: host: 'ubuntu-virtual-machine', ip: '127.0.1.1', os.name: 'Linux', os.arch: 'amd64', os.version: '4.15.0-34-generic', java.version: '1.8.0_144' Driver info: org.openqa.selenium.chrome.ChromeDriver Capabilities [{mobileEmulationEnabled=false, hasTouchScreen=false, platform=LINUX, acceptSslCerts=false, acceptInsecureCerts=false, webStorageEnabled=true, browserName=chrome, takesScreenshot=true, javascriptEnabled=true, platformName=LINUX, setWindowRect=true, unexpectedAlertBehaviour=, applicationCacheEnabled=false, rotatable=false, networkConnectionEnabled=false, chrome={chromedriverVersion=2.40.565383 (76257d1ab79276b2d53ee976b2c3e3b9f335cde7), userDataDir=/tmp/.org.chromium.Chromium.MAzT8B}, takesHeapSnapshot=true, pageLoadStrategy=normal, unhandledPromptBehavior=, databaseEnabled=false, handlesAlerts=true, version=69.0.3497.100, browserConnectionEnabled=false, nativeEvents=true, locationContextEnabled=true, cssSelectorsEnabled=true}] Session ID: 585a3398a115867c8b82948329d71c64 at cucumber.api.testng.TestNGCucumberRunner.runCucumber(TestNGCucumberRunner.java:69) at com.atmecs.test.heatClinic.runner.AbstractRegisterTest.registerTest(AbstractRegisterTest.java:29) at sun.reflect.NativeMethodAccessorImpl.invoke0(Native Method) at sun.reflect.NativeMethodAccessorImpl.invoke(NativeMethodAccessorImpl.java:62) at sun.reflect.DelegatingMethodAccessorImpl.invoke(DelegatingMethodAccessorImpl.java:43) at java.lang.reflect.Method.invoke(Method.java:498) at org.testng.internal.MethodInvocationHelper.invokeMethod(MethodInvocationHelper.java:86) at org.testng.internal.Invoker.invokeMethod(Invoker.java:643) at org.testng.internal.Invoker.invokeTestMethod(Invoker.java:820) at org.testng.internal.Invoker.invokeTestMethods(Invoker.java:1128) at org.testng.internal.TestMethodWorker.invokeTestMethods(TestMethodWorker.java:129) at org.testng.internal.TestMethodWorker.run(TestMethodWorker.java:112) at org.testng.TestRunner.privateRun(TestRunner.java:782) at org.testng.TestRunner.run(TestRunner.java:632) at org.testng.SuiteRunner.runTest(SuiteRunner.java:366) at org.testng.SuiteRunner.runSequentially(SuiteRunner.java:361) at org.testng.SuiteRunner.privateRun(SuiteRunner.java:319) at org.testng.SuiteRunner.run(SuiteRunner.java:268) at org.testng.SuiteRunnerWorker.runSuite(SuiteRunnerWorker.java:52) at org.testng.SuiteRunnerWorker.run(SuiteRunnerWorker.java:86) at org.testng.TestNG.runSuitesSequentially(TestNG.java:1244) at org.testng.TestNG.runSuitesLocally(TestNG.java:1169) at org.testng.TestNG.run(TestNG.java:1064) at com.atmecs.test.heatClinic.runner.TestNGRunner.main(TestNGRunner.java:58) at sun.reflect.NativeMethodAccessorImpl.invoke0(Native Method) at sun.reflect.NativeMethodAccessorImpl.invoke(NativeMethodAccessorImpl.java:62) at sun.reflect.DelegatingMethodAccessorImpl.invoke(DelegatingMethodAccessorImpl.java:43) at java.lang.reflect.Method.invoke(Method.java:498) at org.codehaus.mojo.exec.ExecJavaMojo$1.run(ExecJavaMojo.java:294) at java.lang.Thread.run(Thread.java:748) Caused by: org.openqa.selenium.StaleElementReferenceException: stale element reference: element is not attached to the page document (Session info: chrome=69.0.3497.100) (Driver info: chromedriver=2.40.565383 (76257d1ab79276b2d53ee976b2c3e3b9f335cde7),platform=Linux 4.15.0-34-generic x86_64) (WARNING: The server did not provide any stacktrace information) Command duration or timeout: 0 milliseconds For documentation on this error, please visit: http://seleniumhq.org/exceptions/stale_element_reference.html Build info: version: '3.6.0', revision: '6fbf3ec767', time: '2017-09-27T15:28:36.4Z' System info: host: 'ubuntu-virtual-machine', ip: '127.0.1.1', os.name: 'Linux', os.arch: 'amd64', os.version: '4.15.0-34-generic', java.version: '1.8.0_144' Driver info: org.openqa.selenium.chrome.ChromeDriver Capabilities [{mobileEmulationEnabled=false, hasTouchScreen=false, platform=LINUX, acceptSslCerts=false, acceptInsecureCerts=false, webStorageEnabled=true, browserName=chrome, takesScreenshot=true, javascriptEnabled=true, platformName=LINUX, setWindowRect=true, unexpectedAlertBehaviour=, applicationCacheEnabled=false, rotatable=false, networkConnectionEnabled=false, chrome={chromedriverVersion=2.40.565383 (76257d1ab79276b2d53ee976b2c3e3b9f335cde7), userDataDir=/tmp/.org.chromium.Chromium.MAzT8B}, takesHeapSnapshot=true, pageLoadStrategy=normal, unhandledPromptBehavior=, databaseEnabled=false, handlesAlerts=true, version=69.0.3497.100, browserConnectionEnabled=false, nativeEvents=true, locationContextEnabled=true, cssSelectorsEnabled=true}] Session ID: 585a3398a115867c8b82948329d71c64 at sun.reflect.NativeConstructorAccessorImpl.newInstance0(Native Method) at sun.reflect.NativeConstructorAccessorImpl.newInstance(NativeConstructorAccessorImpl.java:62) at sun.reflect.DelegatingConstructorAccessorImpl.newInstance(DelegatingConstructorAccessorImpl.java:45) at java.lang.reflect.Constructor.newInstance(Constructor.java:423) at org.openqa.selenium.remote.ErrorHandler.createThrowable(ErrorHandler.java:214) at org.openqa.selenium.remote.ErrorHandler.throwIfResponseFailed(ErrorHandler.java:166) at org.openqa.selenium.remote.http.JsonHttpResponseCodec.reconstructValue(JsonHttpResponseCodec.java:40) at org.openqa.selenium.remote.http.AbstractHttpResponseCodec.decode(AbstractHttpResponseCodec.java:82) at org.openqa.selenium.remote.http.AbstractHttpResponseCodec.decode(AbstractHttpResponseCodec.java:45) at org.openqa.selenium.remote.HttpCommandExecutor.execute(HttpCommandExecutor.java:164) at org.openqa.selenium.remote.service.DriverCommandExecutor.execute(DriverCommandExecutor.java:83) at org.openqa.selenium.remote.RemoteWebDriver.execute(RemoteWebDriver.java:586) at org.openqa.selenium.remote.RemoteWebElement.execute(RemoteWebElement.java:279) at org.openqa.selenium.remote.RemoteWebElement.getText(RemoteWebElement.java:160) at com.heatclinic.pages.LoginPage.getLoginUser(LoginPage.java:63) at com.atmecs.heatClinic.helpers.LoginHelper.verifyLoginUser(LoginHelper.java:39) at com.atmecs.test.heatClinic.testscript.RegistrationTest.registration_should_be_successful(RegistrationTest.java:64) at ?.Then registration should be successful(src/main/java/Features/registration.feature:9) 	EXPECTED :cucumber.runtime.CucumberException: org.openqa.selenium.StaleElementReferenceException: stale element reference: element is not attached to the page document (Session info: chrome=69.0.3497.100) (Driver info: chromedriver=2.40.565383 (76257d1ab79276b2d53ee976b2c3e3b9f335cde7),platform=Linux 4.15.0-34-generic x86_64) (WARNING: The server did not provide any stacktrace information) Command duration or timeout: 0 milliseconds For documentation on this error, please visit: http://seleniumhq.org/exceptions/stale_element_reference.html Build info: version: '3.6.0', revision: '6fbf3ec767', time: '2017-09-27T15:28:36.4Z' System info: host: 'ubuntu-virtual-machine', ip: '127.0.1.1', os.name: 'Linux', os.arch: 'amd64', os.version: '4.15.0-34-generic', java.version: '1.8.0_144' Driver info: org.openqa.selenium.chrome.ChromeDriver Capabilities [{mobileEmulationEnabled=false, hasTouchScreen=false, platform=LINUX, acceptSslCerts=false, acceptInsecureCerts=false, webStorageEnabled=true, browserName=chrome, takesScreenshot=true, javascriptEnabled=true, platformName=LINUX, setWindowRect=true, unexpectedAlertBehaviour=, applicationCacheEnabled=false, rotatable=false, networkConnectionEnabled=false, chrome={chromedriverVersion=2.40.565383 (76257d1ab79276b2d53ee976b2c3e3b9f335cde7), userDataDir=/tmp/.org.chromium.Chromium.MAzT8B}, takesHeapSnapshot=true, pageLoadStrategy=normal, unhandledPromptBehavior=, databaseEnabled=false, handlesAlerts=true, version=69.0.3497.100, browserConnectionEnabled=false, nativeEvents=true, locationContextEnabled=true, cssSelectorsEnabled=true}] Session ID: 585a3398a115867c8b82948329d71c64 at cucumber.api.testng.TestNGCucumberRunner.runCucumber(TestNGCucumberRunner.java:69) at com.atmecs.test.heatClinic.runner.AbstractRegisterTest.registerTest(AbstractRegisterTest.java:29) at sun.reflect.NativeMethodAccessorImpl.invoke0(Native Method) at sun.reflect.NativeMethodAccessorImpl.invoke(NativeMethodAccessorImpl.java:62) at sun.reflect.DelegatingMethodAccessorImpl.invoke(DelegatingMethodAccessorImpl.java:43) at java.lang.reflect.Method.invoke(Method.java:498) at org.testng.internal.MethodInvocationHelper.invokeMethod(MethodInvocationHelper.java:86) at org.testng.internal.Invoker.invokeMethod(Invoker.java:643) at org.testng.internal.Invoker.invokeTestMethod(Invoker.java:820) at org.testng.internal.Invoker.invokeTestMethods(Invoker.java:1128) at org.testng.internal.TestMethodWorker.invokeTestMethods(TestMethodWorker.java:129) at org.testng.internal.TestMethodWorker.run(TestMethodWorker.java:112) at org.testng.TestRunner.privateRun(TestRunner.java:782) at org.testng.TestRunner.run(TestRunner.java:632) at org.testng.SuiteRunner.runTest(SuiteRunner.java:366) at org.testng.SuiteRunner.runSequentially(SuiteRunner.java:361) at org.testng.SuiteRunner.privateRun(SuiteRunner.java:319) at org.testng.SuiteRunner.run(SuiteRunner.java:268) at org.testng.SuiteRunnerWorker.runSuite(SuiteRunnerWorker.java:52) at org.testng.SuiteRunnerWorker.run(SuiteRunnerWorker.java:86) at org.testng.TestNG.runSuitesSequentially(TestNG.java:1244) at org.testng.TestNG.runSuitesLocally(TestNG.java:1169) at org.testng.TestNG.run(TestNG.java:1064) at com.atmecs.test.heatClinic.runner.TestNGRunner.main(TestNGRunner.java:58) at sun.reflect.NativeMethodAccessorImpl.invoke0(Native Method) at sun.reflect.NativeMethodAccessorImpl.invoke(NativeMethodAccessorImpl.java:62) at sun.reflect.DelegatingMethodAccessorImpl.invoke(DelegatingMethodAccessorImpl.java:43) at java.lang.reflect.Method.invoke(Method.java:498) at org.codehaus.mojo.exec.ExecJavaMojo$1.run(ExecJavaMojo.java:294) at java.lang.Thread.run(Thread.java:748) Caused by: org.openqa.selenium.StaleElementReferenceException: stale element reference: element is not attached to the page document (Session info: chrome=69.0.3497.100) (Driver info: chromedriver=2.40.565383 (76257d1ab79276b2d53ee976b2c3e3b9f335cde7),platform=Linux 4.15.0-34-generic x86_64) (WARNING: The server did not provide any stacktrace information) Command duration or timeout: 0 milliseconds For documentation on this error, please visit: http://seleniumhq.org/exceptions/stale_element_reference.html Build info: version: '3.6.0', revision: '6fbf3ec767', time: '2017-09-27T15:28:36.4Z' System info: host: 'ubuntu-virtual-machine', ip: '127.0.1.1', os.name: 'Linux', os.arch: 'amd64', os.version: '4.15.0-34-generic', java.version: '1.8.0_144' Driver info: org.openqa.selenium.chrome.ChromeDriver Capabilities [{mobileEmulationEnabled=false, hasTouchScreen=false, platform=LINUX, acceptSslCerts=false, acceptInsecureCerts=false, webStorageEnabled=true, browserName=chrome, takesScreenshot=true, javascriptEnabled=true, platformName=LINUX, setWindowRect=true, unexpectedAlertBehaviour=, applicationCacheEnabled=false, rotatable=false, networkConnectionEnabled=false, chrome={chromedriverVersion=2.40.565383 (76257d1ab79276b2d53ee976b2c3e3b9f335cde7), userDataDir=/tmp/.org.chromium.Chromium.MAzT8B}, takesHeapSnapshot=true, pageLoadStrategy=normal, unhandledPromptBehavior=, databaseEnabled=false, handlesAlerts=true, version=69.0.3497.100, browserConnectionEnabled=false, nativeEvents=true, locationContextEnabled=true, cssSelectorsEnabled=true}] Session ID: 585a3398a115867c8b82948329d71c64 at sun.reflect.NativeConstructorAccessorImpl.newInstance0(Native Method) at sun.reflect.NativeConstructorAccessorImpl.newInstance(NativeConstructorAccessorImpl.java:62) at sun.reflect.DelegatingConstructorAccessorImpl.newInstance(DelegatingConstructorAccessorImpl.java:45) at java.lang.reflect.Constructor.newInstance(Constructor.java:423) at org.openqa.selenium.remote.ErrorHandler.createThrowable(ErrorHandler.java:214) at org.openqa.selenium.remote.ErrorHandler.throwIfResponseFailed(ErrorHandler.java:166) at org.openqa.selenium.remote.http.JsonHttpResponseCodec.reconstructValue(JsonHttpResponseCodec.java:40) at org.openqa.selenium.remote.http.AbstractHttpResponseCodec.decode(AbstractHttpResponseCodec.java:82) at org.openqa.selenium.remote.http.AbstractHttpResponseCodec.decode(AbstractHttpResponseCodec.java:45) at org.openqa.selenium.remote.HttpCommandExecutor.execute(HttpCommandExecutor.java:164) at org.openqa.selenium.remote.service.DriverCommandExecutor.execute(DriverCommandExecutor.java:83) at org.openqa.selenium.remote.RemoteWebDriver.execute(RemoteWebDriver.java:586) at org.openqa.selenium.remote.RemoteWebElement.execute(RemoteWebElement.java:279) at org.openqa.selenium.remote.RemoteWebElement.getText(RemoteWebElement.java:160) at com.heatclinic.pages.LoginPage.getLoginUser(LoginPage.java:63) at com.atmecs.heatClinic.helpers.LoginHelper.verifyLoginUser(LoginHelper.java:39) at com.atmecs.test.heatClinic.testscript.RegistrationTest.registration_should_be_successful(RegistrationTest.java:64) at ?.Then registration should be successful(src/main/java/Features/registration.feature:9)</td></tr>
<tr><td>Successfully validated error message</td></tr>
<tr><td>Opening browser: ie</td></tr>
<tr><td>Successfully clicked dashboard slider</td></tr>
<tr><td>Successfully clicked total test cases</td></tr>
<tr><td>Maximizing browser window</td></tr>
<tr><td>PASS : Validating the text value : ACTUAL : 2 TEST(S) 	EXPECTED :2 TEST(S)</td></tr>
<tr><td>Successfully validated test cases</td></tr>
<tr><td>Successfully clicked on the product</td></tr>
<tr><td>Successfully clicked on recent runs</td></tr>
<tr><td>PASS : Validating the text value : ACTUAL : RUN IN - 22 secs 	EXPECTED :RUN IN - 22 secs</td></tr>
<tr><td>Successfully validated the run time</td></tr>
<tr><td>Successfully selected status dropdown</td></tr>
<tr><td>Successfully selected the status option</td></tr>
<tr><td>Opening browser: ie</td></tr>
<tr><td>Successfully clicked on component</td></tr>
<tr><td>PASS : Validating the text value : ACTUAL : Component 	EXPECTED :Component</td></tr>
<tr><td>Successfully validated component text</td></tr>
<tr><td>Successfully clicked on component</td></tr>
<tr><td>Opening browser: ie</td></tr>
<tr><td>Successfully selected the testcase</td></tr>
<tr><td>Maximizing browser window</td></tr>
<tr><td>Maximizing browser window</td></tr>
<tr><td>PASS : Validating the text value : ACTUAL : Status 	EXPECTED :Status</td></tr>
<tr><td>Successfully validated Status option</td></tr>
<tr><td>PASS : Validating the text value : ACTUAL : Details 	EXPECTED :Details</td></tr>
<tr><td>Successfully validated Details option</td></tr>
<tr><td>PASS : Validating the text value : ACTUAL : Executing test case 	EXPECTED :Executing test case</td></tr>
<tr><td>Successfully validated the test case</td></tr>
<tr><td>PASS : Validating the text value : ACTUAL : click on Login Link on Heat Clinic page... 	EXPECTED :click on Login Link on Heat Clinic page...</td></tr>
<tr><td>Successfully validated Request Body</td></tr>
<tr><td>Successfully clicked on product</td></tr>
<tr><td>Successfully clicked on the recent runs</td></tr>
<tr><td>Successfully selected dashboard option</td></tr>
<tr><td>PASS : Validating the text value : ACTUAL : Pass % 	EXPECTED :Pass %</td></tr>
<tr><td>Successfully validated the pass percent</td></tr>
<tr><td>Successfully clicked on the pass percentage</td></tr>
<tr><td>Opening browser: ie</td></tr>
<tr><td>PASS : Validating the color of the pass test cases is same as expected or not : ACTUAL : rgba(0, 150, 136, 1) 	EXPECTED :rgba(0, 150, 136, 1)</td></tr>
<tr><td>Successfully validated the color of the pass  test cases box</td></tr>
<tr><td>Opening browser: ie</td></tr>
<tr><td>Maximizing browser window</td></tr>
<tr><td>Maximizing browser window</td></tr>
<tr><td>Successfully clicked on recent runs</td></tr>
<tr><td>Successfully clicked on product</td></tr>
<tr><td>Successfully mouse hovered over the delete option</td></tr>
<tr><td>PASS : Validating the delete run message is same as expected or not : ACTUAL : Delete Run 	EXPECTED :Delete Run</td></tr>
<tr><td>Opening browser: ie</td></tr>
<tr><td>Successfully clicked dashboard slider</td></tr>
<tr><td>Maximizing browser window</td></tr>
<tr><td>Successfully clicked pass test cases</td></tr>
<tr><td>Successfully clicked on the recent runs</td></tr>
<tr><td>PASS : Validating the text value : ACTUAL : 1 	EXPECTED :1</td></tr>
<tr><td>Successfully validated passed test cases</td></tr>
<tr><td>PASS : Validating the text value : ACTUAL : PASS - 50% 	EXPECTED :PASS - 50%</td></tr>
<tr><td>Successfully validated pass percentage</td></tr>
<tr><td>PASS : Validating the text value : ACTUAL : Last Run 	EXPECTED :Last Run</td></tr>
<tr><td>Successfully validated the last run</td></tr>
<tr><td>Successfully clicked on the last runs</td></tr>
<tr><td>Opening browser: ie</td></tr>
<tr><td>Maximizing browser window</td></tr>
<tr><td>Successfully clicked on product</td></tr>
<tr><td>Successfully selected dashboard option</td></tr>
<tr><td>PASS : Validating the color of the fail test cases box is same as expected or not : ACTUAL : rgba(244, 67, 54, 1) 	EXPECTED :rgba(244, 67, 54, 1)</td></tr>
<tr><td>Successfully validated the color of the fail test cases box</td></tr>
<tr><td>Opening browser: ie</td></tr>
<tr><td>Maximizing browser window</td></tr>
<tr><td>Successfully clicked on product</td></tr>
<tr><td>Successfully clicked dashboard slider</td></tr>
<tr><td>Successfully clicked fail test cases</td></tr>
<tr><td>PASS : Validating the text value : ACTUAL : 1 	EXPECTED :1</td></tr>
<tr><td>Successfully validated Failed test cases</td></tr>
<tr><td>PASS : Validating the text value : ACTUAL : FAIL 	EXPECTED :FAIL</td></tr>
<tr><td>Successfully validated fail message</td></tr>
<tr><td>Opening browser: ie</td></tr>
<tr><td>Maximizing browser window</td></tr>
<tr><td>Successfully clicked on product</td></tr>
<tr><td>Successfully selected dashboard option</td></tr>
<tr><td>PASS : Validating th ecolor of the skip test cases box is same as expected or not : ACTUAL : rgba(33, 150, 243, 1) 	EXPECTED :rgba(33, 150, 243, 1)</td></tr>
<tr><td>Successfully validated the color of the skip test cases box</td></tr>
<tr><td>Opening browser: ie</td></tr>
<tr><td>Maximizing browser window</td></tr>
<tr><td>Successfully clicked on product</td></tr>
<tr><td>Successfully clicked dashboard slider</td></tr>
<tr><td>Successfully clicked pass test cases</td></tr>
<tr><td>PASS : Validating the text value : ACTUAL : 0 	EXPECTED :0</td></tr>
<tr><td>Successfully validated Skipped test cases</td></tr>
<tr><td>PASS : Validating the text value : ACTUAL : SKIP 	EXPECTED :SKIP</td></tr>
<tr><td>Successfully validated skip message</td></tr>
<tr><td>Opening browser: ie</td></tr>
<tr><td>Maximizing browser window</td></tr>
<tr><td>PASS : Validating the text value : ACTUAL : View 	EXPECTED :View</td></tr>
<tr><td>Successfully validated views</td></tr>
<tr><td>PASS : Validating the text value : ACTUAL : Tests 	EXPECTED :Tests</td></tr>
<tr><td>Successfully validated the views panel title</td></tr>
<tr><td>Successfully selected dashboard option</td></tr>
<tr><td>Clicked on download option</td></tr>
</table>