<?xml version="1.0" encoding="UTF-8"?>
<!-- Generated by org.testng.reporters.JUnitXMLReporter -->
<testsuite ignored="0" hostname="ATMECSINLT-060" failures="1" tests="1" name="SampleTest" time="2.843" errors="0" timestamp="17 Feb 2020 14:31:56 GMT">
  <testcase classname="com.atmecs.qa.falcondashboard.testscript.TC27_TotalTestCases" name="totalTestCases" time="2.393">
    <failure type="java.lang.AssertionError" message="expected [Testcases #] but found [10 TEST(S)]">
      <![CDATA[java.lang.AssertionError: expected [Testcases #] but found [10 TEST(S)]
at com.atmecs.qa.falcondashboard.helper.ValidationHelper.getDataofRow(ValidationHelper.java:29)
at com.atmecs.qa.falcondashboard.validationresults.ViewPageValidation.validateTestCases(ViewPageValidation.java:26)
at com.atmecs.qa.falcondashboard.testscript.TC27_TotalTestCases.totalTestCases(TC27_TotalTestCases.java:50)
at com.atmecs.qa.falcondashboard.runner.TestNGRunner.main(TestNGRunner.java:59)
at org.codehaus.mojo.exec.ExecJavaMojo$1.run(ExecJavaMojo.java:294)
at java.base/java.lang.Thread.run(Thread.java:830)
... Removed 32 stack frames]]>
    </failure>
  </testcase> <!-- totalTestCases -->
</testsuite> <!-- SampleTest -->
