<html>
<head>
<title>TestNG:  SampleTest</title>
<link href="../testng.css" rel="stylesheet" type="text/css" />
<link href="../my-testng.css" rel="stylesheet" type="text/css" />

<style type="text/css">
.log { display: none;} 
.stack-trace { display: none;} 
</style>
<script type="text/javascript">
<!--
function flip(e) {
  current = e.style.display;
  if (current == 'block') {
    e.style.display = 'none';
    return 0;
  }
  else {
    e.style.display = 'block';
    return 1;
  }
}

function toggleBox(szDivId, elem, msg1, msg2)
{
  var res = -1;  if (document.getElementById) {
    res = flip(document.getElementById(szDivId));
  }
  else if (document.all) {
    // this is the way old msie versions work
    res = flip(document.all[szDivId]);
  }
  if(elem) {
    if(res == 0) elem.innerHTML = msg1; else elem.innerHTML = msg2;
  }

}

function toggleAllBoxes() {
  if (document.getElementsByTagName) {
    d = document.getElementsByTagName('div');
    for (i = 0; i < d.length; i++) {
      if (d[i].className == 'log') {
        flip(d[i]);
      }
    }
  }
}

// -->
</script>

</head>
<body>
<h2 align='center'>SampleTest</h2><table border='1' align="center">
<tr>
<td>Tests passed/Failed/Skipped:</td><td>2/0/0</td>
</tr><tr>
<td>Started on:</td><td>Wed Mar 18 16:25:38 IST 2020</td>
</tr>
<tr><td>Total time:</td><td>246 seconds (246828 ms)</td>
</tr><tr>
<td>Included groups:</td><td></td>
</tr><tr>
<td>Excluded groups:</td><td></td>
</tr>
</table><p/>
<small><i>(Hover the method name to see the test class name)</i></small><p/>
<table width='100%' border='1' class='invocation-passed'>
<tr><td colspan='4' align='center'><b>PASSED TESTS</b></td></tr>
<tr><td><b>Test method</b></td>
<td width="30%"><b>Exception</b></td>
<td width="10%"><b>Time (seconds)</b></td>
<td><b>Instance</b></td>
</tr>
<tr>
<td title='com.atmecs.qa.falcondashboard.testscript.TC20_FailTestCase.failTestCasesOfProduct()'><b>failTestCasesOfProduct</b><br>Test class: com.atmecs.qa.falcondashboard.testscript.TC20_FailTestCase<br/>
<a href="#Output-357922472" onClick='toggleBox("Output-357922472", this, "Show output", "Hide output");'>Show output</a>

<a href="#Output-357922472" onClick="toggleAllBoxes();">Show all outputs</a>
<div class='log' id="Output-357922472">
Successfully clicked on product<br/>
Successfully selected status dropdown<br/>
Successfully selected the status option<br/>
PASS : Validating the text value : ACTUAL : Fail 	EXPECTED :Fail<br/>
Successfully validated status<br/>
Successfully clicked on test case<br/>
PASS : Validating the text value : ACTUAL : Steps - invalidLogin 	EXPECTED :Steps - invalidLogin<br/>
Successfully validated paneltitle<br/>
PASS : Validating the text value : ACTUAL : org.openqa.selenium.TimeoutException: Timed out after 10 seconds waiting for visibility of element located by By.xpath: //a[@class='my-account'] Build info: version: '2.53.1', revision: 'a36b8b1cd5757287168e54b817830adce9b0158d', time: '2016-06-30 19:26:09' System info: host: 'ubuntu-virtual-machine', ip: '127.0.1.1', os.name: 'Linux', os.arch: 'amd64', os.version: '4.15.0-34-generic', java.version: '1.8.0_144' Driver info: org.openqa.selenium.chrome.ChromeDriver Capabilities [{applicationCacheEnabled=false, rotatable=false, mobileEmulationEnabled=false, networkConnectionEnabled=false, chrome={chromedriverVersion=2.40.565383 (76257d1ab79276b2d53ee976b2c3e3b9f335cde7), userDataDir=/tmp/.org.chromium.Chromium.d5P0Rs}, takesHeapSnapshot=true, pageLoadStrategy=normal, databaseEnabled=false, handlesAlerts=true, hasTouchScreen=false, version=69.0.3497.100, platform=LINUX, browserConnectionEnabled=false, nativeEvents=true, acceptSslCerts=false, acceptInsecureCerts=false, locationContextEnabled=true, webStorageEnabled=true, browserName=chrome, takesScreenshot=true, javascriptEnabled=true, cssSelectorsEnabled=true, setWindowRect=true, unexpectedAlertBehaviour=}] Session ID: df31d84851c2efc58ae36c2ddaab8500 at org.openqa.selenium.support.ui.WebDriverWait.timeoutException(WebDriverWait.java:80) at org.openqa.selenium.support.ui.FluentWait.until(FluentWait.java:261) at com.atmecs.falcon.automation.ui.selenium.WaitElement.waitFor(WaitElement.java:90) at com.atmecs.testscript.LoginInvalidTestScript.accountLogin(LoginInvalidTestScript.java:86) at com.atmecs.testscript.LoginInvalidTestScript.invalidLogin(LoginInvalidTestScript.java:67) at sun.reflect.NativeMethodAccessorImpl.invoke0(Native Method) at sun.reflect.NativeMethodAccessorImpl.invoke(NativeMethodAccessorImpl.java:62) at sun.reflect.DelegatingMethodAccessorImpl.invoke(DelegatingMethodAccessorImpl.java:43) at java.lang.reflect.Method.invoke(Method.java:498) at org.testng.internal.MethodInvocationHelper.invokeMethod(MethodInvocationHelper.java:85) at org.testng.internal.Invoker.invokeMethod(Invoker.java:639) at org.testng.internal.Invoker.invokeTestMethod(Invoker.java:816) at org.testng.internal.Invoker.invokeTestMethods(Invoker.java:1124) at org.testng.internal.TestMethodWorker.invokeTestMethods(TestMethodWorker.java:125) at org.testng.internal.TestMethodWorker.run(TestMethodWorker.java:108) at org.testng.TestRunner.privateRun(TestRunner.java:774) at org.testng.TestRunner.run(TestRunner.java:624) at org.testng.SuiteRunner.runTest(SuiteRunner.java:359) at org.testng.SuiteRunner.runSequentially(SuiteRunner.java:354) at org.testng.SuiteRunner.privateRun(SuiteRunner.java:312) at org.testng.SuiteRunner.run(SuiteRunner.java:261) at org.testng.SuiteRunnerWorker.runSuite(SuiteRunnerWorker.java:52) at org.testng.SuiteRunnerWorker.run(SuiteRunnerWorker.java:86) at org.testng.TestNG.runSuitesSequentially(TestNG.java:1215) at org.testng.TestNG.runSuitesLocally(TestNG.java:1140) at org.testng.TestNG.run(TestNG.java:1048) at com.atmecs.runner.TestNGRunner.main(TestNGRunner.java:74) at sun.reflect.NativeMethodAccessorImpl.invoke0(Native Method) at sun.reflect.NativeMethodAccessorImpl.invoke(NativeMethodAccessorImpl.java:62) at sun.reflect.DelegatingMethodAccessorImpl.invoke(DelegatingMethodAccessorImpl.java:43) at java.lang.reflect.Method.invoke(Method.java:498) at org.codehaus.mojo.exec.ExecJavaMojo$1.run(ExecJavaMojo.java:293) at java.lang.Thread.run(Thread.java:748) Caused by: org.openqa.selenium.NoSuchElementException: no such element: Unable to locate element: {"method":"xpath","selector":"//a[@class='my-account']"} (Session info: chrome=69.0.3497.100) (Driver info: chromedriver=2.40.565383 (76257d1ab79276b2d53ee976b2c3e3b9f335cde7),platform=Linux 4.15.0-34-generic x86_64) (WARNING: The server did not provide any stacktrace information) Command duration or timeout: 11 milliseconds For documentation on this error, please visit: http://seleniumhq.org/exceptions/no_such_element.html Build info: version: '2.53.1', revision: 'a36b8b1cd5757287168e54b817830adce9b0158d', time: '2016-06-30 19:26:09' System info: host: 'ubuntu-virtual-machine', ip: '127.0.1.1', os.name: 'Linux', os.arch: 'amd64', os.version: '4.15.0-34-generic', java.version: '1.8.0_144' Driver info: org.openqa.selenium.chrome.ChromeDriver Capabilities [{applicationCacheEnabled=false, rotatable=false, mobileEmulationEnabled=false, networkConnectionEnabled=false, chrome={chromedriverVersion=2.40.565383 (76257d1ab79276b2d53ee976b2c3e3b9f335cde7), userDataDir=/tmp/.org.chromium.Chromium.d5P0Rs}, takesHeapSnapshot=true, pageLoadStrategy=normal, databaseEnabled=false, handlesAlerts=true, hasTouchScreen=false, version=69.0.3497.100, platform=LINUX, browserConnectionEnabled=false, nativeEvents=true, acceptSslCerts=false, acceptInsecureCerts=false, locationContextEnabled=true, webStorageEnabled=true, browserName=chrome, takesScreenshot=true, javascriptEnabled=true, cssSelectorsEnabled=true, setWindowRect=true, unexpectedAlertBehaviour=}] Session ID: df31d84851c2efc58ae36c2ddaab8500 *** Element info: {Using=xpath, value=//a[@class='my-account']} at sun.reflect.GeneratedConstructorAccessor32.newInstance(Unknown Source) at sun.reflect.DelegatingConstructorAccessorImpl.newInstance(DelegatingConstructorAccessorImpl.java:45) at java.lang.reflect.Constructor.newInstance(Constructor.java:423) at org.openqa.selenium.remote.ErrorHandler.createThrowable(ErrorHandler.java:206) at org.openqa.selenium.remote.ErrorHandler.throwIfResponseFailed(ErrorHandler.java:158) at org.openqa.selenium.remote.RemoteWebDriver.execute(RemoteWebDriver.java:678) at org.openqa.selenium.remote.RemoteWebDriver.findElement(RemoteWebDriver.java:363) at org.openqa.selenium.remote.RemoteWebDriver.findElementByXPath(RemoteWebDriver.java:500) at org.openqa.selenium.By$ByXPath.findElement(By.java:361) at org.openqa.selenium.remote.RemoteWebDriver.findElement(RemoteWebDriver.java:355) at org.openqa.selenium.support.ui.ExpectedConditions.findElement(ExpectedConditions.java:899) at org.openqa.selenium.support.ui.ExpectedConditions.access$000(ExpectedConditions.java:41) at org.openqa.selenium.support.ui.ExpectedConditions$7.apply(ExpectedConditions.java:205) at org.openqa.selenium.support.ui.ExpectedConditions$7.apply(ExpectedConditions.java:201) at org.openqa.selenium.support.ui.FluentWait.until(FluentWait.java:238) ... 31 more 	EXPECTED :org.openqa.selenium.TimeoutException: Timed out after 10 seconds waiting for visibility of element located by By.xpath: //a[@class='my-account'] Build info: version: '2.53.1', revision: 'a36b8b1cd5757287168e54b817830adce9b0158d', time: '2016-06-30 19:26:09' System info: host: 'ubuntu-virtual-machine', ip: '127.0.1.1', os.name: 'Linux', os.arch: 'amd64', os.version: '4.15.0-34-generic', java.version: '1.8.0_144' Driver info: org.openqa.selenium.chrome.ChromeDriver Capabilities [{applicationCacheEnabled=false, rotatable=false, mobileEmulationEnabled=false, networkConnectionEnabled=false, chrome={chromedriverVersion=2.40.565383 (76257d1ab79276b2d53ee976b2c3e3b9f335cde7), userDataDir=/tmp/.org.chromium.Chromium.d5P0Rs}, takesHeapSnapshot=true, pageLoadStrategy=normal, databaseEnabled=false, handlesAlerts=true, hasTouchScreen=false, version=69.0.3497.100, platform=LINUX, browserConnectionEnabled=false, nativeEvents=true, acceptSslCerts=false, acceptInsecureCerts=false, locationContextEnabled=true, webStorageEnabled=true, browserName=chrome, takesScreenshot=true, javascriptEnabled=true, cssSelectorsEnabled=true, setWindowRect=true, unexpectedAlertBehaviour=}] Session ID: df31d84851c2efc58ae36c2ddaab8500 at org.openqa.selenium.support.ui.WebDriverWait.timeoutException(WebDriverWait.java:80) at org.openqa.selenium.support.ui.FluentWait.until(FluentWait.java:261) at com.atmecs.falcon.automation.ui.selenium.WaitElement.waitFor(WaitElement.java:90) at com.atmecs.testscript.LoginInvalidTestScript.accountLogin(LoginInvalidTestScript.java:86) at com.atmecs.testscript.LoginInvalidTestScript.invalidLogin(LoginInvalidTestScript.java:67) at sun.reflect.NativeMethodAccessorImpl.invoke0(Native Method) at sun.reflect.NativeMethodAccessorImpl.invoke(NativeMethodAccessorImpl.java:62) at sun.reflect.DelegatingMethodAccessorImpl.invoke(DelegatingMethodAccessorImpl.java:43) at java.lang.reflect.Method.invoke(Method.java:498) at org.testng.internal.MethodInvocationHelper.invokeMethod(MethodInvocationHelper.java:85) at org.testng.internal.Invoker.invokeMethod(Invoker.java:639) at org.testng.internal.Invoker.invokeTestMethod(Invoker.java:816) at org.testng.internal.Invoker.invokeTestMethods(Invoker.java:1124) at org.testng.internal.TestMethodWorker.invokeTestMethods(TestMethodWorker.java:125) at org.testng.internal.TestMethodWorker.run(TestMethodWorker.java:108) at org.testng.TestRunner.privateRun(TestRunner.java:774) at org.testng.TestRunner.run(TestRunner.java:624) at org.testng.SuiteRunner.runTest(SuiteRunner.java:359) at org.testng.SuiteRunner.runSequentially(SuiteRunner.java:354) at org.testng.SuiteRunner.privateRun(SuiteRunner.java:312) at org.testng.SuiteRunner.run(SuiteRunner.java:261) at org.testng.SuiteRunnerWorker.runSuite(SuiteRunnerWorker.java:52) at org.testng.SuiteRunnerWorker.run(SuiteRunnerWorker.java:86) at org.testng.TestNG.runSuitesSequentially(TestNG.java:1215) at org.testng.TestNG.runSuitesLocally(TestNG.java:1140) at org.testng.TestNG.run(TestNG.java:1048) at com.atmecs.runner.TestNGRunner.main(TestNGRunner.java:74) at sun.reflect.NativeMethodAccessorImpl.invoke0(Native Method) at sun.reflect.NativeMethodAccessorImpl.invoke(NativeMethodAccessorImpl.java:62) at sun.reflect.DelegatingMethodAccessorImpl.invoke(DelegatingMethodAccessorImpl.java:43) at java.lang.reflect.Method.invoke(Method.java:498) at org.codehaus.mojo.exec.ExecJavaMojo$1.run(ExecJavaMojo.java:293) at java.lang.Thread.run(Thread.java:748) Caused by: org.openqa.selenium.NoSuchElementException: no such element: Unable to locate element: {"method":"xpath","selector":"//a[@class='my-account']"} (Session info: chrome=69.0.3497.100) (Driver info: chromedriver=2.40.565383 (76257d1ab79276b2d53ee976b2c3e3b9f335cde7),platform=Linux 4.15.0-34-generic x86_64) (WARNING: The server did not provide any stacktrace information) Command duration or timeout: 11 milliseconds For documentation on this error, please visit: http://seleniumhq.org/exceptions/no_such_element.html Build info: version: '2.53.1', revision: 'a36b8b1cd5757287168e54b817830adce9b0158d', time: '2016-06-30 19:26:09' System info: host: 'ubuntu-virtual-machine', ip: '127.0.1.1', os.name: 'Linux', os.arch: 'amd64', os.version: '4.15.0-34-generic', java.version: '1.8.0_144' Driver info: org.openqa.selenium.chrome.ChromeDriver Capabilities [{applicationCacheEnabled=false, rotatable=false, mobileEmulationEnabled=false, networkConnectionEnabled=false, chrome={chromedriverVersion=2.40.565383 (76257d1ab79276b2d53ee976b2c3e3b9f335cde7), userDataDir=/tmp/.org.chromium.Chromium.d5P0Rs}, takesHeapSnapshot=true, pageLoadStrategy=normal, databaseEnabled=false, handlesAlerts=true, hasTouchScreen=false, version=69.0.3497.100, platform=LINUX, browserConnectionEnabled=false, nativeEvents=true, acceptSslCerts=false, acceptInsecureCerts=false, locationContextEnabled=true, webStorageEnabled=true, browserName=chrome, takesScreenshot=true, javascriptEnabled=true, cssSelectorsEnabled=true, setWindowRect=true, unexpectedAlertBehaviour=}] Session ID: df31d84851c2efc58ae36c2ddaab8500 *** Element info: {Using=xpath, value=//a[@class='my-account']} at sun.reflect.GeneratedConstructorAccessor32.newInstance(Unknown Source) at sun.reflect.DelegatingConstructorAccessorImpl.newInstance(DelegatingConstructorAccessorImpl.java:45) at java.lang.reflect.Constructor.newInstance(Constructor.java:423) at org.openqa.selenium.remote.ErrorHandler.createThrowable(ErrorHandler.java:206) at org.openqa.selenium.remote.ErrorHandler.throwIfResponseFailed(ErrorHandler.java:158) at org.openqa.selenium.remote.RemoteWebDriver.execute(RemoteWebDriver.java:678) at org.openqa.selenium.remote.RemoteWebDriver.findElement(RemoteWebDriver.java:363) at org.openqa.selenium.remote.RemoteWebDriver.findElementByXPath(RemoteWebDriver.java:500) at org.openqa.selenium.By$ByXPath.findElement(By.java:361) at org.openqa.selenium.remote.RemoteWebDriver.findElement(RemoteWebDriver.java:355) at org.openqa.selenium.support.ui.ExpectedConditions.findElement(ExpectedConditions.java:899) at org.openqa.selenium.support.ui.ExpectedConditions.access$000(ExpectedConditions.java:41) at org.openqa.selenium.support.ui.ExpectedConditions$7.apply(ExpectedConditions.java:205) at org.openqa.selenium.support.ui.ExpectedConditions$7.apply(ExpectedConditions.java:201) at org.openqa.selenium.support.ui.FluentWait.until(FluentWait.java:238) ... 31 more<br/>
Successfully validated error message<br/>
</div>
</td>
<td></td>
<td>100</td>
<td>com.atmecs.qa.falcondashboard.testscript.TC20_FailTestCase@4ec45ad6</td></tr>
<tr>
<td title='com.atmecs.qa.falcondashboard.testscript.TC25_StepsOfProduct.stepsOfProduct()'><b>stepsOfProduct</b><br>Test class: com.atmecs.qa.falcondashboard.testscript.TC25_StepsOfProduct<br/>
<a href="#Output-752725893" onClick='toggleBox("Output-752725893", this, "Show output", "Hide output");'>Show output</a>

<a href="#Output-752725893" onClick="toggleAllBoxes();">Show all outputs</a>
<div class='log' id="Output-752725893">
Successfully clicked on the product<br/>
Successfully selected status dropdown<br/>
Successfully selected the status option<br/>
Successfully selected the testcase<br/>
PASS : Validating the text value : ACTUAL : Status 	EXPECTED :Status<br/>
Successfully validated Status option<br/>
PASS : Validating the text value : ACTUAL : Details 	EXPECTED :Details<br/>
Successfully validated Details option<br/>
PASS : Validating the text value : ACTUAL : Executing test case 	EXPECTED :Executing test case<br/>
Successfully validated the test case<br/>
PASS : Validating the text value : ACTUAL : Clicking Register link 	EXPECTED :Clicking Register link<br/>
Successfully validated Request Body<br/>
</div>
</td>
<td></td>
<td>66</td>
<td>com.atmecs.qa.falcondashboard.testscript.TC25_StepsOfProduct@5695896b</td></tr>
</table><p>
</body>
</html>