<!DOCTYPE html PUBLIC "-//W3C//DTD XHTML 1.1//EN" "http://www.w3.org/TR/xhtml11/DTD/xhtml11.dtd">
<html xmlns="http://www.w3.org/1999/xhtml">
<head>
<meta http-equiv="content-type" content="text/html; charset=UTF-8"/>
<title>TestNG Report</title>
<style type="text/css">table {margin-bottom:10px;border-collapse:collapse;empty-cells:show}th,td {border:1px solid #009;padding:.25em .5em}th {vertical-align:bottom}td {vertical-align:top}table a {font-weight:bold}.stripe td {background-color: #E6EBF9}.num {text-align:right}.passedodd td {background-color: #3F3}.passedeven td {background-color: #0A0}.skippedodd td {background-color: #DDD}.skippedeven td {background-color: #CCC}.failedodd td,.attn {background-color: #F33}.failedeven td,.stripe .attn {background-color: #D00}.stacktrace {white-space:pre;font-family:monospace}.totop {font-size:85%;text-align:center;border-bottom:2px solid #000}.invisible {display:none}</style>
</head>
<body>
<table>
<tr><th>Test</th><th># Passed</th><th># Skipped</th><th># Failed</th><th>Time (ms)</th><th>Included Groups</th><th>Excluded Groups</th></tr>
<tr><th colspan="7">FalconDemo-Sample-WIN_10_ie_3.150.1 (0)</th></tr>
<tr><td><a href="#t0">SampleTest</a></td><td class="num">3</td><td class="num">0</td><td class="num attn">1</td><td class="num">317,636</td><td></td><td></td></tr>
<tr><th colspan="7">FalconDemo-Sample-WIN_10_ie_3.150.1 (1)</th></tr>
<tr class="stripe"><td><a href="#t1">SampleTest</a></td><td class="num">4</td><td class="num">0</td><td class="num">0</td><td class="num">231,031</td><td></td><td></td></tr>
<tr><th colspan="7">FalconDemo-Sample-WIN_10_ie_3.150.1</th></tr>
<tr><td><a href="#t2">SampleTest</a></td><td class="num">7</td><td class="num">0</td><td class="num attn">1</td><td class="num">511,202</td><td></td><td></td></tr>
<tr><th colspan="7">FalconDemo-Sample-WIN_10_chrome_77 (0)</th></tr>
<tr class="stripe"><td><a href="#t3">SampleTest</a></td><td class="num">4</td><td class="num">0</td><td class="num">0</td><td class="num">171,723</td><td></td><td></td></tr>
<tr><th colspan="7">FalconDemo-Sample-WIN_10_ie_3.150.1 (4)</th></tr>
<tr><td><a href="#t4">SampleTest</a></td><td class="num">6</td><td class="num">0</td><td class="num">0</td><td class="num">299,183</td><td></td><td></td></tr>
<tr><th colspan="7">FalconDemo-Sample-WIN_10_chrome_77 (1)</th></tr>
<tr class="stripe"><td><a href="#t5">SampleTest</a></td><td class="num">4</td><td class="num">0</td><td class="num">0</td><td class="num">208,512</td><td></td><td></td></tr>
<tr><th colspan="7">FalconDemo-Sample-WIN_10_ie_3.150.1 (5)</th></tr>
<tr><td><a href="#t6">SampleTest</a></td><td class="num">1</td><td class="num">0</td><td class="num attn">1</td><td class="num">163,080</td><td></td><td></td></tr>
<tr><th colspan="7">FalconDemo-Sample-WIN_10_chrome_77 (2)</th></tr>
<tr class="stripe"><td><a href="#t7">SampleTest</a></td><td class="num">5</td><td class="num">0</td><td class="num">0</td><td class="num">240,896</td><td></td><td></td></tr>
<tr><th colspan="7">FalconDemo-Sample-WIN_10_ie_3.150.1 (2)</th></tr>
<tr><td><a href="#t8">SampleTest</a></td><td class="num">5</td><td class="num">0</td><td class="num">0</td><td class="num">265,602</td><td></td><td></td></tr>
<tr><th colspan="7">FalconDemo-Sample-WIN_10_chrome_77 (3)</th></tr>
<tr class="stripe"><td><a href="#t9">SampleTest</a></td><td class="num">6</td><td class="num">0</td><td class="num attn">3</td><td class="num">408,020</td><td></td><td></td></tr>
<tr><th colspan="7">FalconDemo-Sample-WIN_10_ie_3.150.1 (3)</th></tr>
<tr><td><a href="#t10">SampleTest</a></td><td class="num">8</td><td class="num">0</td><td class="num attn">1</td><td class="num">479,878</td><td></td><td></td></tr>
<tr><th colspan="7">FalconDemo-Sample-WIN_10_firefox_0.26.0</th></tr>
<tr class="stripe"><td><a href="#t11">SampleTest</a></td><td class="num">6</td><td class="num">0</td><td class="num attn">2</td><td class="num">367,258</td><td></td><td></td></tr>
<tr><th colspan="7">FalconDemo-Sample-WIN_10_chrome_77</th></tr>
<tr><td><a href="#t12">SampleTest</a></td><td class="num">8</td><td class="num">0</td><td class="num">0</td><td class="num">334,660</td><td></td><td></td></tr>
<tr><th colspan="7">FalconDemo-Sample-WIN_10_chrome_77 (4)</th></tr>
<tr class="stripe"><td><a href="#t13">SampleTest</a></td><td class="num">6</td><td class="num">0</td><td class="num">0</td><td class="num">233,561</td><td></td><td></td></tr>
<tr><th colspan="7">FalconDemo-Sample-WIN_10_firefox_0.26.0 (2)</th></tr>
<tr><td><a href="#t14">SampleTest</a></td><td class="num">4</td><td class="num">0</td><td class="num attn">1</td><td class="num">268,100</td><td></td><td></td></tr>
<tr><th colspan="7">FalconDemo-Sample-WIN_10_chrome_77 (5)</th></tr>
<tr class="stripe"><td><a href="#t15">SampleTest</a></td><td class="num">1</td><td class="num">0</td><td class="num attn">1</td><td class="num">131,817</td><td></td><td></td></tr>
<tr><th colspan="7">FalconDemo-Sample-WIN_10_firefox_0.26.0 (1)</th></tr>
<tr><td><a href="#t16">SampleTest</a></td><td class="num">3</td><td class="num">0</td><td class="num attn">1</td><td class="num">202,048</td><td></td><td></td></tr>
<tr><th colspan="7">FalconDemo-Sample-WIN_10_firefox_0.26.0 (0)</th></tr>
<tr class="stripe"><td><a href="#t17">SampleTest</a></td><td class="num">4</td><td class="num">0</td><td class="num">0</td><td class="num">208,278</td><td></td><td></td></tr>
<tr><th colspan="7">FalconDemo-Sample-WIN_10_firefox_0.26.0 (5)</th></tr>
<tr><td><a href="#t18">SampleTest</a></td><td class="num">1</td><td class="num">0</td><td class="num attn">1</td><td class="num">155,758</td><td></td><td></td></tr>
<tr><th colspan="7">FalconDemo-Sample-WIN_10_firefox_0.26.0 (4)</th></tr>
<tr class="stripe"><td><a href="#t19">SampleTest</a></td><td class="num">6</td><td class="num">0</td><td class="num">0</td><td class="num">293,026</td><td></td><td></td></tr>
<tr><th colspan="7">FalconDemo-Sample-WIN_10_firefox_0.26.0 (3)</th></tr>
<tr><td><a href="#t20">SampleTest</a></td><td class="num">7</td><td class="num">0</td><td class="num attn">2</td><td class="num">507,119</td><td></td><td></td></tr>
<tr><th>Total</th><th class="num">99</th><th class="num">0</th><th class="num attn">15</th><th class="num">5,998,388</th><th colspan="2"></th></tr>
</table>
<table id='summary'><thead><tr><th>Class</th><th>Method</th><th>Start</th><th>Time (ms)</th></tr></thead><tbody><tr><th colspan="4">FalconDemo-Sample-WIN_10_ie_3.150.1 (0)</th></tr></tbody><tbody id="t0"><tr><th colspan="4">SampleTest &#8212; failed (configuration methods)</th></tr><tr class="failedeven"><td rowspan="1">com.atmecs.qa.falcondashboard.testscript.TC11_DownloadOption</td><td><a href="#m0">teardown</a></td><td rowspan="1">1582727840474</td><td rowspan="1">16</td></tr><tr><th colspan="4">SampleTest &#8212; failed</th></tr><tr class="failedeven"><td rowspan="1">com.atmecs.qa.falcondashboard.testscript.TC11_DownloadOption</td><td><a href="#m1">downloadOption</a></td><td rowspan="1">1582727704311</td><td rowspan="1">136149</td></tr><tr><th colspan="4">SampleTest &#8212; passed</th></tr><tr class="passedeven"><td rowspan="1">com.atmecs.qa.falcondashboard.testscript.TC05_ProductPage</td><td><a href="#m2">productPage</a></td><td rowspan="1">1582727592579</td><td rowspan="1">44912</td></tr><tr class="passedodd"><td rowspan="1">com.atmecs.qa.falcondashboard.testscript.TC06_ProductMedium</td><td><a href="#m3">mediumOfProduct</a></td><td rowspan="1">1582727659475</td><td rowspan="1">23625</td></tr><tr class="passedeven"><td rowspan="1">com.atmecs.qa.falcondashboard.testscript.TC12_ExecutionDate</td><td><a href="#m4">dateOfExecution</a></td><td rowspan="1">1582727861355</td><td rowspan="1">26106</td></tr></tbody>
<tbody><tr><th colspan="4">FalconDemo-Sample-WIN_10_ie_3.150.1 (1)</th></tr></tbody><tbody id="t1"><tr><th colspan="4">SampleTest &#8212; passed</th></tr><tr class="passedeven"><td rowspan="1">com.atmecs.qa.falcondashboard.testscript.TC07_Dropdowns</td><td><a href="#m5">dropdown</a></td><td rowspan="1">1582727710983</td><td rowspan="1">31774</td></tr><tr class="passedodd"><td rowspan="1">com.atmecs.qa.falcondashboard.testscript.TC13_PassedTestCases</td><td><a href="#m6">dropdownPassedTestCases</a></td><td rowspan="1">1582727762477</td><td rowspan="1">38493</td></tr><tr class="passedeven"><td rowspan="1">com.atmecs.qa.falcondashboard.testscript.TC14_FailedTestCases</td><td><a href="#m7">dropdownFailedTestCases</a></td><td rowspan="1">1582727819083</td><td rowspan="1">37162</td></tr><tr class="passedodd"><td rowspan="1">com.atmecs.qa.falcondashboard.testscript.TC15_SkippedTestCases</td><td><a href="#m8">dropdownSkippedTestCases</a></td><td rowspan="1">1582727886872</td><td rowspan="1">35067</td></tr></tbody>
<tbody><tr><th colspan="4">FalconDemo-Sample-WIN_10_ie_3.150.1</th></tr></tbody><tbody id="t2"><tr><th colspan="4">SampleTest &#8212; failed</th></tr><tr class="failedeven"><td rowspan="1">com.atmecs.qa.falcondashboard.testscript.TC38_MaximizingWindow</td><td><a href="#m9">maximizeWindow</a></td><td rowspan="1">1582728065075</td><td rowspan="1">11024</td></tr><tr><th colspan="4">SampleTest &#8212; passed</th></tr><tr class="passedeven"><td rowspan="1">com.atmecs.qa.falcondashboard.testscript.TC01_DashBoardPage</td><td><a href="#m10">dashboardPage</a></td><td rowspan="1">1582727590933</td><td rowspan="1">19074</td></tr><tr class="passedodd"><td rowspan="1">com.atmecs.qa.falcondashboard.testscript.TC02_ClickingProduct</td><td><a href="#m11">clickingProduct</a></td><td rowspan="1">1582727627993</td><td rowspan="1">96335</td></tr><tr class="passedeven"><td rowspan="1">com.atmecs.qa.falcondashboard.testscript.TC03_TestCases</td><td><a href="#m12">numberofTestCasesOfProduct</a></td><td rowspan="1">1582727746987</td><td rowspan="1">50925</td></tr><tr class="passedodd"><td rowspan="1">com.atmecs.qa.falcondashboard.testscript.TC04_ProductPercentage</td><td><a href="#m13">percentageOfProduct</a></td><td rowspan="1">1582727818835</td><td rowspan="1">27789</td></tr><tr class="passedeven"><td rowspan="1">com.atmecs.qa.falcondashboard.testscript.TC16_MainNavigation</td><td><a href="#m14">mainNavigation</a></td><td rowspan="1">1582727871050</td><td rowspan="1">53970</td></tr><tr class="passedodd"><td rowspan="1">com.atmecs.qa.falcondashboard.testscript.TC23_Refresh</td><td><a href="#m15">refresh</a></td><td rowspan="1">1582727948745</td><td rowspan="1">28246</td></tr><tr class="passedeven"><td rowspan="1">com.atmecs.qa.falcondashboard.testscript.TC24_ProductSnapShot</td><td><a href="#m16">productSnapShot</a></td><td rowspan="1">1582728022129</td><td rowspan="1">14226</td></tr></tbody>
<tbody><tr><th colspan="4">FalconDemo-Sample-WIN_10_chrome_77 (0)</th></tr></tbody><tbody id="t3"><tr><th colspan="4">SampleTest &#8212; passed</th></tr><tr class="passedeven"><td rowspan="1">com.atmecs.qa.falcondashboard.testscript.TC05_ProductPage</td><td><a href="#m17">productPage</a></td><td rowspan="1">1582726385174</td><td rowspan="1">23177</td></tr><tr class="passedodd"><td rowspan="1">com.atmecs.qa.falcondashboard.testscript.TC06_ProductMedium</td><td><a href="#m18">mediumOfProduct</a></td><td rowspan="1">1582726423921</td><td rowspan="1">21737</td></tr><tr class="passedeven"><td rowspan="1">com.atmecs.qa.falcondashboard.testscript.TC11_DownloadOption</td><td><a href="#m19">downloadOption</a></td><td rowspan="1">1582726464739</td><td rowspan="1">23254</td></tr><tr class="passedodd"><td rowspan="1">com.atmecs.qa.falcondashboard.testscript.TC12_ExecutionDate</td><td><a href="#m20">dateOfExecution</a></td><td rowspan="1">1582726507515</td><td rowspan="1">21332</td></tr></tbody>
<tbody><tr><th colspan="4">FalconDemo-Sample-WIN_10_ie_3.150.1 (4)</th></tr></tbody><tbody id="t4"><tr><th colspan="4">SampleTest &#8212; passed</th></tr><tr class="passedeven"><td rowspan="1">com.atmecs.qa.falcondashboard.testscript.TC17_RecentRuns</td><td><a href="#m21">recentrun</a></td><td rowspan="1">1582728097844</td><td rowspan="1">22798</td></tr><tr class="passedodd"><td rowspan="1">com.atmecs.qa.falcondashboard.testscript.TC18_ProductName</td><td><a href="#m22">productName</a></td><td rowspan="1">1582728146343</td><td rowspan="1">24363</td></tr><tr class="passedeven"><td rowspan="1">com.atmecs.qa.falcondashboard.testscript.TC19_ProductComponent</td><td><a href="#m23">componentOfProduct</a></td><td rowspan="1">1582728194481</td><td rowspan="1">42394</td></tr><tr class="passedodd"><td rowspan="1">com.atmecs.qa.falcondashboard.testscript.TC21_PassPercentage</td><td><a href="#m24">rececntPassPercentage</a></td><td rowspan="1">1582728265892</td><td rowspan="1">22191</td></tr><tr class="passedeven"><td rowspan="1">com.atmecs.qa.falcondashboard.testscript.TC22_DeleteOption</td><td><a href="#m25">deleteOption</a></td><td rowspan="1">1582728311452</td><td rowspan="1">24107</td></tr><tr class="passedodd"><td rowspan="1">com.atmecs.qa.falcondashboard.testscript.TC35_LastRun</td><td><a href="#m26">lastRun</a></td><td rowspan="1">1582728353440</td><td rowspan="1">22350</td></tr></tbody>
<tbody><tr><th colspan="4">FalconDemo-Sample-WIN_10_chrome_77 (1)</th></tr></tbody><tbody id="t5"><tr><th colspan="4">SampleTest &#8212; passed</th></tr><tr class="passedeven"><td rowspan="1">com.atmecs.qa.falcondashboard.testscript.TC07_Dropdowns</td><td><a href="#m27">dropdown</a></td><td rowspan="1">1582726383381</td><td rowspan="1">22717</td></tr><tr class="passedodd"><td rowspan="1">com.atmecs.qa.falcondashboard.testscript.TC13_PassedTestCases</td><td><a href="#m28">dropdownPassedTestCases</a></td><td rowspan="1">1582726429507</td><td rowspan="1">32272</td></tr><tr class="passedeven"><td rowspan="1">com.atmecs.qa.falcondashboard.testscript.TC14_FailedTestCases</td><td><a href="#m29">dropdownFailedTestCases</a></td><td rowspan="1">1582726480375</td><td rowspan="1">32827</td></tr><tr class="passedodd"><td rowspan="1">com.atmecs.qa.falcondashboard.testscript.TC15_SkippedTestCases</td><td><a href="#m30">dropdownSkippedTestCases</a></td><td rowspan="1">1582726537215</td><td rowspan="1">31596</td></tr></tbody>
<tbody><tr><th colspan="4">FalconDemo-Sample-WIN_10_ie_3.150.1 (5)</th></tr></tbody><tbody id="t6"><tr><th colspan="4">SampleTest &#8212; failed</th></tr><tr class="failedeven"><td rowspan="1">com.atmecs.qa.falcondashboard.testscript.TC25_StepsOfProduct</td><td><a href="#m31">stepsOfProduct</a></td><td rowspan="1">1582728265273</td><td rowspan="1">50367</td></tr><tr><th colspan="4">SampleTest &#8212; passed</th></tr><tr class="passedeven"><td rowspan="1">com.atmecs.qa.falcondashboard.testscript.TC20_FailTestCase</td><td><a href="#m32">failTestCasesOfProduct</a></td><td rowspan="1">1582728182026</td><td rowspan="1">60160</td></tr></tbody>
<tbody><tr><th colspan="4">FalconDemo-Sample-WIN_10_chrome_77 (2)</th></tr></tbody><tbody id="t7"><tr><th colspan="4">SampleTest &#8212; passed</th></tr><tr class="passedeven"><td rowspan="1">com.atmecs.qa.falcondashboard.testscript.TC08_DashboardSlidder</td><td><a href="#m33">dashboardSlidder</a></td><td rowspan="1">1582726550267</td><td rowspan="1">31313</td></tr><tr class="passedodd"><td rowspan="1">com.atmecs.qa.falcondashboard.testscript.TC09_ProductEnvironment</td><td><a href="#m34">environmentOfProduct</a></td><td rowspan="1">1582726604952</td><td rowspan="1">32690</td></tr><tr class="passedeven"><td rowspan="1">com.atmecs.qa.falcondashboard.testscript.TC10_TestPhase</td><td><a href="#m35">testPhase</a></td><td rowspan="1">1582726661508</td><td rowspan="1">22592</td></tr><tr class="passedodd"><td rowspan="1">com.atmecs.qa.falcondashboard.testscript.TC36_StartTime</td><td><a href="#m36">startTime</a></td><td rowspan="1">1582726709991</td><td rowspan="1">21690</td></tr><tr class="passedeven"><td rowspan="1">com.atmecs.qa.falcondashboard.testscript.TC37_EndTime</td><td><a href="#m37">endTime</a></td><td rowspan="1">1582726749231</td><td rowspan="1">21825</td></tr></tbody>
<tbody><tr><th colspan="4">FalconDemo-Sample-WIN_10_ie_3.150.1 (2)</th></tr></tbody><tbody id="t8"><tr><th colspan="4">SampleTest &#8212; passed</th></tr><tr class="passedeven"><td rowspan="1">com.atmecs.qa.falcondashboard.testscript.TC08_DashboardSlidder</td><td><a href="#m38">dashboardSlidder</a></td><td rowspan="1">1582727909330</td><td rowspan="1">36976</td></tr><tr class="passedodd"><td rowspan="1">com.atmecs.qa.falcondashboard.testscript.TC09_ProductEnvironment</td><td><a href="#m39">environmentOfProduct</a></td><td rowspan="1">1582727965037</td><td rowspan="1">43935</td></tr><tr class="passedeven"><td rowspan="1">com.atmecs.qa.falcondashboard.testscript.TC10_TestPhase</td><td><a href="#m40">testPhase</a></td><td rowspan="1">1582728030822</td><td rowspan="1">26113</td></tr><tr class="passedodd"><td rowspan="1">com.atmecs.qa.falcondashboard.testscript.TC36_StartTime</td><td><a href="#m41">startTime</a></td><td rowspan="1">1582728080585</td><td rowspan="1">25260</td></tr><tr class="passedeven"><td rowspan="1">com.atmecs.qa.falcondashboard.testscript.TC37_EndTime</td><td><a href="#m42">endTime</a></td><td rowspan="1">1582728127351</td><td rowspan="1">25848</td></tr></tbody>
<tbody><tr><th colspan="4">FalconDemo-Sample-WIN_10_chrome_77 (3)</th></tr></tbody><tbody id="t9"><tr><th colspan="4">SampleTest &#8212; failed</th></tr><tr class="failedeven"><td rowspan="1">com.atmecs.qa.falcondashboard.testscript.TC27_TotalTestCases</td><td><a href="#m43">totalTestCases</a></td><td rowspan="1">1582726632648</td><td rowspan="1">21106</td></tr><tr class="failedodd"><td rowspan="1">com.atmecs.qa.falcondashboard.testscript.TC29_PassedTestCases</td><td><a href="#m44">passTestCases</a></td><td rowspan="1">1582726713623</td><td rowspan="1">21119</td></tr><tr class="failedeven"><td rowspan="1">com.atmecs.qa.falcondashboard.testscript.TC31_FailedTestCases</td><td><a href="#m45">failTestCases</a></td><td rowspan="1">1582726815769</td><td rowspan="1">21136</td></tr><tr><th colspan="4">SampleTest &#8212; passed</th></tr><tr class="passedeven"><td rowspan="1">com.atmecs.qa.falcondashboard.testscript.TC26_ColorOfTotalTestCases</td><td><a href="#m46">colorofTotalTestCases</a></td><td rowspan="1">1582726587331</td><td rowspan="1">22295</td></tr><tr class="passedodd"><td rowspan="1">com.atmecs.qa.falcondashboard.testscript.TC28_ColorOfPassTestCases</td><td><a href="#m47">colorofPassedTestCases</a></td><td rowspan="1">1582726672637</td><td rowspan="1">21547</td></tr><tr class="passedeven"><td rowspan="1">com.atmecs.qa.falcondashboard.testscript.TC30_ColorOfFailedTestCases</td><td><a href="#m48">colorofFailedTestCases</a></td><td rowspan="1">1582726764487</td><td rowspan="1">21876</td></tr><tr class="passedodd"><td rowspan="1">com.atmecs.qa.falcondashboard.testscript.TC32_ColorOfSkippedTestCases</td><td><a href="#m49">colorofSkippedTestCases</a></td><td rowspan="1">1582726861473</td><td rowspan="1">21680</td></tr><tr class="passedeven"><td rowspan="1">com.atmecs.qa.falcondashboard.testscript.TC33_SkippedTestCases</td><td><a href="#m50">skippedTestCases</a></td><td rowspan="1">1582726903234</td><td rowspan="1">34033</td></tr><tr class="passedodd"><td rowspan="1">com.atmecs.qa.falcondashboard.testscript.TC34_ViewPage</td><td><a href="#m51">viewPage</a></td><td rowspan="1">1582726953662</td><td rowspan="1">22780</td></tr></tbody>
<tbody><tr><th colspan="4">FalconDemo-Sample-WIN_10_ie_3.150.1 (3)</th></tr></tbody><tbody id="t10"><tr><th colspan="4">SampleTest &#8212; failed (configuration methods)</th></tr><tr class="failedeven"><td rowspan="1">com.atmecs.qa.falcondashboard.testscript.TC34_ViewPage</td><td><a href="#m52">teardown</a></td><td rowspan="1">1582728401841</td><td rowspan="1">4</td></tr><tr><th colspan="4">SampleTest &#8212; failed</th></tr><tr class="failedeven"><td rowspan="1">com.atmecs.qa.falcondashboard.testscript.TC27_TotalTestCases</td><td><a href="#m53">totalTestCases</a></td><td rowspan="1">1582727986004</td><td rowspan="1">30707</td></tr><tr><th colspan="4">SampleTest &#8212; passed</th></tr><tr class="passedeven"><td rowspan="1">com.atmecs.qa.falcondashboard.testscript.TC26_ColorOfTotalTestCases</td><td><a href="#m54">colorofTotalTestCases</a></td><td rowspan="1">1582727940983</td><td rowspan="1">26969</td></tr><tr class="passedodd"><td rowspan="1">com.atmecs.qa.falcondashboard.testscript.TC28_ColorOfPassTestCases</td><td><a href="#m55">colorofPassedTestCases</a></td><td rowspan="1">1582728037270</td><td rowspan="1">28686</td></tr><tr class="passedeven"><td rowspan="1">com.atmecs.qa.falcondashboard.testscript.TC29_PassedTestCases</td><td><a href="#m56">passTestCases</a></td><td rowspan="1">1582728090339</td><td rowspan="1">41856</td></tr><tr class="passedodd"><td rowspan="1">com.atmecs.qa.falcondashboard.testscript.TC30_ColorOfFailedTestCases</td><td><a href="#m57">colorofFailedTestCases</a></td><td rowspan="1">1582728151783</td><td rowspan="1">29765</td></tr><tr class="passedeven"><td rowspan="1">com.atmecs.qa.falcondashboard.testscript.TC31_FailedTestCases</td><td><a href="#m58">failTestCases</a></td><td rowspan="1">1582728201132</td><td rowspan="1">41066</td></tr><tr class="passedodd"><td rowspan="1">com.atmecs.qa.falcondashboard.testscript.TC32_ColorOfSkippedTestCases</td><td><a href="#m59">colorofSkippedTestCases</a></td><td rowspan="1">1582728265373</td><td rowspan="1">26544</td></tr><tr class="passedeven"><td rowspan="1">com.atmecs.qa.falcondashboard.testscript.TC33_SkippedTestCases</td><td><a href="#m60">skippedTestCases</a></td><td rowspan="1">1582728310834</td><td rowspan="1">37951</td></tr><tr class="passedodd"><td rowspan="1">com.atmecs.qa.falcondashboard.testscript.TC34_ViewPage</td><td><a href="#m61">viewPage</a></td><td rowspan="1">1582728367018</td><td rowspan="1">34823</td></tr></tbody>
<tbody><tr><th colspan="4">FalconDemo-Sample-WIN_10_firefox_0.26.0</th></tr></tbody><tbody id="t11"><tr><th colspan="4">SampleTest &#8212; failed (configuration methods)</th></tr><tr class="failedeven"><td rowspan="1">com.atmecs.qa.falcondashboard.testscript.TC16_MainNavigation</td><td><a href="#m62">teardown</a></td><td rowspan="1">1582727128719</td><td rowspan="1">2</td></tr><tr class="failedodd"><td rowspan="1">com.atmecs.qa.falcondashboard.testscript.TC38_MaximizingWindow</td><td><a href="#m63">teardown</a></td><td rowspan="1">1582727276907</td><td rowspan="1">2</td></tr><tr><th colspan="4">SampleTest &#8212; failed</th></tr><tr class="failedeven"><td rowspan="1">com.atmecs.qa.falcondashboard.testscript.TC16_MainNavigation</td><td><a href="#m64">mainNavigation</a></td><td rowspan="1">1582727115420</td><td rowspan="1">13288</td></tr><tr class="failedodd"><td rowspan="1">com.atmecs.qa.falcondashboard.testscript.TC38_MaximizingWindow</td><td><a href="#m65">maximizeWindow</a></td><td rowspan="1">1582727254687</td><td rowspan="1">22210</td></tr><tr><th colspan="4">SampleTest &#8212; passed</th></tr><tr class="passedeven"><td rowspan="1">com.atmecs.qa.falcondashboard.testscript.TC01_DashBoardPage</td><td><a href="#m66">dashboardPage</a></td><td rowspan="1">1582726921183</td><td rowspan="1">10929</td></tr><tr class="passedodd"><td rowspan="1">com.atmecs.qa.falcondashboard.testscript.TC02_ClickingProduct</td><td><a href="#m67">clickingProduct</a></td><td rowspan="1">1582726962566</td><td rowspan="1">15731</td></tr><tr class="passedeven"><td rowspan="1">com.atmecs.qa.falcondashboard.testscript.TC03_TestCases</td><td><a href="#m68">numberofTestCasesOfProduct</a></td><td rowspan="1">1582727013531</td><td rowspan="1">14518</td></tr><tr class="passedodd"><td rowspan="1">com.atmecs.qa.falcondashboard.testscript.TC04_ProductPercentage</td><td><a href="#m69">percentageOfProduct</a></td><td rowspan="1">1582727062600</td><td rowspan="1">24484</td></tr><tr class="passedeven"><td rowspan="1">com.atmecs.qa.falcondashboard.testscript.TC23_Refresh</td><td><a href="#m70">refresh</a></td><td rowspan="1">1582727148086</td><td rowspan="1">21680</td></tr><tr class="passedodd"><td rowspan="1">com.atmecs.qa.falcondashboard.testscript.TC24_ProductSnapShot</td><td><a href="#m71">productSnapShot</a></td><td rowspan="1">1582727213696</td><td rowspan="1">11224</td></tr></tbody>
<tbody><tr><th colspan="4">FalconDemo-Sample-WIN_10_chrome_77</th></tr></tbody><tbody id="t12"><tr><th colspan="4">SampleTest &#8212; passed</th></tr><tr class="passedeven"><td rowspan="1">com.atmecs.qa.falcondashboard.testscript.TC01_DashBoardPage</td><td><a href="#m72">dashboardPage</a></td><td rowspan="1">1582726383864</td><td rowspan="1">12716</td></tr><tr class="passedodd"><td rowspan="1">com.atmecs.qa.falcondashboard.testscript.TC02_ClickingProduct</td><td><a href="#m73">clickingProduct</a></td><td rowspan="1">1582726421840</td><td rowspan="1">19513</td></tr><tr class="passedeven"><td rowspan="1">com.atmecs.qa.falcondashboard.testscript.TC03_TestCases</td><td><a href="#m74">numberofTestCasesOfProduct</a></td><td rowspan="1">1582726461000</td><td rowspan="1">18355</td></tr><tr class="passedodd"><td rowspan="1">com.atmecs.qa.falcondashboard.testscript.TC04_ProductPercentage</td><td><a href="#m75">percentageOfProduct</a></td><td rowspan="1">1582726502218</td><td rowspan="1">24718</td></tr><tr class="passedeven"><td rowspan="1">com.atmecs.qa.falcondashboard.testscript.TC16_MainNavigation</td><td><a href="#m76">mainNavigation</a></td><td rowspan="1">1582726547430</td><td rowspan="1">38674</td></tr><tr class="passedodd"><td rowspan="1">com.atmecs.qa.falcondashboard.testscript.TC23_Refresh</td><td><a href="#m77">refresh</a></td><td rowspan="1">1582726606779</td><td rowspan="1">21544</td></tr><tr class="passedeven"><td rowspan="1">com.atmecs.qa.falcondashboard.testscript.TC24_ProductSnapShot</td><td><a href="#m78">productSnapShot</a></td><td rowspan="1">1582726646417</td><td rowspan="1">11188</td></tr><tr class="passedodd"><td rowspan="1">com.atmecs.qa.falcondashboard.testscript.TC38_MaximizingWindow</td><td><a href="#m79">maximizeWindow</a></td><td rowspan="1">1582726674983</td><td rowspan="1">22338</td></tr></tbody>
<tbody><tr><th colspan="4">FalconDemo-Sample-WIN_10_chrome_77 (4)</th></tr></tbody><tbody id="t13"><tr><th colspan="4">SampleTest &#8212; passed</th></tr><tr class="passedeven"><td rowspan="1">com.atmecs.qa.falcondashboard.testscript.TC17_RecentRuns</td><td><a href="#m80">recentrun</a></td><td rowspan="1">1582726714233</td><td rowspan="1">17057</td></tr><tr class="passedodd"><td rowspan="1">com.atmecs.qa.falcondashboard.testscript.TC18_ProductName</td><td><a href="#m81">productName</a></td><td rowspan="1">1582726752158</td><td rowspan="1">13709</td></tr><tr class="passedeven"><td rowspan="1">com.atmecs.qa.falcondashboard.testscript.TC19_ProductComponent</td><td><a href="#m82">componentOfProduct</a></td><td rowspan="1">1582726786124</td><td rowspan="1">25239</td></tr><tr class="passedodd"><td rowspan="1">com.atmecs.qa.falcondashboard.testscript.TC21_PassPercentage</td><td><a href="#m83">rececntPassPercentage</a></td><td rowspan="1">1582726828789</td><td rowspan="1">13212</td></tr><tr class="passedeven"><td rowspan="1">com.atmecs.qa.falcondashboard.testscript.TC22_DeleteOption</td><td><a href="#m84">deleteOption</a></td><td rowspan="1">1582726858001</td><td rowspan="1">20917</td></tr><tr class="passedodd"><td rowspan="1">com.atmecs.qa.falcondashboard.testscript.TC35_LastRun</td><td><a href="#m85">lastRun</a></td><td rowspan="1">1582726900628</td><td rowspan="1">15038</td></tr></tbody>
<tbody><tr><th colspan="4">FalconDemo-Sample-WIN_10_firefox_0.26.0 (2)</th></tr></tbody><tbody id="t14"><tr><th colspan="4">SampleTest &#8212; failed (configuration methods)</th></tr><tr class="failedeven"><td rowspan="1">com.atmecs.qa.falcondashboard.testscript.TC08_DashboardSlidder</td><td><a href="#m86">teardown</a></td><td rowspan="1">1582727179186</td><td rowspan="1">2</td></tr><tr><th colspan="4">SampleTest &#8212; failed</th></tr><tr class="failedeven"><td rowspan="1">com.atmecs.qa.falcondashboard.testscript.TC08_DashboardSlidder</td><td><a href="#m87">dashboardSlidder</a></td><td rowspan="1">1582727162222</td><td rowspan="1">16953</td></tr><tr><th colspan="4">SampleTest &#8212; passed</th></tr><tr class="passedeven"><td rowspan="1">com.atmecs.qa.falcondashboard.testscript.TC09_ProductEnvironment</td><td><a href="#m88">environmentOfProduct</a></td><td rowspan="1">1582727191822</td><td rowspan="1">33586</td></tr><tr class="passedodd"><td rowspan="1">com.atmecs.qa.falcondashboard.testscript.TC10_TestPhase</td><td><a href="#m89">testPhase</a></td><td rowspan="1">1582727263145</td><td rowspan="1">22360</td></tr><tr class="passedeven"><td rowspan="1">com.atmecs.qa.falcondashboard.testscript.TC36_StartTime</td><td><a href="#m90">startTime</a></td><td rowspan="1">1582727325379</td><td rowspan="1">22386</td></tr><tr class="passedodd"><td rowspan="1">com.atmecs.qa.falcondashboard.testscript.TC37_EndTime</td><td><a href="#m91">endTime</a></td><td rowspan="1">1582727380972</td><td rowspan="1">22099</td></tr></tbody>
<tbody><tr><th colspan="4">FalconDemo-Sample-WIN_10_chrome_77 (5)</th></tr></tbody><tbody id="t15"><tr><th colspan="4">SampleTest &#8212; failed</th></tr><tr class="failedeven"><td rowspan="1">com.atmecs.qa.falcondashboard.testscript.TC25_StepsOfProduct</td><td><a href="#m92">stepsOfProduct</a></td><td rowspan="1">1582726862671</td><td rowspan="1">37911</td></tr><tr><th colspan="4">SampleTest &#8212; passed</th></tr><tr class="passedeven"><td rowspan="1">com.atmecs.qa.falcondashboard.testscript.TC20_FailTestCase</td><td><a href="#m93">failTestCasesOfProduct</a></td><td rowspan="1">1582726791532</td><td rowspan="1">53642</td></tr></tbody>
<tbody><tr><th colspan="4">FalconDemo-Sample-WIN_10_firefox_0.26.0 (1)</th></tr></tbody><tbody id="t16"><tr><th colspan="4">SampleTest &#8212; failed</th></tr><tr class="failedeven"><td rowspan="1">com.atmecs.qa.falcondashboard.testscript.TC13_PassedTestCases</td><td><a href="#m94">dropdownPassedTestCases</a></td><td rowspan="1">1582727047545</td><td rowspan="1">10712</td></tr><tr><th colspan="4">SampleTest &#8212; passed</th></tr><tr class="passedeven"><td rowspan="1">com.atmecs.qa.falcondashboard.testscript.TC07_Dropdowns</td><td><a href="#m95">dropdown</a></td><td rowspan="1">1582726993558</td><td rowspan="1">22884</td></tr><tr class="passedodd"><td rowspan="1">com.atmecs.qa.falcondashboard.testscript.TC14_FailedTestCases</td><td><a href="#m96">dropdownFailedTestCases</a></td><td rowspan="1">1582727083317</td><td rowspan="1">32420</td></tr><tr class="passedeven"><td rowspan="1">com.atmecs.qa.falcondashboard.testscript.TC15_SkippedTestCases</td><td><a href="#m97">dropdownSkippedTestCases</a></td><td rowspan="1">1582727136504</td><td rowspan="1">32692</td></tr></tbody>
<tbody><tr><th colspan="4">FalconDemo-Sample-WIN_10_firefox_0.26.0 (0)</th></tr></tbody><tbody id="t17"><tr><th colspan="4">SampleTest &#8212; passed</th></tr><tr class="passedeven"><td rowspan="1">com.atmecs.qa.falcondashboard.testscript.TC05_ProductPage</td><td><a href="#m98">productPage</a></td><td rowspan="1">1582726949185</td><td rowspan="1">24549</td></tr><tr class="passedodd"><td rowspan="1">com.atmecs.qa.falcondashboard.testscript.TC06_ProductMedium</td><td><a href="#m99">mediumOfProduct</a></td><td rowspan="1">1582726999310</td><td rowspan="1">21595</td></tr><tr class="passedeven"><td rowspan="1">com.atmecs.qa.falcondashboard.testscript.TC11_DownloadOption</td><td><a href="#m100">downloadOption</a></td><td rowspan="1">1582727055321</td><td rowspan="1">26855</td></tr><tr class="passedodd"><td rowspan="1">com.atmecs.qa.falcondashboard.testscript.TC12_ExecutionDate</td><td><a href="#m101">dateOfExecution</a></td><td rowspan="1">1582727105461</td><td rowspan="1">22086</td></tr></tbody>
<tbody><tr><th colspan="4">FalconDemo-Sample-WIN_10_firefox_0.26.0 (5)</th></tr></tbody><tbody id="t18"><tr><th colspan="4">SampleTest &#8212; failed</th></tr><tr class="failedeven"><td rowspan="1">com.atmecs.qa.falcondashboard.testscript.TC25_StepsOfProduct</td><td><a href="#m102">stepsOfProduct</a></td><td rowspan="1">1582727508976</td><td rowspan="1">36926</td></tr><tr><th colspan="4">SampleTest &#8212; passed</th></tr><tr class="passedeven"><td rowspan="1">com.atmecs.qa.falcondashboard.testscript.TC20_FailTestCase</td><td><a href="#m103">failTestCasesOfProduct</a></td><td rowspan="1">1582727419935</td><td rowspan="1">55430</td></tr></tbody>
<tbody><tr><th colspan="4">FalconDemo-Sample-WIN_10_firefox_0.26.0 (4)</th></tr></tbody><tbody id="t19"><tr><th colspan="4">SampleTest &#8212; passed</th></tr><tr class="passedeven"><td rowspan="1">com.atmecs.qa.falcondashboard.testscript.TC17_RecentRuns</td><td><a href="#m104">recentrun</a></td><td rowspan="1">1582727288683</td><td rowspan="1">19216</td></tr><tr class="passedodd"><td rowspan="1">com.atmecs.qa.falcondashboard.testscript.TC18_ProductName</td><td><a href="#m105">productName</a></td><td rowspan="1">1582727347168</td><td rowspan="1">14531</td></tr><tr class="passedeven"><td rowspan="1">com.atmecs.qa.falcondashboard.testscript.TC19_ProductComponent</td><td><a href="#m106">componentOfProduct</a></td><td rowspan="1">1582727395639</td><td rowspan="1">24216</td></tr><tr class="passedodd"><td rowspan="1">com.atmecs.qa.falcondashboard.testscript.TC21_PassPercentage</td><td><a href="#m107">rececntPassPercentage</a></td><td rowspan="1">1582727460117</td><td rowspan="1">13614</td></tr><tr class="passedeven"><td rowspan="1">com.atmecs.qa.falcondashboard.testscript.TC22_DeleteOption</td><td><a href="#m108">deleteOption</a></td><td rowspan="1">1582727501787</td><td rowspan="1">21282</td></tr><tr class="passedodd"><td rowspan="1">com.atmecs.qa.falcondashboard.testscript.TC35_LastRun</td><td><a href="#m109">lastRun</a></td><td rowspan="1">1582727545182</td><td rowspan="1">15417</td></tr></tbody>
<tbody><tr><th colspan="4">FalconDemo-Sample-WIN_10_firefox_0.26.0 (3)</th></tr></tbody><tbody id="t20"><tr><th colspan="4">SampleTest &#8212; failed</th></tr><tr class="failedeven"><td rowspan="1">com.atmecs.qa.falcondashboard.testscript.TC27_TotalTestCases</td><td><a href="#m110">totalTestCases</a></td><td rowspan="1">1582727249591</td><td rowspan="1">24116</td></tr><tr class="failedodd"><td rowspan="1">com.atmecs.qa.falcondashboard.testscript.TC32_ColorOfSkippedTestCases</td><td><a href="#m111">colorofSkippedTestCases</a></td><td rowspan="1">1582727545117</td><td rowspan="1">10807</td></tr><tr><th colspan="4">SampleTest &#8212; passed</th></tr><tr class="passedeven"><td rowspan="1">com.atmecs.qa.falcondashboard.testscript.TC26_ColorOfTotalTestCases</td><td><a href="#m112">colorofTotalTestCases</a></td><td rowspan="1">1582727200268</td><td rowspan="1">21790</td></tr><tr class="passedodd"><td rowspan="1">com.atmecs.qa.falcondashboard.testscript.TC28_ColorOfPassTestCases</td><td><a href="#m113">colorofPassedTestCases</a></td><td rowspan="1">1582727312746</td><td rowspan="1">24494</td></tr><tr class="passedeven"><td rowspan="1">com.atmecs.qa.falcondashboard.testscript.TC29_PassedTestCases</td><td><a href="#m114">passTestCases</a></td><td rowspan="1">1582727373936</td><td rowspan="1">34587</td></tr><tr class="passedodd"><td rowspan="1">com.atmecs.qa.falcondashboard.testscript.TC30_ColorOfFailedTestCases</td><td><a href="#m115">colorofFailedTestCases</a></td><td rowspan="1">1582727442429</td><td rowspan="1">21726</td></tr><tr class="passedeven"><td rowspan="1">com.atmecs.qa.falcondashboard.testscript.TC31_FailedTestCases</td><td><a href="#m116">failTestCases</a></td><td rowspan="1">1582727486033</td><td rowspan="1">33272</td></tr><tr class="passedodd"><td rowspan="1">com.atmecs.qa.falcondashboard.testscript.TC33_SkippedTestCases</td><td><a href="#m117">skippedTestCases</a></td><td rowspan="1">1582727581864</td><td rowspan="1">33034</td></tr><tr class="passedeven"><td rowspan="1">com.atmecs.qa.falcondashboard.testscript.TC34_ViewPage</td><td><a href="#m118">viewPage</a></td><td rowspan="1">1582727638054</td><td rowspan="1">27819</td></tr></tbody>
</table>
<h2>SampleTest</h2><h3 id="m0">com.atmecs.qa.falcondashboard.testscript.TC11_DownloadOption#teardown</h3><table class="result"><tr><th>Exception</th></tr><tr><td><div class="stacktrace">org.openqa.selenium.NoSuchWindowException: Unable to get browser (WARNING: The server did not provide any stacktrace information)
Command duration or timeout: 0 milliseconds
Build info: version: &apos;3.141.59&apos;, revision: &apos;e82be7d358&apos;, time: &apos;2018-11-14T08:17:03&apos;
System info: host: &apos;ATMECSINLT-060&apos;, ip: &apos;55.55.52.253&apos;, os.name: &apos;Windows 10&apos;, os.arch: &apos;amd64&apos;, os.version: &apos;10.0&apos;, java.version: &apos;13.0.1&apos;
Driver info: org.openqa.selenium.ie.InternetExplorerDriver
Capabilities {browserAttachTimeout: 0, browserName: internet explorer, cssSelectorsEnabled: true, elementScrollBehavior: 0, enableElementCacheCleanup: true, enablePersistentHover: true, handlesAlerts: true, ie.browserCommandLineSwitches: , ie.ensureCleanSession: true, ie.forceCreateProcessApi: false, ie.usePerProcessProxy: false, ignoreProtectedModeSettings: true, ignoreZoomSetting: true, initialBrowserUrl: http://localhost:30949/, javascriptEnabled: true, nativeEvents: true, platform: WINDOWS, platformName: WINDOWS, requireWindowFocus: false, takesScreenshot: true, unexpectedAlertBehaviour: dismiss, unhandledPromptBehavior: dismiss, version: 11}
Session ID: d275eebf-4d09-4163-a1c7-792edde521d7
	at org.openqa.selenium.remote.ErrorHandler.createThrowable(ErrorHandler.java:214)
	at org.openqa.selenium.remote.ErrorHandler.throwIfResponseFailed(ErrorHandler.java:166)
	at org.openqa.selenium.remote.http.JsonHttpResponseCodec.reconstructValue(JsonHttpResponseCodec.java:40)
	at org.openqa.selenium.remote.http.AbstractHttpResponseCodec.decode(AbstractHttpResponseCodec.java:80)
	at org.openqa.selenium.remote.http.AbstractHttpResponseCodec.decode(AbstractHttpResponseCodec.java:44)
	at org.openqa.selenium.remote.HttpCommandExecutor.execute(HttpCommandExecutor.java:158)
	at org.openqa.selenium.remote.service.DriverCommandExecutor.execute(DriverCommandExecutor.java:83)
	at org.openqa.selenium.remote.RemoteWebDriver.execute(RemoteWebDriver.java:552)
	at org.openqa.selenium.remote.RemoteWebDriver.execute(RemoteWebDriver.java:609)
	at org.openqa.selenium.remote.RemoteWebDriver.close(RemoteWebDriver.java:442)
	at com.atmecs.falcon.automation.ui.selenium.Browser.closeBrowser(Browser.java:115)
	at com.atmecs.qa.falcondashboard.testsuite.SampleTestSuiteBase.teardown(SampleTestSuiteBase.java:46)
	at java.base/java.util.concurrent.ThreadPoolExecutor.runWorker(ThreadPoolExecutor.java:1128)
	at java.base/java.util.concurrent.ThreadPoolExecutor$Worker.run(ThreadPoolExecutor.java:628)
	at java.base/java.lang.Thread.run(Thread.java:830)
... Removed 23 stack frames</div></td></tr></table><p class="totop"><a href="#summary">back to summary</a></p>
<h3 id="m1">com.atmecs.qa.falcondashboard.testscript.TC11_DownloadOption#downloadOption</h3><table class="result"><tr><th>Messages</th></tr><tr><td><div class="messages">Successfully clicked on the product<br/>Clicked on download option<br/>Unknown Exception for xpath //div[@class='tooltip-inner ng-binding']<br/>Unexpected exception occur: Unable to get browser (WARNING: The server did not provide any stacktrace information)
Command duration or timeout: 0 milliseconds
Build info: version: '3.141.59', revision: 'e82be7d358', time: '2018-11-14T08:17:03'
System info: host: 'ATMECSINLT-060', ip: '55.55.52.253', os.name: 'Windows 10', os.arch: 'amd64', os.version: '10.0', java.version: '13.0.1'
Driver info: org.openqa.selenium.ie.InternetExplorerDriver
Capabilities {browserAttachTimeout: 0, browserName: internet explorer, cssSelectorsEnabled: true, elementScrollBehavior: 0, enableElementCacheCleanup: true, enablePersistentHover: true, handlesAlerts: true, ie.browserCommandLineSwitches: , ie.ensureCleanSession: true, ie.forceCreateProcessApi: false, ie.usePerProcessProxy: false, ignoreProtectedModeSettings: true, ignoreZoomSetting: true, initialBrowserUrl: http://localhost:30949/, javascriptEnabled: true, nativeEvents: true, platform: WINDOWS, platformName: WINDOWS, requireWindowFocus: false, takesScreenshot: true, unexpectedAlertBehaviour: dismiss, unhandledPromptBehavior: dismiss, version: 11}
Session ID: d275eebf-4d09-4163-a1c7-792edde521d7<br/>Unexpected exception occur: Unable to get browser (WARNING: The server did not provide any stacktrace information)
Command duration or timeout: 0 milliseconds
Build info: version: '3.141.59', revision: 'e82be7d358', time: '2018-11-14T08:17:03'
System info: host: 'ATMECSINLT-060', ip: '55.55.52.253', os.name: 'Windows 10', os.arch: 'amd64', os.version: '10.0', java.version: '13.0.1'
Driver info: org.openqa.selenium.ie.InternetExplorerDriver
Capabilities {browserAttachTimeout: 0, browserName: internet explorer, cssSelectorsEnabled: true, elementScrollBehavior: 0, enableElementCacheCleanup: true, enablePersistentHover: true, handlesAlerts: true, ie.browserCommandLineSwitches: , ie.ensureCleanSession: true, ie.forceCreateProcessApi: false, ie.usePerProcessProxy: false, ignoreProtectedModeSettings: true, ignoreZoomSetting: true, initialBrowserUrl: http://localhost:30949/, javascriptEnabled: true, nativeEvents: true, platform: WINDOWS, platformName: WINDOWS, requireWindowFocus: false, takesScreenshot: true, unexpectedAlertBehaviour: dismiss, unhandledPromptBehavior: dismiss, version: 11}
Session ID: d275eebf-4d09-4163-a1c7-792edde521d7</div></td></tr><tr><th>Exception</th></tr><tr><td><div class="stacktrace">java.lang.NullPointerException
	at com.atmecs.qa.falcondashboard.testscript.TC11_DownloadOption.downloadOption(TC11_DownloadOption.java:40)
	at java.base/java.util.concurrent.ThreadPoolExecutor.runWorker(ThreadPoolExecutor.java:1128)
	at java.base/java.util.concurrent.ThreadPoolExecutor$Worker.run(ThreadPoolExecutor.java:628)
	at java.base/java.lang.Thread.run(Thread.java:830)
... Removed 18 stack frames</div></td></tr></table><p class="totop"><a href="#summary">back to summary</a></p>
<h3 id="m2">com.atmecs.qa.falcondashboard.testscript.TC05_ProductPage#productPage</h3><table class="result"><tr><th>Messages</th></tr><tr><td><div class="messages">Successfully validated product<br/>Successfully clicked on the product<br/>Successfully validated panel title<br/>PASS : Successfully validaetd the test cases : ACTUAL : deleteProjectApiTest 0 Sec Pass,downloadImageApiTest 0 Sec Pass,exportToExcelApiTest 0 Sec Pass,getDashboardApiTest 1 Sec Pass,invalidLinkApiTest 0 Sec Fail,recentRunsApiTest 0 Sec Pass,reportViewApiTest 0 Sec Pass,uploadImageApiTest 2 Sec Pass,uploadTestngResultFileApiTest 0 Sec Pass,viewReportApiTest 5 Sec Pass 	EXPECTED :deleteProjectApiTest 0 Sec Pass,downloadImageApiTest 0 Sec Pass,exportToExcelApiTest 0 Sec Pass,getDashboardApiTest 1 Sec Pass,invalidLinkApiTest 0 Sec Fail,recentRunsApiTest 0 Sec Pass,reportViewApiTest 0 Sec Pass,uploadImageApiTest 2 Sec Pass,uploadTestngResultFileApiTest 0 Sec Pass,viewReportApiTest 5 Sec Pass<br/>Successfully valdated all the test cases<br/>Successfully selected dashboard option</div></td></tr></table><p class="totop"><a href="#summary">back to summary</a></p>
<h3 id="m3">com.atmecs.qa.falcondashboard.testscript.TC06_ProductMedium#mediumOfProduct</h3><table class="result"><tr><th>Messages</th></tr><tr><td><div class="messages">Successfully clicked on product<br/>Successfully displayed day and date of product<br/>Successfully displayed medium of product<br/>PASS : Successfully validated the medium of the product : ACTUAL :  Web Services  	EXPECTED : Web Services <br/>Successfully validated the medium of the product</div></td></tr></table><p class="totop"><a href="#summary">back to summary</a></p>
<h3 id="m4">com.atmecs.qa.falcondashboard.testscript.TC12_ExecutionDate#dateOfExecution</h3><table class="result"><tr><th>Messages</th></tr><tr><td><div class="messages">Successfully clicked on product<br/>Successfully displayed day and date of product<br/>Successfully displayed day and date of product<br/>PASS : Successfully validated the date : ACTUAL : Feb26,2020 	EXPECTED :Feb26,2020<br/>Successfully validated the date</div></td></tr></table><p class="totop"><a href="#summary">back to summary</a></p>
<h2>SampleTest</h2><h3 id="m5">com.atmecs.qa.falcondashboard.testscript.TC07_Dropdowns#dropdown</h3><table class="result"><tr><th>Messages</th></tr><tr><td><div class="messages">Successfully clicked on the product<br/>Successfully selected customer option<br/>Successfully validated customer<br/>Successfully selected the module option<br/>Successfully validated module<br/>Selected the status option<br/>Successfully validated status</div></td></tr></table><p class="totop"><a href="#summary">back to summary</a></p>
<h3 id="m6">com.atmecs.qa.falcondashboard.testscript.TC13_PassedTestCases#dropdownPassedTestCases</h3><table class="result"><tr><th>Messages</th></tr><tr><td><div class="messages">Successfully clicked on product<br/>Selected the pass status option<br/>Successfully validated pass status<br/>Successfully validated the list of pass test cases</div></td></tr></table><p class="totop"><a href="#summary">back to summary</a></p>
<h3 id="m7">com.atmecs.qa.falcondashboard.testscript.TC14_FailedTestCases#dropdownFailedTestCases</h3><table class="result"><tr><th>Messages</th></tr><tr><td><div class="messages">Successfully clicked on product<br/>Selected the fail status option<br/>Successfully validated fail status<br/>Successfully displayed the fail test cases</div></td></tr></table><p class="totop"><a href="#summary">back to summary</a></p>
<h3 id="m8">com.atmecs.qa.falcondashboard.testscript.TC15_SkippedTestCases#dropdownSkippedTestCases</h3><table class="result"><tr><th>Messages</th></tr><tr><td><div class="messages">Successfully clicked on product<br/>Selected the skip status option<br/>Successfully validated skip status<br/>Successfully displayed the failed test cases</div></td></tr></table><p class="totop"><a href="#summary">back to summary</a></p>
<h2>SampleTest</h2><h3 id="m9">com.atmecs.qa.falcondashboard.testscript.TC38_MaximizingWindow#maximizeWindow</h3><table class="result"><tr><th>Messages</th></tr><tr><td><div class="messages">Screenshot Captured for failure C:\Users\srinischal.thiparani\FalconDashboardAutomation\falcondashboard\target\FalconDemo-Sample-WIN_10_ie_3.150.1\Screenshots\maximizeWindow_1_.png</div></td></tr><tr><th>Exception</th></tr><tr><td><div class="stacktrace">org.openqa.selenium.ElementNotVisibleException: Cannot click on element (WARNING: The server did not provide any stacktrace information)
Command duration or timeout: 0 milliseconds
Build info: version: &apos;3.141.59&apos;, revision: &apos;e82be7d358&apos;, time: &apos;2018-11-14T08:17:03&apos;
System info: host: &apos;ATMECSINLT-060&apos;, ip: &apos;55.55.52.253&apos;, os.name: &apos;Windows 10&apos;, os.arch: &apos;amd64&apos;, os.version: &apos;10.0&apos;, java.version: &apos;13.0.1&apos;
Driver info: org.openqa.selenium.ie.InternetExplorerDriver
Capabilities {browserAttachTimeout: 0, browserName: internet explorer, cssSelectorsEnabled: true, elementScrollBehavior: 0, enableElementCacheCleanup: true, enablePersistentHover: true, handlesAlerts: true, ie.browserCommandLineSwitches: , ie.ensureCleanSession: true, ie.forceCreateProcessApi: false, ie.usePerProcessProxy: false, ignoreProtectedModeSettings: true, ignoreZoomSetting: true, initialBrowserUrl: http://localhost:26556/, javascriptEnabled: true, nativeEvents: true, platform: WINDOWS, platformName: WINDOWS, requireWindowFocus: false, takesScreenshot: true, unexpectedAlertBehaviour: dismiss, unhandledPromptBehavior: dismiss, version: 11}
Session ID: d2bcfce1-2e6e-4ab6-96b7-11482f1336e4
	at org.openqa.selenium.remote.ErrorHandler.createThrowable(ErrorHandler.java:214)
	at org.openqa.selenium.remote.ErrorHandler.throwIfResponseFailed(ErrorHandler.java:166)
	at org.openqa.selenium.remote.http.JsonHttpResponseCodec.reconstructValue(JsonHttpResponseCodec.java:40)
	at org.openqa.selenium.remote.http.AbstractHttpResponseCodec.decode(AbstractHttpResponseCodec.java:80)
	at org.openqa.selenium.remote.http.AbstractHttpResponseCodec.decode(AbstractHttpResponseCodec.java:44)
	at org.openqa.selenium.remote.HttpCommandExecutor.execute(HttpCommandExecutor.java:158)
	at org.openqa.selenium.remote.service.DriverCommandExecutor.execute(DriverCommandExecutor.java:83)
	at org.openqa.selenium.remote.RemoteWebDriver.execute(RemoteWebDriver.java:552)
	at org.openqa.selenium.remote.RemoteWebElement.execute(RemoteWebElement.java:285)
	at org.openqa.selenium.remote.RemoteWebElement.click(RemoteWebElement.java:84)
	at com.atmecs.qa.falcondashboard.utils.Pageactions.clickOnElement(Pageactions.java:92)
	at com.atmecs.qa.falcondashboard.testscript.TC38_MaximizingWindow.maximizeWindow(TC38_MaximizingWindow.java:36)
	at java.base/java.util.concurrent.ThreadPoolExecutor.runWorker(ThreadPoolExecutor.java:1128)
	at java.base/java.util.concurrent.ThreadPoolExecutor$Worker.run(ThreadPoolExecutor.java:628)
	at java.base/java.lang.Thread.run(Thread.java:830)
... Removed 23 stack frames</div></td></tr></table><p class="totop"><a href="#summary">back to summary</a></p>
<h3 id="m10">com.atmecs.qa.falcondashboard.testscript.TC01_DashBoardPage#dashboardPage</h3><table class="result"><tr><th>Messages</th></tr><tr><td><div class="messages">PASS : Verifying String Message  : ACTUAL : ATMECS - Falcon Test Repotrs 	EXPECTED :ATMECS - Falcon Test Repotrs<br/>successfully validated page title<br/>Successfully validated the dashboard text<br/>clicked on refresh option<br/>Successfully validated falcon</div></td></tr></table><p class="totop"><a href="#summary">back to summary</a></p>
<h3 id="m11">com.atmecs.qa.falcondashboard.testscript.TC02_ClickingProduct#clickingProduct</h3><table class="result"><tr><th>Messages</th></tr><tr><td><div class="messages">PASS : Successfully validaetd the products : ACTUAL : REST API TEST RESULT,WebServices,FALCON,WebServicesDemo,FalconMobileDemo,ObjectExtractor,SampleFalconAPITest,Falcon,DotComUI_Mobile,MWB,MWB_iOS,JB_Native_App_iOS,Falcon2,Fal,MWB,FalconDemo41,CreditSightsMobile,CHS,CHS,HEATCLINIC RESULT,UI WEB TEST RESULT,HEAT CLINIC RESULT,DotComUITablet,HRIS,HRIS_Cloud,HRIS_Local,Falcon,CreditSights,BrowserstackDemo,FalconSampleProj,DotComUITablet,GreyHealthGroup,FluorCorporation,AndroidDemoApp,MWBooking,AutomationDemoClient,APIAutomationDemoClient,APIAutomationClient,FLUOR,Atmecs,CHS,Atmecs,Atmecs,demo,CHS,Atmecs,CHS,TestMobileWeb,TestFalcon_runSessionId,swathi_signup account,Pooja_USAUTOPARTS,USAutoParts,USAutoParts_MUJ,TestMobileWeb_CnameDemo,IOSDemoApp,Mobile_Demo,TestDemoApp,UI BrowserStack Test Result,dbTesting 	EXPECTED :REST API TEST RESULT,WebServices,FALCON,WebServicesDemo,FalconMobileDemo,ObjectExtractor,SampleFalconAPITest,Falcon,DotComUI_Mobile,MWB,MWB_iOS,JB_Native_App_iOS,Falcon2,Fal,MWB,FalconDemo41,CreditSightsMobile,CHS,CHS,HEATCLINIC RESULT,UI WEB TEST RESULT,HEAT CLINIC RESULT,DotComUITablet,HRIS,HRIS_Cloud,HRIS_Local,Falcon,CreditSights,BrowserstackDemo,FalconSampleProj,DotComUITablet,GreyHealthGroup,FluorCorporation,AndroidDemoApp,MWBooking,AutomationDemoClient,APIAutomationDemoClient,APIAutomationClient,FLUOR,Atmecs,CHS,Atmecs,Atmecs,demo,CHS,Atmecs,CHS,TestMobileWeb,TestFalcon_runSessionId,swathi_signup account,Pooja_USAUTOPARTS,USAutoParts,USAutoParts_MUJ,TestMobileWeb_CnameDemo,IOSDemoApp,Mobile_Demo,TestDemoApp,UI BrowserStack Test Result,dbTesting<br/>Successfully valdated all the products<br/>Successfully displayed the execution times<br/>PASS : Successfully validaetd the products : ACTUAL : 3 hours ago,47 days ago,55 days ago,57 days ago,62 days ago,210 days ago,223 days ago,223 days ago,225 days ago,244 days ago,250 days ago,250 days ago,252 days ago,257 days ago,259 days ago,267 days ago,273 days ago,273 days ago,281 days ago,342 days ago,357 days ago,364 days ago,379 days ago,387 days ago,387 days ago,392 days ago,408 days ago,447 days ago,453 days ago,482 days ago,533 days ago,600 days ago,609 days ago,614 days ago,616 days ago,616 days ago,616 days ago,636 days ago,642 days ago,642 days ago,671 days ago,712 days ago,712 days ago,748 days ago,755 days ago,770 days ago,770 days ago,771 days ago,775 days ago,804 days ago,807 days ago,812 days ago,820 days ago,831 days ago,845 days ago 	EXPECTED :3 hours ago,47 days ago,55 days ago,57 days ago,62 days ago,210 days ago,223 days ago,223 days ago,225 days ago,244 days ago,250 days ago,250 days ago,252 days ago,257 days ago,259 days ago,267 days ago,273 days ago,273 days ago,281 days ago,342 days ago,357 days ago,364 days ago,379 days ago,387 days ago,387 days ago,392 days ago,408 days ago,447 days ago,453 days ago,482 days ago,533 days ago,600 days ago,609 days ago,614 days ago,616 days ago,616 days ago,616 days ago,636 days ago,642 days ago,642 days ago,671 days ago,712 days ago,712 days ago,748 days ago,755 days ago,770 days ago,770 days ago,771 days ago,775 days ago,804 days ago,807 days ago,812 days ago,820 days ago,831 days ago,845 days ago<br/>Successfully valdated all the recent execution times<br/>Successfully clicked on product</div></td></tr></table><p class="totop"><a href="#summary">back to summary</a></p>
<h3 id="m12">com.atmecs.qa.falcondashboard.testscript.TC03_TestCases#numberofTestCasesOfProduct</h3><table class="result"><tr><th>Messages</th></tr><tr><td><div class="messages">PASS : Successfully validaetd the test cases : ACTUAL : 10,1,2,2,1,1,4,10,2,12,1,1,4,1,1,0,2,2,1,4,4,0,1,6,6,6,4,1,1,1,7,9,2,1,8,10,10,1,4,2,1,8,4,2,1,1,1,1,6,2,1,2,2,1,5 	EXPECTED :10,1,2,2,1,1,4,10,2,12,1,1,4,1,1,0,2,2,1,4,4,0,1,6,6,6,4,1,1,1,7,9,2,1,8,10,10,1,4,2,1,8,4,2,1,1,1,1,6,2,1,2,2,1,5<br/>Successfully valdated all the test cases<br/>Successfully mouse hovered the test cases<br/>PASS : Successfully displayed the test cases message : ACTUAL : Total Test Cases 	EXPECTED :Total Test Cases</div></td></tr></table><p class="totop"><a href="#summary">back to summary</a></p>
<h3 id="m13">com.atmecs.qa.falcondashboard.testscript.TC04_ProductPercentage#percentageOfProduct</h3><table class="result"><tr><th>Messages</th></tr><tr><td><div class="messages">Successfully mouse hovered the pass%trend<br/>PASS : Successfully displayed the test cases message : ACTUAL : Pass % Trend 	EXPECTED :Pass % Trend<br/>Successfully mouse hovered over the pass percent<br/>rgba(34, 34, 34, 1)<br/>PASS : Successfully validated the color of the pass percentage : ACTUAL : rgba(34, 34, 34, 1) 	EXPECTED :rgba(34, 34, 34, 1)<br/>Successfully validated the color of the pass percentage<br/>Successfully mouse hovered over the fail percent and displayed the value<br/>rgba(244, 67, 54, 1)<br/>PASS : Successfully validated the color of the fail percentage : ACTUAL : rgba(244, 67, 54, 1) 	EXPECTED :rgba(244, 67, 54, 1)<br/>Successfully validated the color of the fail percentage</div></td></tr></table><p class="totop"><a href="#summary">back to summary</a></p>
<h3 id="m14">com.atmecs.qa.falcondashboard.testscript.TC16_MainNavigation#mainNavigation</h3><table class="result"><tr><th>Messages</th></tr><tr><td><div class="messages">Successfully validated dashboard<br/>Successfully validated recent runs<br/>Successfully validated recentruns<br/>Successfully validated recent runs panel title<br/>Successfully validated View<br/>Successfully validated panelview<br/>Successfully validated product snapshot</div></td></tr></table><p class="totop"><a href="#summary">back to summary</a></p>
<h3 id="m15">com.atmecs.qa.falcondashboard.testscript.TC23_Refresh#refresh</h3><table class="result"><tr><th>Messages</th></tr><tr><td><div class="messages">Successfully validated dashboard text<br/>Successfully clicked on the refresh option</div></td></tr></table><p class="totop"><a href="#summary">back to summary</a></p>
<h3 id="m16">com.atmecs.qa.falcondashboard.testscript.TC24_ProductSnapShot#productSnapShot</h3><table class="result"><tr><th>Messages</th></tr><tr><td><div class="messages">Successfully clicked on product snapshot bar<br/>Successfully validated product snapshot</div></td></tr></table><p class="totop"><a href="#summary">back to summary</a></p>
<h2>SampleTest</h2><h3 id="m17">com.atmecs.qa.falcondashboard.testscript.TC05_ProductPage#productPage</h3><table class="result"><tr><th>Messages</th></tr><tr><td><div class="messages">Successfully validated product<br/>Successfully clicked on the product<br/>Successfully validated panel title<br/>PASS : Successfully validaetd the test cases : ACTUAL : deleteProjectApiTest 0 Sec Pass,downloadImageApiTest 0 Sec Pass,exportToExcelApiTest 0 Sec Pass,getDashboardApiTest 1 Sec Pass,invalidLinkApiTest 0 Sec Fail,recentRunsApiTest 0 Sec Pass,reportViewApiTest 0 Sec Pass,uploadImageApiTest 2 Sec Pass,uploadTestngResultFileApiTest 0 Sec Pass,viewReportApiTest 5 Sec Pass 	EXPECTED :deleteProjectApiTest 0 Sec Pass,downloadImageApiTest 0 Sec Pass,exportToExcelApiTest 0 Sec Pass,getDashboardApiTest 1 Sec Pass,invalidLinkApiTest 0 Sec Fail,recentRunsApiTest 0 Sec Pass,reportViewApiTest 0 Sec Pass,uploadImageApiTest 2 Sec Pass,uploadTestngResultFileApiTest 0 Sec Pass,viewReportApiTest 5 Sec Pass<br/>Successfully valdated all the test cases<br/>Successfully selected dashboard option</div></td></tr></table><p class="totop"><a href="#summary">back to summary</a></p>
<h3 id="m18">com.atmecs.qa.falcondashboard.testscript.TC06_ProductMedium#mediumOfProduct</h3><table class="result"><tr><th>Messages</th></tr><tr><td><div class="messages">Successfully clicked on product<br/>Successfully displayed day and date of product<br/>Successfully displayed medium of product<br/>PASS : Successfully validated the medium of the product : ACTUAL :  Web Services  	EXPECTED : Web Services <br/>Successfully validated the medium of the product</div></td></tr></table><p class="totop"><a href="#summary">back to summary</a></p>
<h3 id="m19">com.atmecs.qa.falcondashboard.testscript.TC11_DownloadOption#downloadOption</h3><table class="result"><tr><th>Messages</th></tr><tr><td><div class="messages">Successfully clicked on the product<br/>Clicked on download option<br/>Successfully displayed day and date of product<br/>PASS : Successfully displayed the test cases message : ACTUAL : Download 	EXPECTED :Download<br/>Sucessfully validated the tooltip message</div></td></tr></table><p class="totop"><a href="#summary">back to summary</a></p>
<h3 id="m20">com.atmecs.qa.falcondashboard.testscript.TC12_ExecutionDate#dateOfExecution</h3><table class="result"><tr><th>Messages</th></tr><tr><td><div class="messages">Successfully clicked on product<br/>Successfully displayed day and date of product<br/>Successfully displayed day and date of product<br/>PASS : Successfully validated the date : ACTUAL : Feb26,2020 	EXPECTED :Feb26,2020<br/>Successfully validated the date</div></td></tr></table><p class="totop"><a href="#summary">back to summary</a></p>
<h2>SampleTest</h2><h3 id="m21">com.atmecs.qa.falcondashboard.testscript.TC17_RecentRuns#recentrun</h3><table class="result"><tr><th>Messages</th></tr><tr><td><div class="messages">Successfully clicked on recent runs<br/>Successfully validated recentruns<br/>Successfully validated reports<br/>Successfully validated product name<br/>Successfully validated the component text<br/>Successfully validated textcases with # symbol<br/>Successfully validated the passpercent with % symbol<br/>Successfully validated lastruns</div></td></tr></table><p class="totop"><a href="#summary">back to summary</a></p>
<h3 id="m22">com.atmecs.qa.falcondashboard.testscript.TC18_ProductName#productName</h3><table class="result"><tr><th>Messages</th></tr><tr><td><div class="messages">Successfully clicked on the recent runs<br/>Successfully validated the product name<br/>Succesfully clicked on the product</div></td></tr></table><p class="totop"><a href="#summary">back to summary</a></p>
<h3 id="m23">com.atmecs.qa.falcondashboard.testscript.TC19_ProductComponent#componentOfProduct</h3><table class="result"><tr><th>Messages</th></tr><tr><td><div class="messages">Successfully clicked on recent runs<br/>Successfully clicked on component<br/>Successfully validated component text<br/>Successfully clicked on component</div></td></tr></table><p class="totop"><a href="#summary">back to summary</a></p>
<h3 id="m24">com.atmecs.qa.falcondashboard.testscript.TC21_PassPercentage#rececntPassPercentage</h3><table class="result"><tr><th>Messages</th></tr><tr><td><div class="messages">Successfully clicked on the recent runs<br/>Successfully validated the pass percent<br/>Successfully clicked on the pass percentage</div></td></tr></table><p class="totop"><a href="#summary">back to summary</a></p>
<h3 id="m25">com.atmecs.qa.falcondashboard.testscript.TC22_DeleteOption#deleteOption</h3><table class="result"><tr><th>Messages</th></tr><tr><td><div class="messages">Successfully clicked on recent runs<br/>Successfully mouse hovered over the delete option<br/>PASS : Successfully displayed the test cases message : ACTUAL : Delete Run 	EXPECTED :Delete Run</div></td></tr></table><p class="totop"><a href="#summary">back to summary</a></p>
<h3 id="m26">com.atmecs.qa.falcondashboard.testscript.TC35_LastRun#lastRun</h3><table class="result"><tr><th>Messages</th></tr><tr><td><div class="messages">Successfully clicked on the recent runs<br/>Successfully validated the last run<br/>Successfully clicked on the last runs</div></td></tr></table><p class="totop"><a href="#summary">back to summary</a></p>
<h2>SampleTest</h2><h3 id="m27">com.atmecs.qa.falcondashboard.testscript.TC07_Dropdowns#dropdown</h3><table class="result"><tr><th>Messages</th></tr><tr><td><div class="messages">Successfully clicked on the product<br/>Successfully selected customer option<br/>Successfully validated customer<br/>Successfully selected the module option<br/>Successfully validated module<br/>Selected the status option<br/>Successfully validated status</div></td></tr></table><p class="totop"><a href="#summary">back to summary</a></p>
<h3 id="m28">com.atmecs.qa.falcondashboard.testscript.TC13_PassedTestCases#dropdownPassedTestCases</h3><table class="result"><tr><th>Messages</th></tr><tr><td><div class="messages">Successfully clicked on product<br/>Selected the pass status option<br/>Successfully validated pass status<br/>Successfully validated the list of pass test cases</div></td></tr></table><p class="totop"><a href="#summary">back to summary</a></p>
<h3 id="m29">com.atmecs.qa.falcondashboard.testscript.TC14_FailedTestCases#dropdownFailedTestCases</h3><table class="result"><tr><th>Messages</th></tr><tr><td><div class="messages">Successfully clicked on product<br/>Selected the fail status option<br/>Successfully validated fail status<br/>Successfully displayed the fail test cases</div></td></tr></table><p class="totop"><a href="#summary">back to summary</a></p>
<h3 id="m30">com.atmecs.qa.falcondashboard.testscript.TC15_SkippedTestCases#dropdownSkippedTestCases</h3><table class="result"><tr><th>Messages</th></tr><tr><td><div class="messages">Successfully clicked on product<br/>Selected the skip status option<br/>Successfully validated skip status<br/>Successfully displayed the failed test cases</div></td></tr></table><p class="totop"><a href="#summary">back to summary</a></p>
<h2>SampleTest</h2><h3 id="m31">com.atmecs.qa.falcondashboard.testscript.TC25_StepsOfProduct#stepsOfProduct</h3><table class="result"><tr><th>Messages</th></tr><tr><td><div class="messages">Successfully clicked on the product<br/>Successfully selected pass option<br/>Successfully selected the testcase<br/>Screenshot Captured for failure C:\Users\srinischal.thiparani\FalconDashboardAutomation\falcondashboard\target\FalconDemo-Sample-WIN_10_ie_3.150.1 (5)\Screenshots\stepsOfProduct_1_.png</div></td></tr><tr><th>Exception</th></tr><tr><td><div class="stacktrace">java.lang.AssertionError: expected [] but found [Status]
	at com.atmecs.qa.falcondashboard.helper.ValidationHelper.getDataofRow(ValidationHelper.java:29)
	at com.atmecs.qa.falcondashboard.validationresults.ProductStepsValidation.validateStatusOption(ProductStepsValidation.java:21)
	at com.atmecs.qa.falcondashboard.testscript.TC25_StepsOfProduct.stepsOfProduct(TC25_StepsOfProduct.java:56)
	at java.base/java.util.concurrent.ThreadPoolExecutor.runWorker(ThreadPoolExecutor.java:1128)
	at java.base/java.util.concurrent.ThreadPoolExecutor$Worker.run(ThreadPoolExecutor.java:628)
	at java.base/java.lang.Thread.run(Thread.java:830)
... Removed 24 stack frames</div></td></tr></table><p class="totop"><a href="#summary">back to summary</a></p>
<h3 id="m32">com.atmecs.qa.falcondashboard.testscript.TC20_FailTestCase#failTestCasesOfProduct</h3><table class="result"><tr><th>Messages</th></tr><tr><td><div class="messages">Successfully clicked on product<br/>Selected the status option<br/>Successfully validated status<br/>Successfully clicked on test case<br/>Successfully validated paneltitle<br/>Successfully validated error message</div></td></tr></table><p class="totop"><a href="#summary">back to summary</a></p>
<h2>SampleTest</h2><h3 id="m33">com.atmecs.qa.falcondashboard.testscript.TC08_DashboardSlidder#dashboardSlidder</h3><table class="result"><tr><th>Messages</th></tr><tr><td><div class="messages">Successfully clicked on the product<br/>Successfully selected dashboard option</div></td></tr></table><p class="totop"><a href="#summary">back to summary</a></p>
<h3 id="m34">com.atmecs.qa.falcondashboard.testscript.TC09_ProductEnvironment#environmentOfProduct</h3><table class="result"><tr><th>Messages</th></tr><tr><td><div class="messages">Successfully clicked on the product<br/>Successfully selected dashboard option<br/>Successfully validated the environment</div></td></tr></table><p class="totop"><a href="#summary">back to summary</a></p>
<h3 id="m35">com.atmecs.qa.falcondashboard.testscript.TC10_TestPhase#testPhase</h3><table class="result"><tr><th>Messages</th></tr><tr><td><div class="messages">Successfully clicked on the product<br/>Successfully selected dashboard option<br/>Successfully validated the test phase of the product</div></td></tr></table><p class="totop"><a href="#summary">back to summary</a></p>
<h3 id="m36">com.atmecs.qa.falcondashboard.testscript.TC36_StartTime#startTime</h3><table class="result"><tr><th>Messages</th></tr><tr><td><div class="messages">Successfully clicked on product<br/>Successfully selected dashboard option<br/>Start Time<br/>Successfully displayed the start time text<br/>PASS : Successfully validated the text : ACTUAL : Start Time 	EXPECTED :Start Time<br/>Successfully validated the text<br/>Successfully displayed day and date of product<br/>PASS : Successfully validated the date : ACTUAL : Feb26,2020 	EXPECTED :Feb26,2020<br/>Successfully validated the date</div></td></tr></table><p class="totop"><a href="#summary">back to summary</a></p>
<h3 id="m37">com.atmecs.qa.falcondashboard.testscript.TC37_EndTime#endTime</h3><table class="result"><tr><th>Messages</th></tr><tr><td><div class="messages">Successfully clicked on product<br/>Successfully selected dashboard option<br/>End Time<br/>Successfully displayed the end time text<br/>PASS : Successfully validated the text : ACTUAL : End Time 	EXPECTED :End Time<br/>Successfully validated the text<br/>Successfully displayed day and date of product<br/>PASS : Successfully validated the date : ACTUAL : Feb26,2020 	EXPECTED :Feb26,2020<br/>Successfully validated the date</div></td></tr></table><p class="totop"><a href="#summary">back to summary</a></p>
<h2>SampleTest</h2><h3 id="m38">com.atmecs.qa.falcondashboard.testscript.TC08_DashboardSlidder#dashboardSlidder</h3><table class="result"><tr><th>Messages</th></tr><tr><td><div class="messages">Successfully clicked on the product<br/>Successfully selected dashboard option</div></td></tr></table><p class="totop"><a href="#summary">back to summary</a></p>
<h3 id="m39">com.atmecs.qa.falcondashboard.testscript.TC09_ProductEnvironment#environmentOfProduct</h3><table class="result"><tr><th>Messages</th></tr><tr><td><div class="messages">Successfully clicked on the product<br/>Successfully selected dashboard option<br/>Successfully validated the environment</div></td></tr></table><p class="totop"><a href="#summary">back to summary</a></p>
<h3 id="m40">com.atmecs.qa.falcondashboard.testscript.TC10_TestPhase#testPhase</h3><table class="result"><tr><th>Messages</th></tr><tr><td><div class="messages">Successfully clicked on the product<br/>Successfully selected dashboard option<br/>Successfully validated the test phase of the product</div></td></tr></table><p class="totop"><a href="#summary">back to summary</a></p>
<h3 id="m41">com.atmecs.qa.falcondashboard.testscript.TC36_StartTime#startTime</h3><table class="result"><tr><th>Messages</th></tr><tr><td><div class="messages">Successfully clicked on product<br/>Successfully selected dashboard option<br/>Start Time<br/>Successfully displayed the start time text<br/>PASS : Successfully validated the text : ACTUAL : Start Time 	EXPECTED :Start Time<br/>Successfully validated the text<br/>Successfully displayed day and date of product<br/>PASS : Successfully validated the date : ACTUAL : Feb26,2020 	EXPECTED :Feb26,2020<br/>Successfully validated the date</div></td></tr></table><p class="totop"><a href="#summary">back to summary</a></p>
<h3 id="m42">com.atmecs.qa.falcondashboard.testscript.TC37_EndTime#endTime</h3><table class="result"><tr><th>Messages</th></tr><tr><td><div class="messages">Successfully clicked on product<br/>Successfully selected dashboard option<br/>End Time<br/>Successfully displayed the end time text<br/>PASS : Successfully validated the text : ACTUAL : End Time 	EXPECTED :End Time<br/>Successfully validated the text<br/>Successfully displayed day and date of product<br/>PASS : Successfully validated the date : ACTUAL : Feb26,2020 	EXPECTED :Feb26,2020<br/>Successfully validated the date</div></td></tr></table><p class="totop"><a href="#summary">back to summary</a></p>
<h2>SampleTest</h2><h3 id="m43">com.atmecs.qa.falcondashboard.testscript.TC27_TotalTestCases#totalTestCases</h3><table class="result"><tr><th>Messages</th></tr><tr><td><div class="messages">Successfully clicked on product<br/>Successfully clicked dashboard slider<br/>Screenshot Captured for failure C:\Users\srinischal.thiparani\FalconDashboardAutomation\falcondashboard\target\FalconDemo-Sample-WIN_10_chrome_77 (3)\Screenshots\totalTestCases_1_.png</div></td></tr><tr><th>Exception</th></tr><tr><td><div class="stacktrace">org.openqa.selenium.ElementNotInteractableException: element not interactable
  (Session info: chrome=79.0.3945.130)
Build info: version: &apos;3.141.59&apos;, revision: &apos;e82be7d358&apos;, time: &apos;2018-11-14T08:17:03&apos;
System info: host: &apos;ATMECSINLT-060&apos;, ip: &apos;55.55.52.253&apos;, os.name: &apos;Windows 10&apos;, os.arch: &apos;amd64&apos;, os.version: &apos;10.0&apos;, java.version: &apos;13.0.1&apos;
Driver info: org.openqa.selenium.chrome.ChromeDriver
Capabilities {acceptInsecureCerts: false, browserName: chrome, browserVersion: 79.0.3945.130, chrome: {chromedriverVersion: 79.0.3945.36 (3582db32b3389..., userDataDir: C:\Users\SRINIS~1.THI\AppDa...}, goog:chromeOptions: {debuggerAddress: localhost:63905}, javascriptEnabled: true, networkConnectionEnabled: false, pageLoadStrategy: normal, platform: WINDOWS, platformName: WINDOWS, proxy: Proxy(), setWindowRect: true, strictFileInteractability: false, timeouts: {implicit: 0, pageLoad: 300000, script: 30000}, unhandledPromptBehavior: dismiss and notify}
Session ID: d678c9baa90d59d41478927048379a5b
	at org.openqa.selenium.remote.http.W3CHttpResponseCodec.createException(W3CHttpResponseCodec.java:187)
	at org.openqa.selenium.remote.http.W3CHttpResponseCodec.decode(W3CHttpResponseCodec.java:122)
	at org.openqa.selenium.remote.http.W3CHttpResponseCodec.decode(W3CHttpResponseCodec.java:49)
	at org.openqa.selenium.remote.HttpCommandExecutor.execute(HttpCommandExecutor.java:158)
	at org.openqa.selenium.remote.service.DriverCommandExecutor.execute(DriverCommandExecutor.java:83)
	at org.openqa.selenium.remote.RemoteWebDriver.execute(RemoteWebDriver.java:552)
	at org.openqa.selenium.remote.RemoteWebElement.execute(RemoteWebElement.java:285)
	at org.openqa.selenium.remote.RemoteWebElement.click(RemoteWebElement.java:84)
	at com.atmecs.qa.falcondashboard.utils.Pageactions.clickOnElement(Pageactions.java:92)
	at com.atmecs.qa.falcondashboard.testscript.TC27_TotalTestCases.totalTestCases(TC27_TotalTestCases.java:49)
	at java.base/java.util.concurrent.ThreadPoolExecutor.runWorker(ThreadPoolExecutor.java:1128)
	at java.base/java.util.concurrent.ThreadPoolExecutor$Worker.run(ThreadPoolExecutor.java:628)
	at java.base/java.lang.Thread.run(Thread.java:830)
... Removed 23 stack frames</div></td></tr></table><p class="totop"><a href="#summary">back to summary</a></p>
<h3 id="m44">com.atmecs.qa.falcondashboard.testscript.TC29_PassedTestCases#passTestCases</h3><table class="result"><tr><th>Messages</th></tr><tr><td><div class="messages">Successfully clicked on product<br/>Successfully clicked dashboard slider<br/>Screenshot Captured for failure C:\Users\srinischal.thiparani\FalconDashboardAutomation\falcondashboard\target\FalconDemo-Sample-WIN_10_chrome_77 (3)\Screenshots\passTestCases_1_.png</div></td></tr><tr><th>Exception</th></tr><tr><td><div class="stacktrace">org.openqa.selenium.ElementNotInteractableException: element not interactable
  (Session info: chrome=79.0.3945.130)
Build info: version: &apos;3.141.59&apos;, revision: &apos;e82be7d358&apos;, time: &apos;2018-11-14T08:17:03&apos;
System info: host: &apos;ATMECSINLT-060&apos;, ip: &apos;55.55.52.253&apos;, os.name: &apos;Windows 10&apos;, os.arch: &apos;amd64&apos;, os.version: &apos;10.0&apos;, java.version: &apos;13.0.1&apos;
Driver info: org.openqa.selenium.chrome.ChromeDriver
Capabilities {acceptInsecureCerts: false, browserName: chrome, browserVersion: 79.0.3945.130, chrome: {chromedriverVersion: 79.0.3945.36 (3582db32b3389..., userDataDir: C:\Users\SRINIS~1.THI\AppDa...}, goog:chromeOptions: {debuggerAddress: localhost:64147}, javascriptEnabled: true, networkConnectionEnabled: false, pageLoadStrategy: normal, platform: WINDOWS, platformName: WINDOWS, proxy: Proxy(), setWindowRect: true, strictFileInteractability: false, timeouts: {implicit: 0, pageLoad: 300000, script: 30000}, unhandledPromptBehavior: dismiss and notify}
Session ID: d6c3fd248a795c7be4efa87662689504
	at org.openqa.selenium.remote.http.W3CHttpResponseCodec.createException(W3CHttpResponseCodec.java:187)
	at org.openqa.selenium.remote.http.W3CHttpResponseCodec.decode(W3CHttpResponseCodec.java:122)
	at org.openqa.selenium.remote.http.W3CHttpResponseCodec.decode(W3CHttpResponseCodec.java:49)
	at org.openqa.selenium.remote.HttpCommandExecutor.execute(HttpCommandExecutor.java:158)
	at org.openqa.selenium.remote.service.DriverCommandExecutor.execute(DriverCommandExecutor.java:83)
	at org.openqa.selenium.remote.RemoteWebDriver.execute(RemoteWebDriver.java:552)
	at org.openqa.selenium.remote.RemoteWebElement.execute(RemoteWebElement.java:285)
	at org.openqa.selenium.remote.RemoteWebElement.click(RemoteWebElement.java:84)
	at com.atmecs.qa.falcondashboard.utils.Pageactions.clickOnElement(Pageactions.java:92)
	at com.atmecs.qa.falcondashboard.testscript.TC29_PassedTestCases.passTestCases(TC29_PassedTestCases.java:47)
	at java.base/java.util.concurrent.ThreadPoolExecutor.runWorker(ThreadPoolExecutor.java:1128)
	at java.base/java.util.concurrent.ThreadPoolExecutor$Worker.run(ThreadPoolExecutor.java:628)
	at java.base/java.lang.Thread.run(Thread.java:830)
... Removed 23 stack frames</div></td></tr></table><p class="totop"><a href="#summary">back to summary</a></p>
<h3 id="m45">com.atmecs.qa.falcondashboard.testscript.TC31_FailedTestCases#failTestCases</h3><table class="result"><tr><th>Messages</th></tr><tr><td><div class="messages">Successfully clicked on product<br/>Successfully clicked dashboard slider<br/>Screenshot Captured for failure C:\Users\srinischal.thiparani\FalconDashboardAutomation\falcondashboard\target\FalconDemo-Sample-WIN_10_chrome_77 (3)\Screenshots\failTestCases_1_.png</div></td></tr><tr><th>Exception</th></tr><tr><td><div class="stacktrace">org.openqa.selenium.ElementNotInteractableException: element not interactable
  (Session info: chrome=79.0.3945.130)
Build info: version: &apos;3.141.59&apos;, revision: &apos;e82be7d358&apos;, time: &apos;2018-11-14T08:17:03&apos;
System info: host: &apos;ATMECSINLT-060&apos;, ip: &apos;55.55.52.253&apos;, os.name: &apos;Windows 10&apos;, os.arch: &apos;amd64&apos;, os.version: &apos;10.0&apos;, java.version: &apos;13.0.1&apos;
Driver info: org.openqa.selenium.chrome.ChromeDriver
Capabilities {acceptInsecureCerts: false, browserName: chrome, browserVersion: 79.0.3945.130, chrome: {chromedriverVersion: 79.0.3945.36 (3582db32b3389..., userDataDir: C:\Users\SRINIS~1.THI\AppDa...}, goog:chromeOptions: {debuggerAddress: localhost:64432}, javascriptEnabled: true, networkConnectionEnabled: false, pageLoadStrategy: normal, platform: WINDOWS, platformName: WINDOWS, proxy: Proxy(), setWindowRect: true, strictFileInteractability: false, timeouts: {implicit: 0, pageLoad: 300000, script: 30000}, unhandledPromptBehavior: dismiss and notify}
Session ID: 73a529e15bf7239de3b29d50c3368fd0
	at org.openqa.selenium.remote.http.W3CHttpResponseCodec.createException(W3CHttpResponseCodec.java:187)
	at org.openqa.selenium.remote.http.W3CHttpResponseCodec.decode(W3CHttpResponseCodec.java:122)
	at org.openqa.selenium.remote.http.W3CHttpResponseCodec.decode(W3CHttpResponseCodec.java:49)
	at org.openqa.selenium.remote.HttpCommandExecutor.execute(HttpCommandExecutor.java:158)
	at org.openqa.selenium.remote.service.DriverCommandExecutor.execute(DriverCommandExecutor.java:83)
	at org.openqa.selenium.remote.RemoteWebDriver.execute(RemoteWebDriver.java:552)
	at org.openqa.selenium.remote.RemoteWebElement.execute(RemoteWebElement.java:285)
	at org.openqa.selenium.remote.RemoteWebElement.click(RemoteWebElement.java:84)
	at com.atmecs.qa.falcondashboard.utils.Pageactions.clickOnElement(Pageactions.java:92)
	at com.atmecs.qa.falcondashboard.testscript.TC31_FailedTestCases.failTestCases(TC31_FailedTestCases.java:46)
	at java.base/java.util.concurrent.ThreadPoolExecutor.runWorker(ThreadPoolExecutor.java:1128)
	at java.base/java.util.concurrent.ThreadPoolExecutor$Worker.run(ThreadPoolExecutor.java:628)
	at java.base/java.lang.Thread.run(Thread.java:830)
... Removed 23 stack frames</div></td></tr></table><p class="totop"><a href="#summary">back to summary</a></p>
<h3 id="m46">com.atmecs.qa.falcondashboard.testscript.TC26_ColorOfTotalTestCases#colorofTotalTestCases</h3><table class="result"><tr><th>Messages</th></tr><tr><td><div class="messages">Successfully clicked on product<br/>Successfully selected dashboard option<br/>Successfully displayed day and date of product<br/>PASS : Successfully validated the color of the total test cases box : ACTUAL : rgba(103, 58, 183, 1) 	EXPECTED :rgba(103, 58, 183, 1)<br/>Successfully validated the color of the total  test cases box</div></td></tr></table><p class="totop"><a href="#summary">back to summary</a></p>
<h3 id="m47">com.atmecs.qa.falcondashboard.testscript.TC28_ColorOfPassTestCases#colorofPassedTestCases</h3><table class="result"><tr><th>Messages</th></tr><tr><td><div class="messages">Successfully clicked on product<br/>Successfully selected dashboard option<br/>Successfully displayed day and date of product<br/>PASS : Successfully validated the color of the pass test cases box : ACTUAL : rgba(0, 150, 136, 1) 	EXPECTED :rgba(0, 150, 136, 1)<br/>Successfully validated the color of the pass  test cases box</div></td></tr></table><p class="totop"><a href="#summary">back to summary</a></p>
<h3 id="m48">com.atmecs.qa.falcondashboard.testscript.TC30_ColorOfFailedTestCases#colorofFailedTestCases</h3><table class="result"><tr><th>Messages</th></tr><tr><td><div class="messages">Successfully clicked on product<br/>Successfully selected dashboard option<br/>Successfully displayed day and date of product<br/>PASS : Successfully validated the color of the fail test cases box : ACTUAL : rgba(244, 67, 54, 1) 	EXPECTED :rgba(244, 67, 54, 1)<br/>Successfully validated the color of the fail test cases box</div></td></tr></table><p class="totop"><a href="#summary">back to summary</a></p>
<h3 id="m49">com.atmecs.qa.falcondashboard.testscript.TC32_ColorOfSkippedTestCases#colorofSkippedTestCases</h3><table class="result"><tr><th>Messages</th></tr><tr><td><div class="messages">Successfully clicked on product<br/>Successfully selected dashboard option<br/>Successfully displayed day and date of product<br/>PASS : Successfully validated the color of the skip test cases box : ACTUAL : rgba(33, 150, 243, 1) 	EXPECTED :rgba(33, 150, 243, 1)<br/>Successfully validated the color of the skip test cases box</div></td></tr></table><p class="totop"><a href="#summary">back to summary</a></p>
<h3 id="m50">com.atmecs.qa.falcondashboard.testscript.TC33_SkippedTestCases#skippedTestCases</h3><table class="result"><tr><th>Messages</th></tr><tr><td><div class="messages">Successfully clicked on product<br/>Successfully clicked dashboard slider<br/>Successfully clicked pass test cases<br/>Successfully validated Skipped test cases<br/>Successfully validated skip message</div></td></tr></table><p class="totop"><a href="#summary">back to summary</a></p>
<h3 id="m51">com.atmecs.qa.falcondashboard.testscript.TC34_ViewPage#viewPage</h3><table class="result"><tr><th>Messages</th></tr><tr><td><div class="messages">Successfully validated views<br/>Successfully validated the views panel title<br/>Successfully selected dashboard option<br/>Clicked on download option</div></td></tr></table><p class="totop"><a href="#summary">back to summary</a></p>
<h2>SampleTest</h2><h3 id="m52">com.atmecs.qa.falcondashboard.testscript.TC34_ViewPage#teardown</h3><table class="result"><tr><th>Exception</th></tr><tr><td><div class="stacktrace">org.openqa.selenium.NoSuchWindowException: Unable to get browser (WARNING: The server did not provide any stacktrace information)
Command duration or timeout: 0 milliseconds
Build info: version: &apos;3.141.59&apos;, revision: &apos;e82be7d358&apos;, time: &apos;2018-11-14T08:17:03&apos;
System info: host: &apos;ATMECSINLT-060&apos;, ip: &apos;55.55.52.253&apos;, os.name: &apos;Windows 10&apos;, os.arch: &apos;amd64&apos;, os.version: &apos;10.0&apos;, java.version: &apos;13.0.1&apos;
Driver info: org.openqa.selenium.ie.InternetExplorerDriver
Capabilities {browserAttachTimeout: 0, browserName: internet explorer, cssSelectorsEnabled: true, elementScrollBehavior: 0, enableElementCacheCleanup: true, enablePersistentHover: true, handlesAlerts: true, ie.browserCommandLineSwitches: , ie.ensureCleanSession: true, ie.forceCreateProcessApi: false, ie.usePerProcessProxy: false, ignoreProtectedModeSettings: true, ignoreZoomSetting: true, initialBrowserUrl: http://localhost:26246/, javascriptEnabled: true, nativeEvents: true, platform: WINDOWS, platformName: WINDOWS, requireWindowFocus: false, takesScreenshot: true, unexpectedAlertBehaviour: dismiss, unhandledPromptBehavior: dismiss, version: 11}
Session ID: 58b451d2-cf1d-4438-837e-5f9893430a9d
	at org.openqa.selenium.remote.ErrorHandler.createThrowable(ErrorHandler.java:214)
	at org.openqa.selenium.remote.ErrorHandler.throwIfResponseFailed(ErrorHandler.java:166)
	at org.openqa.selenium.remote.http.JsonHttpResponseCodec.reconstructValue(JsonHttpResponseCodec.java:40)
	at org.openqa.selenium.remote.http.AbstractHttpResponseCodec.decode(AbstractHttpResponseCodec.java:80)
	at org.openqa.selenium.remote.http.AbstractHttpResponseCodec.decode(AbstractHttpResponseCodec.java:44)
	at org.openqa.selenium.remote.HttpCommandExecutor.execute(HttpCommandExecutor.java:158)
	at org.openqa.selenium.remote.service.DriverCommandExecutor.execute(DriverCommandExecutor.java:83)
	at org.openqa.selenium.remote.RemoteWebDriver.execute(RemoteWebDriver.java:552)
	at org.openqa.selenium.remote.RemoteWebDriver.execute(RemoteWebDriver.java:609)
	at org.openqa.selenium.remote.RemoteWebDriver.close(RemoteWebDriver.java:442)
	at com.atmecs.falcon.automation.ui.selenium.Browser.closeBrowser(Browser.java:115)
	at com.atmecs.qa.falcondashboard.testsuite.SampleTestSuiteBase.teardown(SampleTestSuiteBase.java:46)
	at java.base/java.util.concurrent.ThreadPoolExecutor.runWorker(ThreadPoolExecutor.java:1128)
	at java.base/java.util.concurrent.ThreadPoolExecutor$Worker.run(ThreadPoolExecutor.java:628)
	at java.base/java.lang.Thread.run(Thread.java:830)
... Removed 23 stack frames</div></td></tr></table><p class="totop"><a href="#summary">back to summary</a></p>
<h3 id="m53">com.atmecs.qa.falcondashboard.testscript.TC27_TotalTestCases#totalTestCases</h3><table class="result"><tr><th>Messages</th></tr><tr><td><div class="messages">Successfully clicked on product<br/>Successfully clicked dashboard slider<br/>Successfully clicked total test cases<br/>Successfully validated test cases<br/>Screenshot Captured for failure C:\Users\srinischal.thiparani\FalconDashboardAutomation\falcondashboard\target\FalconDemo-Sample-WIN_10_ie_3.150.1 (3)\Screenshots\totalTestCases_1_.png</div></td></tr><tr><th>Exception</th></tr><tr><td><div class="stacktrace">java.lang.AssertionError: expected [RUN IN - 8 secs] but found [RUN IN - 9 secs]
	at com.atmecs.qa.falcondashboard.helper.ValidationHelper.getDataofRow(ValidationHelper.java:29)
	at com.atmecs.qa.falcondashboard.validationresults.ViewPageValidation.validateTime(ViewPageValidation.java:28)
	at com.atmecs.qa.falcondashboard.testscript.TC27_TotalTestCases.totalTestCases(TC27_TotalTestCases.java:55)
	at java.base/java.util.concurrent.ThreadPoolExecutor.runWorker(ThreadPoolExecutor.java:1128)
	at java.base/java.util.concurrent.ThreadPoolExecutor$Worker.run(ThreadPoolExecutor.java:628)
	at java.base/java.lang.Thread.run(Thread.java:830)
... Removed 24 stack frames</div></td></tr></table><p class="totop"><a href="#summary">back to summary</a></p>
<h3 id="m54">com.atmecs.qa.falcondashboard.testscript.TC26_ColorOfTotalTestCases#colorofTotalTestCases</h3><table class="result"><tr><th>Messages</th></tr><tr><td><div class="messages">Successfully clicked on product<br/>Successfully selected dashboard option<br/>Successfully displayed day and date of product<br/>PASS : Successfully validated the color of the total test cases box : ACTUAL : rgba(103, 58, 183, 1) 	EXPECTED :rgba(103, 58, 183, 1)<br/>Successfully validated the color of the total  test cases box</div></td></tr></table><p class="totop"><a href="#summary">back to summary</a></p>
<h3 id="m55">com.atmecs.qa.falcondashboard.testscript.TC28_ColorOfPassTestCases#colorofPassedTestCases</h3><table class="result"><tr><th>Messages</th></tr><tr><td><div class="messages">Successfully clicked on product<br/>Successfully selected dashboard option<br/>Successfully displayed day and date of product<br/>PASS : Successfully validated the color of the pass test cases box : ACTUAL : rgba(0, 150, 136, 1) 	EXPECTED :rgba(0, 150, 136, 1)<br/>Successfully validated the color of the pass  test cases box</div></td></tr></table><p class="totop"><a href="#summary">back to summary</a></p>
<h3 id="m56">com.atmecs.qa.falcondashboard.testscript.TC29_PassedTestCases#passTestCases</h3><table class="result"><tr><th>Messages</th></tr><tr><td><div class="messages">Successfully clicked on product<br/>Successfully clicked dashboard slider<br/>Successfully clicked pass test cases<br/>Successfully validated passed test cases<br/>Successfully validated pass percentage</div></td></tr></table><p class="totop"><a href="#summary">back to summary</a></p>
<h3 id="m57">com.atmecs.qa.falcondashboard.testscript.TC30_ColorOfFailedTestCases#colorofFailedTestCases</h3><table class="result"><tr><th>Messages</th></tr><tr><td><div class="messages">Successfully clicked on product<br/>Successfully selected dashboard option<br/>Successfully displayed day and date of product<br/>PASS : Successfully validated the color of the fail test cases box : ACTUAL : rgba(244, 67, 54, 1) 	EXPECTED :rgba(244, 67, 54, 1)<br/>Successfully validated the color of the fail test cases box</div></td></tr></table><p class="totop"><a href="#summary">back to summary</a></p>
<h3 id="m58">com.atmecs.qa.falcondashboard.testscript.TC31_FailedTestCases#failTestCases</h3><table class="result"><tr><th>Messages</th></tr><tr><td><div class="messages">Successfully clicked on product<br/>Successfully clicked dashboard slider<br/>Successfully clicked fail test cases<br/>Successfully validated Failed test cases<br/>Successfully validated fail message</div></td></tr></table><p class="totop"><a href="#summary">back to summary</a></p>
<h3 id="m59">com.atmecs.qa.falcondashboard.testscript.TC32_ColorOfSkippedTestCases#colorofSkippedTestCases</h3><table class="result"><tr><th>Messages</th></tr><tr><td><div class="messages">Successfully clicked on product<br/>Successfully selected dashboard option<br/>Successfully displayed day and date of product<br/>PASS : Successfully validated the color of the skip test cases box : ACTUAL : rgba(33, 150, 243, 1) 	EXPECTED :rgba(33, 150, 243, 1)<br/>Successfully validated the color of the skip test cases box</div></td></tr></table><p class="totop"><a href="#summary">back to summary</a></p>
<h3 id="m60">com.atmecs.qa.falcondashboard.testscript.TC33_SkippedTestCases#skippedTestCases</h3><table class="result"><tr><th>Messages</th></tr><tr><td><div class="messages">Successfully clicked on product<br/>Successfully clicked dashboard slider<br/>Successfully clicked pass test cases<br/>Successfully validated Skipped test cases<br/>Successfully validated skip message</div></td></tr></table><p class="totop"><a href="#summary">back to summary</a></p>
<h3 id="m61">com.atmecs.qa.falcondashboard.testscript.TC34_ViewPage#viewPage</h3><table class="result"><tr><th>Messages</th></tr><tr><td><div class="messages">Successfully validated views<br/>Successfully validated the views panel title<br/>Successfully selected dashboard option<br/>Clicked on download option</div></td></tr></table><p class="totop"><a href="#summary">back to summary</a></p>
<h2>SampleTest</h2><h3 id="m62">com.atmecs.qa.falcondashboard.testscript.TC16_MainNavigation#teardown</h3><table class="result"><tr><th>Exception</th></tr><tr><td><div class="stacktrace">org.openqa.selenium.NoSuchSessionException: Tried to run command without establishing a connection
Build info: version: &apos;3.141.59&apos;, revision: &apos;e82be7d358&apos;, time: &apos;2018-11-14T08:17:03&apos;
System info: host: &apos;ATMECSINLT-060&apos;, ip: &apos;55.55.52.253&apos;, os.name: &apos;Windows 10&apos;, os.arch: &apos;amd64&apos;, os.version: &apos;10.0&apos;, java.version: &apos;13.0.1&apos;
Driver info: org.openqa.selenium.firefox.FirefoxDriver
Capabilities {acceptInsecureCerts: true, browserName: firefox, browserVersion: 73.0.1, javascriptEnabled: true, moz:accessibilityChecks: false, moz:buildID: 20200217142647, moz:geckodriverVersion: 0.24.0, moz:headless: false, moz:processID: 138208, moz:profile: C:\Users\srinischal.thipara..., moz:shutdownTimeout: 60000, moz:useNonSpecCompliantPointerOrigin: false, moz:webdriverClick: true, pageLoadStrategy: normal, platform: WINDOWS, platformName: WINDOWS, platformVersion: 10.0, rotatable: false, setWindowRect: true, strictFileInteractability: false, timeouts: {implicit: 0, pageLoad: 300000, script: 30000}, unhandledPromptBehavior: dismiss and notify}
Session ID: d7e2e59d-9faa-420b-b139-74235fde87b1
	at org.openqa.selenium.remote.http.W3CHttpResponseCodec.createException(W3CHttpResponseCodec.java:187)
	at org.openqa.selenium.remote.http.W3CHttpResponseCodec.decode(W3CHttpResponseCodec.java:122)
	at org.openqa.selenium.remote.http.W3CHttpResponseCodec.decode(W3CHttpResponseCodec.java:49)
	at org.openqa.selenium.remote.HttpCommandExecutor.execute(HttpCommandExecutor.java:158)
	at org.openqa.selenium.remote.service.DriverCommandExecutor.execute(DriverCommandExecutor.java:83)
	at org.openqa.selenium.remote.RemoteWebDriver.execute(RemoteWebDriver.java:552)
	at org.openqa.selenium.remote.RemoteWebDriver.execute(RemoteWebDriver.java:609)
	at org.openqa.selenium.remote.RemoteWebDriver.close(RemoteWebDriver.java:442)
	at com.atmecs.falcon.automation.ui.selenium.Browser.closeBrowser(Browser.java:115)
	at com.atmecs.qa.falcondashboard.testsuite.SampleTestSuiteBase.teardown(SampleTestSuiteBase.java:46)
	at java.base/java.util.concurrent.ThreadPoolExecutor.runWorker(ThreadPoolExecutor.java:1128)
	at java.base/java.util.concurrent.ThreadPoolExecutor$Worker.run(ThreadPoolExecutor.java:628)
	at java.base/java.lang.Thread.run(Thread.java:830)
... Removed 23 stack frames</div></td></tr></table><p class="totop"><a href="#summary">back to summary</a></p>
<h3 id="m63">com.atmecs.qa.falcondashboard.testscript.TC38_MaximizingWindow#teardown</h3><table class="result"><tr><th>Exception</th></tr><tr><td><div class="stacktrace">org.openqa.selenium.NoSuchSessionException: Tried to run command without establishing a connection
Build info: version: &apos;3.141.59&apos;, revision: &apos;e82be7d358&apos;, time: &apos;2018-11-14T08:17:03&apos;
System info: host: &apos;ATMECSINLT-060&apos;, ip: &apos;55.55.52.253&apos;, os.name: &apos;Windows 10&apos;, os.arch: &apos;amd64&apos;, os.version: &apos;10.0&apos;, java.version: &apos;13.0.1&apos;
Driver info: org.openqa.selenium.firefox.FirefoxDriver
Capabilities {acceptInsecureCerts: true, browserName: firefox, browserVersion: 73.0.1, javascriptEnabled: true, moz:accessibilityChecks: false, moz:buildID: 20200217142647, moz:geckodriverVersion: 0.24.0, moz:headless: false, moz:processID: 121924, moz:profile: C:\Users\srinischal.thipara..., moz:shutdownTimeout: 60000, moz:useNonSpecCompliantPointerOrigin: false, moz:webdriverClick: true, pageLoadStrategy: normal, platform: WINDOWS, platformName: WINDOWS, platformVersion: 10.0, rotatable: false, setWindowRect: true, strictFileInteractability: false, timeouts: {implicit: 0, pageLoad: 300000, script: 30000}, unhandledPromptBehavior: dismiss and notify}
Session ID: c9ddd46a-1f7b-45be-ab5e-602d8b48af73
	at org.openqa.selenium.remote.http.W3CHttpResponseCodec.createException(W3CHttpResponseCodec.java:187)
	at org.openqa.selenium.remote.http.W3CHttpResponseCodec.decode(W3CHttpResponseCodec.java:122)
	at org.openqa.selenium.remote.http.W3CHttpResponseCodec.decode(W3CHttpResponseCodec.java:49)
	at org.openqa.selenium.remote.HttpCommandExecutor.execute(HttpCommandExecutor.java:158)
	at org.openqa.selenium.remote.service.DriverCommandExecutor.execute(DriverCommandExecutor.java:83)
	at org.openqa.selenium.remote.RemoteWebDriver.execute(RemoteWebDriver.java:552)
	at org.openqa.selenium.remote.RemoteWebDriver.execute(RemoteWebDriver.java:609)
	at org.openqa.selenium.remote.RemoteWebDriver.close(RemoteWebDriver.java:442)
	at com.atmecs.falcon.automation.ui.selenium.Browser.closeBrowser(Browser.java:115)
	at com.atmecs.qa.falcondashboard.testsuite.SampleTestSuiteBase.teardown(SampleTestSuiteBase.java:46)
	at java.base/java.util.concurrent.ThreadPoolExecutor.runWorker(ThreadPoolExecutor.java:1128)
	at java.base/java.util.concurrent.ThreadPoolExecutor$Worker.run(ThreadPoolExecutor.java:628)
	at java.base/java.lang.Thread.run(Thread.java:830)
... Removed 23 stack frames</div></td></tr></table><p class="totop"><a href="#summary">back to summary</a></p>
<h3 id="m64">com.atmecs.qa.falcondashboard.testscript.TC16_MainNavigation#mainNavigation</h3><table class="result"><tr><th>Messages</th></tr><tr><td><div class="messages">Unknown Exception for xpath (//em[@class='fa fa-navicon'])[1]<br/>Unexpected exception occur: Tried to run command without establishing a connection
Build info: version: '3.141.59', revision: 'e82be7d358', time: '2018-11-14T08:17:03'
System info: host: 'ATMECSINLT-060', ip: '55.55.52.253', os.name: 'Windows 10', os.arch: 'amd64', os.version: '10.0', java.version: '13.0.1'
Driver info: org.openqa.selenium.firefox.FirefoxDriver
Capabilities {acceptInsecureCerts: true, browserName: firefox, browserVersion: 73.0.1, javascriptEnabled: true, moz:accessibilityChecks: false, moz:buildID: 20200217142647, moz:geckodriverVersion: 0.24.0, moz:headless: false, moz:processID: 138208, moz:profile: C:\Users\srinischal.thipara..., moz:shutdownTimeout: 60000, moz:useNonSpecCompliantPointerOrigin: false, moz:webdriverClick: true, pageLoadStrategy: normal, platform: WINDOWS, platformName: WINDOWS, platformVersion: 10.0, rotatable: false, setWindowRect: true, strictFileInteractability: false, timeouts: {implicit: 0, pageLoad: 300000, script: 30000}, unhandledPromptBehavior: dismiss and notify}
Session ID: d7e2e59d-9faa-420b-b139-74235fde87b1<br/>Unexpected exception occur: Tried to run command without establishing a connection
Build info: version: '3.141.59', revision: 'e82be7d358', time: '2018-11-14T08:17:03'
System info: host: 'ATMECSINLT-060', ip: '55.55.52.253', os.name: 'Windows 10', os.arch: 'amd64', os.version: '10.0', java.version: '13.0.1'
Driver info: org.openqa.selenium.firefox.FirefoxDriver
Capabilities {acceptInsecureCerts: true, browserName: firefox, browserVersion: 73.0.1, javascriptEnabled: true, moz:accessibilityChecks: false, moz:buildID: 20200217142647, moz:geckodriverVersion: 0.24.0, moz:headless: false, moz:processID: 138208, moz:profile: C:\Users\srinischal.thipara..., moz:shutdownTimeout: 60000, moz:useNonSpecCompliantPointerOrigin: false, moz:webdriverClick: true, pageLoadStrategy: normal, platform: WINDOWS, platformName: WINDOWS, platformVersion: 10.0, rotatable: false, setWindowRect: true, strictFileInteractability: false, timeouts: {implicit: 0, pageLoad: 300000, script: 30000}, unhandledPromptBehavior: dismiss and notify}
Session ID: d7e2e59d-9faa-420b-b139-74235fde87b1</div></td></tr><tr><th>Exception</th></tr><tr><td><div class="stacktrace">java.lang.NullPointerException
	at com.atmecs.qa.falcondashboard.utils.Pageactions.clickOnElement(Pageactions.java:92)
	at com.atmecs.qa.falcondashboard.testscript.TC16_MainNavigation.mainNavigation(TC16_MainNavigation.java:34)
	at java.base/java.util.concurrent.ThreadPoolExecutor.runWorker(ThreadPoolExecutor.java:1128)
	at java.base/java.util.concurrent.ThreadPoolExecutor$Worker.run(ThreadPoolExecutor.java:628)
	at java.base/java.lang.Thread.run(Thread.java:830)
... Removed 18 stack frames</div></td></tr></table><p class="totop"><a href="#summary">back to summary</a></p>
<h3 id="m65">com.atmecs.qa.falcondashboard.testscript.TC38_MaximizingWindow#maximizeWindow</h3><table class="result"><tr><th>Messages</th></tr><tr><td><div class="messages">Unknown Exception for xpath //em[@class='fa fa-expand']<br/>Unexpected exception occur: Tried to run command without establishing a connection
Build info: version: '3.141.59', revision: 'e82be7d358', time: '2018-11-14T08:17:03'
System info: host: 'ATMECSINLT-060', ip: '55.55.52.253', os.name: 'Windows 10', os.arch: 'amd64', os.version: '10.0', java.version: '13.0.1'
Driver info: org.openqa.selenium.firefox.FirefoxDriver
Capabilities {acceptInsecureCerts: true, browserName: firefox, browserVersion: 73.0.1, javascriptEnabled: true, moz:accessibilityChecks: false, moz:buildID: 20200217142647, moz:geckodriverVersion: 0.24.0, moz:headless: false, moz:processID: 121924, moz:profile: C:\Users\srinischal.thipara..., moz:shutdownTimeout: 60000, moz:useNonSpecCompliantPointerOrigin: false, moz:webdriverClick: true, pageLoadStrategy: normal, platform: WINDOWS, platformName: WINDOWS, platformVersion: 10.0, rotatable: false, setWindowRect: true, strictFileInteractability: false, timeouts: {implicit: 0, pageLoad: 300000, script: 30000}, unhandledPromptBehavior: dismiss and notify}
Session ID: c9ddd46a-1f7b-45be-ab5e-602d8b48af73<br/>Unexpected exception occur: Tried to run command without establishing a connection
Build info: version: '3.141.59', revision: 'e82be7d358', time: '2018-11-14T08:17:03'
System info: host: 'ATMECSINLT-060', ip: '55.55.52.253', os.name: 'Windows 10', os.arch: 'amd64', os.version: '10.0', java.version: '13.0.1'
Driver info: org.openqa.selenium.firefox.FirefoxDriver
Capabilities {acceptInsecureCerts: true, browserName: firefox, browserVersion: 73.0.1, javascriptEnabled: true, moz:accessibilityChecks: false, moz:buildID: 20200217142647, moz:geckodriverVersion: 0.24.0, moz:headless: false, moz:processID: 121924, moz:profile: C:\Users\srinischal.thipara..., moz:shutdownTimeout: 60000, moz:useNonSpecCompliantPointerOrigin: false, moz:webdriverClick: true, pageLoadStrategy: normal, platform: WINDOWS, platformName: WINDOWS, platformVersion: 10.0, rotatable: false, setWindowRect: true, strictFileInteractability: false, timeouts: {implicit: 0, pageLoad: 300000, script: 30000}, unhandledPromptBehavior: dismiss and notify}
Session ID: c9ddd46a-1f7b-45be-ab5e-602d8b48af73</div></td></tr><tr><th>Exception</th></tr><tr><td><div class="stacktrace">java.lang.NullPointerException
	at com.atmecs.qa.falcondashboard.utils.Pageactions.clickOnElement(Pageactions.java:92)
	at com.atmecs.qa.falcondashboard.testscript.TC38_MaximizingWindow.maximizeWindow(TC38_MaximizingWindow.java:36)
	at java.base/java.util.concurrent.ThreadPoolExecutor.runWorker(ThreadPoolExecutor.java:1128)
	at java.base/java.util.concurrent.ThreadPoolExecutor$Worker.run(ThreadPoolExecutor.java:628)
	at java.base/java.lang.Thread.run(Thread.java:830)
... Removed 18 stack frames</div></td></tr></table><p class="totop"><a href="#summary">back to summary</a></p>
<h3 id="m66">com.atmecs.qa.falcondashboard.testscript.TC01_DashBoardPage#dashboardPage</h3><table class="result"><tr><th>Messages</th></tr><tr><td><div class="messages">PASS : Verifying String Message  : ACTUAL : ATMECS - Falcon Test Repotrs 	EXPECTED :ATMECS - Falcon Test Repotrs<br/>successfully validated page title<br/>Successfully validated the dashboard text<br/>clicked on refresh option<br/>Successfully validated falcon</div></td></tr></table><p class="totop"><a href="#summary">back to summary</a></p>
<h3 id="m67">com.atmecs.qa.falcondashboard.testscript.TC02_ClickingProduct#clickingProduct</h3><table class="result"><tr><th>Messages</th></tr><tr><td><div class="messages">PASS : Successfully validaetd the products : ACTUAL : REST API TEST RESULT,WebServices,FALCON,WebServicesDemo,FalconMobileDemo,ObjectExtractor,SampleFalconAPITest,Falcon,DotComUI_Mobile,MWB,MWB_iOS,JB_Native_App_iOS,Falcon2,Fal,MWB,FalconDemo41,CreditSightsMobile,CHS,CHS,HEATCLINIC RESULT,UI WEB TEST RESULT,HEAT CLINIC RESULT,DotComUITablet,HRIS,HRIS_Cloud,HRIS_Local,Falcon,CreditSights,BrowserstackDemo,FalconSampleProj,DotComUITablet,GreyHealthGroup,FluorCorporation,AndroidDemoApp,MWBooking,AutomationDemoClient,APIAutomationDemoClient,APIAutomationClient,FLUOR,Atmecs,CHS,Atmecs,Atmecs,demo,CHS,Atmecs,CHS,TestMobileWeb,TestFalcon_runSessionId,swathi_signup account,Pooja_USAUTOPARTS,USAutoParts,USAutoParts_MUJ,TestMobileWeb_CnameDemo,IOSDemoApp,Mobile_Demo,TestDemoApp,UI BrowserStack Test Result,dbTesting 	EXPECTED :REST API TEST RESULT,WebServices,FALCON,WebServicesDemo,FalconMobileDemo,ObjectExtractor,SampleFalconAPITest,Falcon,DotComUI_Mobile,MWB,MWB_iOS,JB_Native_App_iOS,Falcon2,Fal,MWB,FalconDemo41,CreditSightsMobile,CHS,CHS,HEATCLINIC RESULT,UI WEB TEST RESULT,HEAT CLINIC RESULT,DotComUITablet,HRIS,HRIS_Cloud,HRIS_Local,Falcon,CreditSights,BrowserstackDemo,FalconSampleProj,DotComUITablet,GreyHealthGroup,FluorCorporation,AndroidDemoApp,MWBooking,AutomationDemoClient,APIAutomationDemoClient,APIAutomationClient,FLUOR,Atmecs,CHS,Atmecs,Atmecs,demo,CHS,Atmecs,CHS,TestMobileWeb,TestFalcon_runSessionId,swathi_signup account,Pooja_USAUTOPARTS,USAutoParts,USAutoParts_MUJ,TestMobileWeb_CnameDemo,IOSDemoApp,Mobile_Demo,TestDemoApp,UI BrowserStack Test Result,dbTesting<br/>Successfully valdated all the products<br/>Successfully displayed the execution times<br/>PASS : Successfully validaetd the products : ACTUAL : 3 hours ago,47 days ago,55 days ago,57 days ago,62 days ago,210 days ago,223 days ago,223 days ago,225 days ago,244 days ago,250 days ago,250 days ago,252 days ago,257 days ago,259 days ago,267 days ago,273 days ago,273 days ago,281 days ago,342 days ago,357 days ago,364 days ago,379 days ago,387 days ago,387 days ago,392 days ago,408 days ago,447 days ago,453 days ago,482 days ago,533 days ago,600 days ago,609 days ago,614 days ago,616 days ago,616 days ago,616 days ago,636 days ago,642 days ago,642 days ago,671 days ago,712 days ago,712 days ago,748 days ago,755 days ago,770 days ago,770 days ago,771 days ago,775 days ago,804 days ago,807 days ago,812 days ago,820 days ago,831 days ago,845 days ago 	EXPECTED :3 hours ago,47 days ago,55 days ago,57 days ago,62 days ago,210 days ago,223 days ago,223 days ago,225 days ago,244 days ago,250 days ago,250 days ago,252 days ago,257 days ago,259 days ago,267 days ago,273 days ago,273 days ago,281 days ago,342 days ago,357 days ago,364 days ago,379 days ago,387 days ago,387 days ago,392 days ago,408 days ago,447 days ago,453 days ago,482 days ago,533 days ago,600 days ago,609 days ago,614 days ago,616 days ago,616 days ago,616 days ago,636 days ago,642 days ago,642 days ago,671 days ago,712 days ago,712 days ago,748 days ago,755 days ago,770 days ago,770 days ago,771 days ago,775 days ago,804 days ago,807 days ago,812 days ago,820 days ago,831 days ago,845 days ago<br/>Successfully valdated all the recent execution times<br/>Successfully clicked on product</div></td></tr></table><p class="totop"><a href="#summary">back to summary</a></p>
<h3 id="m68">com.atmecs.qa.falcondashboard.testscript.TC03_TestCases#numberofTestCasesOfProduct</h3><table class="result"><tr><th>Messages</th></tr><tr><td><div class="messages">PASS : Successfully validaetd the test cases : ACTUAL : 10,1,2,2,1,1,4,10,2,12,1,1,4,1,1,0,2,2,1,4,4,0,1,6,6,6,4,1,1,1,7,9,2,1,8,10,10,1,4,2,1,8,4,2,1,1,1,1,6,2,1,2,2,1,5 	EXPECTED :10,1,2,2,1,1,4,10,2,12,1,1,4,1,1,0,2,2,1,4,4,0,1,6,6,6,4,1,1,1,7,9,2,1,8,10,10,1,4,2,1,8,4,2,1,1,1,1,6,2,1,2,2,1,5<br/>Successfully valdated all the test cases<br/>Successfully mouse hovered the test cases<br/>PASS : Successfully displayed the test cases message : ACTUAL :  	EXPECTED :</div></td></tr></table><p class="totop"><a href="#summary">back to summary</a></p>
<h3 id="m69">com.atmecs.qa.falcondashboard.testscript.TC04_ProductPercentage#percentageOfProduct</h3><table class="result"><tr><th>Messages</th></tr><tr><td><div class="messages">Successfully mouse hovered the pass%trend<br/>PASS : Successfully displayed the test cases message : ACTUAL :  	EXPECTED :<br/>Successfully mouse hovered over the pass percent<br/>rgb(34, 34, 34)<br/>PASS : Successfully validated the color of the pass percentage : ACTUAL : rgb(34, 34, 34) 	EXPECTED :rgb(34, 34, 34)<br/>Successfully validated the color of the pass percentage<br/>Successfully mouse hovered over the fail percent and displayed the value<br/>rgb(244, 67, 54)<br/>PASS : Successfully validated the color of the fail percentage : ACTUAL : rgb(244, 67, 54) 	EXPECTED :rgb(244, 67, 54)<br/>Successfully validated the color of the fail percentage</div></td></tr></table><p class="totop"><a href="#summary">back to summary</a></p>
<h3 id="m70">com.atmecs.qa.falcondashboard.testscript.TC23_Refresh#refresh</h3><table class="result"><tr><th>Messages</th></tr><tr><td><div class="messages">Successfully validated dashboard text<br/>Successfully clicked on the refresh option</div></td></tr></table><p class="totop"><a href="#summary">back to summary</a></p>
<h3 id="m71">com.atmecs.qa.falcondashboard.testscript.TC24_ProductSnapShot#productSnapShot</h3><table class="result"><tr><th>Messages</th></tr><tr><td><div class="messages">Successfully clicked on product snapshot bar<br/>Successfully validated product snapshot</div></td></tr></table><p class="totop"><a href="#summary">back to summary</a></p>
<h2>SampleTest</h2><h3 id="m72">com.atmecs.qa.falcondashboard.testscript.TC01_DashBoardPage#dashboardPage</h3><table class="result"><tr><th>Messages</th></tr><tr><td><div class="messages">PASS : Verifying String Message  : ACTUAL : ATMECS - Falcon Test Repotrs 	EXPECTED :ATMECS - Falcon Test Repotrs<br/>successfully validated page title<br/>Successfully validated the dashboard text<br/>clicked on refresh option<br/>Successfully validated falcon</div></td></tr></table><p class="totop"><a href="#summary">back to summary</a></p>
<h3 id="m73">com.atmecs.qa.falcondashboard.testscript.TC02_ClickingProduct#clickingProduct</h3><table class="result"><tr><th>Messages</th></tr><tr><td><div class="messages">PASS : Successfully validaetd the products : ACTUAL : REST API TEST RESULT,WebServices,FALCON,WebServicesDemo,FalconMobileDemo,ObjectExtractor,SampleFalconAPITest,Falcon,DotComUI_Mobile,MWB,MWB_iOS,JB_Native_App_iOS,Falcon2,Fal,MWB,FalconDemo41,CreditSightsMobile,CHS,CHS,HEATCLINIC RESULT,UI WEB TEST RESULT,HEAT CLINIC RESULT,DotComUITablet,HRIS,HRIS_Cloud,HRIS_Local,Falcon,CreditSights,BrowserstackDemo,FalconSampleProj,DotComUITablet,GreyHealthGroup,FluorCorporation,AndroidDemoApp,MWBooking,AutomationDemoClient,APIAutomationDemoClient,APIAutomationClient,FLUOR,Atmecs,CHS,Atmecs,Atmecs,demo,CHS,Atmecs,CHS,TestMobileWeb,TestFalcon_runSessionId,swathi_signup account,Pooja_USAUTOPARTS,USAutoParts,USAutoParts_MUJ,TestMobileWeb_CnameDemo,IOSDemoApp,Mobile_Demo,TestDemoApp,UI BrowserStack Test Result,dbTesting 	EXPECTED :REST API TEST RESULT,WebServices,FALCON,WebServicesDemo,FalconMobileDemo,ObjectExtractor,SampleFalconAPITest,Falcon,DotComUI_Mobile,MWB,MWB_iOS,JB_Native_App_iOS,Falcon2,Fal,MWB,FalconDemo41,CreditSightsMobile,CHS,CHS,HEATCLINIC RESULT,UI WEB TEST RESULT,HEAT CLINIC RESULT,DotComUITablet,HRIS,HRIS_Cloud,HRIS_Local,Falcon,CreditSights,BrowserstackDemo,FalconSampleProj,DotComUITablet,GreyHealthGroup,FluorCorporation,AndroidDemoApp,MWBooking,AutomationDemoClient,APIAutomationDemoClient,APIAutomationClient,FLUOR,Atmecs,CHS,Atmecs,Atmecs,demo,CHS,Atmecs,CHS,TestMobileWeb,TestFalcon_runSessionId,swathi_signup account,Pooja_USAUTOPARTS,USAutoParts,USAutoParts_MUJ,TestMobileWeb_CnameDemo,IOSDemoApp,Mobile_Demo,TestDemoApp,UI BrowserStack Test Result,dbTesting<br/>Successfully valdated all the products<br/>Successfully displayed the execution times<br/>PASS : Successfully validaetd the products : ACTUAL : 3 hours ago,47 days ago,55 days ago,57 days ago,62 days ago,210 days ago,223 days ago,223 days ago,225 days ago,244 days ago,250 days ago,250 days ago,252 days ago,257 days ago,259 days ago,267 days ago,273 days ago,273 days ago,281 days ago,342 days ago,357 days ago,364 days ago,379 days ago,387 days ago,387 days ago,392 days ago,408 days ago,447 days ago,453 days ago,482 days ago,533 days ago,600 days ago,609 days ago,614 days ago,616 days ago,616 days ago,616 days ago,636 days ago,642 days ago,642 days ago,671 days ago,712 days ago,712 days ago,748 days ago,755 days ago,770 days ago,770 days ago,771 days ago,775 days ago,804 days ago,807 days ago,812 days ago,820 days ago,831 days ago,845 days ago 	EXPECTED :3 hours ago,47 days ago,55 days ago,57 days ago,62 days ago,210 days ago,223 days ago,223 days ago,225 days ago,244 days ago,250 days ago,250 days ago,252 days ago,257 days ago,259 days ago,267 days ago,273 days ago,273 days ago,281 days ago,342 days ago,357 days ago,364 days ago,379 days ago,387 days ago,387 days ago,392 days ago,408 days ago,447 days ago,453 days ago,482 days ago,533 days ago,600 days ago,609 days ago,614 days ago,616 days ago,616 days ago,616 days ago,636 days ago,642 days ago,642 days ago,671 days ago,712 days ago,712 days ago,748 days ago,755 days ago,770 days ago,770 days ago,771 days ago,775 days ago,804 days ago,807 days ago,812 days ago,820 days ago,831 days ago,845 days ago<br/>Successfully valdated all the recent execution times<br/>Successfully clicked on product</div></td></tr></table><p class="totop"><a href="#summary">back to summary</a></p>
<h3 id="m74">com.atmecs.qa.falcondashboard.testscript.TC03_TestCases#numberofTestCasesOfProduct</h3><table class="result"><tr><th>Messages</th></tr><tr><td><div class="messages">PASS : Successfully validaetd the test cases : ACTUAL : 10,1,2,2,1,1,4,10,2,12,1,1,4,1,1,0,2,2,1,4,4,0,1,6,6,6,4,1,1,1,7,9,2,1,8,10,10,1,4,2,1,8,4,2,1,1,1,1,6,2,1,2,2,1,5 	EXPECTED :10,1,2,2,1,1,4,10,2,12,1,1,4,1,1,0,2,2,1,4,4,0,1,6,6,6,4,1,1,1,7,9,2,1,8,10,10,1,4,2,1,8,4,2,1,1,1,1,6,2,1,2,2,1,5<br/>Successfully valdated all the test cases<br/>Successfully mouse hovered the test cases<br/>PASS : Successfully displayed the test cases message : ACTUAL : Total Test Cases 	EXPECTED :Total Test Cases</div></td></tr></table><p class="totop"><a href="#summary">back to summary</a></p>
<h3 id="m75">com.atmecs.qa.falcondashboard.testscript.TC04_ProductPercentage#percentageOfProduct</h3><table class="result"><tr><th>Messages</th></tr><tr><td><div class="messages">Successfully mouse hovered the pass%trend<br/>PASS : Successfully displayed the test cases message : ACTUAL : Pass % Trend 	EXPECTED :Pass % Trend<br/>Successfully mouse hovered over the pass percent<br/>rgba(34, 34, 34, 1)<br/>PASS : Successfully validated the color of the pass percentage : ACTUAL : rgba(34, 34, 34, 1) 	EXPECTED :rgba(34, 34, 34, 1)<br/>Successfully validated the color of the pass percentage<br/>Successfully mouse hovered over the fail percent and displayed the value<br/>rgba(244, 67, 54, 1)<br/>PASS : Successfully validated the color of the fail percentage : ACTUAL : rgba(244, 67, 54, 1) 	EXPECTED :rgba(244, 67, 54, 1)<br/>Successfully validated the color of the fail percentage</div></td></tr></table><p class="totop"><a href="#summary">back to summary</a></p>
<h3 id="m76">com.atmecs.qa.falcondashboard.testscript.TC16_MainNavigation#mainNavigation</h3><table class="result"><tr><th>Messages</th></tr><tr><td><div class="messages">Successfully validated dashboard<br/>Successfully validated recent runs<br/>Successfully validated recentruns<br/>Successfully validated recent runs panel title<br/>Successfully validated View<br/>Successfully validated panelview<br/>Successfully validated product snapshot</div></td></tr></table><p class="totop"><a href="#summary">back to summary</a></p>
<h3 id="m77">com.atmecs.qa.falcondashboard.testscript.TC23_Refresh#refresh</h3><table class="result"><tr><th>Messages</th></tr><tr><td><div class="messages">Successfully validated dashboard text<br/>Successfully clicked on the refresh option</div></td></tr></table><p class="totop"><a href="#summary">back to summary</a></p>
<h3 id="m78">com.atmecs.qa.falcondashboard.testscript.TC24_ProductSnapShot#productSnapShot</h3><table class="result"><tr><th>Messages</th></tr><tr><td><div class="messages">Successfully clicked on product snapshot bar<br/>Successfully validated product snapshot</div></td></tr></table><p class="totop"><a href="#summary">back to summary</a></p>
<h3 id="m79">com.atmecs.qa.falcondashboard.testscript.TC38_MaximizingWindow#maximizeWindow</h3><table class="result"><tr><th>Messages</th></tr><tr><td><div class="messages">Successfully clicked on the expand button<br/>clicked on refresh option<br/>Successfully validated dashboard text<br/>Successfully validated falcon<br/>Successfully clicked on the expand button</div></td></tr></table><p class="totop"><a href="#summary">back to summary</a></p>
<h2>SampleTest</h2><h3 id="m80">com.atmecs.qa.falcondashboard.testscript.TC17_RecentRuns#recentrun</h3><table class="result"><tr><th>Messages</th></tr><tr><td><div class="messages">Successfully clicked on recent runs<br/>Successfully validated recentruns<br/>Successfully validated reports<br/>Successfully validated product name<br/>Successfully validated the component text<br/>Successfully validated textcases with # symbol<br/>Successfully validated the passpercent with % symbol<br/>Successfully validated lastruns</div></td></tr></table><p class="totop"><a href="#summary">back to summary</a></p>
<h3 id="m81">com.atmecs.qa.falcondashboard.testscript.TC18_ProductName#productName</h3><table class="result"><tr><th>Messages</th></tr><tr><td><div class="messages">Successfully clicked on the recent runs<br/>Successfully validated the product name<br/>Succesfully clicked on the product</div></td></tr></table><p class="totop"><a href="#summary">back to summary</a></p>
<h3 id="m82">com.atmecs.qa.falcondashboard.testscript.TC19_ProductComponent#componentOfProduct</h3><table class="result"><tr><th>Messages</th></tr><tr><td><div class="messages">Successfully clicked on recent runs<br/>Successfully clicked on component<br/>Successfully validated component text<br/>Successfully clicked on component</div></td></tr></table><p class="totop"><a href="#summary">back to summary</a></p>
<h3 id="m83">com.atmecs.qa.falcondashboard.testscript.TC21_PassPercentage#rececntPassPercentage</h3><table class="result"><tr><th>Messages</th></tr><tr><td><div class="messages">Successfully clicked on the recent runs<br/>Successfully validated the pass percent<br/>Successfully clicked on the pass percentage</div></td></tr></table><p class="totop"><a href="#summary">back to summary</a></p>
<h3 id="m84">com.atmecs.qa.falcondashboard.testscript.TC22_DeleteOption#deleteOption</h3><table class="result"><tr><th>Messages</th></tr><tr><td><div class="messages">Successfully clicked on recent runs<br/>Successfully mouse hovered over the delete option<br/>PASS : Successfully displayed the test cases message : ACTUAL : Delete Run 	EXPECTED :Delete Run</div></td></tr></table><p class="totop"><a href="#summary">back to summary</a></p>
<h3 id="m85">com.atmecs.qa.falcondashboard.testscript.TC35_LastRun#lastRun</h3><table class="result"><tr><th>Messages</th></tr><tr><td><div class="messages">Successfully clicked on the recent runs<br/>Successfully validated the last run<br/>Successfully clicked on the last runs</div></td></tr></table><p class="totop"><a href="#summary">back to summary</a></p>
<h2>SampleTest</h2><h3 id="m86">com.atmecs.qa.falcondashboard.testscript.TC08_DashboardSlidder#teardown</h3><table class="result"><tr><th>Exception</th></tr><tr><td><div class="stacktrace">org.openqa.selenium.NoSuchSessionException: Tried to run command without establishing a connection
Build info: version: &apos;3.141.59&apos;, revision: &apos;e82be7d358&apos;, time: &apos;2018-11-14T08:17:03&apos;
System info: host: &apos;ATMECSINLT-060&apos;, ip: &apos;55.55.52.253&apos;, os.name: &apos;Windows 10&apos;, os.arch: &apos;amd64&apos;, os.version: &apos;10.0&apos;, java.version: &apos;13.0.1&apos;
Driver info: org.openqa.selenium.firefox.FirefoxDriver
Capabilities {acceptInsecureCerts: true, browserName: firefox, browserVersion: 73.0.1, javascriptEnabled: true, moz:accessibilityChecks: false, moz:buildID: 20200217142647, moz:geckodriverVersion: 0.24.0, moz:headless: false, moz:processID: 62100, moz:profile: C:\Users\srinischal.thipara..., moz:shutdownTimeout: 60000, moz:useNonSpecCompliantPointerOrigin: false, moz:webdriverClick: true, pageLoadStrategy: normal, platform: WINDOWS, platformName: WINDOWS, platformVersion: 10.0, rotatable: false, setWindowRect: true, strictFileInteractability: false, timeouts: {implicit: 0, pageLoad: 300000, script: 30000}, unhandledPromptBehavior: dismiss and notify}
Session ID: c20c1000-7be6-4617-a50b-dfb2aa635a1c
	at org.openqa.selenium.remote.http.W3CHttpResponseCodec.createException(W3CHttpResponseCodec.java:187)
	at org.openqa.selenium.remote.http.W3CHttpResponseCodec.decode(W3CHttpResponseCodec.java:122)
	at org.openqa.selenium.remote.http.W3CHttpResponseCodec.decode(W3CHttpResponseCodec.java:49)
	at org.openqa.selenium.remote.HttpCommandExecutor.execute(HttpCommandExecutor.java:158)
	at org.openqa.selenium.remote.service.DriverCommandExecutor.execute(DriverCommandExecutor.java:83)
	at org.openqa.selenium.remote.RemoteWebDriver.execute(RemoteWebDriver.java:552)
	at org.openqa.selenium.remote.RemoteWebDriver.execute(RemoteWebDriver.java:609)
	at org.openqa.selenium.remote.RemoteWebDriver.close(RemoteWebDriver.java:442)
	at com.atmecs.falcon.automation.ui.selenium.Browser.closeBrowser(Browser.java:115)
	at com.atmecs.qa.falcondashboard.testsuite.SampleTestSuiteBase.teardown(SampleTestSuiteBase.java:46)
	at java.base/java.util.concurrent.ThreadPoolExecutor.runWorker(ThreadPoolExecutor.java:1128)
	at java.base/java.util.concurrent.ThreadPoolExecutor$Worker.run(ThreadPoolExecutor.java:628)
	at java.base/java.lang.Thread.run(Thread.java:830)
... Removed 23 stack frames</div></td></tr></table><p class="totop"><a href="#summary">back to summary</a></p>
<h3 id="m87">com.atmecs.qa.falcondashboard.testscript.TC08_DashboardSlidder#dashboardSlidder</h3><table class="result"><tr><th>Messages</th></tr><tr><td><div class="messages">Unknown Exception for xpath (//h4[@class='media-box-heading ng-binding'])[1]<br/>Unexpected exception occur: Tried to run command without establishing a connection
Build info: version: '3.141.59', revision: 'e82be7d358', time: '2018-11-14T08:17:03'
System info: host: 'ATMECSINLT-060', ip: '55.55.52.253', os.name: 'Windows 10', os.arch: 'amd64', os.version: '10.0', java.version: '13.0.1'
Driver info: org.openqa.selenium.firefox.FirefoxDriver
Capabilities {acceptInsecureCerts: true, browserName: firefox, browserVersion: 73.0.1, javascriptEnabled: true, moz:accessibilityChecks: false, moz:buildID: 20200217142647, moz:geckodriverVersion: 0.24.0, moz:headless: false, moz:processID: 62100, moz:profile: C:\Users\srinischal.thipara..., moz:shutdownTimeout: 60000, moz:useNonSpecCompliantPointerOrigin: false, moz:webdriverClick: true, pageLoadStrategy: normal, platform: WINDOWS, platformName: WINDOWS, platformVersion: 10.0, rotatable: false, setWindowRect: true, strictFileInteractability: false, timeouts: {implicit: 0, pageLoad: 300000, script: 30000}, unhandledPromptBehavior: dismiss and notify}
Session ID: c20c1000-7be6-4617-a50b-dfb2aa635a1c<br/>Unexpected exception occur: Tried to run command without establishing a connection
Build info: version: '3.141.59', revision: 'e82be7d358', time: '2018-11-14T08:17:03'
System info: host: 'ATMECSINLT-060', ip: '55.55.52.253', os.name: 'Windows 10', os.arch: 'amd64', os.version: '10.0', java.version: '13.0.1'
Driver info: org.openqa.selenium.firefox.FirefoxDriver
Capabilities {acceptInsecureCerts: true, browserName: firefox, browserVersion: 73.0.1, javascriptEnabled: true, moz:accessibilityChecks: false, moz:buildID: 20200217142647, moz:geckodriverVersion: 0.24.0, moz:headless: false, moz:processID: 62100, moz:profile: C:\Users\srinischal.thipara..., moz:shutdownTimeout: 60000, moz:useNonSpecCompliantPointerOrigin: false, moz:webdriverClick: true, pageLoadStrategy: normal, platform: WINDOWS, platformName: WINDOWS, platformVersion: 10.0, rotatable: false, setWindowRect: true, strictFileInteractability: false, timeouts: {implicit: 0, pageLoad: 300000, script: 30000}, unhandledPromptBehavior: dismiss and notify}
Session ID: c20c1000-7be6-4617-a50b-dfb2aa635a1c</div></td></tr><tr><th>Exception</th></tr><tr><td><div class="stacktrace">java.lang.NullPointerException
	at com.atmecs.qa.falcondashboard.utils.Pageactions.clickOnElement(Pageactions.java:92)
	at com.atmecs.qa.falcondashboard.testscript.TC08_DashboardSlidder.dashboardSlidder(TC08_DashboardSlidder.java:27)
	at java.base/java.util.concurrent.ThreadPoolExecutor.runWorker(ThreadPoolExecutor.java:1128)
	at java.base/java.util.concurrent.ThreadPoolExecutor$Worker.run(ThreadPoolExecutor.java:628)
	at java.base/java.lang.Thread.run(Thread.java:830)
... Removed 18 stack frames</div></td></tr></table><p class="totop"><a href="#summary">back to summary</a></p>
<h3 id="m88">com.atmecs.qa.falcondashboard.testscript.TC09_ProductEnvironment#environmentOfProduct</h3><table class="result"><tr><th>Messages</th></tr><tr><td><div class="messages">Successfully clicked on the product<br/>Successfully selected dashboard option<br/>Successfully validated the environment</div></td></tr></table><p class="totop"><a href="#summary">back to summary</a></p>
<h3 id="m89">com.atmecs.qa.falcondashboard.testscript.TC10_TestPhase#testPhase</h3><table class="result"><tr><th>Messages</th></tr><tr><td><div class="messages">Successfully clicked on the product<br/>Successfully selected dashboard option<br/>Successfully validated the test phase of the product</div></td></tr></table><p class="totop"><a href="#summary">back to summary</a></p>
<h3 id="m90">com.atmecs.qa.falcondashboard.testscript.TC36_StartTime#startTime</h3><table class="result"><tr><th>Messages</th></tr><tr><td><div class="messages">Successfully clicked on product<br/>Successfully selected dashboard option<br/>Start Time<br/>Successfully displayed the start time text<br/>PASS : Successfully validated the text : ACTUAL : Start Time 	EXPECTED :Start Time<br/>Successfully validated the text<br/>Successfully displayed day and date of product<br/>PASS : Successfully validated the date : ACTUAL : Feb26,2020 	EXPECTED :Feb26,2020<br/>Successfully validated the date</div></td></tr></table><p class="totop"><a href="#summary">back to summary</a></p>
<h3 id="m91">com.atmecs.qa.falcondashboard.testscript.TC37_EndTime#endTime</h3><table class="result"><tr><th>Messages</th></tr><tr><td><div class="messages">Successfully clicked on product<br/>Successfully selected dashboard option<br/>End Time<br/>Successfully displayed the end time text<br/>PASS : Successfully validated the text : ACTUAL : End Time 	EXPECTED :End Time<br/>Successfully validated the text<br/>Successfully displayed day and date of product<br/>PASS : Successfully validated the date : ACTUAL : Feb26,2020 	EXPECTED :Feb26,2020<br/>Successfully validated the date</div></td></tr></table><p class="totop"><a href="#summary">back to summary</a></p>
<h2>SampleTest</h2><h3 id="m92">com.atmecs.qa.falcondashboard.testscript.TC25_StepsOfProduct#stepsOfProduct</h3><table class="result"><tr><th>Messages</th></tr><tr><td><div class="messages">Successfully clicked on the product<br/>Successfully selected pass option<br/>Successfully selected the testcase<br/>Screenshot Captured for failure C:\Users\srinischal.thiparani\FalconDashboardAutomation\falcondashboard\target\FalconDemo-Sample-WIN_10_chrome_77 (5)\Screenshots\stepsOfProduct_1_.png</div></td></tr><tr><th>Exception</th></tr><tr><td><div class="stacktrace">java.lang.AssertionError: expected [] but found [Status]
	at com.atmecs.qa.falcondashboard.helper.ValidationHelper.getDataofRow(ValidationHelper.java:29)
	at com.atmecs.qa.falcondashboard.validationresults.ProductStepsValidation.validateStatusOption(ProductStepsValidation.java:21)
	at com.atmecs.qa.falcondashboard.testscript.TC25_StepsOfProduct.stepsOfProduct(TC25_StepsOfProduct.java:56)
	at java.base/java.util.concurrent.ThreadPoolExecutor.runWorker(ThreadPoolExecutor.java:1128)
	at java.base/java.util.concurrent.ThreadPoolExecutor$Worker.run(ThreadPoolExecutor.java:628)
	at java.base/java.lang.Thread.run(Thread.java:830)
... Removed 24 stack frames</div></td></tr></table><p class="totop"><a href="#summary">back to summary</a></p>
<h3 id="m93">com.atmecs.qa.falcondashboard.testscript.TC20_FailTestCase#failTestCasesOfProduct</h3><table class="result"><tr><th>Messages</th></tr><tr><td><div class="messages">Successfully clicked on product<br/>Selected the status option<br/>Successfully validated status<br/>Successfully clicked on test case<br/>Successfully validated paneltitle<br/>Successfully validated error message</div></td></tr></table><p class="totop"><a href="#summary">back to summary</a></p>
<h2>SampleTest</h2><h3 id="m94">com.atmecs.qa.falcondashboard.testscript.TC13_PassedTestCases#dropdownPassedTestCases</h3><table class="result"><tr><th>Messages</th></tr><tr><td><div class="messages">Screenshot Captured for failure C:\Users\srinischal.thiparani\FalconDashboardAutomation\falcondashboard\target\FalconDemo-Sample-WIN_10_firefox_0.26.0 (1)\Screenshots\dropdownPassedTestCases_1_.png</div></td></tr><tr><th>Exception</th></tr><tr><td><div class="stacktrace">org.openqa.selenium.ElementClickInterceptedException: Element &lt;h4 class=&quot;media-box-heading ng-binding&quot;&gt; is not clickable at point (564,183) because another element &lt;div class=&quot;preloader ng-animate preloader-hidden-add preloader-hidden preloader-hidden-add-active&quot;&gt; obscures it
Build info: version: &apos;3.141.59&apos;, revision: &apos;e82be7d358&apos;, time: &apos;2018-11-14T08:17:03&apos;
System info: host: &apos;ATMECSINLT-060&apos;, ip: &apos;55.55.52.253&apos;, os.name: &apos;Windows 10&apos;, os.arch: &apos;amd64&apos;, os.version: &apos;10.0&apos;, java.version: &apos;13.0.1&apos;
Driver info: org.openqa.selenium.firefox.FirefoxDriver
Capabilities {acceptInsecureCerts: true, browserName: firefox, browserVersion: 73.0.1, javascriptEnabled: true, moz:accessibilityChecks: false, moz:buildID: 20200217142647, moz:geckodriverVersion: 0.24.0, moz:headless: false, moz:processID: 134720, moz:profile: C:\Users\srinischal.thipara..., moz:shutdownTimeout: 60000, moz:useNonSpecCompliantPointerOrigin: false, moz:webdriverClick: true, pageLoadStrategy: normal, platform: WINDOWS, platformName: WINDOWS, platformVersion: 10.0, rotatable: false, setWindowRect: true, strictFileInteractability: false, timeouts: {implicit: 0, pageLoad: 300000, script: 30000}, unhandledPromptBehavior: dismiss and notify}
Session ID: 1aa62244-c7bf-4a1f-b8aa-b9e097d620d8
	at org.openqa.selenium.remote.http.W3CHttpResponseCodec.createException(W3CHttpResponseCodec.java:187)
	at org.openqa.selenium.remote.http.W3CHttpResponseCodec.decode(W3CHttpResponseCodec.java:122)
	at org.openqa.selenium.remote.http.W3CHttpResponseCodec.decode(W3CHttpResponseCodec.java:49)
	at org.openqa.selenium.remote.HttpCommandExecutor.execute(HttpCommandExecutor.java:158)
	at org.openqa.selenium.remote.service.DriverCommandExecutor.execute(DriverCommandExecutor.java:83)
	at org.openqa.selenium.remote.RemoteWebDriver.execute(RemoteWebDriver.java:552)
	at org.openqa.selenium.remote.RemoteWebElement.execute(RemoteWebElement.java:285)
	at org.openqa.selenium.remote.RemoteWebElement.click(RemoteWebElement.java:84)
	at com.atmecs.qa.falcondashboard.utils.Pageactions.clickOnElement(Pageactions.java:92)
	at com.atmecs.qa.falcondashboard.testscript.TC13_PassedTestCases.dropdownPassedTestCases(TC13_PassedTestCases.java:33)
	at java.base/java.util.concurrent.ThreadPoolExecutor.runWorker(ThreadPoolExecutor.java:1128)
	at java.base/java.util.concurrent.ThreadPoolExecutor$Worker.run(ThreadPoolExecutor.java:628)
	at java.base/java.lang.Thread.run(Thread.java:830)
... Removed 23 stack frames</div></td></tr></table><p class="totop"><a href="#summary">back to summary</a></p>
<h3 id="m95">com.atmecs.qa.falcondashboard.testscript.TC07_Dropdowns#dropdown</h3><table class="result"><tr><th>Messages</th></tr><tr><td><div class="messages">Successfully clicked on the product<br/>Successfully selected customer option<br/>Successfully validated customer<br/>Successfully selected the module option<br/>Successfully validated module<br/>Selected the status option<br/>Successfully validated status</div></td></tr></table><p class="totop"><a href="#summary">back to summary</a></p>
<h3 id="m96">com.atmecs.qa.falcondashboard.testscript.TC14_FailedTestCases#dropdownFailedTestCases</h3><table class="result"><tr><th>Messages</th></tr><tr><td><div class="messages">Successfully clicked on product<br/>Selected the fail status option<br/>Successfully validated fail status<br/>Successfully displayed the fail test cases</div></td></tr></table><p class="totop"><a href="#summary">back to summary</a></p>
<h3 id="m97">com.atmecs.qa.falcondashboard.testscript.TC15_SkippedTestCases#dropdownSkippedTestCases</h3><table class="result"><tr><th>Messages</th></tr><tr><td><div class="messages">Successfully clicked on product<br/>Selected the skip status option<br/>Successfully validated skip status<br/>Successfully displayed the failed test cases</div></td></tr></table><p class="totop"><a href="#summary">back to summary</a></p>
<h2>SampleTest</h2><h3 id="m98">com.atmecs.qa.falcondashboard.testscript.TC05_ProductPage#productPage</h3><table class="result"><tr><th>Messages</th></tr><tr><td><div class="messages">Successfully validated product<br/>Successfully clicked on the product<br/>Successfully validated panel title<br/>PASS : Successfully validaetd the test cases : ACTUAL : deleteProjectApiTest 0 Sec Pass,downloadImageApiTest 0 Sec Pass,exportToExcelApiTest 0 Sec Pass,getDashboardApiTest 1 Sec Pass,invalidLinkApiTest 0 Sec Fail,recentRunsApiTest 0 Sec Pass,reportViewApiTest 0 Sec Pass,uploadImageApiTest 2 Sec Pass,uploadTestngResultFileApiTest 0 Sec Pass,viewReportApiTest 5 Sec Pass 	EXPECTED :deleteProjectApiTest 0 Sec Pass,downloadImageApiTest 0 Sec Pass,exportToExcelApiTest 0 Sec Pass,getDashboardApiTest 1 Sec Pass,invalidLinkApiTest 0 Sec Fail,recentRunsApiTest 0 Sec Pass,reportViewApiTest 0 Sec Pass,uploadImageApiTest 2 Sec Pass,uploadTestngResultFileApiTest 0 Sec Pass,viewReportApiTest 5 Sec Pass<br/>Successfully valdated all the test cases<br/>Successfully selected dashboard option</div></td></tr></table><p class="totop"><a href="#summary">back to summary</a></p>
<h3 id="m99">com.atmecs.qa.falcondashboard.testscript.TC06_ProductMedium#mediumOfProduct</h3><table class="result"><tr><th>Messages</th></tr><tr><td><div class="messages">Successfully clicked on product<br/>Successfully displayed day and date of product<br/>Successfully displayed medium of product<br/>PASS : Successfully validated the medium of the product : ACTUAL :  Web Services  	EXPECTED : Web Services <br/>Successfully validated the medium of the product</div></td></tr></table><p class="totop"><a href="#summary">back to summary</a></p>
<h3 id="m100">com.atmecs.qa.falcondashboard.testscript.TC11_DownloadOption#downloadOption</h3><table class="result"><tr><th>Messages</th></tr><tr><td><div class="messages">Successfully clicked on the product<br/>Clicked on download option<br/>Successfully displayed day and date of product<br/>PASS : Successfully displayed the test cases message : ACTUAL : Download 	EXPECTED :Download<br/>Sucessfully validated the tooltip message</div></td></tr></table><p class="totop"><a href="#summary">back to summary</a></p>
<h3 id="m101">com.atmecs.qa.falcondashboard.testscript.TC12_ExecutionDate#dateOfExecution</h3><table class="result"><tr><th>Messages</th></tr><tr><td><div class="messages">Successfully clicked on product<br/>Successfully displayed day and date of product<br/>Successfully displayed day and date of product<br/>PASS : Successfully validated the date : ACTUAL : Feb26,2020 	EXPECTED :Feb26,2020<br/>Successfully validated the date</div></td></tr></table><p class="totop"><a href="#summary">back to summary</a></p>
<h2>SampleTest</h2><h3 id="m102">com.atmecs.qa.falcondashboard.testscript.TC25_StepsOfProduct#stepsOfProduct</h3><table class="result"><tr><th>Messages</th></tr><tr><td><div class="messages">Successfully clicked on the product<br/>Successfully selected pass option<br/>Successfully selected the testcase<br/>Screenshot Captured for failure C:\Users\srinischal.thiparani\FalconDashboardAutomation\falcondashboard\target\FalconDemo-Sample-WIN_10_firefox_0.26.0 (5)\Screenshots\stepsOfProduct_1_.png</div></td></tr><tr><th>Exception</th></tr><tr><td><div class="stacktrace">java.lang.AssertionError: expected [Status] but found []
	at com.atmecs.qa.falcondashboard.helper.ValidationHelper.getDataofRow(ValidationHelper.java:29)
	at com.atmecs.qa.falcondashboard.validationresults.ProductStepsValidation.validateStatusOption(ProductStepsValidation.java:21)
	at com.atmecs.qa.falcondashboard.testscript.TC25_StepsOfProduct.stepsOfProduct(TC25_StepsOfProduct.java:56)
	at java.base/java.util.concurrent.ThreadPoolExecutor.runWorker(ThreadPoolExecutor.java:1128)
	at java.base/java.util.concurrent.ThreadPoolExecutor$Worker.run(ThreadPoolExecutor.java:628)
	at java.base/java.lang.Thread.run(Thread.java:830)
... Removed 24 stack frames</div></td></tr></table><p class="totop"><a href="#summary">back to summary</a></p>
<h3 id="m103">com.atmecs.qa.falcondashboard.testscript.TC20_FailTestCase#failTestCasesOfProduct</h3><table class="result"><tr><th>Messages</th></tr><tr><td><div class="messages">Successfully clicked on product<br/>Selected the status option<br/>Successfully validated status<br/>Successfully clicked on test case<br/>Successfully validated paneltitle<br/>Successfully validated error message</div></td></tr></table><p class="totop"><a href="#summary">back to summary</a></p>
<h2>SampleTest</h2><h3 id="m104">com.atmecs.qa.falcondashboard.testscript.TC17_RecentRuns#recentrun</h3><table class="result"><tr><th>Messages</th></tr><tr><td><div class="messages">Successfully clicked on recent runs<br/>Successfully validated recentruns<br/>Successfully validated reports<br/>Successfully validated product name<br/>Successfully validated the component text<br/>Successfully validated textcases with # symbol<br/>Successfully validated the passpercent with % symbol<br/>Successfully validated lastruns</div></td></tr></table><p class="totop"><a href="#summary">back to summary</a></p>
<h3 id="m105">com.atmecs.qa.falcondashboard.testscript.TC18_ProductName#productName</h3><table class="result"><tr><th>Messages</th></tr><tr><td><div class="messages">Successfully clicked on the recent runs<br/>Successfully validated the product name<br/>Succesfully clicked on the product</div></td></tr></table><p class="totop"><a href="#summary">back to summary</a></p>
<h3 id="m106">com.atmecs.qa.falcondashboard.testscript.TC19_ProductComponent#componentOfProduct</h3><table class="result"><tr><th>Messages</th></tr><tr><td><div class="messages">Successfully clicked on recent runs<br/>Successfully clicked on component<br/>Successfully validated component text<br/>Successfully clicked on component</div></td></tr></table><p class="totop"><a href="#summary">back to summary</a></p>
<h3 id="m107">com.atmecs.qa.falcondashboard.testscript.TC21_PassPercentage#rececntPassPercentage</h3><table class="result"><tr><th>Messages</th></tr><tr><td><div class="messages">Successfully clicked on the recent runs<br/>Successfully validated the pass percent<br/>Successfully clicked on the pass percentage</div></td></tr></table><p class="totop"><a href="#summary">back to summary</a></p>
<h3 id="m108">com.atmecs.qa.falcondashboard.testscript.TC22_DeleteOption#deleteOption</h3><table class="result"><tr><th>Messages</th></tr><tr><td><div class="messages">Successfully clicked on recent runs<br/>Successfully mouse hovered over the delete option<br/>PASS : Successfully displayed the test cases message : ACTUAL :  	EXPECTED :</div></td></tr></table><p class="totop"><a href="#summary">back to summary</a></p>
<h3 id="m109">com.atmecs.qa.falcondashboard.testscript.TC35_LastRun#lastRun</h3><table class="result"><tr><th>Messages</th></tr><tr><td><div class="messages">Successfully clicked on the recent runs<br/>Successfully validated the last run<br/>Successfully clicked on the last runs</div></td></tr></table><p class="totop"><a href="#summary">back to summary</a></p>
<h2>SampleTest</h2><h3 id="m110">com.atmecs.qa.falcondashboard.testscript.TC27_TotalTestCases#totalTestCases</h3><table class="result"><tr><th>Messages</th></tr><tr><td><div class="messages">Successfully clicked on product<br/>Successfully clicked dashboard slider<br/>Successfully clicked total test cases<br/>Successfully validated test cases<br/>Screenshot Captured for failure C:\Users\srinischal.thiparani\FalconDashboardAutomation\falcondashboard\target\FalconDemo-Sample-WIN_10_firefox_0.26.0 (3)\Screenshots\totalTestCases_1_.png</div></td></tr><tr><th>Exception</th></tr><tr><td><div class="stacktrace">java.lang.AssertionError: expected [RUN IN - 8 secs] but found [RUN IN - 9 secs]
	at com.atmecs.qa.falcondashboard.helper.ValidationHelper.getDataofRow(ValidationHelper.java:29)
	at com.atmecs.qa.falcondashboard.validationresults.ViewPageValidation.validateTime(ViewPageValidation.java:28)
	at com.atmecs.qa.falcondashboard.testscript.TC27_TotalTestCases.totalTestCases(TC27_TotalTestCases.java:55)
	at java.base/java.util.concurrent.ThreadPoolExecutor.runWorker(ThreadPoolExecutor.java:1128)
	at java.base/java.util.concurrent.ThreadPoolExecutor$Worker.run(ThreadPoolExecutor.java:628)
	at java.base/java.lang.Thread.run(Thread.java:830)
... Removed 24 stack frames</div></td></tr></table><p class="totop"><a href="#summary">back to summary</a></p>
<h3 id="m111">com.atmecs.qa.falcondashboard.testscript.TC32_ColorOfSkippedTestCases#colorofSkippedTestCases</h3><table class="result"><tr><th>Messages</th></tr><tr><td><div class="messages">Screenshot Captured for failure C:\Users\srinischal.thiparani\FalconDashboardAutomation\falcondashboard\target\FalconDemo-Sample-WIN_10_firefox_0.26.0 (3)\Screenshots\colorofSkippedTestCases_1_.png</div></td></tr><tr><th>Exception</th></tr><tr><td><div class="stacktrace">org.openqa.selenium.ElementClickInterceptedException: Element &lt;h4 class=&quot;media-box-heading ng-binding&quot;&gt; is not clickable at point (573,183) because another element &lt;div class=&quot;preloader&quot;&gt; obscures it
Build info: version: &apos;3.141.59&apos;, revision: &apos;e82be7d358&apos;, time: &apos;2018-11-14T08:17:03&apos;
System info: host: &apos;ATMECSINLT-060&apos;, ip: &apos;55.55.52.253&apos;, os.name: &apos;Windows 10&apos;, os.arch: &apos;amd64&apos;, os.version: &apos;10.0&apos;, java.version: &apos;13.0.1&apos;
Driver info: org.openqa.selenium.firefox.FirefoxDriver
Capabilities {acceptInsecureCerts: true, browserName: firefox, browserVersion: 73.0.1, javascriptEnabled: true, moz:accessibilityChecks: false, moz:buildID: 20200217142647, moz:geckodriverVersion: 0.24.0, moz:headless: false, moz:processID: 124600, moz:profile: C:\Users\srinischal.thipara..., moz:shutdownTimeout: 60000, moz:useNonSpecCompliantPointerOrigin: false, moz:webdriverClick: true, pageLoadStrategy: normal, platform: WINDOWS, platformName: WINDOWS, platformVersion: 10.0, rotatable: false, setWindowRect: true, strictFileInteractability: false, timeouts: {implicit: 0, pageLoad: 300000, script: 30000}, unhandledPromptBehavior: dismiss and notify}
Session ID: 29c2467b-4cb6-486f-a38c-a08df21869f5
	at org.openqa.selenium.remote.http.W3CHttpResponseCodec.createException(W3CHttpResponseCodec.java:187)
	at org.openqa.selenium.remote.http.W3CHttpResponseCodec.decode(W3CHttpResponseCodec.java:122)
	at org.openqa.selenium.remote.http.W3CHttpResponseCodec.decode(W3CHttpResponseCodec.java:49)
	at org.openqa.selenium.remote.HttpCommandExecutor.execute(HttpCommandExecutor.java:158)
	at org.openqa.selenium.remote.service.DriverCommandExecutor.execute(DriverCommandExecutor.java:83)
	at org.openqa.selenium.remote.RemoteWebDriver.execute(RemoteWebDriver.java:552)
	at org.openqa.selenium.remote.RemoteWebElement.execute(RemoteWebElement.java:285)
	at org.openqa.selenium.remote.RemoteWebElement.click(RemoteWebElement.java:84)
	at com.atmecs.qa.falcondashboard.utils.Pageactions.clickOnElement(Pageactions.java:92)
	at com.atmecs.qa.falcondashboard.testscript.TC32_ColorOfSkippedTestCases.colorofSkippedTestCases(TC32_ColorOfSkippedTestCases.java:39)
	at java.base/java.util.concurrent.ThreadPoolExecutor.runWorker(ThreadPoolExecutor.java:1128)
	at java.base/java.util.concurrent.ThreadPoolExecutor$Worker.run(ThreadPoolExecutor.java:628)
	at java.base/java.lang.Thread.run(Thread.java:830)
... Removed 23 stack frames</div></td></tr></table><p class="totop"><a href="#summary">back to summary</a></p>
<h3 id="m112">com.atmecs.qa.falcondashboard.testscript.TC26_ColorOfTotalTestCases#colorofTotalTestCases</h3><table class="result"><tr><th>Messages</th></tr><tr><td><div class="messages">Successfully clicked on product<br/>Successfully selected dashboard option<br/>Successfully displayed day and date of product<br/>PASS : Successfully validated the color of the total test cases box : ACTUAL : rgb(103, 58, 183) 	EXPECTED :rgb(103, 58, 183)<br/>Successfully validated the color of the total  test cases box</div></td></tr></table><p class="totop"><a href="#summary">back to summary</a></p>
<h3 id="m113">com.atmecs.qa.falcondashboard.testscript.TC28_ColorOfPassTestCases#colorofPassedTestCases</h3><table class="result"><tr><th>Messages</th></tr><tr><td><div class="messages">Successfully clicked on product<br/>Successfully selected dashboard option<br/>Successfully displayed day and date of product<br/>PASS : Successfully validated the color of the pass test cases box : ACTUAL : rgb(0, 150, 136) 	EXPECTED :rgb(0, 150, 136)<br/>Successfully validated the color of the pass  test cases box</div></td></tr></table><p class="totop"><a href="#summary">back to summary</a></p>
<h3 id="m114">com.atmecs.qa.falcondashboard.testscript.TC29_PassedTestCases#passTestCases</h3><table class="result"><tr><th>Messages</th></tr><tr><td><div class="messages">Successfully clicked on product<br/>Successfully clicked dashboard slider<br/>Successfully clicked pass test cases<br/>Successfully validated passed test cases<br/>Successfully validated pass percentage</div></td></tr></table><p class="totop"><a href="#summary">back to summary</a></p>
<h3 id="m115">com.atmecs.qa.falcondashboard.testscript.TC30_ColorOfFailedTestCases#colorofFailedTestCases</h3><table class="result"><tr><th>Messages</th></tr><tr><td><div class="messages">Successfully clicked on product<br/>Successfully selected dashboard option<br/>Successfully displayed day and date of product<br/>PASS : Successfully validated the color of the fail test cases box : ACTUAL : rgb(244, 67, 54) 	EXPECTED :rgb(244, 67, 54)<br/>Successfully validated the color of the fail test cases box</div></td></tr></table><p class="totop"><a href="#summary">back to summary</a></p>
<h3 id="m116">com.atmecs.qa.falcondashboard.testscript.TC31_FailedTestCases#failTestCases</h3><table class="result"><tr><th>Messages</th></tr><tr><td><div class="messages">Successfully clicked on product<br/>Successfully clicked dashboard slider<br/>Successfully clicked fail test cases<br/>Successfully validated Failed test cases<br/>Successfully validated fail message</div></td></tr></table><p class="totop"><a href="#summary">back to summary</a></p>
<h3 id="m117">com.atmecs.qa.falcondashboard.testscript.TC33_SkippedTestCases#skippedTestCases</h3><table class="result"><tr><th>Messages</th></tr><tr><td><div class="messages">Successfully clicked on product<br/>Successfully clicked dashboard slider<br/>Successfully clicked pass test cases<br/>Successfully validated Skipped test cases<br/>Successfully validated skip message</div></td></tr></table><p class="totop"><a href="#summary">back to summary</a></p>
<h3 id="m118">com.atmecs.qa.falcondashboard.testscript.TC34_ViewPage#viewPage</h3><table class="result"><tr><th>Messages</th></tr><tr><td><div class="messages">Successfully validated views<br/>Successfully validated the views panel title<br/>Successfully selected dashboard option<br/>Clicked on download option</div></td></tr></table><p class="totop"><a href="#summary">back to summary</a></p>
</body>
</html>
