<?xml version="1.0" encoding="UTF-8"?>
<testng-results ignored="0" total="3" passed="1" failed="1" skipped="1">
  <reporter-output>
    <line>
      <![CDATA[INFO: The value found with Environment variable FalconDemo is: FalconDemo]]>
    </line>
    <line>
      <![CDATA[INFO: The value found with Environment Module variable DashboardPage,DashboardSlidder,Dropdowns,ProductPage,RecentRuns,TestcasesResult,ViewPage is: DashboardPage,DashboardSlidder,Dropdowns,ProductPage,RecentRuns,TestcasesResult,ViewPage]]>
    </line>
    <line>
      <![CDATA[The value found with Environment variable WIN_10_ie_3.150.1,WIN_10_chrome_77,WIN_10_firefox_0.26.0 is: WIN_10_ie_3.150.1,WIN_10_chrome_77,WIN_10_firefox_0.26.0]]>
    </line>
    <line>
      <![CDATA[INFO: Clients Found: [FalconDemo]
]]>
    </line>
    <line>
      <![CDATA[INFO: Modules Selected: [DashboardPage, DashboardSlidder, Dropdowns, ProductPage, RecentRuns, TestcasesResult, ViewPage]
]]>
    </line>
    <line>
      <![CDATA[INFO: New Suite Created with name: FalconDemo-Sample-WIN_10_chrome_77]]>
    </line>
    <line>
      <![CDATA[<?xml version="1.0" encoding="UTF-8"?>
<!DOCTYPE suite SYSTEM "http://testng.org/testng-1.0.dtd">
<suite name="FalconDemo-Sample-WIN_10_chrome_77">
  <parameter name="os" value="WIN"/>
  <parameter name="osVersion" value="10"/>
  <parameter name="browser" value="chrome"/>
  <parameter name="browserVersion" value="77"/>
  <test thread-count="5" name="SampleTest">
    <classes>
      <class name="com.atmecs.qa.falcondashboard.testscript.TC01_DashBoardPage"/>
      <class name="com.atmecs.qa.falcondashboard.testscript.TC02_ClickingProduct"/>
      <class name="com.atmecs.qa.falcondashboard.testscript.TC03_TestCases"/>
      <class name="com.atmecs.qa.falcondashboard.testscript.TC04_ProductPercentage"/>
      <class name="com.atmecs.qa.falcondashboard.testscript.TC16_MainNavigation"/>
      <class name="com.atmecs.qa.falcondashboard.testscript.TC23_Refresh"/>
      <class name="com.atmecs.qa.falcondashboard.testscript.TC24_ProductSnapShot"/>
      <class name="com.atmecs.qa.falcondashboard.testscript.TC38_MaximizingWindow"/>
    </classes>
  </test> <!-- SampleTest -->
</suite> <!-- FalconDemo-Sample-WIN_10_chrome_77 -->
]]>
    </line>
    <line>
      <![CDATA[INFO: New Suite Created with name: FalconDemo-Sample-WIN_10_chrome_77]]>
    </line>
    <line>
      <![CDATA[<?xml version="1.0" encoding="UTF-8"?>
<!DOCTYPE suite SYSTEM "http://testng.org/testng-1.0.dtd">
<suite name="FalconDemo-Sample-WIN_10_chrome_77">
  <parameter name="os" value="WIN"/>
  <parameter name="osVersion" value="10"/>
  <parameter name="browser" value="chrome"/>
  <parameter name="browserVersion" value="77"/>
  <test thread-count="5" name="SampleTest">
    <classes>
      <class name="com.atmecs.qa.falcondashboard.testscript.TC08_DashboardSlidder"/>
      <class name="com.atmecs.qa.falcondashboard.testscript.TC09_ProductEnvironment"/>
      <class name="com.atmecs.qa.falcondashboard.testscript.TC10_TestPhase"/>
      <class name="com.atmecs.qa.falcondashboard.testscript.TC36_StartTime"/>
      <class name="com.atmecs.qa.falcondashboard.testscript.TC37_EndTime"/>
    </classes>
  </test> <!-- SampleTest -->
</suite> <!-- FalconDemo-Sample-WIN_10_chrome_77 -->
]]>
    </line>
    <line>
      <![CDATA[INFO: New Suite Created with name: FalconDemo-Sample-WIN_10_chrome_77]]>
    </line>
    <line>
      <![CDATA[<?xml version="1.0" encoding="UTF-8"?>
<!DOCTYPE suite SYSTEM "http://testng.org/testng-1.0.dtd">
<suite name="FalconDemo-Sample-WIN_10_chrome_77">
  <parameter name="os" value="WIN"/>
  <parameter name="osVersion" value="10"/>
  <parameter name="browser" value="chrome"/>
  <parameter name="browserVersion" value="77"/>
  <test thread-count="5" name="SampleTest">
    <classes>
      <class name="com.atmecs.qa.falcondashboard.testscript.TC07_Dropdowns"/>
      <class name="com.atmecs.qa.falcondashboard.testscript.TC13_PassedTestCases"/>
      <class name="com.atmecs.qa.falcondashboard.testscript.TC14_FailedTestCases"/>
      <class name="com.atmecs.qa.falcondashboard.testscript.TC15_SkippedTestCases"/>
    </classes>
  </test> <!-- SampleTest -->
</suite> <!-- FalconDemo-Sample-WIN_10_chrome_77 -->
]]>
    </line>
    <line>
      <![CDATA[INFO: New Suite Created with name: FalconDemo-Sample-WIN_10_chrome_77]]>
    </line>
    <line>
      <![CDATA[<?xml version="1.0" encoding="UTF-8"?>
<!DOCTYPE suite SYSTEM "http://testng.org/testng-1.0.dtd">
<suite name="FalconDemo-Sample-WIN_10_chrome_77">
  <parameter name="os" value="WIN"/>
  <parameter name="osVersion" value="10"/>
  <parameter name="browser" value="chrome"/>
  <parameter name="browserVersion" value="77"/>
  <test thread-count="5" name="SampleTest">
    <classes>
      <class name="com.atmecs.qa.falcondashboard.testscript.TC05_ProductPage"/>
      <class name="com.atmecs.qa.falcondashboard.testscript.TC06_ProductMedium"/>
      <class name="com.atmecs.qa.falcondashboard.testscript.TC11_DownloadOption"/>
      <class name="com.atmecs.qa.falcondashboard.testscript.TC12_ExecutionDate"/>
    </classes>
  </test> <!-- SampleTest -->
</suite> <!-- FalconDemo-Sample-WIN_10_chrome_77 -->
]]>
    </line>
    <line>
      <![CDATA[INFO: New Suite Created with name: FalconDemo-Sample-WIN_10_chrome_77]]>
    </line>
    <line>
      <![CDATA[<?xml version="1.0" encoding="UTF-8"?>
<!DOCTYPE suite SYSTEM "http://testng.org/testng-1.0.dtd">
<suite name="FalconDemo-Sample-WIN_10_chrome_77">
  <parameter name="os" value="WIN"/>
  <parameter name="osVersion" value="10"/>
  <parameter name="browser" value="chrome"/>
  <parameter name="browserVersion" value="77"/>
  <test thread-count="5" name="SampleTest">
    <classes>
      <class name="com.atmecs.qa.falcondashboard.testscript.TC17_RecentRuns"/>
      <class name="com.atmecs.qa.falcondashboard.testscript.TC18_ProductName"/>
      <class name="com.atmecs.qa.falcondashboard.testscript.TC19_ProductComponent"/>
      <class name="com.atmecs.qa.falcondashboard.testscript.TC21_PassPercentage"/>
      <class name="com.atmecs.qa.falcondashboard.testscript.TC22_DeleteOption"/>
      <class name="com.atmecs.qa.falcondashboard.testscript.TC35_LastRun"/>
    </classes>
  </test> <!-- SampleTest -->
</suite> <!-- FalconDemo-Sample-WIN_10_chrome_77 -->
]]>
    </line>
    <line>
      <![CDATA[INFO: New Suite Created with name: FalconDemo-Sample-WIN_10_chrome_77]]>
    </line>
    <line>
      <![CDATA[<?xml version="1.0" encoding="UTF-8"?>
<!DOCTYPE suite SYSTEM "http://testng.org/testng-1.0.dtd">
<suite name="FalconDemo-Sample-WIN_10_chrome_77">
  <parameter name="os" value="WIN"/>
  <parameter name="osVersion" value="10"/>
  <parameter name="browser" value="chrome"/>
  <parameter name="browserVersion" value="77"/>
  <test thread-count="5" name="SampleTest">
    <classes>
      <class name="com.atmecs.qa.falcondashboard.testscript.TC20_FailTestCase"/>
      <class name="com.atmecs.qa.falcondashboard.testscript.TC25_StepsOfProduct"/>
    </classes>
  </test> <!-- SampleTest -->
</suite> <!-- FalconDemo-Sample-WIN_10_chrome_77 -->
]]>
    </line>
    <line>
      <![CDATA[INFO: New Suite Created with name: FalconDemo-Sample-WIN_10_chrome_77]]>
    </line>
    <line>
      <![CDATA[<?xml version="1.0" encoding="UTF-8"?>
<!DOCTYPE suite SYSTEM "http://testng.org/testng-1.0.dtd">
<suite name="FalconDemo-Sample-WIN_10_chrome_77">
  <parameter name="os" value="WIN"/>
  <parameter name="osVersion" value="10"/>
  <parameter name="browser" value="chrome"/>
  <parameter name="browserVersion" value="77"/>
  <test thread-count="5" name="SampleTest">
    <classes>
      <class name="com.atmecs.qa.falcondashboard.testscript.TC26_ColorOfTotalTestCases"/>
      <class name="com.atmecs.qa.falcondashboard.testscript.TC27_TotalTestCases"/>
      <class name="com.atmecs.qa.falcondashboard.testscript.TC28_ColorOfPassTestCases"/>
      <class name="com.atmecs.qa.falcondashboard.testscript.TC29_PassedTestCases"/>
      <class name="com.atmecs.qa.falcondashboard.testscript.TC30_ColorOfFailedTestCases"/>
      <class name="com.atmecs.qa.falcondashboard.testscript.TC31_FailedTestCases"/>
      <class name="com.atmecs.qa.falcondashboard.testscript.TC32_ColorOfSkippedTestCases"/>
      <class name="com.atmecs.qa.falcondashboard.testscript.TC33_SkippedTestCases"/>
      <class name="com.atmecs.qa.falcondashboard.testscript.TC34_ViewPage"/>
    </classes>
  </test> <!-- SampleTest -->
</suite> <!-- FalconDemo-Sample-WIN_10_chrome_77 -->
]]>
    </line>
    <line>
      <![CDATA[INFO: New Suite Created with name: FalconDemo-Sample-WIN_10_firefox_0.26.0]]>
    </line>
    <line>
      <![CDATA[<?xml version="1.0" encoding="UTF-8"?>
<!DOCTYPE suite SYSTEM "http://testng.org/testng-1.0.dtd">
<suite name="FalconDemo-Sample-WIN_10_firefox_0.26.0">
  <parameter name="os" value="WIN"/>
  <parameter name="osVersion" value="10"/>
  <parameter name="browser" value="firefox"/>
  <parameter name="browserVersion" value="0.26.0"/>
  <test thread-count="5" name="SampleTest">
    <classes>
      <class name="com.atmecs.qa.falcondashboard.testscript.TC01_DashBoardPage"/>
      <class name="com.atmecs.qa.falcondashboard.testscript.TC02_ClickingProduct"/>
      <class name="com.atmecs.qa.falcondashboard.testscript.TC03_TestCases"/>
      <class name="com.atmecs.qa.falcondashboard.testscript.TC04_ProductPercentage"/>
      <class name="com.atmecs.qa.falcondashboard.testscript.TC16_MainNavigation"/>
      <class name="com.atmecs.qa.falcondashboard.testscript.TC23_Refresh"/>
      <class name="com.atmecs.qa.falcondashboard.testscript.TC24_ProductSnapShot"/>
      <class name="com.atmecs.qa.falcondashboard.testscript.TC38_MaximizingWindow"/>
    </classes>
  </test> <!-- SampleTest -->
</suite> <!-- FalconDemo-Sample-WIN_10_firefox_0.26.0 -->
]]>
    </line>
    <line>
      <![CDATA[INFO: New Suite Created with name: FalconDemo-Sample-WIN_10_firefox_0.26.0]]>
    </line>
    <line>
      <![CDATA[<?xml version="1.0" encoding="UTF-8"?>
<!DOCTYPE suite SYSTEM "http://testng.org/testng-1.0.dtd">
<suite name="FalconDemo-Sample-WIN_10_firefox_0.26.0">
  <parameter name="os" value="WIN"/>
  <parameter name="osVersion" value="10"/>
  <parameter name="browser" value="firefox"/>
  <parameter name="browserVersion" value="0.26.0"/>
  <test thread-count="5" name="SampleTest">
    <classes>
      <class name="com.atmecs.qa.falcondashboard.testscript.TC08_DashboardSlidder"/>
      <class name="com.atmecs.qa.falcondashboard.testscript.TC09_ProductEnvironment"/>
      <class name="com.atmecs.qa.falcondashboard.testscript.TC10_TestPhase"/>
      <class name="com.atmecs.qa.falcondashboard.testscript.TC36_StartTime"/>
      <class name="com.atmecs.qa.falcondashboard.testscript.TC37_EndTime"/>
    </classes>
  </test> <!-- SampleTest -->
</suite> <!-- FalconDemo-Sample-WIN_10_firefox_0.26.0 -->
]]>
    </line>
    <line>
      <![CDATA[INFO: New Suite Created with name: FalconDemo-Sample-WIN_10_firefox_0.26.0]]>
    </line>
    <line>
      <![CDATA[<?xml version="1.0" encoding="UTF-8"?>
<!DOCTYPE suite SYSTEM "http://testng.org/testng-1.0.dtd">
<suite name="FalconDemo-Sample-WIN_10_firefox_0.26.0">
  <parameter name="os" value="WIN"/>
  <parameter name="osVersion" value="10"/>
  <parameter name="browser" value="firefox"/>
  <parameter name="browserVersion" value="0.26.0"/>
  <test thread-count="5" name="SampleTest">
    <classes>
      <class name="com.atmecs.qa.falcondashboard.testscript.TC07_Dropdowns"/>
      <class name="com.atmecs.qa.falcondashboard.testscript.TC13_PassedTestCases"/>
      <class name="com.atmecs.qa.falcondashboard.testscript.TC14_FailedTestCases"/>
      <class name="com.atmecs.qa.falcondashboard.testscript.TC15_SkippedTestCases"/>
    </classes>
  </test> <!-- SampleTest -->
</suite> <!-- FalconDemo-Sample-WIN_10_firefox_0.26.0 -->
]]>
    </line>
    <line>
      <![CDATA[INFO: New Suite Created with name: FalconDemo-Sample-WIN_10_firefox_0.26.0]]>
    </line>
    <line>
      <![CDATA[<?xml version="1.0" encoding="UTF-8"?>
<!DOCTYPE suite SYSTEM "http://testng.org/testng-1.0.dtd">
<suite name="FalconDemo-Sample-WIN_10_firefox_0.26.0">
  <parameter name="os" value="WIN"/>
  <parameter name="osVersion" value="10"/>
  <parameter name="browser" value="firefox"/>
  <parameter name="browserVersion" value="0.26.0"/>
  <test thread-count="5" name="SampleTest">
    <classes>
      <class name="com.atmecs.qa.falcondashboard.testscript.TC05_ProductPage"/>
      <class name="com.atmecs.qa.falcondashboard.testscript.TC06_ProductMedium"/>
      <class name="com.atmecs.qa.falcondashboard.testscript.TC11_DownloadOption"/>
      <class name="com.atmecs.qa.falcondashboard.testscript.TC12_ExecutionDate"/>
    </classes>
  </test> <!-- SampleTest -->
</suite> <!-- FalconDemo-Sample-WIN_10_firefox_0.26.0 -->
]]>
    </line>
    <line>
      <![CDATA[INFO: New Suite Created with name: FalconDemo-Sample-WIN_10_firefox_0.26.0]]>
    </line>
    <line>
      <![CDATA[<?xml version="1.0" encoding="UTF-8"?>
<!DOCTYPE suite SYSTEM "http://testng.org/testng-1.0.dtd">
<suite name="FalconDemo-Sample-WIN_10_firefox_0.26.0">
  <parameter name="os" value="WIN"/>
  <parameter name="osVersion" value="10"/>
  <parameter name="browser" value="firefox"/>
  <parameter name="browserVersion" value="0.26.0"/>
  <test thread-count="5" name="SampleTest">
    <classes>
      <class name="com.atmecs.qa.falcondashboard.testscript.TC17_RecentRuns"/>
      <class name="com.atmecs.qa.falcondashboard.testscript.TC18_ProductName"/>
      <class name="com.atmecs.qa.falcondashboard.testscript.TC19_ProductComponent"/>
      <class name="com.atmecs.qa.falcondashboard.testscript.TC21_PassPercentage"/>
      <class name="com.atmecs.qa.falcondashboard.testscript.TC22_DeleteOption"/>
      <class name="com.atmecs.qa.falcondashboard.testscript.TC35_LastRun"/>
    </classes>
  </test> <!-- SampleTest -->
</suite> <!-- FalconDemo-Sample-WIN_10_firefox_0.26.0 -->
]]>
    </line>
    <line>
      <![CDATA[INFO: New Suite Created with name: FalconDemo-Sample-WIN_10_firefox_0.26.0]]>
    </line>
    <line>
      <![CDATA[<?xml version="1.0" encoding="UTF-8"?>
<!DOCTYPE suite SYSTEM "http://testng.org/testng-1.0.dtd">
<suite name="FalconDemo-Sample-WIN_10_firefox_0.26.0">
  <parameter name="os" value="WIN"/>
  <parameter name="osVersion" value="10"/>
  <parameter name="browser" value="firefox"/>
  <parameter name="browserVersion" value="0.26.0"/>
  <test thread-count="5" name="SampleTest">
    <classes>
      <class name="com.atmecs.qa.falcondashboard.testscript.TC20_FailTestCase"/>
      <class name="com.atmecs.qa.falcondashboard.testscript.TC25_StepsOfProduct"/>
    </classes>
  </test> <!-- SampleTest -->
</suite> <!-- FalconDemo-Sample-WIN_10_firefox_0.26.0 -->
]]>
    </line>
    <line>
      <![CDATA[INFO: New Suite Created with name: FalconDemo-Sample-WIN_10_firefox_0.26.0]]>
    </line>
    <line>
      <![CDATA[<?xml version="1.0" encoding="UTF-8"?>
<!DOCTYPE suite SYSTEM "http://testng.org/testng-1.0.dtd">
<suite name="FalconDemo-Sample-WIN_10_firefox_0.26.0">
  <parameter name="os" value="WIN"/>
  <parameter name="osVersion" value="10"/>
  <parameter name="browser" value="firefox"/>
  <parameter name="browserVersion" value="0.26.0"/>
  <test thread-count="5" name="SampleTest">
    <classes>
      <class name="com.atmecs.qa.falcondashboard.testscript.TC26_ColorOfTotalTestCases"/>
      <class name="com.atmecs.qa.falcondashboard.testscript.TC27_TotalTestCases"/>
      <class name="com.atmecs.qa.falcondashboard.testscript.TC28_ColorOfPassTestCases"/>
      <class name="com.atmecs.qa.falcondashboard.testscript.TC29_PassedTestCases"/>
      <class name="com.atmecs.qa.falcondashboard.testscript.TC30_ColorOfFailedTestCases"/>
      <class name="com.atmecs.qa.falcondashboard.testscript.TC31_FailedTestCases"/>
      <class name="com.atmecs.qa.falcondashboard.testscript.TC32_ColorOfSkippedTestCases"/>
      <class name="com.atmecs.qa.falcondashboard.testscript.TC33_SkippedTestCases"/>
      <class name="com.atmecs.qa.falcondashboard.testscript.TC34_ViewPage"/>
    </classes>
  </test> <!-- SampleTest -->
</suite> <!-- FalconDemo-Sample-WIN_10_firefox_0.26.0 -->
]]>
    </line>
    <line>
      <![CDATA[INFO: New Suite Created with name: FalconDemo-Sample-WIN_10_ie_3.150.1]]>
    </line>
    <line>
      <![CDATA[<?xml version="1.0" encoding="UTF-8"?>
<!DOCTYPE suite SYSTEM "http://testng.org/testng-1.0.dtd">
<suite name="FalconDemo-Sample-WIN_10_ie_3.150.1">
  <parameter name="os" value="WIN"/>
  <parameter name="osVersion" value="10"/>
  <parameter name="browser" value="ie"/>
  <parameter name="browserVersion" value="3.150.1"/>
  <test thread-count="5" name="SampleTest">
    <classes>
      <class name="com.atmecs.qa.falcondashboard.testscript.TC01_DashBoardPage"/>
      <class name="com.atmecs.qa.falcondashboard.testscript.TC02_ClickingProduct"/>
      <class name="com.atmecs.qa.falcondashboard.testscript.TC03_TestCases"/>
      <class name="com.atmecs.qa.falcondashboard.testscript.TC04_ProductPercentage"/>
      <class name="com.atmecs.qa.falcondashboard.testscript.TC16_MainNavigation"/>
      <class name="com.atmecs.qa.falcondashboard.testscript.TC23_Refresh"/>
      <class name="com.atmecs.qa.falcondashboard.testscript.TC24_ProductSnapShot"/>
      <class name="com.atmecs.qa.falcondashboard.testscript.TC38_MaximizingWindow"/>
    </classes>
  </test> <!-- SampleTest -->
</suite> <!-- FalconDemo-Sample-WIN_10_ie_3.150.1 -->
]]>
    </line>
    <line>
      <![CDATA[INFO: New Suite Created with name: FalconDemo-Sample-WIN_10_ie_3.150.1]]>
    </line>
    <line>
      <![CDATA[<?xml version="1.0" encoding="UTF-8"?>
<!DOCTYPE suite SYSTEM "http://testng.org/testng-1.0.dtd">
<suite name="FalconDemo-Sample-WIN_10_ie_3.150.1">
  <parameter name="os" value="WIN"/>
  <parameter name="osVersion" value="10"/>
  <parameter name="browser" value="ie"/>
  <parameter name="browserVersion" value="3.150.1"/>
  <test thread-count="5" name="SampleTest">
    <classes>
      <class name="com.atmecs.qa.falcondashboard.testscript.TC08_DashboardSlidder"/>
      <class name="com.atmecs.qa.falcondashboard.testscript.TC09_ProductEnvironment"/>
      <class name="com.atmecs.qa.falcondashboard.testscript.TC10_TestPhase"/>
      <class name="com.atmecs.qa.falcondashboard.testscript.TC36_StartTime"/>
      <class name="com.atmecs.qa.falcondashboard.testscript.TC37_EndTime"/>
    </classes>
  </test> <!-- SampleTest -->
</suite> <!-- FalconDemo-Sample-WIN_10_ie_3.150.1 -->
]]>
    </line>
    <line>
      <![CDATA[INFO: New Suite Created with name: FalconDemo-Sample-WIN_10_ie_3.150.1]]>
    </line>
    <line>
      <![CDATA[<?xml version="1.0" encoding="UTF-8"?>
<!DOCTYPE suite SYSTEM "http://testng.org/testng-1.0.dtd">
<suite name="FalconDemo-Sample-WIN_10_ie_3.150.1">
  <parameter name="os" value="WIN"/>
  <parameter name="osVersion" value="10"/>
  <parameter name="browser" value="ie"/>
  <parameter name="browserVersion" value="3.150.1"/>
  <test thread-count="5" name="SampleTest">
    <classes>
      <class name="com.atmecs.qa.falcondashboard.testscript.TC07_Dropdowns"/>
      <class name="com.atmecs.qa.falcondashboard.testscript.TC13_PassedTestCases"/>
      <class name="com.atmecs.qa.falcondashboard.testscript.TC14_FailedTestCases"/>
      <class name="com.atmecs.qa.falcondashboard.testscript.TC15_SkippedTestCases"/>
    </classes>
  </test> <!-- SampleTest -->
</suite> <!-- FalconDemo-Sample-WIN_10_ie_3.150.1 -->
]]>
    </line>
    <line>
      <![CDATA[INFO: New Suite Created with name: FalconDemo-Sample-WIN_10_ie_3.150.1]]>
    </line>
    <line>
      <![CDATA[<?xml version="1.0" encoding="UTF-8"?>
<!DOCTYPE suite SYSTEM "http://testng.org/testng-1.0.dtd">
<suite name="FalconDemo-Sample-WIN_10_ie_3.150.1">
  <parameter name="os" value="WIN"/>
  <parameter name="osVersion" value="10"/>
  <parameter name="browser" value="ie"/>
  <parameter name="browserVersion" value="3.150.1"/>
  <test thread-count="5" name="SampleTest">
    <classes>
      <class name="com.atmecs.qa.falcondashboard.testscript.TC05_ProductPage"/>
      <class name="com.atmecs.qa.falcondashboard.testscript.TC06_ProductMedium"/>
      <class name="com.atmecs.qa.falcondashboard.testscript.TC11_DownloadOption"/>
      <class name="com.atmecs.qa.falcondashboard.testscript.TC12_ExecutionDate"/>
    </classes>
  </test> <!-- SampleTest -->
</suite> <!-- FalconDemo-Sample-WIN_10_ie_3.150.1 -->
]]>
    </line>
    <line>
      <![CDATA[INFO: New Suite Created with name: FalconDemo-Sample-WIN_10_ie_3.150.1]]>
    </line>
    <line>
      <![CDATA[<?xml version="1.0" encoding="UTF-8"?>
<!DOCTYPE suite SYSTEM "http://testng.org/testng-1.0.dtd">
<suite name="FalconDemo-Sample-WIN_10_ie_3.150.1">
  <parameter name="os" value="WIN"/>
  <parameter name="osVersion" value="10"/>
  <parameter name="browser" value="ie"/>
  <parameter name="browserVersion" value="3.150.1"/>
  <test thread-count="5" name="SampleTest">
    <classes>
      <class name="com.atmecs.qa.falcondashboard.testscript.TC17_RecentRuns"/>
      <class name="com.atmecs.qa.falcondashboard.testscript.TC18_ProductName"/>
      <class name="com.atmecs.qa.falcondashboard.testscript.TC19_ProductComponent"/>
      <class name="com.atmecs.qa.falcondashboard.testscript.TC21_PassPercentage"/>
      <class name="com.atmecs.qa.falcondashboard.testscript.TC22_DeleteOption"/>
      <class name="com.atmecs.qa.falcondashboard.testscript.TC35_LastRun"/>
    </classes>
  </test> <!-- SampleTest -->
</suite> <!-- FalconDemo-Sample-WIN_10_ie_3.150.1 -->
]]>
    </line>
    <line>
      <![CDATA[INFO: New Suite Created with name: FalconDemo-Sample-WIN_10_ie_3.150.1]]>
    </line>
    <line>
      <![CDATA[<?xml version="1.0" encoding="UTF-8"?>
<!DOCTYPE suite SYSTEM "http://testng.org/testng-1.0.dtd">
<suite name="FalconDemo-Sample-WIN_10_ie_3.150.1">
  <parameter name="os" value="WIN"/>
  <parameter name="osVersion" value="10"/>
  <parameter name="browser" value="ie"/>
  <parameter name="browserVersion" value="3.150.1"/>
  <test thread-count="5" name="SampleTest">
    <classes>
      <class name="com.atmecs.qa.falcondashboard.testscript.TC20_FailTestCase"/>
      <class name="com.atmecs.qa.falcondashboard.testscript.TC25_StepsOfProduct"/>
    </classes>
  </test> <!-- SampleTest -->
</suite> <!-- FalconDemo-Sample-WIN_10_ie_3.150.1 -->
]]>
    </line>
    <line>
      <![CDATA[INFO: New Suite Created with name: FalconDemo-Sample-WIN_10_ie_3.150.1]]>
    </line>
    <line>
      <![CDATA[<?xml version="1.0" encoding="UTF-8"?>
<!DOCTYPE suite SYSTEM "http://testng.org/testng-1.0.dtd">
<suite name="FalconDemo-Sample-WIN_10_ie_3.150.1">
  <parameter name="os" value="WIN"/>
  <parameter name="osVersion" value="10"/>
  <parameter name="browser" value="ie"/>
  <parameter name="browserVersion" value="3.150.1"/>
  <test thread-count="5" name="SampleTest">
    <classes>
      <class name="com.atmecs.qa.falcondashboard.testscript.TC26_ColorOfTotalTestCases"/>
      <class name="com.atmecs.qa.falcondashboard.testscript.TC27_TotalTestCases"/>
      <class name="com.atmecs.qa.falcondashboard.testscript.TC28_ColorOfPassTestCases"/>
      <class name="com.atmecs.qa.falcondashboard.testscript.TC29_PassedTestCases"/>
      <class name="com.atmecs.qa.falcondashboard.testscript.TC30_ColorOfFailedTestCases"/>
      <class name="com.atmecs.qa.falcondashboard.testscript.TC31_FailedTestCases"/>
      <class name="com.atmecs.qa.falcondashboard.testscript.TC32_ColorOfSkippedTestCases"/>
      <class name="com.atmecs.qa.falcondashboard.testscript.TC33_SkippedTestCases"/>
      <class name="com.atmecs.qa.falcondashboard.testscript.TC34_ViewPage"/>
    </classes>
  </test> <!-- SampleTest -->
</suite> <!-- FalconDemo-Sample-WIN_10_ie_3.150.1 -->
]]>
    </line>
    <line>
      <![CDATA[Opening browser: chrome]]>
    </line>
    <line>
      <![CDATA[Maximizing browser window]]>
    </line>
    <line>
      <![CDATA[Successfully clicked on the product]]>
    </line>
    <line>
      <![CDATA[Successfully selected dashboard option]]>
    </line>
    <line>
      <![CDATA[Successfully validated the test phase of the product]]>
    </line>
    <line>
      <![CDATA[Opening browser: firefox]]>
    </line>
    <line>
      <![CDATA[Maximizing browser window]]>
    </line>
    <line>
      <![CDATA[Successfully clicked on the product]]>
    </line>
    <line>
      <![CDATA[Screenshot Captured for failure C:\Users\srinischal.thiparani\FalconDashboardAutomation\falcondashboard\target\FalconDemo-Sample-WIN_10_firefox_0.26.0 (0)\Screenshots\testPhase_1_.png]]>
    </line>
    <line>
      <![CDATA[Opening browser: ie]]>
    </line>
  </reporter-output>
  <suite started-at="2020-03-03T13:33:26Z" name="FalconDemo-Sample-WIN_10_ie_3.150.1 (0)" finished-at="2020-03-03T13:33:47Z" duration-ms="20994">
    <groups>
    </groups>
    <test started-at="2020-03-03T13:33:26Z" name="SampleTest" finished-at="2020-03-03T13:33:47Z" duration-ms="20994">
      <class name="com.atmecs.qa.falcondashboard.testscript.TC10_TestPhase">
        <test-method is-config="true" signature="preSetup(java.lang.String, java.lang.String, java.lang.String, java.lang.String)[pri:0, instance:com.atmecs.qa.falcondashboard.testscript.TC10_TestPhase@3d5d122e]" started-at="2020-03-03T13:33:26Z" name="preSetup" finished-at="2020-03-03T13:33:47Z" duration-ms="20992" status="FAIL">
          <params>
            <param index="0">
              <value>
                <![CDATA[WIN]]>
              </value>
            </param>
            <param index="1">
              <value>
                <![CDATA[10]]>
              </value>
            </param>
            <param index="2">
              <value>
                <![CDATA[ie]]>
              </value>
            </param>
            <param index="3">
              <value>
                <![CDATA[3.150.1]]>
              </value>
            </param>
          </params>
          <exception class="org.openqa.selenium.WebDriverException">
            <message>
              <![CDATA[Failed to navigate to http://10.10.10.231:8082/#/app/dashboard. This usually means that a call to the COM method IWebBrowser2::Navigate2() failed. The error returned is: Received error: 0x800700aa ['The requested resource is in use.']
Build info: version: '3.141.59', revision: 'e82be7d358', time: '2018-11-14T08:17:03'
System info: host: 'ATMECSINLT-060', ip: '55.55.52.253', os.name: 'Windows 10', os.arch: 'amd64', os.version: '10.0', java.version: '13.0.1'
Driver info: org.openqa.selenium.ie.InternetExplorerDriver
Capabilities {acceptInsecureCerts: false, browserName: internet explorer, browserVersion: 11, javascriptEnabled: true, pageLoadStrategy: normal, platform: WINDOWS, platformName: WINDOWS, proxy: Proxy(), se:ieOptions: {browserAttachTimeout: 0, elementScrollBehavior: 0, enablePersistentHover: true, ie.browserCommandLineSwitches: , ie.edgechromium: false, ie.edgepath: , ie.ensureCleanSession: true, ie.fileUploadDialogTimeout: 3000, ie.forceCreateProcessApi: false, ignoreProtectedModeSettings: true, ignoreZoomSetting: true, initialBrowserUrl: http://localhost:2174/, nativeEvents: true, requireWindowFocus: false}, setWindowRect: true, strictFileInteractability: false, timeouts: {implicit: 0, pageLoad: 300000, script: 30000}, unhandledPromptBehavior: dismiss and notify}
Session ID: 8278a8a9-3703-4f73-8306-9f7c06aa26d5]]>
            </message>
            <full-stacktrace>
              <![CDATA[org.openqa.selenium.WebDriverException: Failed to navigate to http://10.10.10.231:8082/#/app/dashboard. This usually means that a call to the COM method IWebBrowser2::Navigate2() failed. The error returned is: Received error: 0x800700aa ['The requested resource is in use.']
Build info: version: '3.141.59', revision: 'e82be7d358', time: '2018-11-14T08:17:03'
System info: host: 'ATMECSINLT-060', ip: '55.55.52.253', os.name: 'Windows 10', os.arch: 'amd64', os.version: '10.0', java.version: '13.0.1'
Driver info: org.openqa.selenium.ie.InternetExplorerDriver
Capabilities {acceptInsecureCerts: false, browserName: internet explorer, browserVersion: 11, javascriptEnabled: true, pageLoadStrategy: normal, platform: WINDOWS, platformName: WINDOWS, proxy: Proxy(), se:ieOptions: {browserAttachTimeout: 0, elementScrollBehavior: 0, enablePersistentHover: true, ie.browserCommandLineSwitches: , ie.edgechromium: false, ie.edgepath: , ie.ensureCleanSession: true, ie.fileUploadDialogTimeout: 3000, ie.forceCreateProcessApi: false, ignoreProtectedModeSettings: true, ignoreZoomSetting: true, initialBrowserUrl: http://localhost:2174/, nativeEvents: true, requireWindowFocus: false}, setWindowRect: true, strictFileInteractability: false, timeouts: {implicit: 0, pageLoad: 300000, script: 30000}, unhandledPromptBehavior: dismiss and notify}
Session ID: 8278a8a9-3703-4f73-8306-9f7c06aa26d5
at java.base/jdk.internal.reflect.NativeConstructorAccessorImpl.newInstance0(Native Method)
at java.base/jdk.internal.reflect.NativeConstructorAccessorImpl.newInstance(NativeConstructorAccessorImpl.java:62)
at java.base/jdk.internal.reflect.DelegatingConstructorAccessorImpl.newInstance(DelegatingConstructorAccessorImpl.java:45)
at java.base/java.lang.reflect.Constructor.newInstanceWithCaller(Constructor.java:500)
at java.base/java.lang.reflect.Constructor.newInstance(Constructor.java:481)
at org.openqa.selenium.remote.http.W3CHttpResponseCodec.createException(W3CHttpResponseCodec.java:187)
at org.openqa.selenium.remote.http.W3CHttpResponseCodec.decode(W3CHttpResponseCodec.java:122)
at org.openqa.selenium.remote.http.W3CHttpResponseCodec.decode(W3CHttpResponseCodec.java:49)
at org.openqa.selenium.remote.HttpCommandExecutor.execute(HttpCommandExecutor.java:158)
at org.openqa.selenium.remote.service.DriverCommandExecutor.execute(DriverCommandExecutor.java:83)
at org.openqa.selenium.remote.RemoteWebDriver.execute(RemoteWebDriver.java:552)
at org.openqa.selenium.remote.RemoteWebDriver.get(RemoteWebDriver.java:277)
at com.atmecs.falcon.automation.ui.selenium.Browser.validateURL(Browser.java:509)
at com.atmecs.falcon.automation.ui.selenium.Browser.openURL(Browser.java:372)
at com.atmecs.qa.falcondashboard.testsuite.SampleTestSuiteBase.preSetup(SampleTestSuiteBase.java:39)
at java.base/jdk.internal.reflect.NativeMethodAccessorImpl.invoke0(Native Method)
at java.base/jdk.internal.reflect.NativeMethodAccessorImpl.invoke(NativeMethodAccessorImpl.java:62)
at java.base/jdk.internal.reflect.DelegatingMethodAccessorImpl.invoke(DelegatingMethodAccessorImpl.java:43)
at java.base/java.lang.reflect.Method.invoke(Method.java:567)
at org.testng.internal.MethodInvocationHelper.invokeMethod(MethodInvocationHelper.java:124)
at org.testng.internal.MethodInvocationHelper.invokeMethodConsideringTimeout(MethodInvocationHelper.java:59)
at org.testng.internal.Invoker.invokeConfigurationMethod(Invoker.java:458)
at org.testng.internal.Invoker.invokeConfigurations(Invoker.java:222)
at org.testng.internal.Invoker.invokeMethod(Invoker.java:523)
at org.testng.internal.Invoker.invokeTestMethod(Invoker.java:719)
at org.testng.internal.Invoker.invokeTestMethods(Invoker.java:989)
at org.testng.internal.TestMethodWorker.invokeTestMethods(TestMethodWorker.java:125)
at org.testng.internal.TestMethodWorker.run(TestMethodWorker.java:109)
at org.testng.TestRunner.privateRun(TestRunner.java:648)
at org.testng.TestRunner.run(TestRunner.java:505)
at org.testng.SuiteRunner.runTest(SuiteRunner.java:455)
at org.testng.SuiteRunner.runSequentially(SuiteRunner.java:450)
at org.testng.SuiteRunner.privateRun(SuiteRunner.java:415)
at org.testng.SuiteRunner.run(SuiteRunner.java:364)
at org.testng.SuiteRunnerWorker.runSuite(SuiteRunnerWorker.java:52)
at org.testng.SuiteRunnerWorker.run(SuiteRunnerWorker.java:84)
at org.testng.TestNG.runSuitesSequentially(TestNG.java:1208)
at org.testng.TestNG.runSuitesLocally(TestNG.java:1137)
at org.testng.TestNG.runSuites(TestNG.java:1049)
at org.testng.TestNG.run(TestNG.java:1017)
at com.atmecs.qa.falcondashboard.runner.TestNGRunner.main(TestNGRunner.java:60)
at java.base/jdk.internal.reflect.NativeMethodAccessorImpl.invoke0(Native Method)
at java.base/jdk.internal.reflect.NativeMethodAccessorImpl.invoke(NativeMethodAccessorImpl.java:62)
at java.base/jdk.internal.reflect.DelegatingMethodAccessorImpl.invoke(DelegatingMethodAccessorImpl.java:43)
at java.base/java.lang.reflect.Method.invoke(Method.java:567)
at org.codehaus.mojo.exec.ExecJavaMojo$1.run(ExecJavaMojo.java:294)
at java.base/java.lang.Thread.run(Thread.java:830)
]]>
            </full-stacktrace>
          </exception> <!-- org.openqa.selenium.WebDriverException -->
          <reporter-output>
            <line>
              <![CDATA[Opening browser: ie]]>
            </line>
          </reporter-output>
        </test-method> <!-- preSetup -->
        <test-method signature="testPhase()[pri:0, instance:com.atmecs.qa.falcondashboard.testscript.TC10_TestPhase@3d5d122e]" started-at="2020-03-03T13:33:47Z" name="testPhase" finished-at="2020-03-03T13:33:47Z" duration-ms="0" status="SKIP">
          <exception class="org.openqa.selenium.WebDriverException">
            <message>
              <![CDATA[Failed to navigate to http://10.10.10.231:8082/#/app/dashboard. This usually means that a call to the COM method IWebBrowser2::Navigate2() failed. The error returned is: Received error: 0x800700aa ['The requested resource is in use.']
Build info: version: '3.141.59', revision: 'e82be7d358', time: '2018-11-14T08:17:03'
System info: host: 'ATMECSINLT-060', ip: '55.55.52.253', os.name: 'Windows 10', os.arch: 'amd64', os.version: '10.0', java.version: '13.0.1'
Driver info: org.openqa.selenium.ie.InternetExplorerDriver
Capabilities {acceptInsecureCerts: false, browserName: internet explorer, browserVersion: 11, javascriptEnabled: true, pageLoadStrategy: normal, platform: WINDOWS, platformName: WINDOWS, proxy: Proxy(), se:ieOptions: {browserAttachTimeout: 0, elementScrollBehavior: 0, enablePersistentHover: true, ie.browserCommandLineSwitches: , ie.edgechromium: false, ie.edgepath: , ie.ensureCleanSession: true, ie.fileUploadDialogTimeout: 3000, ie.forceCreateProcessApi: false, ignoreProtectedModeSettings: true, ignoreZoomSetting: true, initialBrowserUrl: http://localhost:2174/, nativeEvents: true, requireWindowFocus: false}, setWindowRect: true, strictFileInteractability: false, timeouts: {implicit: 0, pageLoad: 300000, script: 30000}, unhandledPromptBehavior: dismiss and notify}
Session ID: 8278a8a9-3703-4f73-8306-9f7c06aa26d5]]>
            </message>
            <full-stacktrace>
              <![CDATA[org.openqa.selenium.WebDriverException: Failed to navigate to http://10.10.10.231:8082/#/app/dashboard. This usually means that a call to the COM method IWebBrowser2::Navigate2() failed. The error returned is: Received error: 0x800700aa ['The requested resource is in use.']
Build info: version: '3.141.59', revision: 'e82be7d358', time: '2018-11-14T08:17:03'
System info: host: 'ATMECSINLT-060', ip: '55.55.52.253', os.name: 'Windows 10', os.arch: 'amd64', os.version: '10.0', java.version: '13.0.1'
Driver info: org.openqa.selenium.ie.InternetExplorerDriver
Capabilities {acceptInsecureCerts: false, browserName: internet explorer, browserVersion: 11, javascriptEnabled: true, pageLoadStrategy: normal, platform: WINDOWS, platformName: WINDOWS, proxy: Proxy(), se:ieOptions: {browserAttachTimeout: 0, elementScrollBehavior: 0, enablePersistentHover: true, ie.browserCommandLineSwitches: , ie.edgechromium: false, ie.edgepath: , ie.ensureCleanSession: true, ie.fileUploadDialogTimeout: 3000, ie.forceCreateProcessApi: false, ignoreProtectedModeSettings: true, ignoreZoomSetting: true, initialBrowserUrl: http://localhost:2174/, nativeEvents: true, requireWindowFocus: false}, setWindowRect: true, strictFileInteractability: false, timeouts: {implicit: 0, pageLoad: 300000, script: 30000}, unhandledPromptBehavior: dismiss and notify}
Session ID: 8278a8a9-3703-4f73-8306-9f7c06aa26d5
at java.base/jdk.internal.reflect.NativeConstructorAccessorImpl.newInstance0(Native Method)
at java.base/jdk.internal.reflect.NativeConstructorAccessorImpl.newInstance(NativeConstructorAccessorImpl.java:62)
at java.base/jdk.internal.reflect.DelegatingConstructorAccessorImpl.newInstance(DelegatingConstructorAccessorImpl.java:45)
at java.base/java.lang.reflect.Constructor.newInstanceWithCaller(Constructor.java:500)
at java.base/java.lang.reflect.Constructor.newInstance(Constructor.java:481)
at org.openqa.selenium.remote.http.W3CHttpResponseCodec.createException(W3CHttpResponseCodec.java:187)
at org.openqa.selenium.remote.http.W3CHttpResponseCodec.decode(W3CHttpResponseCodec.java:122)
at org.openqa.selenium.remote.http.W3CHttpResponseCodec.decode(W3CHttpResponseCodec.java:49)
at org.openqa.selenium.remote.HttpCommandExecutor.execute(HttpCommandExecutor.java:158)
at org.openqa.selenium.remote.service.DriverCommandExecutor.execute(DriverCommandExecutor.java:83)
at org.openqa.selenium.remote.RemoteWebDriver.execute(RemoteWebDriver.java:552)
at org.openqa.selenium.remote.RemoteWebDriver.get(RemoteWebDriver.java:277)
at com.atmecs.falcon.automation.ui.selenium.Browser.validateURL(Browser.java:509)
at com.atmecs.falcon.automation.ui.selenium.Browser.openURL(Browser.java:372)
at com.atmecs.qa.falcondashboard.testsuite.SampleTestSuiteBase.preSetup(SampleTestSuiteBase.java:39)
at java.base/jdk.internal.reflect.NativeMethodAccessorImpl.invoke0(Native Method)
at java.base/jdk.internal.reflect.NativeMethodAccessorImpl.invoke(NativeMethodAccessorImpl.java:62)
at java.base/jdk.internal.reflect.DelegatingMethodAccessorImpl.invoke(DelegatingMethodAccessorImpl.java:43)
at java.base/java.lang.reflect.Method.invoke(Method.java:567)
at org.testng.internal.MethodInvocationHelper.invokeMethod(MethodInvocationHelper.java:124)
at org.testng.internal.MethodInvocationHelper.invokeMethodConsideringTimeout(MethodInvocationHelper.java:59)
at org.testng.internal.Invoker.invokeConfigurationMethod(Invoker.java:458)
at org.testng.internal.Invoker.invokeConfigurations(Invoker.java:222)
at org.testng.internal.Invoker.invokeMethod(Invoker.java:523)
at org.testng.internal.Invoker.invokeTestMethod(Invoker.java:719)
at org.testng.internal.Invoker.invokeTestMethods(Invoker.java:989)
at org.testng.internal.TestMethodWorker.invokeTestMethods(TestMethodWorker.java:125)
at org.testng.internal.TestMethodWorker.run(TestMethodWorker.java:109)
at org.testng.TestRunner.privateRun(TestRunner.java:648)
at org.testng.TestRunner.run(TestRunner.java:505)
at org.testng.SuiteRunner.runTest(SuiteRunner.java:455)
at org.testng.SuiteRunner.runSequentially(SuiteRunner.java:450)
at org.testng.SuiteRunner.privateRun(SuiteRunner.java:415)
at org.testng.SuiteRunner.run(SuiteRunner.java:364)
at org.testng.SuiteRunnerWorker.runSuite(SuiteRunnerWorker.java:52)
at org.testng.SuiteRunnerWorker.run(SuiteRunnerWorker.java:84)
at org.testng.TestNG.runSuitesSequentially(TestNG.java:1208)
at org.testng.TestNG.runSuitesLocally(TestNG.java:1137)
at org.testng.TestNG.runSuites(TestNG.java:1049)
at org.testng.TestNG.run(TestNG.java:1017)
at com.atmecs.qa.falcondashboard.runner.TestNGRunner.main(TestNGRunner.java:60)
at java.base/jdk.internal.reflect.NativeMethodAccessorImpl.invoke0(Native Method)
at java.base/jdk.internal.reflect.NativeMethodAccessorImpl.invoke(NativeMethodAccessorImpl.java:62)
at java.base/jdk.internal.reflect.DelegatingMethodAccessorImpl.invoke(DelegatingMethodAccessorImpl.java:43)
at java.base/java.lang.reflect.Method.invoke(Method.java:567)
at org.codehaus.mojo.exec.ExecJavaMojo$1.run(ExecJavaMojo.java:294)
at java.base/java.lang.Thread.run(Thread.java:830)
]]>
            </full-stacktrace>
          </exception> <!-- org.openqa.selenium.WebDriverException -->
          <reporter-output>
          </reporter-output>
        </test-method> <!-- testPhase -->
        <test-method is-config="true" signature="teardown()[pri:0, instance:com.atmecs.qa.falcondashboard.testscript.TC10_TestPhase@3d5d122e]" started-at="2020-03-03T13:33:47Z" name="teardown" finished-at="2020-03-03T13:33:47Z" duration-ms="0" status="SKIP">
          <reporter-output>
          </reporter-output>
        </test-method> <!-- teardown -->
      </class> <!-- com.atmecs.qa.falcondashboard.testscript.TC10_TestPhase -->
    </test> <!-- SampleTest -->
  </suite> <!-- FalconDemo-Sample-WIN_10_ie_3.150.1 (0) -->
  <suite started-at="2020-03-03T13:33:47Z" name="FalconDemo-Sample-WIN_10_ie_3.150.1 (1)" finished-at="2020-03-03T13:33:47Z" duration-ms="0">
    <groups>
    </groups>
    <test started-at="2020-03-03T13:33:47Z" name="SampleTest" finished-at="2020-03-03T13:33:47Z" duration-ms="0">
    </test> <!-- SampleTest -->
  </suite> <!-- FalconDemo-Sample-WIN_10_ie_3.150.1 (1) -->
  <suite started-at="2020-03-03T13:33:25Z" name="FalconDemo-Sample-WIN_10_ie_3.150.1" finished-at="2020-03-03T13:33:25Z" duration-ms="1">
    <groups>
    </groups>
    <test started-at="2020-03-03T13:33:25Z" name="SampleTest" finished-at="2020-03-03T13:33:25Z" duration-ms="1">
    </test> <!-- SampleTest -->
  </suite> <!-- FalconDemo-Sample-WIN_10_ie_3.150.1 -->
  <suite started-at="2020-03-03T13:31:53Z" name="FalconDemo-Sample-WIN_10_chrome_77 (0)" finished-at="2020-03-03T13:32:36Z" duration-ms="42865">
    <groups>
    </groups>
    <test started-at="2020-03-03T13:31:53Z" name="SampleTest" finished-at="2020-03-03T13:32:36Z" duration-ms="42865">
      <class name="com.atmecs.qa.falcondashboard.testscript.TC10_TestPhase">
        <test-method is-config="true" signature="preSetup(java.lang.String, java.lang.String, java.lang.String, java.lang.String)[pri:0, instance:com.atmecs.qa.falcondashboard.testscript.TC10_TestPhase@568b1e82]" started-at="2020-03-03T13:31:53Z" name="preSetup" finished-at="2020-03-03T13:32:12Z" duration-ms="18541" status="PASS">
          <params>
            <param index="0">
              <value>
                <![CDATA[WIN]]>
              </value>
            </param>
            <param index="1">
              <value>
                <![CDATA[10]]>
              </value>
            </param>
            <param index="2">
              <value>
                <![CDATA[chrome]]>
              </value>
            </param>
            <param index="3">
              <value>
                <![CDATA[77]]>
              </value>
            </param>
          </params>
          <reporter-output>
            <line>
              <![CDATA[Opening browser: chrome]]>
            </line>
            <line>
              <![CDATA[Maximizing browser window]]>
            </line>
          </reporter-output>
        </test-method> <!-- preSetup -->
        <test-method signature="testPhase()[pri:0, instance:com.atmecs.qa.falcondashboard.testscript.TC10_TestPhase@568b1e82]" started-at="2020-03-03T13:32:12Z" name="testPhase" finished-at="2020-03-03T13:32:35Z" duration-ms="23599" status="PASS">
          <reporter-output>
            <line>
              <![CDATA[Successfully clicked on the product]]>
            </line>
            <line>
              <![CDATA[Successfully selected dashboard option]]>
            </line>
            <line>
              <![CDATA[Successfully validated the test phase of the product]]>
            </line>
          </reporter-output>
        </test-method> <!-- testPhase -->
        <test-method is-config="true" signature="teardown()[pri:0, instance:com.atmecs.qa.falcondashboard.testscript.TC10_TestPhase@568b1e82]" started-at="2020-03-03T13:32:35Z" name="teardown" finished-at="2020-03-03T13:32:36Z" duration-ms="694" status="PASS">
          <reporter-output>
          </reporter-output>
        </test-method> <!-- teardown -->
      </class> <!-- com.atmecs.qa.falcondashboard.testscript.TC10_TestPhase -->
    </test> <!-- SampleTest -->
  </suite> <!-- FalconDemo-Sample-WIN_10_chrome_77 (0) -->
  <suite started-at="2020-03-03T13:33:47Z" name="FalconDemo-Sample-WIN_10_ie_3.150.1 (4)" finished-at="2020-03-03T13:33:47Z" duration-ms="0">
    <groups>
    </groups>
    <test started-at="2020-03-03T13:33:47Z" name="SampleTest" finished-at="2020-03-03T13:33:47Z" duration-ms="0">
    </test> <!-- SampleTest -->
  </suite> <!-- FalconDemo-Sample-WIN_10_ie_3.150.1 (4) -->
  <suite started-at="2020-03-03T13:32:36Z" name="FalconDemo-Sample-WIN_10_chrome_77 (1)" finished-at="2020-03-03T13:32:36Z" duration-ms="0">
    <groups>
    </groups>
    <test started-at="2020-03-03T13:32:36Z" name="SampleTest" finished-at="2020-03-03T13:32:36Z" duration-ms="0">
    </test> <!-- SampleTest -->
  </suite> <!-- FalconDemo-Sample-WIN_10_chrome_77 (1) -->
  <suite started-at="2020-03-03T13:33:47Z" name="FalconDemo-Sample-WIN_10_ie_3.150.1 (5)" finished-at="2020-03-03T13:33:47Z" duration-ms="0">
    <groups>
    </groups>
    <test started-at="2020-03-03T13:33:47Z" name="SampleTest" finished-at="2020-03-03T13:33:47Z" duration-ms="0">
    </test> <!-- SampleTest -->
  </suite> <!-- FalconDemo-Sample-WIN_10_ie_3.150.1 (5) -->
  <suite started-at="2020-03-03T13:32:36Z" name="FalconDemo-Sample-WIN_10_chrome_77 (2)" finished-at="2020-03-03T13:32:36Z" duration-ms="0">
    <groups>
    </groups>
    <test started-at="2020-03-03T13:32:36Z" name="SampleTest" finished-at="2020-03-03T13:32:36Z" duration-ms="0">
    </test> <!-- SampleTest -->
  </suite> <!-- FalconDemo-Sample-WIN_10_chrome_77 (2) -->
  <suite started-at="2020-03-03T13:33:47Z" name="FalconDemo-Sample-WIN_10_ie_3.150.1 (2)" finished-at="2020-03-03T13:33:47Z" duration-ms="0">
    <groups>
    </groups>
    <test started-at="2020-03-03T13:33:47Z" name="SampleTest" finished-at="2020-03-03T13:33:47Z" duration-ms="0">
    </test> <!-- SampleTest -->
  </suite> <!-- FalconDemo-Sample-WIN_10_ie_3.150.1 (2) -->
  <suite started-at="2020-03-03T13:32:36Z" name="FalconDemo-Sample-WIN_10_chrome_77 (3)" finished-at="2020-03-03T13:32:36Z" duration-ms="0">
    <groups>
    </groups>
    <test started-at="2020-03-03T13:32:36Z" name="SampleTest" finished-at="2020-03-03T13:32:36Z" duration-ms="0">
    </test> <!-- SampleTest -->
  </suite> <!-- FalconDemo-Sample-WIN_10_chrome_77 (3) -->
  <suite started-at="2020-03-03T13:33:47Z" name="FalconDemo-Sample-WIN_10_ie_3.150.1 (3)" finished-at="2020-03-03T13:33:47Z" duration-ms="0">
    <groups>
    </groups>
    <test started-at="2020-03-03T13:33:47Z" name="SampleTest" finished-at="2020-03-03T13:33:47Z" duration-ms="0">
    </test> <!-- SampleTest -->
  </suite> <!-- FalconDemo-Sample-WIN_10_ie_3.150.1 (3) -->
  <suite started-at="2020-03-03T13:32:36Z" name="FalconDemo-Sample-WIN_10_firefox_0.26.0" finished-at="2020-03-03T13:32:36Z" duration-ms="1">
    <groups>
    </groups>
    <test started-at="2020-03-03T13:32:36Z" name="SampleTest" finished-at="2020-03-03T13:32:36Z" duration-ms="1">
    </test> <!-- SampleTest -->
  </suite> <!-- FalconDemo-Sample-WIN_10_firefox_0.26.0 -->
  <suite started-at="2020-03-03T13:31:53Z" name="FalconDemo-Sample-WIN_10_chrome_77" finished-at="2020-03-03T13:31:53Z" duration-ms="6">
    <groups>
    </groups>
    <test started-at="2020-03-03T13:31:53Z" name="SampleTest" finished-at="2020-03-03T13:31:53Z" duration-ms="6">
    </test> <!-- SampleTest -->
  </suite> <!-- FalconDemo-Sample-WIN_10_chrome_77 -->
  <suite started-at="2020-03-03T13:32:36Z" name="FalconDemo-Sample-WIN_10_chrome_77 (4)" finished-at="2020-03-03T13:32:36Z" duration-ms="0">
    <groups>
    </groups>
    <test started-at="2020-03-03T13:32:36Z" name="SampleTest" finished-at="2020-03-03T13:32:36Z" duration-ms="0">
    </test> <!-- SampleTest -->
  </suite> <!-- FalconDemo-Sample-WIN_10_chrome_77 (4) -->
  <suite started-at="2020-03-03T13:33:25Z" name="FalconDemo-Sample-WIN_10_firefox_0.26.0 (2)" finished-at="2020-03-03T13:33:25Z" duration-ms="0">
    <groups>
    </groups>
    <test started-at="2020-03-03T13:33:25Z" name="SampleTest" finished-at="2020-03-03T13:33:25Z" duration-ms="0">
    </test> <!-- SampleTest -->
  </suite> <!-- FalconDemo-Sample-WIN_10_firefox_0.26.0 (2) -->
  <suite started-at="2020-03-03T13:32:36Z" name="FalconDemo-Sample-WIN_10_chrome_77 (5)" finished-at="2020-03-03T13:32:36Z" duration-ms="1">
    <groups>
    </groups>
    <test started-at="2020-03-03T13:32:36Z" name="SampleTest" finished-at="2020-03-03T13:32:36Z" duration-ms="1">
    </test> <!-- SampleTest -->
  </suite> <!-- FalconDemo-Sample-WIN_10_chrome_77 (5) -->
  <suite started-at="2020-03-03T13:33:25Z" name="FalconDemo-Sample-WIN_10_firefox_0.26.0 (1)" finished-at="2020-03-03T13:33:25Z" duration-ms="0">
    <groups>
    </groups>
    <test started-at="2020-03-03T13:33:25Z" name="SampleTest" finished-at="2020-03-03T13:33:25Z" duration-ms="0">
    </test> <!-- SampleTest -->
  </suite> <!-- FalconDemo-Sample-WIN_10_firefox_0.26.0 (1) -->
  <suite started-at="2020-03-03T13:32:36Z" name="FalconDemo-Sample-WIN_10_firefox_0.26.0 (0)" finished-at="2020-03-03T13:33:25Z" duration-ms="49073">
    <groups>
    </groups>
    <test started-at="2020-03-03T13:32:36Z" name="SampleTest" finished-at="2020-03-03T13:33:25Z" duration-ms="49073">
      <class name="com.atmecs.qa.falcondashboard.testscript.TC10_TestPhase">
        <test-method is-config="true" signature="preSetup(java.lang.String, java.lang.String, java.lang.String, java.lang.String)[pri:0, instance:com.atmecs.qa.falcondashboard.testscript.TC10_TestPhase@54cfde06]" started-at="2020-03-03T13:32:36Z" name="preSetup" finished-at="2020-03-03T13:33:00Z" duration-ms="23613" status="PASS">
          <params>
            <param index="0">
              <value>
                <![CDATA[WIN]]>
              </value>
            </param>
            <param index="1">
              <value>
                <![CDATA[10]]>
              </value>
            </param>
            <param index="2">
              <value>
                <![CDATA[firefox]]>
              </value>
            </param>
            <param index="3">
              <value>
                <![CDATA[0.26.0]]>
              </value>
            </param>
          </params>
          <reporter-output>
            <line>
              <![CDATA[Opening browser: firefox]]>
            </line>
            <line>
              <![CDATA[Maximizing browser window]]>
            </line>
          </reporter-output>
        </test-method> <!-- preSetup -->
        <test-method signature="testPhase()[pri:0, instance:com.atmecs.qa.falcondashboard.testscript.TC10_TestPhase@54cfde06]" started-at="2020-03-03T13:33:00Z" name="testPhase" finished-at="2020-03-03T13:33:21Z" duration-ms="21450" status="FAIL">
          <exception class="org.openqa.selenium.ElementClickInterceptedException">
            <message>
              <![CDATA[Element <label class="switch pull-right"> is not clickable at point (1231,98) because another element <div class="block-ui-overlay"> obscures it
Build info: version: '3.141.59', revision: 'e82be7d358', time: '2018-11-14T08:17:03'
System info: host: 'ATMECSINLT-060', ip: '55.55.52.253', os.name: 'Windows 10', os.arch: 'amd64', os.version: '10.0', java.version: '13.0.1'
Driver info: org.openqa.selenium.firefox.FirefoxDriver
Capabilities {acceptInsecureCerts: true, browserName: firefox, browserVersion: 73.0.1, javascriptEnabled: true, moz:accessibilityChecks: false, moz:buildID: 20200217142647, moz:geckodriverVersion: 0.24.0, moz:headless: false, moz:processID: 78584, moz:profile: C:\Users\srinischal.thipara..., moz:shutdownTimeout: 60000, moz:useNonSpecCompliantPointerOrigin: false, moz:webdriverClick: true, pageLoadStrategy: normal, platform: WINDOWS, platformName: WINDOWS, platformVersion: 10.0, rotatable: false, setWindowRect: true, strictFileInteractability: false, timeouts: {implicit: 0, pageLoad: 300000, script: 30000}, unhandledPromptBehavior: dismiss and notify}
Session ID: 89f758ca-e818-4a2a-97f9-f31e46a51dea]]>
            </message>
            <full-stacktrace>
              <![CDATA[org.openqa.selenium.ElementClickInterceptedException: Element <label class="switch pull-right"> is not clickable at point (1231,98) because another element <div class="block-ui-overlay"> obscures it
Build info: version: '3.141.59', revision: 'e82be7d358', time: '2018-11-14T08:17:03'
System info: host: 'ATMECSINLT-060', ip: '55.55.52.253', os.name: 'Windows 10', os.arch: 'amd64', os.version: '10.0', java.version: '13.0.1'
Driver info: org.openqa.selenium.firefox.FirefoxDriver
Capabilities {acceptInsecureCerts: true, browserName: firefox, browserVersion: 73.0.1, javascriptEnabled: true, moz:accessibilityChecks: false, moz:buildID: 20200217142647, moz:geckodriverVersion: 0.24.0, moz:headless: false, moz:processID: 78584, moz:profile: C:\Users\srinischal.thipara..., moz:shutdownTimeout: 60000, moz:useNonSpecCompliantPointerOrigin: false, moz:webdriverClick: true, pageLoadStrategy: normal, platform: WINDOWS, platformName: WINDOWS, platformVersion: 10.0, rotatable: false, setWindowRect: true, strictFileInteractability: false, timeouts: {implicit: 0, pageLoad: 300000, script: 30000}, unhandledPromptBehavior: dismiss and notify}
Session ID: 89f758ca-e818-4a2a-97f9-f31e46a51dea
at java.base/jdk.internal.reflect.NativeConstructorAccessorImpl.newInstance0(Native Method)
at java.base/jdk.internal.reflect.NativeConstructorAccessorImpl.newInstance(NativeConstructorAccessorImpl.java:62)
at java.base/jdk.internal.reflect.DelegatingConstructorAccessorImpl.newInstance(DelegatingConstructorAccessorImpl.java:45)
at java.base/java.lang.reflect.Constructor.newInstanceWithCaller(Constructor.java:500)
at java.base/java.lang.reflect.Constructor.newInstance(Constructor.java:481)
at org.openqa.selenium.remote.http.W3CHttpResponseCodec.createException(W3CHttpResponseCodec.java:187)
at org.openqa.selenium.remote.http.W3CHttpResponseCodec.decode(W3CHttpResponseCodec.java:122)
at org.openqa.selenium.remote.http.W3CHttpResponseCodec.decode(W3CHttpResponseCodec.java:49)
at org.openqa.selenium.remote.HttpCommandExecutor.execute(HttpCommandExecutor.java:158)
at org.openqa.selenium.remote.service.DriverCommandExecutor.execute(DriverCommandExecutor.java:83)
at org.openqa.selenium.remote.RemoteWebDriver.execute(RemoteWebDriver.java:552)
at org.openqa.selenium.remote.RemoteWebElement.execute(RemoteWebElement.java:285)
at org.openqa.selenium.remote.RemoteWebElement.click(RemoteWebElement.java:84)
at com.atmecs.qa.falcondashboard.utils.Pageactions.clickOnElement(Pageactions.java:93)
at com.atmecs.qa.falcondashboard.testscript.TC10_TestPhase.testPhase(TC10_TestPhase.java:50)
at java.base/jdk.internal.reflect.NativeMethodAccessorImpl.invoke0(Native Method)
at java.base/jdk.internal.reflect.NativeMethodAccessorImpl.invoke(NativeMethodAccessorImpl.java:62)
at java.base/jdk.internal.reflect.DelegatingMethodAccessorImpl.invoke(DelegatingMethodAccessorImpl.java:43)
at java.base/java.lang.reflect.Method.invoke(Method.java:567)
at org.testng.internal.MethodInvocationHelper.invokeMethod(MethodInvocationHelper.java:124)
at org.testng.internal.Invoker.invokeMethod(Invoker.java:583)
at org.testng.internal.Invoker.invokeTestMethod(Invoker.java:719)
at org.testng.internal.Invoker.invokeTestMethods(Invoker.java:989)
at org.testng.internal.TestMethodWorker.invokeTestMethods(TestMethodWorker.java:125)
at org.testng.internal.TestMethodWorker.run(TestMethodWorker.java:109)
at org.testng.TestRunner.privateRun(TestRunner.java:648)
at org.testng.TestRunner.run(TestRunner.java:505)
at org.testng.SuiteRunner.runTest(SuiteRunner.java:455)
at org.testng.SuiteRunner.runSequentially(SuiteRunner.java:450)
at org.testng.SuiteRunner.privateRun(SuiteRunner.java:415)
at org.testng.SuiteRunner.run(SuiteRunner.java:364)
at org.testng.SuiteRunnerWorker.runSuite(SuiteRunnerWorker.java:52)
at org.testng.SuiteRunnerWorker.run(SuiteRunnerWorker.java:84)
at org.testng.TestNG.runSuitesSequentially(TestNG.java:1208)
at org.testng.TestNG.runSuitesLocally(TestNG.java:1137)
at org.testng.TestNG.runSuites(TestNG.java:1049)
at org.testng.TestNG.run(TestNG.java:1017)
at com.atmecs.qa.falcondashboard.runner.TestNGRunner.main(TestNGRunner.java:60)
at java.base/jdk.internal.reflect.NativeMethodAccessorImpl.invoke0(Native Method)
at java.base/jdk.internal.reflect.NativeMethodAccessorImpl.invoke(NativeMethodAccessorImpl.java:62)
at java.base/jdk.internal.reflect.DelegatingMethodAccessorImpl.invoke(DelegatingMethodAccessorImpl.java:43)
at java.base/java.lang.reflect.Method.invoke(Method.java:567)
at org.codehaus.mojo.exec.ExecJavaMojo$1.run(ExecJavaMojo.java:294)
at java.base/java.lang.Thread.run(Thread.java:830)
]]>
            </full-stacktrace>
          </exception> <!-- org.openqa.selenium.ElementClickInterceptedException -->
          <reporter-output>
            <line>
              <![CDATA[Successfully clicked on the product]]>
            </line>
            <line>
              <![CDATA[Screenshot Captured for failure C:\Users\srinischal.thiparani\FalconDashboardAutomation\falcondashboard\target\FalconDemo-Sample-WIN_10_firefox_0.26.0 (0)\Screenshots\testPhase_1_.png]]>
            </line>
          </reporter-output>
        </test-method> <!-- testPhase -->
        <test-method is-config="true" signature="teardown()[pri:0, instance:com.atmecs.qa.falcondashboard.testscript.TC10_TestPhase@54cfde06]" started-at="2020-03-03T13:33:21Z" name="teardown" finished-at="2020-03-03T13:33:25Z" duration-ms="3801" status="PASS">
          <reporter-output>
          </reporter-output>
        </test-method> <!-- teardown -->
      </class> <!-- com.atmecs.qa.falcondashboard.testscript.TC10_TestPhase -->
    </test> <!-- SampleTest -->
  </suite> <!-- FalconDemo-Sample-WIN_10_firefox_0.26.0 (0) -->
  <suite started-at="2020-03-03T13:33:25Z" name="FalconDemo-Sample-WIN_10_firefox_0.26.0 (5)" finished-at="2020-03-03T13:33:25Z" duration-ms="0">
    <groups>
    </groups>
    <test started-at="2020-03-03T13:33:25Z" name="SampleTest" finished-at="2020-03-03T13:33:25Z" duration-ms="0">
    </test> <!-- SampleTest -->
  </suite> <!-- FalconDemo-Sample-WIN_10_firefox_0.26.0 (5) -->
  <suite started-at="2020-03-03T13:33:25Z" name="FalconDemo-Sample-WIN_10_firefox_0.26.0 (4)" finished-at="2020-03-03T13:33:25Z" duration-ms="1">
    <groups>
    </groups>
    <test started-at="2020-03-03T13:33:25Z" name="SampleTest" finished-at="2020-03-03T13:33:25Z" duration-ms="1">
    </test> <!-- SampleTest -->
  </suite> <!-- FalconDemo-Sample-WIN_10_firefox_0.26.0 (4) -->
  <suite started-at="2020-03-03T13:33:25Z" name="FalconDemo-Sample-WIN_10_firefox_0.26.0 (3)" finished-at="2020-03-03T13:33:25Z" duration-ms="1">
    <groups>
    </groups>
    <test started-at="2020-03-03T13:33:25Z" name="SampleTest" finished-at="2020-03-03T13:33:25Z" duration-ms="1">
    </test> <!-- SampleTest -->
  </suite> <!-- FalconDemo-Sample-WIN_10_firefox_0.26.0 (3) -->
</testng-results>
