<?xml version="1.0" encoding="UTF-8"?>
<!-- Generated by org.testng.reporters.JUnitXMLReporter -->
<testsuite ignored="0" hostname="ATMECSINLT-060" failures="1" tests="1" name="SampleTest" time="13.728" errors="0" timestamp="03 Feb 2020 13:04:43 GMT">
  <testcase classname="com.atmecs.qa.falcondashboard.testscript.TC08_ViewPage" name="view" time="1.907">
    <failure type="java.lang.AssertionError" message="expected [10 TEST(S)] but found []">
      <![CDATA[java.lang.AssertionError: expected [10 TEST(S)] but found []
at com.atmecs.qa.falcondashboard.helper.ValidationHelper.getdata(ValidationHelper.java:30)
at com.atmecs.qa.falcondashboard.validationresults.ViewPageValidation.validatetestcases(ViewPageValidation.java:23)
at com.atmecs.qa.falcondashboard.testscript.TC08_ViewPage.view(TC08_ViewPage.java:45)
at com.atmecs.qa.falcondashboard.runner.TestNGRunner.main(TestNGRunner.java:59)
at org.codehaus.mojo.exec.ExecJavaMojo$1.run(ExecJavaMojo.java:294)
at java.base/java.lang.Thread.run(Thread.java:830)
... Removed 32 stack frames]]>
    </failure>
  </testcase> <!-- view -->
</testsuite> <!-- SampleTest -->
