<?xml version="1.0" encoding="UTF-8"?>
<!-- Generated by org.testng.reporters.JUnitXMLReporter -->
<testsuite ignored="0" hostname="ATMECSINLT-060" failures="0" tests="1" name="IETest" time="0.001" errors="0" timestamp="21 Feb 2020 10:35:18 GMT">
  <testcase classname="com.atmecs.qa.falcondashboard.testsuite.SampleTestSuiteBase" name="@BeforeSuite preSetup" time="0.0">
    <failure type="org.testng.TestNGException" message="
Method preSetup requires 4 parameters but 5 were supplied in the BeforeSuite annotation.">
      <![CDATA[org.testng.TestNGException: 
Method preSetup requires 4 parameters but 5 were supplied in the BeforeSuite annotation.
at com.atmecs.qa.falcondashboard.runner.TestNGRunner.main(TestNGRunner.java:59)
at org.codehaus.mojo.exec.ExecJavaMojo$1.run(ExecJavaMojo.java:294)
at java.base/java.lang.Thread.run(Thread.java:830)
... Removed 18 stack frames]]>
    </failure>
  </testcase> <!-- @BeforeSuite preSetup -->
  <testcase classname="com.atmecs.qa.falcondashboard.testscript.TC01_DashBoardPage" name="dashboardPage" time="0.0">
    <skipped/>
  </testcase> <!-- dashboardPage -->
</testsuite> <!-- IETest -->
