<html>
<head>
<title>TestNG:  SampleTest</title>
<link href="../testng.css" rel="stylesheet" type="text/css" />
<link href="../my-testng.css" rel="stylesheet" type="text/css" />

<style type="text/css">
.log { display: none;} 
.stack-trace { display: none;} 
</style>
<script type="text/javascript">
<!--
function flip(e) {
  current = e.style.display;
  if (current == 'block') {
    e.style.display = 'none';
    return 0;
  }
  else {
    e.style.display = 'block';
    return 1;
  }
}

function toggleBox(szDivId, elem, msg1, msg2)
{
  var res = -1;  if (document.getElementById) {
    res = flip(document.getElementById(szDivId));
  }
  else if (document.all) {
    // this is the way old msie versions work
    res = flip(document.all[szDivId]);
  }
  if(elem) {
    if(res == 0) elem.innerHTML = msg1; else elem.innerHTML = msg2;
  }

}

function toggleAllBoxes() {
  if (document.getElementsByTagName) {
    d = document.getElementsByTagName('div');
    for (i = 0; i < d.length; i++) {
      if (d[i].className == 'log') {
        flip(d[i]);
      }
    }
  }
}

// -->
</script>

</head>
<body>
<h2 align='center'>SampleTest</h2><table border='1' align="center">
<tr>
<td>Tests passed/Failed/Skipped:</td><td>7/1/0</td>
</tr><tr>
<td>Started on:</td><td>Wed Mar 04 17:06:00 IST 2020</td>
</tr>
<tr><td>Total time:</td><td>455 seconds (455566 ms)</td>
</tr><tr>
<td>Included groups:</td><td></td>
</tr><tr>
<td>Excluded groups:</td><td></td>
</tr>
</table><p/>
<small><i>(Hover the method name to see the test class name)</i></small><p/>
<table width='100%' border='1' class='invocation-failed'>
<tr><td colspan='4' align='center'><b>FAILED CONFIGURATIONS</b></td></tr>
<tr><td><b>Test method</b></td>
<td width="30%"><b>Exception</b></td>
<td width="10%"><b>Time (seconds)</b></td>
<td><b>Instance</b></td>
</tr>
<tr>
<td title='com.atmecs.qa.falcondashboard.testscript.TC08_DashboardSlidder.teardown()'><b>teardown</b><br>Test class: com.atmecs.qa.falcondashboard.testscript.TC08_DashboardSlidder</td>
<td><div><pre>org.openqa.selenium.NoSuchSessionException: Tried to run command without establishing a connection
Build info: version: &apos;3.141.59&apos;, revision: &apos;e82be7d358&apos;, time: &apos;2018-11-14T08:17:03&apos;
System info: host: &apos;ATMECSINLT-060&apos;, ip: &apos;55.55.52.253&apos;, os.name: &apos;Windows 10&apos;, os.arch: &apos;amd64&apos;, os.version: &apos;10.0&apos;, java.version: &apos;13.0.1&apos;
Driver info: org.openqa.selenium.firefox.FirefoxDriver
Capabilities {acceptInsecureCerts: true, browserName: firefox, browserVersion: 73.0.1, javascriptEnabled: true, moz:accessibilityChecks: false, moz:buildID: 20200217142647, moz:geckodriverVersion: 0.24.0, moz:headless: false, moz:processID: 155172, moz:profile: C:\Users\srinischal.thipara..., moz:shutdownTimeout: 60000, moz:useNonSpecCompliantPointerOrigin: false, moz:webdriverClick: true, pageLoadStrategy: normal, platform: WINDOWS, platformName: WINDOWS, platformVersion: 10.0, rotatable: false, setWindowRect: true, strictFileInteractability: false, timeouts: {implicit: 0, pageLoad: 300000, script: 30000}, unhandledPromptBehavior: dismiss and notify}
Session ID: e4b29791-d44a-4911-b7d9-ef9fb42f47a2
	at org.openqa.selenium.remote.http.W3CHttpResponseCodec.createException(W3CHttpResponseCodec.java:187)
	at org.openqa.selenium.remote.http.W3CHttpResponseCodec.decode(W3CHttpResponseCodec.java:122)
	at org.openqa.selenium.remote.http.W3CHttpResponseCodec.decode(W3CHttpResponseCodec.java:49)
	at org.openqa.selenium.remote.HttpCommandExecutor.execute(HttpCommandExecutor.java:158)
	at org.openqa.selenium.remote.service.DriverCommandExecutor.execute(DriverCommandExecutor.java:83)
	at org.openqa.selenium.remote.RemoteWebDriver.execute(RemoteWebDriver.java:552)
	at org.openqa.selenium.remote.RemoteWebDriver.execute(RemoteWebDriver.java:609)
	at org.openqa.selenium.remote.RemoteWebDriver.close(RemoteWebDriver.java:442)
	at com.atmecs.falcon.automation.ui.selenium.Browser.closeBrowser(Browser.java:115)
	at com.atmecs.qa.falcondashboard.testsuite.SampleTestSuiteBase.teardown(SampleTestSuiteBase.java:46)
	at java.base/java.util.concurrent.ThreadPoolExecutor.runWorker(ThreadPoolExecutor.java:1128)
	at java.base/java.util.concurrent.ThreadPoolExecutor$Worker.run(ThreadPoolExecutor.java:628)
	at java.base/java.lang.Thread.run(Thread.java:830)
... Removed 23 stack frames</pre></div><a href='#' onClick='toggleBox("stack-trace1019118102", this, "Click to show all stack frames", "Click to hide stack frames")'>Click to show all stack frames</a>
<div class='stack-trace' id='stack-trace1019118102'><pre>org.openqa.selenium.NoSuchSessionException: Tried to run command without establishing a connection
Build info: version: &apos;3.141.59&apos;, revision: &apos;e82be7d358&apos;, time: &apos;2018-11-14T08:17:03&apos;
System info: host: &apos;ATMECSINLT-060&apos;, ip: &apos;55.55.52.253&apos;, os.name: &apos;Windows 10&apos;, os.arch: &apos;amd64&apos;, os.version: &apos;10.0&apos;, java.version: &apos;13.0.1&apos;
Driver info: org.openqa.selenium.firefox.FirefoxDriver
Capabilities {acceptInsecureCerts: true, browserName: firefox, browserVersion: 73.0.1, javascriptEnabled: true, moz:accessibilityChecks: false, moz:buildID: 20200217142647, moz:geckodriverVersion: 0.24.0, moz:headless: false, moz:processID: 155172, moz:profile: C:\Users\srinischal.thipara..., moz:shutdownTimeout: 60000, moz:useNonSpecCompliantPointerOrigin: false, moz:webdriverClick: true, pageLoadStrategy: normal, platform: WINDOWS, platformName: WINDOWS, platformVersion: 10.0, rotatable: false, setWindowRect: true, strictFileInteractability: false, timeouts: {implicit: 0, pageLoad: 300000, script: 30000}, unhandledPromptBehavior: dismiss and notify}
Session ID: e4b29791-d44a-4911-b7d9-ef9fb42f47a2
	at java.base/jdk.internal.reflect.NativeConstructorAccessorImpl.newInstance0(Native Method)
	at java.base/jdk.internal.reflect.NativeConstructorAccessorImpl.newInstance(NativeConstructorAccessorImpl.java:62)
	at java.base/jdk.internal.reflect.DelegatingConstructorAccessorImpl.newInstance(DelegatingConstructorAccessorImpl.java:45)
	at java.base/java.lang.reflect.Constructor.newInstanceWithCaller(Constructor.java:500)
	at java.base/java.lang.reflect.Constructor.newInstance(Constructor.java:481)
	at org.openqa.selenium.remote.http.W3CHttpResponseCodec.createException(W3CHttpResponseCodec.java:187)
	at org.openqa.selenium.remote.http.W3CHttpResponseCodec.decode(W3CHttpResponseCodec.java:122)
	at org.openqa.selenium.remote.http.W3CHttpResponseCodec.decode(W3CHttpResponseCodec.java:49)
	at org.openqa.selenium.remote.HttpCommandExecutor.execute(HttpCommandExecutor.java:158)
	at org.openqa.selenium.remote.service.DriverCommandExecutor.execute(DriverCommandExecutor.java:83)
	at org.openqa.selenium.remote.RemoteWebDriver.execute(RemoteWebDriver.java:552)
	at org.openqa.selenium.remote.RemoteWebDriver.execute(RemoteWebDriver.java:609)
	at org.openqa.selenium.remote.RemoteWebDriver.close(RemoteWebDriver.java:442)
	at com.atmecs.falcon.automation.ui.selenium.Browser.closeBrowser(Browser.java:115)
	at com.atmecs.qa.falcondashboard.testsuite.SampleTestSuiteBase.teardown(SampleTestSuiteBase.java:46)
	at jdk.internal.reflect.GeneratedMethodAccessor28.invoke(Unknown Source)
	at java.base/jdk.internal.reflect.DelegatingMethodAccessorImpl.invoke(DelegatingMethodAccessorImpl.java:43)
	at java.base/java.lang.reflect.Method.invoke(Method.java:567)
	at org.testng.internal.MethodInvocationHelper.invokeMethod(MethodInvocationHelper.java:124)
	at org.testng.internal.MethodInvocationHelper.invokeMethodConsideringTimeout(MethodInvocationHelper.java:59)
	at org.testng.internal.Invoker.invokeConfigurationMethod(Invoker.java:458)
	at org.testng.internal.Invoker.invokeConfigurations(Invoker.java:222)
	at org.testng.internal.Invoker.invokeConfigurations(Invoker.java:142)
	at org.testng.internal.TestMethodWorker.invokeAfterClassMethods(TestMethodWorker.java:214)
	at org.testng.internal.TestMethodWorker.run(TestMethodWorker.java:111)
	at org.testng.TestRunner.privateRun(TestRunner.java:648)
	at org.testng.TestRunner.run(TestRunner.java:505)
	at org.testng.SuiteRunner.runTest(SuiteRunner.java:455)
	at org.testng.SuiteRunner.runSequentially(SuiteRunner.java:450)
	at org.testng.SuiteRunner.privateRun(SuiteRunner.java:415)
	at org.testng.SuiteRunner.run(SuiteRunner.java:364)
	at org.testng.SuiteRunnerWorker.runSuite(SuiteRunnerWorker.java:52)
	at org.testng.SuiteRunnerWorker.run(SuiteRunnerWorker.java:84)
	at java.base/java.util.concurrent.ThreadPoolExecutor.runWorker(ThreadPoolExecutor.java:1128)
	at java.base/java.util.concurrent.ThreadPoolExecutor$Worker.run(ThreadPoolExecutor.java:628)
	at java.base/java.lang.Thread.run(Thread.java:830)
</pre></div></td>
<td>0</td>
<td>com.atmecs.qa.falcondashboard.testscript.TC08_DashboardSlidder@7e09af60</td></tr>
</table><p>
<table width='100%' border='1' class='invocation-failed'>
<tr><td colspan='4' align='center'><b>FAILED TESTS</b></td></tr>
<tr><td><b>Test method</b></td>
<td width="30%"><b>Exception</b></td>
<td width="10%"><b>Time (seconds)</b></td>
<td><b>Instance</b></td>
</tr>
<tr>
<td title='com.atmecs.qa.falcondashboard.testscript.TC16_MainNavigation.mainNavigation()'><b>mainNavigation</b><br>Test class: com.atmecs.qa.falcondashboard.testscript.TC16_MainNavigation<br/>
<a href="#Output-1037069390" onClick='toggleBox("Output-1037069390", this, "Show output", "Hide output");'>Show output</a>

<a href="#Output-1037069390" onClick="toggleAllBoxes();">Show all outputs</a>
<div class='log' id="Output-1037069390">
Successfully validated dashboard<br/>
Screenshot Captured for failure C:\Users\srinischal.thiparani\FalconDashboardAutomation\falcondashboard\target\FalconDemo-Sample-WIN_10_firefox_0.26.0\Screenshots\mainNavigation_1_.png<br/>
</div>
</td>
<td><div><pre>java.lang.AssertionError: expected [Dashboard] but found [Recent Runs]
	at com.atmecs.qa.falcondashboard.helper.ValidationHelper.getDataofRow(ValidationHelper.java:27)
	at com.atmecs.qa.falcondashboard.validationresults.MainNavigationValidation.validateRecentruns(MainNavigationValidation.java:24)
	at com.atmecs.qa.falcondashboard.testscript.TC16_MainNavigation.mainNavigation(TC16_MainNavigation.java:65)
	at java.base/java.util.concurrent.ThreadPoolExecutor.runWorker(ThreadPoolExecutor.java:1128)
	at java.base/java.util.concurrent.ThreadPoolExecutor$Worker.run(ThreadPoolExecutor.java:628)
	at java.base/java.lang.Thread.run(Thread.java:830)
... Removed 24 stack frames</pre></div><a href='#' onClick='toggleBox("stack-trace1037069390", this, "Click to show all stack frames", "Click to hide stack frames")'>Click to show all stack frames</a>
<div class='stack-trace' id='stack-trace1037069390'><pre>java.lang.AssertionError: expected [Dashboard] but found [Recent Runs]
	at org.testng.Assert.fail(Assert.java:96)
	at org.testng.Assert.failNotEquals(Assert.java:776)
	at org.testng.Assert.assertEqualsImpl(Assert.java:137)
	at org.testng.Assert.assertEquals(Assert.java:118)
	at org.testng.Assert.assertEquals(Assert.java:453)
	at org.testng.Assert.assertEquals(Assert.java:463)
	at com.atmecs.qa.falcondashboard.helper.ValidationHelper.getDataofRow(ValidationHelper.java:27)
	at com.atmecs.qa.falcondashboard.validationresults.MainNavigationValidation.validateRecentruns(MainNavigationValidation.java:24)
	at com.atmecs.qa.falcondashboard.testscript.TC16_MainNavigation.mainNavigation(TC16_MainNavigation.java:65)
	at java.base/jdk.internal.reflect.NativeMethodAccessorImpl.invoke0(Native Method)
	at java.base/jdk.internal.reflect.NativeMethodAccessorImpl.invoke(NativeMethodAccessorImpl.java:62)
	at java.base/jdk.internal.reflect.DelegatingMethodAccessorImpl.invoke(DelegatingMethodAccessorImpl.java:43)
	at java.base/java.lang.reflect.Method.invoke(Method.java:567)
	at org.testng.internal.MethodInvocationHelper.invokeMethod(MethodInvocationHelper.java:124)
	at org.testng.internal.Invoker.invokeMethod(Invoker.java:583)
	at org.testng.internal.Invoker.invokeTestMethod(Invoker.java:719)
	at org.testng.internal.Invoker.invokeTestMethods(Invoker.java:989)
	at org.testng.internal.TestMethodWorker.invokeTestMethods(TestMethodWorker.java:125)
	at org.testng.internal.TestMethodWorker.run(TestMethodWorker.java:109)
	at org.testng.TestRunner.privateRun(TestRunner.java:648)
	at org.testng.TestRunner.run(TestRunner.java:505)
	at org.testng.SuiteRunner.runTest(SuiteRunner.java:455)
	at org.testng.SuiteRunner.runSequentially(SuiteRunner.java:450)
	at org.testng.SuiteRunner.privateRun(SuiteRunner.java:415)
	at org.testng.SuiteRunner.run(SuiteRunner.java:364)
	at org.testng.SuiteRunnerWorker.runSuite(SuiteRunnerWorker.java:52)
	at org.testng.SuiteRunnerWorker.run(SuiteRunnerWorker.java:84)
	at java.base/java.util.concurrent.ThreadPoolExecutor.runWorker(ThreadPoolExecutor.java:1128)
	at java.base/java.util.concurrent.ThreadPoolExecutor$Worker.run(ThreadPoolExecutor.java:628)
	at java.base/java.lang.Thread.run(Thread.java:830)
</pre></div></td>
<td>23</td>
<td>com.atmecs.qa.falcondashboard.testscript.TC16_MainNavigation@2a0dd210</td></tr>
</table><p>
<table width='100%' border='1' class='invocation-passed'>
<tr><td colspan='4' align='center'><b>PASSED TESTS</b></td></tr>
<tr><td><b>Test method</b></td>
<td width="30%"><b>Exception</b></td>
<td width="10%"><b>Time (seconds)</b></td>
<td><b>Instance</b></td>
</tr>
<tr>
<td title='com.atmecs.qa.falcondashboard.testscript.TC02_ClickingProduct.clickingProduct()'><b>clickingProduct</b><br>Test class: com.atmecs.qa.falcondashboard.testscript.TC02_ClickingProduct<br/>
<a href="#Output-475273923" onClick='toggleBox("Output-475273923", this, "Show output", "Hide output");'>Show output</a>

<a href="#Output-475273923" onClick="toggleAllBoxes();">Show all outputs</a>
<div class='log' id="Output-475273923">
PASS : Successfully validaetd the products : ACTUAL : REST API TEST RESULT,WebServices,FALCON,WebServicesDemo,FalconMobileDemo,ObjectExtractor,SampleFalconAPITest,Falcon,DotComUI_Mobile,MWB,MWB_iOS,JB_Native_App_iOS,Falcon2,Fal,MWB,FalconDemo41,CreditSightsMobile,CHS,CHS,HEATCLINIC RESULT,UI WEB TEST RESULT,HEAT CLINIC RESULT,DotComUITablet,HRIS,HRIS_Cloud,HRIS_Local,Falcon,CreditSights,BrowserstackDemo,FalconSampleProj,DotComUITablet,GreyHealthGroup,FluorCorporation,AndroidDemoApp,MWBooking,AutomationDemoClient,APIAutomationDemoClient,APIAutomationClient,FLUOR,Atmecs,CHS,Atmecs,Atmecs,demo,CHS,Atmecs,CHS,TestMobileWeb,TestFalcon_runSessionId,swathi_signup account,Pooja_USAUTOPARTS,USAutoParts,USAutoParts_MUJ,TestMobileWeb_CnameDemo,IOSDemoApp,Mobile_Demo,TestDemoApp,UI BrowserStack Test Result,dbTesting 	EXPECTED :REST API TEST RESULT,WebServices,FALCON,WebServicesDemo,FalconMobileDemo,ObjectExtractor,SampleFalconAPITest,Falcon,DotComUI_Mobile,MWB,MWB_iOS,JB_Native_App_iOS,Falcon2,Fal,MWB,FalconDemo41,CreditSightsMobile,CHS,CHS,HEATCLINIC RESULT,UI WEB TEST RESULT,HEAT CLINIC RESULT,DotComUITablet,HRIS,HRIS_Cloud,HRIS_Local,Falcon,CreditSights,BrowserstackDemo,FalconSampleProj,DotComUITablet,GreyHealthGroup,FluorCorporation,AndroidDemoApp,MWBooking,AutomationDemoClient,APIAutomationDemoClient,APIAutomationClient,FLUOR,Atmecs,CHS,Atmecs,Atmecs,demo,CHS,Atmecs,CHS,TestMobileWeb,TestFalcon_runSessionId,swathi_signup account,Pooja_USAUTOPARTS,USAutoParts,USAutoParts_MUJ,TestMobileWeb_CnameDemo,IOSDemoApp,Mobile_Demo,TestDemoApp,UI BrowserStack Test Result,dbTesting<br/>
Successfully valdated all the products<br/>
Successfully displayed the execution times<br/>
PASS : Successfully validaetd the products : ACTUAL : 37 minutes ago,54 days ago,62 days ago,64 days ago,69 days ago,217 days ago,230 days ago,230 days ago,232 days ago,251 days ago,257 days ago,257 days ago,258 days ago,264 days ago,266 days ago,274 days ago,279 days ago,279 days ago,288 days ago,348 days ago,363 days ago,370 days ago,385 days ago,393 days ago,393 days ago,398 days ago,414 days ago,454 days ago,460 days ago,488 days ago,540 days ago,606 days ago,616 days ago,620 days ago,622 days ago,623 days ago,623 days ago,643 days ago,649 days ago,649 days ago,678 days ago,719 days ago,719 days ago,755 days ago,761 days ago,777 days ago,777 days ago,778 days ago,782 days ago,811 days ago,813 days ago,819 days ago,827 days ago,838 days ago,852 days ago 	EXPECTED :37 minutes ago,54 days ago,62 days ago,64 days ago,69 days ago,217 days ago,230 days ago,230 days ago,232 days ago,251 days ago,257 days ago,257 days ago,258 days ago,264 days ago,266 days ago,274 days ago,279 days ago,279 days ago,288 days ago,348 days ago,363 days ago,370 days ago,385 days ago,393 days ago,393 days ago,398 days ago,414 days ago,454 days ago,460 days ago,488 days ago,540 days ago,606 days ago,616 days ago,620 days ago,622 days ago,623 days ago,623 days ago,643 days ago,649 days ago,649 days ago,678 days ago,719 days ago,719 days ago,755 days ago,761 days ago,777 days ago,777 days ago,778 days ago,782 days ago,811 days ago,813 days ago,819 days ago,827 days ago,838 days ago,852 days ago<br/>
Successfully valdated all the recent execution times<br/>
Successfully clicked on product<br/>
</div>
</td>
<td></td>
<td>17</td>
<td>com.atmecs.qa.falcondashboard.testscript.TC02_ClickingProduct@6ed4c70b</td></tr>
<tr>
<td title='com.atmecs.qa.falcondashboard.testscript.TC01_DashBoardPage.dashboardPage()'><b>dashboardPage</b><br>Test class: com.atmecs.qa.falcondashboard.testscript.TC01_DashBoardPage<br/>
<a href="#Output-285850201" onClick='toggleBox("Output-285850201", this, "Show output", "Hide output");'>Show output</a>

<a href="#Output-285850201" onClick="toggleAllBoxes();">Show all outputs</a>
<div class='log' id="Output-285850201">
PASS : Verifying String Message  : ACTUAL : ATMECS - Falcon Test Repotrs 	EXPECTED :ATMECS - Falcon Test Repotrs<br/>
successfully validated page title<br/>
Successfully validated the dashboard text<br/>
clicked on refresh option<br/>
Successfully validated falcon<br/>
</div>
</td>
<td></td>
<td>12</td>
<td>com.atmecs.qa.falcondashboard.testscript.TC01_DashBoardPage@27687e13</td></tr>
<tr>
<td title='com.atmecs.qa.falcondashboard.testscript.TC38_MaximizingWindow.maximizeWindow()'><b>maximizeWindow</b><br>Test class: com.atmecs.qa.falcondashboard.testscript.TC38_MaximizingWindow<br/>
<a href="#Output-405454032" onClick='toggleBox("Output-405454032", this, "Show output", "Hide output");'>Show output</a>

<a href="#Output-405454032" onClick="toggleAllBoxes();">Show all outputs</a>
<div class='log' id="Output-405454032">
Successfully clicked on the expand button<br/>
clicked on refresh option<br/>
Successfully validated dashboard text<br/>
Successfully validated falcon<br/>
Successfully clicked on the expand button<br/>
</div>
</td>
<td></td>
<td>23</td>
<td>com.atmecs.qa.falcondashboard.testscript.TC38_MaximizingWindow@7c8deb9</td></tr>
<tr>
<td title='com.atmecs.qa.falcondashboard.testscript.TC03_TestCases.numberofTestCasesOfProduct()'><b>numberofTestCasesOfProduct</b><br>Test class: com.atmecs.qa.falcondashboard.testscript.TC03_TestCases<br/>
<a href="#Output-1653428269" onClick='toggleBox("Output-1653428269", this, "Show output", "Hide output");'>Show output</a>

<a href="#Output-1653428269" onClick="toggleAllBoxes();">Show all outputs</a>
<div class='log' id="Output-1653428269">
PASS : Successfully validaetd the test cases : ACTUAL : 10,1,2,2,1,1,4,10,2,12,1,1,4,1,1,0,2,2,1,4,4,0,1,6,6,6,4,1,1,1,7,9,2,1,8,10,10,1,4,2,1,8,4,2,1,1,1,1,6,2,1,2,2,1,5 	EXPECTED :10,1,2,2,1,1,4,10,2,12,1,1,4,1,1,0,2,2,1,4,4,0,1,6,6,6,4,1,1,1,7,9,2,1,8,10,10,1,4,2,1,8,4,2,1,1,1,1,6,2,1,2,2,1,5<br/>
Successfully valdated all the test cases<br/>
Successfully mouse hovered the test cases<br/>
PASS : Successfully displayed the test cases message : ACTUAL :  	EXPECTED :<br/>
</div>
</td>
<td></td>
<td>14</td>
<td>com.atmecs.qa.falcondashboard.testscript.TC03_TestCases@1e671762</td></tr>
<tr>
<td title='com.atmecs.qa.falcondashboard.testscript.TC04_ProductPercentage.percentageOfProduct()'><b>percentageOfProduct</b><br>Test class: com.atmecs.qa.falcondashboard.testscript.TC04_ProductPercentage<br/>
<a href="#Output-212587358" onClick='toggleBox("Output-212587358", this, "Show output", "Hide output");'>Show output</a>

<a href="#Output-212587358" onClick="toggleAllBoxes();">Show all outputs</a>
<div class='log' id="Output-212587358">
Successfully mouse hovered the pass%trend<br/>
PASS : Successfully displayed the test cases message : ACTUAL :  	EXPECTED :<br/>
Successfully mouse hovered over the pass percent<br/>
rgb(34, 34, 34)<br/>
PASS : Successfully validated the color of the pass percentage : ACTUAL : rgb(34, 34, 34) 	EXPECTED :rgb(34, 34, 34)<br/>
Successfully validated the color of the pass percentage<br/>
Successfully mouse hovered over the fail percent and displayed the value<br/>
rgb(244, 67, 54)<br/>
PASS : Successfully validated the color of the fail percentage : ACTUAL : rgb(244, 67, 54) 	EXPECTED :rgb(244, 67, 54)<br/>
Successfully validated the color of the fail percentage<br/>
</div>
</td>
<td></td>
<td>24</td>
<td>com.atmecs.qa.falcondashboard.testscript.TC04_ProductPercentage@4e71a52b</td></tr>
<tr>
<td title='com.atmecs.qa.falcondashboard.testscript.TC24_ProductSnapShot.productSnapShot()'><b>productSnapShot</b><br>Test class: com.atmecs.qa.falcondashboard.testscript.TC24_ProductSnapShot<br/>
<a href="#Output-88410665" onClick='toggleBox("Output-88410665", this, "Show output", "Hide output");'>Show output</a>

<a href="#Output-88410665" onClick="toggleAllBoxes();">Show all outputs</a>
<div class='log' id="Output-88410665">
Successfully clicked on product snapshot bar<br/>
Successfully validated product snapshot<br/>
</div>
</td>
<td></td>
<td>10</td>
<td>com.atmecs.qa.falcondashboard.testscript.TC24_ProductSnapShot@445363e5</td></tr>
<tr>
<td title='com.atmecs.qa.falcondashboard.testscript.TC23_Refresh.refresh()'><b>refresh</b><br>Test class: com.atmecs.qa.falcondashboard.testscript.TC23_Refresh<br/>
<a href="#Output-1792617058" onClick='toggleBox("Output-1792617058", this, "Show output", "Hide output");'>Show output</a>

<a href="#Output-1792617058" onClick="toggleAllBoxes();">Show all outputs</a>
<div class='log' id="Output-1792617058">
Successfully validated dashboard text<br/>
Successfully clicked on the refresh option<br/>
</div>
</td>
<td></td>
<td>22</td>
<td>com.atmecs.qa.falcondashboard.testscript.TC23_Refresh@6229b4c5</td></tr>
</table><p>
</body>
</html>