<html>
<head>
<title>TestNG:  SampleTest</title>
<link href="../testng.css" rel="stylesheet" type="text/css" />
<link href="../my-testng.css" rel="stylesheet" type="text/css" />

<style type="text/css">
.log { display: none;} 
.stack-trace { display: none;} 
</style>
<script type="text/javascript">
<!--
function flip(e) {
  current = e.style.display;
  if (current == 'block') {
    e.style.display = 'none';
    return 0;
  }
  else {
    e.style.display = 'block';
    return 1;
  }
}

function toggleBox(szDivId, elem, msg1, msg2)
{
  var res = -1;  if (document.getElementById) {
    res = flip(document.getElementById(szDivId));
  }
  else if (document.all) {
    // this is the way old msie versions work
    res = flip(document.all[szDivId]);
  }
  if(elem) {
    if(res == 0) elem.innerHTML = msg1; else elem.innerHTML = msg2;
  }

}

function toggleAllBoxes() {
  if (document.getElementsByTagName) {
    d = document.getElementsByTagName('div');
    for (i = 0; i < d.length; i++) {
      if (d[i].className == 'log') {
        flip(d[i]);
      }
    }
  }
}

// -->
</script>

</head>
<body>
<h2 align='center'>SampleTest</h2><table border='1' align="center">
<tr>
<td>Tests passed/Failed/Skipped:</td><td>0/0/5</td>
</tr><tr>
<td>Started on:</td><td>Thu Feb 27 19:22:47 IST 2020</td>
</tr>
<tr><td>Total time:</td><td>0 seconds (52 ms)</td>
</tr><tr>
<td>Included groups:</td><td></td>
</tr><tr>
<td>Excluded groups:</td><td></td>
</tr>
</table><p/>
<small><i>(Hover the method name to see the test class name)</i></small><p/>
<table width='100%' border='1' class='invocation-failed'>
<tr><td colspan='4' align='center'><b>FAILED CONFIGURATIONS</b></td></tr>
<tr><td><b>Test method</b></td>
<td width="30%"><b>Exception</b></td>
<td width="10%"><b>Time (seconds)</b></td>
<td><b>Instance</b></td>
</tr>
<tr>
<td title='com.atmecs.qa.falcondashboard.testscript.TC08_DashboardSlidder.preSetup()'><b>preSetup</b><br>Test class: com.atmecs.qa.falcondashboard.testscript.TC08_DashboardSlidder</td>
<td><div><pre>org.testng.TestNGException: 
Parameter &apos;os&apos; is required by BeforeMethod on method preSetup but has not been marked @Optional or defined
in C:\Users\srinischal.thiparani\FalconDashboardAutomation\falcondashboard\src\main\resources\suitefile\04_dashboardslidder.xml
... Removed 26 stack frames</pre></div><a href='#' onClick='toggleBox("stack-trace247113419", this, "Click to show all stack frames", "Click to hide stack frames")'>Click to show all stack frames</a>
<div class='stack-trace' id='stack-trace247113419'><pre>org.testng.TestNGException: 
Parameter &apos;os&apos; is required by BeforeMethod on method preSetup but has not been marked @Optional or defined
in C:\Users\srinischal.thiparani\FalconDashboardAutomation\falcondashboard\src\main\resources\suitefile\04_dashboardslidder.xml
	at org.testng.internal.Parameters.createParams(Parameters.java:290)
	at org.testng.internal.Parameters.createParametersForMethod(Parameters.java:359)
	at org.testng.internal.Parameters.createParameters(Parameters.java:620)
	at org.testng.internal.Parameters.createConfigurationParameters(Parameters.java:190)
	at org.testng.internal.Invoker.invokeConfigurations(Invoker.java:209)
	at org.testng.internal.Invoker.invokeMethod(Invoker.java:523)
	at org.testng.internal.Invoker.invokeTestMethod(Invoker.java:719)
	at org.testng.internal.Invoker.invokeTestMethods(Invoker.java:989)
	at org.testng.internal.TestMethodWorker.invokeTestMethods(TestMethodWorker.java:125)
	at org.testng.internal.TestMethodWorker.run(TestMethodWorker.java:109)
	at org.testng.TestRunner.privateRun(TestRunner.java:648)
	at org.testng.TestRunner.run(TestRunner.java:505)
	at org.testng.SuiteRunner.runTest(SuiteRunner.java:455)
	at org.testng.SuiteRunner.runSequentially(SuiteRunner.java:450)
	at org.testng.SuiteRunner.privateRun(SuiteRunner.java:415)
	at org.testng.SuiteRunner.run(SuiteRunner.java:364)
	at org.testng.SuiteRunnerWorker.runSuite(SuiteRunnerWorker.java:52)
	at org.testng.SuiteRunnerWorker.run(SuiteRunnerWorker.java:84)
	at org.testng.TestNG.runSuitesSequentially(TestNG.java:1208)
	at org.testng.TestNG.runSuitesSequentially(TestNG.java:1204)
	at org.testng.TestNG.runSuitesLocally(TestNG.java:1137)
	at org.testng.TestNG.runSuites(TestNG.java:1049)
	at org.testng.TestNG.run(TestNG.java:1017)
	at org.testng.remote.AbstractRemoteTestNG.run(AbstractRemoteTestNG.java:115)
	at org.testng.remote.RemoteTestNG.initAndRun(RemoteTestNG.java:251)
	at org.testng.remote.RemoteTestNG.main(RemoteTestNG.java:77)
</pre></div></td>
<td>0</td>
<td>com.atmecs.qa.falcondashboard.testscript.TC08_DashboardSlidder@4716be8b</td></tr>
<tr>
<td title='com.atmecs.qa.falcondashboard.testscript.TC09_ProductEnvironment.preSetup()'><b>preSetup</b><br>Test class: com.atmecs.qa.falcondashboard.testscript.TC09_ProductEnvironment</td>
<td><div><pre>org.testng.TestNGException: 
Parameter &apos;os&apos; is required by BeforeMethod on method preSetup but has not been marked @Optional or defined
in C:\Users\srinischal.thiparani\FalconDashboardAutomation\falcondashboard\src\main\resources\suitefile\04_dashboardslidder.xml
... Removed 26 stack frames</pre></div><a href='#' onClick='toggleBox("stack-trace1615617512", this, "Click to show all stack frames", "Click to hide stack frames")'>Click to show all stack frames</a>
<div class='stack-trace' id='stack-trace1615617512'><pre>org.testng.TestNGException: 
Parameter &apos;os&apos; is required by BeforeMethod on method preSetup but has not been marked @Optional or defined
in C:\Users\srinischal.thiparani\FalconDashboardAutomation\falcondashboard\src\main\resources\suitefile\04_dashboardslidder.xml
	at org.testng.internal.Parameters.createParams(Parameters.java:290)
	at org.testng.internal.Parameters.createParametersForMethod(Parameters.java:359)
	at org.testng.internal.Parameters.createParameters(Parameters.java:620)
	at org.testng.internal.Parameters.createConfigurationParameters(Parameters.java:190)
	at org.testng.internal.Invoker.invokeConfigurations(Invoker.java:209)
	at org.testng.internal.Invoker.invokeMethod(Invoker.java:523)
	at org.testng.internal.Invoker.invokeTestMethod(Invoker.java:719)
	at org.testng.internal.Invoker.invokeTestMethods(Invoker.java:989)
	at org.testng.internal.TestMethodWorker.invokeTestMethods(TestMethodWorker.java:125)
	at org.testng.internal.TestMethodWorker.run(TestMethodWorker.java:109)
	at org.testng.TestRunner.privateRun(TestRunner.java:648)
	at org.testng.TestRunner.run(TestRunner.java:505)
	at org.testng.SuiteRunner.runTest(SuiteRunner.java:455)
	at org.testng.SuiteRunner.runSequentially(SuiteRunner.java:450)
	at org.testng.SuiteRunner.privateRun(SuiteRunner.java:415)
	at org.testng.SuiteRunner.run(SuiteRunner.java:364)
	at org.testng.SuiteRunnerWorker.runSuite(SuiteRunnerWorker.java:52)
	at org.testng.SuiteRunnerWorker.run(SuiteRunnerWorker.java:84)
	at org.testng.TestNG.runSuitesSequentially(TestNG.java:1208)
	at org.testng.TestNG.runSuitesSequentially(TestNG.java:1204)
	at org.testng.TestNG.runSuitesLocally(TestNG.java:1137)
	at org.testng.TestNG.runSuites(TestNG.java:1049)
	at org.testng.TestNG.run(TestNG.java:1017)
	at org.testng.remote.AbstractRemoteTestNG.run(AbstractRemoteTestNG.java:115)
	at org.testng.remote.RemoteTestNG.initAndRun(RemoteTestNG.java:251)
	at org.testng.remote.RemoteTestNG.main(RemoteTestNG.java:77)
</pre></div></td>
<td>0</td>
<td>com.atmecs.qa.falcondashboard.testscript.TC09_ProductEnvironment@1fc32e4f</td></tr>
<tr>
<td title='com.atmecs.qa.falcondashboard.testscript.TC10_TestPhase.preSetup()'><b>preSetup</b><br>Test class: com.atmecs.qa.falcondashboard.testscript.TC10_TestPhase</td>
<td><div><pre>org.testng.TestNGException: 
Parameter &apos;os&apos; is required by BeforeMethod on method preSetup but has not been marked @Optional or defined
in C:\Users\srinischal.thiparani\FalconDashboardAutomation\falcondashboard\src\main\resources\suitefile\04_dashboardslidder.xml
... Removed 26 stack frames</pre></div><a href='#' onClick='toggleBox("stack-trace711197015", this, "Click to show all stack frames", "Click to hide stack frames")'>Click to show all stack frames</a>
<div class='stack-trace' id='stack-trace711197015'><pre>org.testng.TestNGException: 
Parameter &apos;os&apos; is required by BeforeMethod on method preSetup but has not been marked @Optional or defined
in C:\Users\srinischal.thiparani\FalconDashboardAutomation\falcondashboard\src\main\resources\suitefile\04_dashboardslidder.xml
	at org.testng.internal.Parameters.createParams(Parameters.java:290)
	at org.testng.internal.Parameters.createParametersForMethod(Parameters.java:359)
	at org.testng.internal.Parameters.createParameters(Parameters.java:620)
	at org.testng.internal.Parameters.createConfigurationParameters(Parameters.java:190)
	at org.testng.internal.Invoker.invokeConfigurations(Invoker.java:209)
	at org.testng.internal.Invoker.invokeMethod(Invoker.java:523)
	at org.testng.internal.Invoker.invokeTestMethod(Invoker.java:719)
	at org.testng.internal.Invoker.invokeTestMethods(Invoker.java:989)
	at org.testng.internal.TestMethodWorker.invokeTestMethods(TestMethodWorker.java:125)
	at org.testng.internal.TestMethodWorker.run(TestMethodWorker.java:109)
	at org.testng.TestRunner.privateRun(TestRunner.java:648)
	at org.testng.TestRunner.run(TestRunner.java:505)
	at org.testng.SuiteRunner.runTest(SuiteRunner.java:455)
	at org.testng.SuiteRunner.runSequentially(SuiteRunner.java:450)
	at org.testng.SuiteRunner.privateRun(SuiteRunner.java:415)
	at org.testng.SuiteRunner.run(SuiteRunner.java:364)
	at org.testng.SuiteRunnerWorker.runSuite(SuiteRunnerWorker.java:52)
	at org.testng.SuiteRunnerWorker.run(SuiteRunnerWorker.java:84)
	at org.testng.TestNG.runSuitesSequentially(TestNG.java:1208)
	at org.testng.TestNG.runSuitesSequentially(TestNG.java:1204)
	at org.testng.TestNG.runSuitesLocally(TestNG.java:1137)
	at org.testng.TestNG.runSuites(TestNG.java:1049)
	at org.testng.TestNG.run(TestNG.java:1017)
	at org.testng.remote.AbstractRemoteTestNG.run(AbstractRemoteTestNG.java:115)
	at org.testng.remote.RemoteTestNG.initAndRun(RemoteTestNG.java:251)
	at org.testng.remote.RemoteTestNG.main(RemoteTestNG.java:77)
</pre></div></td>
<td>0</td>
<td>com.atmecs.qa.falcondashboard.testscript.TC10_TestPhase@2f67b837</td></tr>
<tr>
<td title='com.atmecs.qa.falcondashboard.testscript.TC36_StartTime.preSetup()'><b>preSetup</b><br>Test class: com.atmecs.qa.falcondashboard.testscript.TC36_StartTime</td>
<td><div><pre>org.testng.TestNGException: 
Parameter &apos;os&apos; is required by BeforeMethod on method preSetup but has not been marked @Optional or defined
in C:\Users\srinischal.thiparani\FalconDashboardAutomation\falcondashboard\src\main\resources\suitefile\04_dashboardslidder.xml
... Removed 26 stack frames</pre></div><a href='#' onClick='toggleBox("stack-trace768216420", this, "Click to show all stack frames", "Click to hide stack frames")'>Click to show all stack frames</a>
<div class='stack-trace' id='stack-trace768216420'><pre>org.testng.TestNGException: 
Parameter &apos;os&apos; is required by BeforeMethod on method preSetup but has not been marked @Optional or defined
in C:\Users\srinischal.thiparani\FalconDashboardAutomation\falcondashboard\src\main\resources\suitefile\04_dashboardslidder.xml
	at org.testng.internal.Parameters.createParams(Parameters.java:290)
	at org.testng.internal.Parameters.createParametersForMethod(Parameters.java:359)
	at org.testng.internal.Parameters.createParameters(Parameters.java:620)
	at org.testng.internal.Parameters.createConfigurationParameters(Parameters.java:190)
	at org.testng.internal.Invoker.invokeConfigurations(Invoker.java:209)
	at org.testng.internal.Invoker.invokeMethod(Invoker.java:523)
	at org.testng.internal.Invoker.invokeTestMethod(Invoker.java:719)
	at org.testng.internal.Invoker.invokeTestMethods(Invoker.java:989)
	at org.testng.internal.TestMethodWorker.invokeTestMethods(TestMethodWorker.java:125)
	at org.testng.internal.TestMethodWorker.run(TestMethodWorker.java:109)
	at org.testng.TestRunner.privateRun(TestRunner.java:648)
	at org.testng.TestRunner.run(TestRunner.java:505)
	at org.testng.SuiteRunner.runTest(SuiteRunner.java:455)
	at org.testng.SuiteRunner.runSequentially(SuiteRunner.java:450)
	at org.testng.SuiteRunner.privateRun(SuiteRunner.java:415)
	at org.testng.SuiteRunner.run(SuiteRunner.java:364)
	at org.testng.SuiteRunnerWorker.runSuite(SuiteRunnerWorker.java:52)
	at org.testng.SuiteRunnerWorker.run(SuiteRunnerWorker.java:84)
	at org.testng.TestNG.runSuitesSequentially(TestNG.java:1208)
	at org.testng.TestNG.runSuitesSequentially(TestNG.java:1204)
	at org.testng.TestNG.runSuitesLocally(TestNG.java:1137)
	at org.testng.TestNG.runSuites(TestNG.java:1049)
	at org.testng.TestNG.run(TestNG.java:1017)
	at org.testng.remote.AbstractRemoteTestNG.run(AbstractRemoteTestNG.java:115)
	at org.testng.remote.RemoteTestNG.initAndRun(RemoteTestNG.java:251)
	at org.testng.remote.RemoteTestNG.main(RemoteTestNG.java:77)
</pre></div></td>
<td>0</td>
<td>com.atmecs.qa.falcondashboard.testscript.TC36_StartTime@1869fbd2</td></tr>
<tr>
<td title='com.atmecs.qa.falcondashboard.testscript.TC37_EndTime.preSetup()'><b>preSetup</b><br>Test class: com.atmecs.qa.falcondashboard.testscript.TC37_EndTime</td>
<td><div><pre>org.testng.TestNGException: 
Parameter &apos;os&apos; is required by BeforeMethod on method preSetup but has not been marked @Optional or defined
in C:\Users\srinischal.thiparani\FalconDashboardAutomation\falcondashboard\src\main\resources\suitefile\04_dashboardslidder.xml
... Removed 26 stack frames</pre></div><a href='#' onClick='toggleBox("stack-trace1440738283", this, "Click to show all stack frames", "Click to hide stack frames")'>Click to show all stack frames</a>
<div class='stack-trace' id='stack-trace1440738283'><pre>org.testng.TestNGException: 
Parameter &apos;os&apos; is required by BeforeMethod on method preSetup but has not been marked @Optional or defined
in C:\Users\srinischal.thiparani\FalconDashboardAutomation\falcondashboard\src\main\resources\suitefile\04_dashboardslidder.xml
	at org.testng.internal.Parameters.createParams(Parameters.java:290)
	at org.testng.internal.Parameters.createParametersForMethod(Parameters.java:359)
	at org.testng.internal.Parameters.createParameters(Parameters.java:620)
	at org.testng.internal.Parameters.createConfigurationParameters(Parameters.java:190)
	at org.testng.internal.Invoker.invokeConfigurations(Invoker.java:209)
	at org.testng.internal.Invoker.invokeMethod(Invoker.java:523)
	at org.testng.internal.Invoker.invokeTestMethod(Invoker.java:719)
	at org.testng.internal.Invoker.invokeTestMethods(Invoker.java:989)
	at org.testng.internal.TestMethodWorker.invokeTestMethods(TestMethodWorker.java:125)
	at org.testng.internal.TestMethodWorker.run(TestMethodWorker.java:109)
	at org.testng.TestRunner.privateRun(TestRunner.java:648)
	at org.testng.TestRunner.run(TestRunner.java:505)
	at org.testng.SuiteRunner.runTest(SuiteRunner.java:455)
	at org.testng.SuiteRunner.runSequentially(SuiteRunner.java:450)
	at org.testng.SuiteRunner.privateRun(SuiteRunner.java:415)
	at org.testng.SuiteRunner.run(SuiteRunner.java:364)
	at org.testng.SuiteRunnerWorker.runSuite(SuiteRunnerWorker.java:52)
	at org.testng.SuiteRunnerWorker.run(SuiteRunnerWorker.java:84)
	at org.testng.TestNG.runSuitesSequentially(TestNG.java:1208)
	at org.testng.TestNG.runSuitesSequentially(TestNG.java:1204)
	at org.testng.TestNG.runSuitesLocally(TestNG.java:1137)
	at org.testng.TestNG.runSuites(TestNG.java:1049)
	at org.testng.TestNG.run(TestNG.java:1017)
	at org.testng.remote.AbstractRemoteTestNG.run(AbstractRemoteTestNG.java:115)
	at org.testng.remote.RemoteTestNG.initAndRun(RemoteTestNG.java:251)
	at org.testng.remote.RemoteTestNG.main(RemoteTestNG.java:77)
</pre></div></td>
<td>0</td>
<td>com.atmecs.qa.falcondashboard.testscript.TC37_EndTime@6af9fcb2</td></tr>
</table><p>
<table width='100%' border='1' class='invocation-skipped'>
<tr><td colspan='4' align='center'><b>SKIPPED CONFIGURATIONS</b></td></tr>
<tr><td><b>Test method</b></td>
<td width="30%"><b>Exception</b></td>
<td width="10%"><b>Time (seconds)</b></td>
<td><b>Instance</b></td>
</tr>
<tr>
<td title='com.atmecs.qa.falcondashboard.testscript.TC08_DashboardSlidder.teardown()'><b>teardown</b><br>Test class: com.atmecs.qa.falcondashboard.testscript.TC08_DashboardSlidder</td>
<td></td>
<td>0</td>
<td>com.atmecs.qa.falcondashboard.testscript.TC08_DashboardSlidder@4716be8b</td></tr>
<tr>
<td title='com.atmecs.qa.falcondashboard.testscript.TC09_ProductEnvironment.teardown()'><b>teardown</b><br>Test class: com.atmecs.qa.falcondashboard.testscript.TC09_ProductEnvironment</td>
<td></td>
<td>0</td>
<td>com.atmecs.qa.falcondashboard.testscript.TC09_ProductEnvironment@1fc32e4f</td></tr>
<tr>
<td title='com.atmecs.qa.falcondashboard.testscript.TC10_TestPhase.teardown()'><b>teardown</b><br>Test class: com.atmecs.qa.falcondashboard.testscript.TC10_TestPhase</td>
<td></td>
<td>0</td>
<td>com.atmecs.qa.falcondashboard.testscript.TC10_TestPhase@2f67b837</td></tr>
<tr>
<td title='com.atmecs.qa.falcondashboard.testscript.TC36_StartTime.teardown()'><b>teardown</b><br>Test class: com.atmecs.qa.falcondashboard.testscript.TC36_StartTime</td>
<td></td>
<td>0</td>
<td>com.atmecs.qa.falcondashboard.testscript.TC36_StartTime@1869fbd2</td></tr>
<tr>
<td title='com.atmecs.qa.falcondashboard.testscript.TC37_EndTime.teardown()'><b>teardown</b><br>Test class: com.atmecs.qa.falcondashboard.testscript.TC37_EndTime</td>
<td></td>
<td>0</td>
<td>com.atmecs.qa.falcondashboard.testscript.TC37_EndTime@6af9fcb2</td></tr>
</table><p>
<table width='100%' border='1' class='invocation-skipped'>
<tr><td colspan='4' align='center'><b>SKIPPED TESTS</b></td></tr>
<tr><td><b>Test method</b></td>
<td width="30%"><b>Exception</b></td>
<td width="10%"><b>Time (seconds)</b></td>
<td><b>Instance</b></td>
</tr>
<tr>
<td title='com.atmecs.qa.falcondashboard.testscript.TC08_DashboardSlidder.dashboardSlidder()'><b>dashboardSlidder</b><br>Test class: com.atmecs.qa.falcondashboard.testscript.TC08_DashboardSlidder</td>
<td><div><pre>org.testng.TestNGException: 
Parameter &apos;os&apos; is required by BeforeMethod on method preSetup but has not been marked @Optional or defined
in C:\Users\srinischal.thiparani\FalconDashboardAutomation\falcondashboard\src\main\resources\suitefile\04_dashboardslidder.xml
... Removed 26 stack frames</pre></div><a href='#' onClick='toggleBox("stack-trace151442075", this, "Click to show all stack frames", "Click to hide stack frames")'>Click to show all stack frames</a>
<div class='stack-trace' id='stack-trace151442075'><pre>org.testng.TestNGException: 
Parameter &apos;os&apos; is required by BeforeMethod on method preSetup but has not been marked @Optional or defined
in C:\Users\srinischal.thiparani\FalconDashboardAutomation\falcondashboard\src\main\resources\suitefile\04_dashboardslidder.xml
	at org.testng.internal.Parameters.createParams(Parameters.java:290)
	at org.testng.internal.Parameters.createParametersForMethod(Parameters.java:359)
	at org.testng.internal.Parameters.createParameters(Parameters.java:620)
	at org.testng.internal.Parameters.createConfigurationParameters(Parameters.java:190)
	at org.testng.internal.Invoker.invokeConfigurations(Invoker.java:209)
	at org.testng.internal.Invoker.invokeMethod(Invoker.java:523)
	at org.testng.internal.Invoker.invokeTestMethod(Invoker.java:719)
	at org.testng.internal.Invoker.invokeTestMethods(Invoker.java:989)
	at org.testng.internal.TestMethodWorker.invokeTestMethods(TestMethodWorker.java:125)
	at org.testng.internal.TestMethodWorker.run(TestMethodWorker.java:109)
	at org.testng.TestRunner.privateRun(TestRunner.java:648)
	at org.testng.TestRunner.run(TestRunner.java:505)
	at org.testng.SuiteRunner.runTest(SuiteRunner.java:455)
	at org.testng.SuiteRunner.runSequentially(SuiteRunner.java:450)
	at org.testng.SuiteRunner.privateRun(SuiteRunner.java:415)
	at org.testng.SuiteRunner.run(SuiteRunner.java:364)
	at org.testng.SuiteRunnerWorker.runSuite(SuiteRunnerWorker.java:52)
	at org.testng.SuiteRunnerWorker.run(SuiteRunnerWorker.java:84)
	at org.testng.TestNG.runSuitesSequentially(TestNG.java:1208)
	at org.testng.TestNG.runSuitesSequentially(TestNG.java:1204)
	at org.testng.TestNG.runSuitesLocally(TestNG.java:1137)
	at org.testng.TestNG.runSuites(TestNG.java:1049)
	at org.testng.TestNG.run(TestNG.java:1017)
	at org.testng.remote.AbstractRemoteTestNG.run(AbstractRemoteTestNG.java:115)
	at org.testng.remote.RemoteTestNG.initAndRun(RemoteTestNG.java:251)
	at org.testng.remote.RemoteTestNG.main(RemoteTestNG.java:77)
</pre></div></td>
<td>0</td>
<td>com.atmecs.qa.falcondashboard.testscript.TC08_DashboardSlidder@4716be8b</td></tr>
<tr>
<td title='com.atmecs.qa.falcondashboard.testscript.TC37_EndTime.endTime()'><b>endTime</b><br>Test class: com.atmecs.qa.falcondashboard.testscript.TC37_EndTime</td>
<td><div><pre>org.testng.TestNGException: 
Parameter &apos;os&apos; is required by BeforeMethod on method preSetup but has not been marked @Optional or defined
in C:\Users\srinischal.thiparani\FalconDashboardAutomation\falcondashboard\src\main\resources\suitefile\04_dashboardslidder.xml
... Removed 26 stack frames</pre></div><a href='#' onClick='toggleBox("stack-trace1849015357", this, "Click to show all stack frames", "Click to hide stack frames")'>Click to show all stack frames</a>
<div class='stack-trace' id='stack-trace1849015357'><pre>org.testng.TestNGException: 
Parameter &apos;os&apos; is required by BeforeMethod on method preSetup but has not been marked @Optional or defined
in C:\Users\srinischal.thiparani\FalconDashboardAutomation\falcondashboard\src\main\resources\suitefile\04_dashboardslidder.xml
	at org.testng.internal.Parameters.createParams(Parameters.java:290)
	at org.testng.internal.Parameters.createParametersForMethod(Parameters.java:359)
	at org.testng.internal.Parameters.createParameters(Parameters.java:620)
	at org.testng.internal.Parameters.createConfigurationParameters(Parameters.java:190)
	at org.testng.internal.Invoker.invokeConfigurations(Invoker.java:209)
	at org.testng.internal.Invoker.invokeMethod(Invoker.java:523)
	at org.testng.internal.Invoker.invokeTestMethod(Invoker.java:719)
	at org.testng.internal.Invoker.invokeTestMethods(Invoker.java:989)
	at org.testng.internal.TestMethodWorker.invokeTestMethods(TestMethodWorker.java:125)
	at org.testng.internal.TestMethodWorker.run(TestMethodWorker.java:109)
	at org.testng.TestRunner.privateRun(TestRunner.java:648)
	at org.testng.TestRunner.run(TestRunner.java:505)
	at org.testng.SuiteRunner.runTest(SuiteRunner.java:455)
	at org.testng.SuiteRunner.runSequentially(SuiteRunner.java:450)
	at org.testng.SuiteRunner.privateRun(SuiteRunner.java:415)
	at org.testng.SuiteRunner.run(SuiteRunner.java:364)
	at org.testng.SuiteRunnerWorker.runSuite(SuiteRunnerWorker.java:52)
	at org.testng.SuiteRunnerWorker.run(SuiteRunnerWorker.java:84)
	at org.testng.TestNG.runSuitesSequentially(TestNG.java:1208)
	at org.testng.TestNG.runSuitesSequentially(TestNG.java:1204)
	at org.testng.TestNG.runSuitesLocally(TestNG.java:1137)
	at org.testng.TestNG.runSuites(TestNG.java:1049)
	at org.testng.TestNG.run(TestNG.java:1017)
	at org.testng.remote.AbstractRemoteTestNG.run(AbstractRemoteTestNG.java:115)
	at org.testng.remote.RemoteTestNG.initAndRun(RemoteTestNG.java:251)
	at org.testng.remote.RemoteTestNG.main(RemoteTestNG.java:77)
</pre></div></td>
<td>0</td>
<td>com.atmecs.qa.falcondashboard.testscript.TC37_EndTime@6af9fcb2</td></tr>
<tr>
<td title='com.atmecs.qa.falcondashboard.testscript.TC09_ProductEnvironment.environmentOfProduct()'><b>environmentOfProduct</b><br>Test class: com.atmecs.qa.falcondashboard.testscript.TC09_ProductEnvironment</td>
<td><div><pre>org.testng.TestNGException: 
Parameter &apos;os&apos; is required by BeforeMethod on method preSetup but has not been marked @Optional or defined
in C:\Users\srinischal.thiparani\FalconDashboardAutomation\falcondashboard\src\main\resources\suitefile\04_dashboardslidder.xml
... Removed 26 stack frames</pre></div><a href='#' onClick='toggleBox("stack-trace923341586", this, "Click to show all stack frames", "Click to hide stack frames")'>Click to show all stack frames</a>
<div class='stack-trace' id='stack-trace923341586'><pre>org.testng.TestNGException: 
Parameter &apos;os&apos; is required by BeforeMethod on method preSetup but has not been marked @Optional or defined
in C:\Users\srinischal.thiparani\FalconDashboardAutomation\falcondashboard\src\main\resources\suitefile\04_dashboardslidder.xml
	at org.testng.internal.Parameters.createParams(Parameters.java:290)
	at org.testng.internal.Parameters.createParametersForMethod(Parameters.java:359)
	at org.testng.internal.Parameters.createParameters(Parameters.java:620)
	at org.testng.internal.Parameters.createConfigurationParameters(Parameters.java:190)
	at org.testng.internal.Invoker.invokeConfigurations(Invoker.java:209)
	at org.testng.internal.Invoker.invokeMethod(Invoker.java:523)
	at org.testng.internal.Invoker.invokeTestMethod(Invoker.java:719)
	at org.testng.internal.Invoker.invokeTestMethods(Invoker.java:989)
	at org.testng.internal.TestMethodWorker.invokeTestMethods(TestMethodWorker.java:125)
	at org.testng.internal.TestMethodWorker.run(TestMethodWorker.java:109)
	at org.testng.TestRunner.privateRun(TestRunner.java:648)
	at org.testng.TestRunner.run(TestRunner.java:505)
	at org.testng.SuiteRunner.runTest(SuiteRunner.java:455)
	at org.testng.SuiteRunner.runSequentially(SuiteRunner.java:450)
	at org.testng.SuiteRunner.privateRun(SuiteRunner.java:415)
	at org.testng.SuiteRunner.run(SuiteRunner.java:364)
	at org.testng.SuiteRunnerWorker.runSuite(SuiteRunnerWorker.java:52)
	at org.testng.SuiteRunnerWorker.run(SuiteRunnerWorker.java:84)
	at org.testng.TestNG.runSuitesSequentially(TestNG.java:1208)
	at org.testng.TestNG.runSuitesSequentially(TestNG.java:1204)
	at org.testng.TestNG.runSuitesLocally(TestNG.java:1137)
	at org.testng.TestNG.runSuites(TestNG.java:1049)
	at org.testng.TestNG.run(TestNG.java:1017)
	at org.testng.remote.AbstractRemoteTestNG.run(AbstractRemoteTestNG.java:115)
	at org.testng.remote.RemoteTestNG.initAndRun(RemoteTestNG.java:251)
	at org.testng.remote.RemoteTestNG.main(RemoteTestNG.java:77)
</pre></div></td>
<td>0</td>
<td>com.atmecs.qa.falcondashboard.testscript.TC09_ProductEnvironment@1fc32e4f</td></tr>
<tr>
<td title='com.atmecs.qa.falcondashboard.testscript.TC36_StartTime.startTime()'><b>startTime</b><br>Test class: com.atmecs.qa.falcondashboard.testscript.TC36_StartTime</td>
<td><div><pre>org.testng.TestNGException: 
Parameter &apos;os&apos; is required by BeforeMethod on method preSetup but has not been marked @Optional or defined
in C:\Users\srinischal.thiparani\FalconDashboardAutomation\falcondashboard\src\main\resources\suitefile\04_dashboardslidder.xml
... Removed 26 stack frames</pre></div><a href='#' onClick='toggleBox("stack-trace260084831", this, "Click to show all stack frames", "Click to hide stack frames")'>Click to show all stack frames</a>
<div class='stack-trace' id='stack-trace260084831'><pre>org.testng.TestNGException: 
Parameter &apos;os&apos; is required by BeforeMethod on method preSetup but has not been marked @Optional or defined
in C:\Users\srinischal.thiparani\FalconDashboardAutomation\falcondashboard\src\main\resources\suitefile\04_dashboardslidder.xml
	at org.testng.internal.Parameters.createParams(Parameters.java:290)
	at org.testng.internal.Parameters.createParametersForMethod(Parameters.java:359)
	at org.testng.internal.Parameters.createParameters(Parameters.java:620)
	at org.testng.internal.Parameters.createConfigurationParameters(Parameters.java:190)
	at org.testng.internal.Invoker.invokeConfigurations(Invoker.java:209)
	at org.testng.internal.Invoker.invokeMethod(Invoker.java:523)
	at org.testng.internal.Invoker.invokeTestMethod(Invoker.java:719)
	at org.testng.internal.Invoker.invokeTestMethods(Invoker.java:989)
	at org.testng.internal.TestMethodWorker.invokeTestMethods(TestMethodWorker.java:125)
	at org.testng.internal.TestMethodWorker.run(TestMethodWorker.java:109)
	at org.testng.TestRunner.privateRun(TestRunner.java:648)
	at org.testng.TestRunner.run(TestRunner.java:505)
	at org.testng.SuiteRunner.runTest(SuiteRunner.java:455)
	at org.testng.SuiteRunner.runSequentially(SuiteRunner.java:450)
	at org.testng.SuiteRunner.privateRun(SuiteRunner.java:415)
	at org.testng.SuiteRunner.run(SuiteRunner.java:364)
	at org.testng.SuiteRunnerWorker.runSuite(SuiteRunnerWorker.java:52)
	at org.testng.SuiteRunnerWorker.run(SuiteRunnerWorker.java:84)
	at org.testng.TestNG.runSuitesSequentially(TestNG.java:1208)
	at org.testng.TestNG.runSuitesSequentially(TestNG.java:1204)
	at org.testng.TestNG.runSuitesLocally(TestNG.java:1137)
	at org.testng.TestNG.runSuites(TestNG.java:1049)
	at org.testng.TestNG.run(TestNG.java:1017)
	at org.testng.remote.AbstractRemoteTestNG.run(AbstractRemoteTestNG.java:115)
	at org.testng.remote.RemoteTestNG.initAndRun(RemoteTestNG.java:251)
	at org.testng.remote.RemoteTestNG.main(RemoteTestNG.java:77)
</pre></div></td>
<td>0</td>
<td>com.atmecs.qa.falcondashboard.testscript.TC36_StartTime@1869fbd2</td></tr>
<tr>
<td title='com.atmecs.qa.falcondashboard.testscript.TC10_TestPhase.testPhase()'><b>testPhase</b><br>Test class: com.atmecs.qa.falcondashboard.testscript.TC10_TestPhase</td>
<td><div><pre>org.testng.TestNGException: 
Parameter &apos;os&apos; is required by BeforeMethod on method preSetup but has not been marked @Optional or defined
in C:\Users\srinischal.thiparani\FalconDashboardAutomation\falcondashboard\src\main\resources\suitefile\04_dashboardslidder.xml
... Removed 26 stack frames</pre></div><a href='#' onClick='toggleBox("stack-trace1384454980", this, "Click to show all stack frames", "Click to hide stack frames")'>Click to show all stack frames</a>
<div class='stack-trace' id='stack-trace1384454980'><pre>org.testng.TestNGException: 
Parameter &apos;os&apos; is required by BeforeMethod on method preSetup but has not been marked @Optional or defined
in C:\Users\srinischal.thiparani\FalconDashboardAutomation\falcondashboard\src\main\resources\suitefile\04_dashboardslidder.xml
	at org.testng.internal.Parameters.createParams(Parameters.java:290)
	at org.testng.internal.Parameters.createParametersForMethod(Parameters.java:359)
	at org.testng.internal.Parameters.createParameters(Parameters.java:620)
	at org.testng.internal.Parameters.createConfigurationParameters(Parameters.java:190)
	at org.testng.internal.Invoker.invokeConfigurations(Invoker.java:209)
	at org.testng.internal.Invoker.invokeMethod(Invoker.java:523)
	at org.testng.internal.Invoker.invokeTestMethod(Invoker.java:719)
	at org.testng.internal.Invoker.invokeTestMethods(Invoker.java:989)
	at org.testng.internal.TestMethodWorker.invokeTestMethods(TestMethodWorker.java:125)
	at org.testng.internal.TestMethodWorker.run(TestMethodWorker.java:109)
	at org.testng.TestRunner.privateRun(TestRunner.java:648)
	at org.testng.TestRunner.run(TestRunner.java:505)
	at org.testng.SuiteRunner.runTest(SuiteRunner.java:455)
	at org.testng.SuiteRunner.runSequentially(SuiteRunner.java:450)
	at org.testng.SuiteRunner.privateRun(SuiteRunner.java:415)
	at org.testng.SuiteRunner.run(SuiteRunner.java:364)
	at org.testng.SuiteRunnerWorker.runSuite(SuiteRunnerWorker.java:52)
	at org.testng.SuiteRunnerWorker.run(SuiteRunnerWorker.java:84)
	at org.testng.TestNG.runSuitesSequentially(TestNG.java:1208)
	at org.testng.TestNG.runSuitesSequentially(TestNG.java:1204)
	at org.testng.TestNG.runSuitesLocally(TestNG.java:1137)
	at org.testng.TestNG.runSuites(TestNG.java:1049)
	at org.testng.TestNG.run(TestNG.java:1017)
	at org.testng.remote.AbstractRemoteTestNG.run(AbstractRemoteTestNG.java:115)
	at org.testng.remote.RemoteTestNG.initAndRun(RemoteTestNG.java:251)
	at org.testng.remote.RemoteTestNG.main(RemoteTestNG.java:77)
</pre></div></td>
<td>0</td>
<td>com.atmecs.qa.falcondashboard.testscript.TC10_TestPhase@2f67b837</td></tr>
</table><p>
</body>
</html>