<?xml version="1.0" encoding="UTF-8"?>
<!-- Generated by org.testng.reporters.JUnitXMLReporter -->
<testsuite ignored="0" hostname="ATMECSINLT-060" failures="0" tests="9" name="SampleTest" time="0.111" errors="0" timestamp="27 Feb 2020 13:52:47 GMT">
  <testcase classname="com.atmecs.qa.falcondashboard.testsuite.SampleTestSuiteBase" name="@BeforeMethod preSetup" time="0.0">
    <failure type="org.testng.TestNGException" message="
Parameter &amp;apos;os&amp;apos; is required by BeforeMethod on method preSetup but has not been marked @Optional or defined
in C:\Users\srinischal.thiparani\FalconDashboardAutomation\falcondashboard\src\main\resources\suitefile\05_viewpage.xml">
      <![CDATA[org.testng.TestNGException: 
Parameter 'os' is required by BeforeMethod on method preSetup but has not been marked @Optional or defined
in C:\Users\srinischal.thiparani\FalconDashboardAutomation\falcondashboard\src\main\resources\suitefile\05_viewpage.xml
... Removed 26 stack frames]]>
    </failure>
  </testcase> <!-- @BeforeMethod preSetup -->
  <testcase classname="com.atmecs.qa.falcondashboard.testsuite.SampleTestSuiteBase" name="@AfterClass teardown" time="0.0">
    <skipped/>
  </testcase> <!-- @AfterClass teardown -->
  <testcase classname="com.atmecs.qa.falcondashboard.testsuite.SampleTestSuiteBase" name="@BeforeMethod preSetup" time="0.0">
    <failure type="org.testng.TestNGException" message="
Parameter &amp;apos;os&amp;apos; is required by BeforeMethod on method preSetup but has not been marked @Optional or defined
in C:\Users\srinischal.thiparani\FalconDashboardAutomation\falcondashboard\src\main\resources\suitefile\05_viewpage.xml">
      <![CDATA[org.testng.TestNGException: 
Parameter 'os' is required by BeforeMethod on method preSetup but has not been marked @Optional or defined
in C:\Users\srinischal.thiparani\FalconDashboardAutomation\falcondashboard\src\main\resources\suitefile\05_viewpage.xml
... Removed 26 stack frames]]>
    </failure>
  </testcase> <!-- @BeforeMethod preSetup -->
  <testcase classname="com.atmecs.qa.falcondashboard.testsuite.SampleTestSuiteBase" name="@AfterClass teardown" time="0.0">
    <skipped/>
  </testcase> <!-- @AfterClass teardown -->
  <testcase classname="com.atmecs.qa.falcondashboard.testsuite.SampleTestSuiteBase" name="@BeforeMethod preSetup" time="0.0">
    <failure type="org.testng.TestNGException" message="
Parameter &amp;apos;os&amp;apos; is required by BeforeMethod on method preSetup but has not been marked @Optional or defined
in C:\Users\srinischal.thiparani\FalconDashboardAutomation\falcondashboard\src\main\resources\suitefile\05_viewpage.xml">
      <![CDATA[org.testng.TestNGException: 
Parameter 'os' is required by BeforeMethod on method preSetup but has not been marked @Optional or defined
in C:\Users\srinischal.thiparani\FalconDashboardAutomation\falcondashboard\src\main\resources\suitefile\05_viewpage.xml
... Removed 26 stack frames]]>
    </failure>
  </testcase> <!-- @BeforeMethod preSetup -->
  <testcase classname="com.atmecs.qa.falcondashboard.testsuite.SampleTestSuiteBase" name="@AfterClass teardown" time="0.0">
    <skipped/>
  </testcase> <!-- @AfterClass teardown -->
  <testcase classname="com.atmecs.qa.falcondashboard.testsuite.SampleTestSuiteBase" name="@BeforeMethod preSetup" time="0.0">
    <failure type="org.testng.TestNGException" message="
Parameter &amp;apos;os&amp;apos; is required by BeforeMethod on method preSetup but has not been marked @Optional or defined
in C:\Users\srinischal.thiparani\FalconDashboardAutomation\falcondashboard\src\main\resources\suitefile\05_viewpage.xml">
      <![CDATA[org.testng.TestNGException: 
Parameter 'os' is required by BeforeMethod on method preSetup but has not been marked @Optional or defined
in C:\Users\srinischal.thiparani\FalconDashboardAutomation\falcondashboard\src\main\resources\suitefile\05_viewpage.xml
... Removed 26 stack frames]]>
    </failure>
  </testcase> <!-- @BeforeMethod preSetup -->
  <testcase classname="com.atmecs.qa.falcondashboard.testsuite.SampleTestSuiteBase" name="@AfterClass teardown" time="0.0">
    <skipped/>
  </testcase> <!-- @AfterClass teardown -->
  <testcase classname="com.atmecs.qa.falcondashboard.testsuite.SampleTestSuiteBase" name="@BeforeMethod preSetup" time="0.0">
    <failure type="org.testng.TestNGException" message="
Parameter &amp;apos;os&amp;apos; is required by BeforeMethod on method preSetup but has not been marked @Optional or defined
in C:\Users\srinischal.thiparani\FalconDashboardAutomation\falcondashboard\src\main\resources\suitefile\05_viewpage.xml">
      <![CDATA[org.testng.TestNGException: 
Parameter 'os' is required by BeforeMethod on method preSetup but has not been marked @Optional or defined
in C:\Users\srinischal.thiparani\FalconDashboardAutomation\falcondashboard\src\main\resources\suitefile\05_viewpage.xml
... Removed 26 stack frames]]>
    </failure>
  </testcase> <!-- @BeforeMethod preSetup -->
  <testcase classname="com.atmecs.qa.falcondashboard.testsuite.SampleTestSuiteBase" name="@AfterClass teardown" time="0.0">
    <skipped/>
  </testcase> <!-- @AfterClass teardown -->
  <testcase classname="com.atmecs.qa.falcondashboard.testsuite.SampleTestSuiteBase" name="@BeforeMethod preSetup" time="0.0">
    <failure type="org.testng.TestNGException" message="
Parameter &amp;apos;os&amp;apos; is required by BeforeMethod on method preSetup but has not been marked @Optional or defined
in C:\Users\srinischal.thiparani\FalconDashboardAutomation\falcondashboard\src\main\resources\suitefile\05_viewpage.xml">
      <![CDATA[org.testng.TestNGException: 
Parameter 'os' is required by BeforeMethod on method preSetup but has not been marked @Optional or defined
in C:\Users\srinischal.thiparani\FalconDashboardAutomation\falcondashboard\src\main\resources\suitefile\05_viewpage.xml
... Removed 26 stack frames]]>
    </failure>
  </testcase> <!-- @BeforeMethod preSetup -->
  <testcase classname="com.atmecs.qa.falcondashboard.testsuite.SampleTestSuiteBase" name="@AfterClass teardown" time="0.0">
    <skipped/>
  </testcase> <!-- @AfterClass teardown -->
  <testcase classname="com.atmecs.qa.falcondashboard.testsuite.SampleTestSuiteBase" name="@BeforeMethod preSetup" time="0.0">
    <failure type="org.testng.TestNGException" message="
Parameter &amp;apos;os&amp;apos; is required by BeforeMethod on method preSetup but has not been marked @Optional or defined
in C:\Users\srinischal.thiparani\FalconDashboardAutomation\falcondashboard\src\main\resources\suitefile\05_viewpage.xml">
      <![CDATA[org.testng.TestNGException: 
Parameter 'os' is required by BeforeMethod on method preSetup but has not been marked @Optional or defined
in C:\Users\srinischal.thiparani\FalconDashboardAutomation\falcondashboard\src\main\resources\suitefile\05_viewpage.xml
... Removed 26 stack frames]]>
    </failure>
  </testcase> <!-- @BeforeMethod preSetup -->
  <testcase classname="com.atmecs.qa.falcondashboard.testsuite.SampleTestSuiteBase" name="@AfterClass teardown" time="0.0">
    <skipped/>
  </testcase> <!-- @AfterClass teardown -->
  <testcase classname="com.atmecs.qa.falcondashboard.testsuite.SampleTestSuiteBase" name="@BeforeMethod preSetup" time="0.0">
    <failure type="org.testng.TestNGException" message="
Parameter &amp;apos;os&amp;apos; is required by BeforeMethod on method preSetup but has not been marked @Optional or defined
in C:\Users\srinischal.thiparani\FalconDashboardAutomation\falcondashboard\src\main\resources\suitefile\05_viewpage.xml">
      <![CDATA[org.testng.TestNGException: 
Parameter 'os' is required by BeforeMethod on method preSetup but has not been marked @Optional or defined
in C:\Users\srinischal.thiparani\FalconDashboardAutomation\falcondashboard\src\main\resources\suitefile\05_viewpage.xml
... Removed 26 stack frames]]>
    </failure>
  </testcase> <!-- @BeforeMethod preSetup -->
  <testcase classname="com.atmecs.qa.falcondashboard.testsuite.SampleTestSuiteBase" name="@AfterClass teardown" time="0.0">
    <skipped/>
  </testcase> <!-- @AfterClass teardown -->
  <testcase classname="com.atmecs.qa.falcondashboard.testsuite.SampleTestSuiteBase" name="@BeforeMethod preSetup" time="0.0">
    <failure type="org.testng.TestNGException" message="
Parameter &amp;apos;os&amp;apos; is required by BeforeMethod on method preSetup but has not been marked @Optional or defined
in C:\Users\srinischal.thiparani\FalconDashboardAutomation\falcondashboard\src\main\resources\suitefile\05_viewpage.xml">
      <![CDATA[org.testng.TestNGException: 
Parameter 'os' is required by BeforeMethod on method preSetup but has not been marked @Optional or defined
in C:\Users\srinischal.thiparani\FalconDashboardAutomation\falcondashboard\src\main\resources\suitefile\05_viewpage.xml
... Removed 26 stack frames]]>
    </failure>
  </testcase> <!-- @BeforeMethod preSetup -->
  <testcase classname="com.atmecs.qa.falcondashboard.testsuite.SampleTestSuiteBase" name="@AfterClass teardown" time="0.0">
    <skipped/>
  </testcase> <!-- @AfterClass teardown -->
  <testcase classname="com.atmecs.qa.falcondashboard.testscript.TC26_ColorOfTotalTestCases" name="colorofTotalTestCases" time="0.0">
    <skipped/>
  </testcase> <!-- colorofTotalTestCases -->
  <testcase classname="com.atmecs.qa.falcondashboard.testscript.TC27_TotalTestCases" name="totalTestCases" time="0.0">
    <skipped/>
  </testcase> <!-- totalTestCases -->
  <testcase classname="com.atmecs.qa.falcondashboard.testscript.TC28_ColorOfPassTestCases" name="colorofPassedTestCases" time="0.0">
    <skipped/>
  </testcase> <!-- colorofPassedTestCases -->
  <testcase classname="com.atmecs.qa.falcondashboard.testscript.TC29_PassedTestCases" name="passTestCases" time="0.0">
    <skipped/>
  </testcase> <!-- passTestCases -->
  <testcase classname="com.atmecs.qa.falcondashboard.testscript.TC30_ColorOfFailedTestCases" name="colorofFailedTestCases" time="0.0">
    <skipped/>
  </testcase> <!-- colorofFailedTestCases -->
  <testcase classname="com.atmecs.qa.falcondashboard.testscript.TC31_FailedTestCases" name="failTestCases" time="0.0">
    <skipped/>
  </testcase> <!-- failTestCases -->
  <testcase classname="com.atmecs.qa.falcondashboard.testscript.TC32_ColorOfSkippedTestCases" name="colorofSkippedTestCases" time="0.0">
    <skipped/>
  </testcase> <!-- colorofSkippedTestCases -->
  <testcase classname="com.atmecs.qa.falcondashboard.testscript.TC33_SkippedTestCases" name="skippedTestCases" time="0.0">
    <skipped/>
  </testcase> <!-- skippedTestCases -->
  <testcase classname="com.atmecs.qa.falcondashboard.testscript.TC34_ViewPage" name="viewPage" time="0.0">
    <skipped/>
  </testcase> <!-- viewPage -->
</testsuite> <!-- SampleTest -->
